   1              		.cpu cortex-m3
   2              		.arch armv7-m
   3              		.fpu softvfp
   4              		.eabi_attribute 20, 1
   5              		.eabi_attribute 21, 1
   6              		.eabi_attribute 23, 3
   7              		.eabi_attribute 24, 1
   8              		.eabi_attribute 25, 1
   9              		.eabi_attribute 26, 1
  10              		.eabi_attribute 30, 1
  11              		.eabi_attribute 34, 1
  12              		.eabi_attribute 18, 4
  13              		.file	"fal_tiger_index.c"
  14              		.text
  15              	.Ltext0:
  16              		.cfi_sections	.debug_frame
  17              		.file 1 "../Switch/core/fal/tiger/fal_tiger_index.c"
  18              		.global	tbl_reg_list
  19              		.section	.rodata.tbl_reg_list,"a"
  20              		.align	2
  23              	tbl_reg_list:
  24 0000 00000800 		.word	524288
  25 0004 04000000 		.word	4
  26 0008 04000000 		.word	4
  27 000c 01000000 		.word	1
  28 0010 01000000 		.word	1
  29 0014 00000000 		.word	global_ctrl0m_field
  30 0018 04000800 		.word	524292
  31 001c 04000000 		.word	4
  32 0020 04000000 		.word	4
  33 0024 01000000 		.word	1
  34 0028 05000000 		.word	5
  35 002c 00000000 		.word	global_ctrl1m_field
  36 0030 0C000800 		.word	524300
  37 0034 04000000 		.word	4
  38 0038 04000000 		.word	4
  39 003c 01000000 		.word	1
  40 0040 03000000 		.word	3
  41 0044 00000000 		.word	ext_cpu_port_ctrlm_field
  42 0048 10000800 		.word	524304
  43 004c 04000000 		.word	4
  44 0050 04000000 		.word	4
  45 0054 01000000 		.word	1
  46 0058 01000000 		.word	1
  47 005c 00000000 		.word	cpu_tag_tpidm_field
  48 0060 14000800 		.word	524308
  49 0064 04000000 		.word	4
  50 0068 04000000 		.word	4
  51 006c 01000000 		.word	1
  52 0070 01000000 		.word	1
  53 0074 00000000 		.word	look_up_vlan_selm_field
  54 0078 40000800 		.word	524352
  55 007c 04000000 		.word	4
  56 0080 04000000 		.word	4
  57 0084 01000000 		.word	1
  58 0088 1D000000 		.word	29
  59 008c 00000000 		.word	intr_maskm_field
  60 0090 44000800 		.word	524356
  61 0094 04000000 		.word	4
  62 0098 04000000 		.word	4
  63 009c 01000000 		.word	1
  64 00a0 1D000000 		.word	29
  65 00a4 00000000 		.word	intr_statusm_field
  66 00a8 80000800 		.word	524416
  67 00ac 04000000 		.word	4
  68 00b0 04000000 		.word	4
  69 00b4 01000000 		.word	1
  70 00b8 02000000 		.word	2
  71 00bc 00000000 		.word	global_mac_addr0m_field
  72 00c0 84000800 		.word	524420
  73 00c4 04000000 		.word	4
  74 00c8 04000000 		.word	4
  75 00cc 01000000 		.word	1
  76 00d0 04000000 		.word	4
  77 00d4 00000000 		.word	global_mac_addr1m_field
  78 00d8 88000800 		.word	524424
  79 00dc 04000000 		.word	4
  80 00e0 04000000 		.word	4
  81 00e4 01000000 		.word	1
  82 00e8 02000000 		.word	2
  83 00ec 00000000 		.word	eee_ctrlm_field
  84 00f0 8C000800 		.word	524428
  85 00f4 04000000 		.word	4
  86 00f8 04000000 		.word	4
  87 00fc 02000000 		.word	2
  88 0100 05000000 		.word	5
  89 0104 00000000 		.word	sg_phym_field
  90 0108 00010800 		.word	524544
  91 010c 04000000 		.word	4
  92 0110 04000000 		.word	4
  93 0114 0B000000 		.word	11
  94 0118 09000000 		.word	9
  95 011c 00000000 		.word	port_ctrlm_field
  96 0120 00020800 		.word	524800
  97 0124 04000000 		.word	4
  98 0128 04000000 		.word	4
  99 012c 0B000000 		.word	11
 100 0130 07000000 		.word	7
 101 0134 00000000 		.word	port_statusm_field
 102 0138 30020800 		.word	524848
 103 013c 04000000 		.word	4
 104 0140 04000000 		.word	4
 105 0144 01000000 		.word	1
 106 0148 09000000 		.word	9
 107 014c 00000000 		.word	loop_detect_top_ctrlm_field
 108 0150 20030800 		.word	525088
 109 0154 04000000 		.word	4
 110 0158 04000000 		.word	4
 111 015c 01000000 		.word	1
 112 0160 01000000 		.word	1
 113 0164 00000000 		.word	pon_strap_enm_field
 114 0168 24030800 		.word	525092
 115 016c 04000000 		.word	4
 116 0170 04000000 		.word	4
 117 0174 01000000 		.word	1
 118 0178 01000000 		.word	1
 119 017c 00000000 		.word	pon_strap_valm_field
 120 0180 28030800 		.word	525096
 121 0184 04000000 		.word	4
 122 0188 04000000 		.word	4
 123 018c 01000000 		.word	1
 124 0190 01000000 		.word	1
 125 0194 00000000 		.word	pon_strapm_field
 126 0198 64030800 		.word	525156
 127 019c 04000000 		.word	4
 128 01a0 04000000 		.word	4
 129 01a4 02000000 		.word	2
 130 01a8 03000000 		.word	3
 131 01ac 00000000 		.word	mdio_pollingm_field
 132 01b0 80030800 		.word	525184
 133 01b4 04000000 		.word	4
 134 01b8 04000000 		.word	4
 135 01bc 01000000 		.word	1
 136 01c0 05000000 		.word	5
 137 01c4 00000000 		.word	oam_dying_gaspm_field
 138 01c8 84030800 		.word	525188
 139 01cc 04000000 		.word	4
 140 01d0 04000000 		.word	4
 141 01d4 01000000 		.word	1
 142 01d8 04000000 		.word	4
 143 01dc 00000000 		.word	acl2gpiom_field
 144 01e0 00040800 		.word	525312
 145 01e4 04000000 		.word	4
 146 01e8 04000000 		.word	4
 147 01ec 01000000 		.word	1
 148 01f0 12000000 		.word	18
 149 01f4 00000000 		.word	extif0_modem_field
 150 01f8 04040800 		.word	525316
 151 01fc 04000000 		.word	4
 152 0200 04000000 		.word	4
 153 0204 01000000 		.word	1
 154 0208 04000000 		.word	4
 155 020c 00000000 		.word	extif0_mode2m_field
 156 0210 08040800 		.word	525320
 157 0214 04000000 		.word	4
 158 0218 04000000 		.word	4
 159 021c 01000000 		.word	1
 160 0220 12000000 		.word	18
 161 0224 00000000 		.word	extif1_modem_field
 162 0228 0C040800 		.word	525324
 163 022c 04000000 		.word	4
 164 0230 04000000 		.word	4
 165 0234 01000000 		.word	1
 166 0238 04000000 		.word	4
 167 023c 00000000 		.word	extif1_mode2m_field
 168 0240 00002100 		.word	2162688
 169 0244 04000000 		.word	4
 170 0248 04000000 		.word	4
 171 024c 02000000 		.word	2
 172 0250 01000000 		.word	1
 173 0254 00000000 		.word	tpid_profile0m_field
 174 0258 08002100 		.word	2162696
 175 025c 04000000 		.word	4
 176 0260 04000000 		.word	4
 177 0264 02000000 		.word	2
 178 0268 01000000 		.word	1
 179 026c 00000000 		.word	tpid_profile1m_field
 180 0270 10002100 		.word	2162704
 181 0274 04000000 		.word	4
 182 0278 04000000 		.word	4
 183 027c 0B000000 		.word	11
 184 0280 02000000 		.word	2
 185 0284 00000000 		.word	parser_port_ctrlnm_field
 186 0288 90002100 		.word	2162832
 187 028c 04000000 		.word	4
 188 0290 04000000 		.word	4
 189 0294 01000000 		.word	1
 190 0298 01000000 		.word	1
 191 029c 00000000 		.word	link_agg_hash_ctrlm_field
 192 02a0 94002100 		.word	2162836
 193 02a4 04000000 		.word	4
 194 02a8 04000000 		.word	4
 195 02ac 10000000 		.word	16
 196 02b0 02000000 		.word	2
 197 02b4 00000000 		.word	udf_ctrlnm_field
 198 02b8 D4002100 		.word	2162900
 199 02bc 04000000 		.word	4
 200 02c0 04000000 		.word	4
 201 02c4 01000000 		.word	1
 202 02c8 01000000 		.word	1
 203 02cc 00000000 		.word	parser_erp_ouim_field
 204 02d0 D8002100 		.word	2162904
 205 02d4 04000000 		.word	4
 206 02d8 04000000 		.word	4
 207 02dc 01000000 		.word	1
 208 02e0 01000000 		.word	1
 209 02e4 00000000 		.word	parser_erp_ethtypem_field
 210 02e8 DC002100 		.word	2162908
 211 02ec 04000000 		.word	4
 212 02f0 04000000 		.word	4
 213 02f4 01000000 		.word	1
 214 02f8 01000000 		.word	1
 215 02fc 00000000 		.word	parser_erp_udf_ctrlm_field
 216 0300 E0002100 		.word	2162912
 217 0304 04000000 		.word	4
 218 0308 04000000 		.word	4
 219 030c 04000000 		.word	4
 220 0310 03000000 		.word	3
 221 0314 00000000 		.word	parser_erp_udfnm_field
 222 0318 F0002100 		.word	2162928
 223 031c 04000000 		.word	4
 224 0320 04000000 		.word	4
 225 0324 01000000 		.word	1
 226 0328 08000000 		.word	8
 227 032c 00000000 		.word	dos_tcp_flags0m_field
 228 0330 F4002100 		.word	2162932
 229 0334 04000000 		.word	4
 230 0338 04000000 		.word	4
 231 033c 01000000 		.word	1
 232 0340 08000000 		.word	8
 233 0344 00000000 		.word	dos_tcp_flags1m_field
 234 0348 F8002100 		.word	2162936
 235 034c 04000000 		.word	4
 236 0350 04000000 		.word	4
 237 0354 01000000 		.word	1
 238 0358 08000000 		.word	8
 239 035c 00000000 		.word	dos_tcp_flags2m_field
 240 0360 FC002100 		.word	2162940
 241 0364 04000000 		.word	4
 242 0368 04000000 		.word	4
 243 036c 01000000 		.word	1
 244 0370 08000000 		.word	8
 245 0374 00000000 		.word	dos_tcp_flags3m_field
 246 0378 00012100 		.word	2162944
 247 037c 04000000 		.word	4
 248 0380 04000000 		.word	4
 249 0384 01000000 		.word	1
 250 0388 08000000 		.word	8
 251 038c 00000000 		.word	dos_tcp_flags4m_field
 252 0390 04012100 		.word	2162948
 253 0394 04000000 		.word	4
 254 0398 04000000 		.word	4
 255 039c 01000000 		.word	1
 256 03a0 08000000 		.word	8
 257 03a4 00000000 		.word	dos_tcp_flags5m_field
 258 03a8 08012100 		.word	2162952
 259 03ac 04000000 		.word	4
 260 03b0 04000000 		.word	4
 261 03b4 01000000 		.word	1
 262 03b8 14000000 		.word	20
 263 03bc 00000000 		.word	dos_ctrlm_field
 264 03c0 0C012100 		.word	2162956
 265 03c4 04000000 		.word	4
 266 03c8 04000000 		.word	4
 267 03cc 01000000 		.word	1
 268 03d0 02000000 		.word	2
 269 03d4 00000000 		.word	dos_large_icmp_ctrlm_field
 270 03d8 10012100 		.word	2162960
 271 03dc 04000000 		.word	4
 272 03e0 04000000 		.word	4
 273 03e4 01000000 		.word	1
 274 03e8 01000000 		.word	1
 275 03ec 00000000 		.word	oam_en_ctrlm_field
 276 03f0 1C012100 		.word	2162972
 277 03f4 04000000 		.word	4
 278 03f8 04000000 		.word	4
 279 03fc 01000000 		.word	1
 280 0400 02000000 		.word	2
 281 0404 00000000 		.word	wol_ctrlm_field
 282 0408 20012100 		.word	2162976
 283 040c 04000000 		.word	4
 284 0410 04000000 		.word	4
 285 0414 01000000 		.word	1
 286 0418 04000000 		.word	4
 287 041c 00000000 		.word	dos_ctrl1m_field
 288 0420 00002300 		.word	2293760
 289 0424 04000000 		.word	4
 290 0428 04000000 		.word	4
 291 042c 04000000 		.word	4
 292 0430 03000000 		.word	3
 293 0434 00000000 		.word	protocol_based_vlannm_field
 294 0438 10002300 		.word	2293776
 295 043c 04000000 		.word	4
 296 0440 04000000 		.word	4
 297 0444 0B000000 		.word	11
 298 0448 06000000 		.word	6
 299 044c 00000000 		.word	port_vlan_ctrlnm_field
 300 0450 80002300 		.word	2293888
 301 0454 04000000 		.word	4
 302 0458 04000000 		.word	4
 303 045c 0B000000 		.word	11
 304 0460 04000000 		.word	4
 305 0464 00000000 		.word	port_vlan_ctrl1nm_field
 306 0468 08012300 		.word	2294024
 307 046c 04000000 		.word	4
 308 0470 04000000 		.word	4
 309 0474 01000000 		.word	1
 310 0478 01000000 		.word	1
 311 047c 00000000 		.word	vlan_trans_untag_vid_mode_ctrlm_field
 312 0480 00022300 		.word	2294272
 313 0484 10000000 		.word	16
 314 0488 0C000000 		.word	12
 315 048c 0A000000 		.word	10
 316 0490 0A000000 		.word	10
 317 0494 00000000 		.word	vlan_range_profilenm_field
 318 0498 00032300 		.word	2294528
 319 049c 04000000 		.word	4
 320 04a0 04000000 		.word	4
 321 04a4 2C000000 		.word	44
 322 04a8 04000000 		.word	4
 323 04ac 00000000 		.word	protocol_based_vlan_data_tblm_field
 324 04b0 00042300 		.word	2294784
 325 04b4 08000000 		.word	8
 326 04b8 08000000 		.word	8
 327 04bc 40000000 		.word	64
 328 04c0 0B000000 		.word	11
 329 04c4 00000000 		.word	vlan_xlate_action_tblm_field
 330 04c8 00062300 		.word	2295296
 331 04cc 08000000 		.word	8
 332 04d0 08000000 		.word	8
 333 04d4 40000000 		.word	64
 334 04d8 0B000000 		.word	11
 335 04dc 00000000 		.word	vlan_xlate_tblm_field
 336 04e0 00102000 		.word	2101248
 337 04e4 04000000 		.word	4
 338 04e8 04000000 		.word	4
 339 04ec 01000000 		.word	1
 340 04f0 10000000 		.word	16
 341 04f4 00000000 		.word	acl_blk_keep_ctrlm_field
 342 04f8 00202000 		.word	2105344
 343 04fc 04000000 		.word	4
 344 0500 04000000 		.word	4
 345 0504 01000000 		.word	1
 346 0508 01000000 		.word	1
 347 050c 00000000 		.word	acl_port_ctrlm_field
 348 0510 04202000 		.word	2105348
 349 0514 04000000 		.word	4
 350 0518 04000000 		.word	4
 351 051c 01000000 		.word	1
 352 0520 02000000 		.word	2
 353 0524 00000000 		.word	acl_blk_cmdm_field
 354 0528 00302000 		.word	2109440
 355 052c 04000000 		.word	4
 356 0530 04000000 		.word	4
 357 0534 30000000 		.word	48
 358 0538 10000000 		.word	16
 359 053c 00000000 		.word	rule_ext_ctrlm_field
 360 0540 00402000 		.word	2113536
 361 0544 08000000 		.word	8
 362 0548 08000000 		.word	8
 363 054c 30000000 		.word	48
 364 0550 00000000 		.word	0
 365 0554 00000000 		.word	acl_rule_bin0m_field
 366 0558 00422000 		.word	2114048
 367 055c 08000000 		.word	8
 368 0560 08000000 		.word	8
 369 0564 30000000 		.word	48
 370 0568 00000000 		.word	0
 371 056c 00000000 		.word	acl_rule_bin1m_field
 372 0570 00442000 		.word	2114560
 373 0574 08000000 		.word	8
 374 0578 08000000 		.word	8
 375 057c 30000000 		.word	48
 376 0580 00000000 		.word	0
 377 0584 00000000 		.word	acl_rule_bin2m_field
 378 0588 00462000 		.word	2115072
 379 058c 08000000 		.word	8
 380 0590 08000000 		.word	8
 381 0594 30000000 		.word	48
 382 0598 00000000 		.word	0
 383 059c 00000000 		.word	acl_rule_bin3m_field
 384 05a0 00482000 		.word	2115584
 385 05a4 08000000 		.word	8
 386 05a8 08000000 		.word	8
 387 05ac 30000000 		.word	48
 388 05b0 00000000 		.word	0
 389 05b4 00000000 		.word	acl_rule_bin4m_field
 390 05b8 004A2000 		.word	2116096
 391 05bc 08000000 		.word	8
 392 05c0 08000000 		.word	8
 393 05c4 30000000 		.word	48
 394 05c8 00000000 		.word	0
 395 05cc 00000000 		.word	acl_rule_bin5m_field
 396 05d0 004C2000 		.word	2116608
 397 05d4 08000000 		.word	8
 398 05d8 08000000 		.word	8
 399 05dc 30000000 		.word	48
 400 05e0 00000000 		.word	0
 401 05e4 00000000 		.word	acl_rule_bin6m_field
 402 05e8 004E2000 		.word	2117120
 403 05ec 08000000 		.word	8
 404 05f0 08000000 		.word	8
 405 05f4 30000000 		.word	48
 406 05f8 00000000 		.word	0
 407 05fc 00000000 		.word	acl_rule_bin7m_field
 408 0600 00502000 		.word	2117632
 409 0604 08000000 		.word	8
 410 0608 08000000 		.word	8
 411 060c 30000000 		.word	48
 412 0610 00000000 		.word	0
 413 0614 00000000 		.word	acl_rule_mask_bin0m_field
 414 0618 00522000 		.word	2118144
 415 061c 08000000 		.word	8
 416 0620 08000000 		.word	8
 417 0624 30000000 		.word	48
 418 0628 00000000 		.word	0
 419 062c 00000000 		.word	acl_rule_mask_bin1m_field
 420 0630 00542000 		.word	2118656
 421 0634 08000000 		.word	8
 422 0638 08000000 		.word	8
 423 063c 30000000 		.word	48
 424 0640 00000000 		.word	0
 425 0644 00000000 		.word	acl_rule_mask_bin2m_field
 426 0648 00562000 		.word	2119168
 427 064c 08000000 		.word	8
 428 0650 08000000 		.word	8
 429 0654 30000000 		.word	48
 430 0658 00000000 		.word	0
 431 065c 00000000 		.word	acl_rule_mask_bin3m_field
 432 0660 00582000 		.word	2119680
 433 0664 08000000 		.word	8
 434 0668 08000000 		.word	8
 435 066c 30000000 		.word	48
 436 0670 00000000 		.word	0
 437 0674 00000000 		.word	acl_rule_mask_bin4m_field
 438 0678 005A2000 		.word	2120192
 439 067c 08000000 		.word	8
 440 0680 08000000 		.word	8
 441 0684 30000000 		.word	48
 442 0688 00000000 		.word	0
 443 068c 00000000 		.word	acl_rule_mask_bin5m_field
 444 0690 005C2000 		.word	2120704
 445 0694 08000000 		.word	8
 446 0698 08000000 		.word	8
 447 069c 30000000 		.word	48
 448 06a0 00000000 		.word	0
 449 06a4 00000000 		.word	acl_rule_mask_bin6m_field
 450 06a8 005E2000 		.word	2121216
 451 06ac 08000000 		.word	8
 452 06b0 08000000 		.word	8
 453 06b4 30000000 		.word	48
 454 06b8 00000000 		.word	0
 455 06bc 00000000 		.word	acl_rule_mask_bin7m_field
 456 06c0 00000000 		.word	0
 457 06c4 08000000 		.word	8
 458 06c8 08000000 		.word	8
 459 06cc 01000000 		.word	1
 460 06d0 06000000 		.word	6
 461 06d4 00000000 		.word	mac_da0_rulem_field
 462 06d8 00000000 		.word	0
 463 06dc 08000000 		.word	8
 464 06e0 08000000 		.word	8
 465 06e4 01000000 		.word	1
 466 06e8 02000000 		.word	2
 467 06ec 00000000 		.word	mac_da0_rule_maskm_field
 468 06f0 00000000 		.word	0
 469 06f4 08000000 		.word	8
 470 06f8 08000000 		.word	8
 471 06fc 01000000 		.word	1
 472 0700 08000000 		.word	8
 473 0704 00000000 		.word	mac_da1_sa1_rulem_field
 474 0708 00000000 		.word	0
 475 070c 08000000 		.word	8
 476 0710 08000000 		.word	8
 477 0714 01000000 		.word	1
 478 0718 04000000 		.word	4
 479 071c 00000000 		.word	mac_da1_sa1_rule_maskm_field
 480 0720 00000000 		.word	0
 481 0724 08000000 		.word	8
 482 0728 08000000 		.word	8
 483 072c 01000000 		.word	1
 484 0730 06000000 		.word	6
 485 0734 00000000 		.word	mac_sa0_rulem_field
 486 0738 00000000 		.word	0
 487 073c 08000000 		.word	8
 488 0740 08000000 		.word	8
 489 0744 01000000 		.word	1
 490 0748 02000000 		.word	2
 491 074c 00000000 		.word	mac_sa0_rule_maskm_field
 492 0750 00000000 		.word	0
 493 0754 08000000 		.word	8
 494 0758 08000000 		.word	8
 495 075c 01000000 		.word	1
 496 0760 08000000 		.word	8
 497 0764 00000000 		.word	ipv4_da_rulem_field
 498 0768 00000000 		.word	0
 499 076c 08000000 		.word	8
 500 0770 08000000 		.word	8
 501 0774 01000000 		.word	1
 502 0778 03000000 		.word	3
 503 077c 00000000 		.word	ipv4_da_rule_maskm_field
 504 0780 00000000 		.word	0
 505 0784 08000000 		.word	8
 506 0788 08000000 		.word	8
 507 078c 01000000 		.word	1
 508 0790 08000000 		.word	8
 509 0794 00000000 		.word	ipv4_sa_rulem_field
 510 0798 00000000 		.word	0
 511 079c 08000000 		.word	8
 512 07a0 08000000 		.word	8
 513 07a4 01000000 		.word	1
 514 07a8 03000000 		.word	3
 515 07ac 00000000 		.word	ipv4_sa_rule_maskm_field
 516 07b0 00000000 		.word	0
 517 07b4 08000000 		.word	8
 518 07b8 08000000 		.word	8
 519 07bc 01000000 		.word	1
 520 07c0 0A000000 		.word	10
 521 07c4 00000000 		.word	l4_port_rulem_field
 522 07c8 00000000 		.word	0
 523 07cc 08000000 		.word	8
 524 07d0 08000000 		.word	8
 525 07d4 01000000 		.word	1
 526 07d8 04000000 		.word	4
 527 07dc 00000000 		.word	l4_port_rule_maskm_field
 528 07e0 00000000 		.word	0
 529 07e4 08000000 		.word	8
 530 07e8 08000000 		.word	8
 531 07ec 01000000 		.word	1
 532 07f0 0E000000 		.word	14
 533 07f4 00000000 		.word	vlan_rulem_field
 534 07f8 00000000 		.word	0
 535 07fc 08000000 		.word	8
 536 0800 08000000 		.word	8
 537 0804 01000000 		.word	1
 538 0808 08000000 		.word	8
 539 080c 00000000 		.word	vlan_rule_maskm_field
 540 0810 00000000 		.word	0
 541 0814 08000000 		.word	8
 542 0818 08000000 		.word	8
 543 081c 01000000 		.word	1
 544 0820 0E000000 		.word	14
 545 0824 00000000 		.word	misc_rulem_field
 546 0828 00000000 		.word	0
 547 082c 08000000 		.word	8
 548 0830 08000000 		.word	8
 549 0834 01000000 		.word	1
 550 0838 0A000000 		.word	10
 551 083c 00000000 		.word	misc_rule_maskm_field
 552 0840 00000000 		.word	0
 553 0844 08000000 		.word	8
 554 0848 08000000 		.word	8
 555 084c 01000000 		.word	1
 556 0850 08000000 		.word	8
 557 0854 00000000 		.word	udf_rulem_field
 558 0858 00000000 		.word	0
 559 085c 08000000 		.word	8
 560 0860 08000000 		.word	8
 561 0864 01000000 		.word	1
 562 0868 04000000 		.word	4
 563 086c 00000000 		.word	udf_rule_maskm_field
 564 0870 00000000 		.word	0
 565 0874 08000000 		.word	8
 566 0878 08000000 		.word	8
 567 087c 01000000 		.word	1
 568 0880 07000000 		.word	7
 569 0884 00000000 		.word	ipv6_da0_rulem_field
 570 0888 00000000 		.word	0
 571 088c 08000000 		.word	8
 572 0890 08000000 		.word	8
 573 0894 01000000 		.word	1
 574 0898 03000000 		.word	3
 575 089c 00000000 		.word	ipv6_da0_rule_maskm_field
 576 08a0 00000000 		.word	0
 577 08a4 08000000 		.word	8
 578 08a8 08000000 		.word	8
 579 08ac 01000000 		.word	1
 580 08b0 07000000 		.word	7
 581 08b4 00000000 		.word	ipv6_da1_rulem_field
 582 08b8 00000000 		.word	0
 583 08bc 08000000 		.word	8
 584 08c0 08000000 		.word	8
 585 08c4 01000000 		.word	1
 586 08c8 03000000 		.word	3
 587 08cc 00000000 		.word	ipv6_da1_rule_maskm_field
 588 08d0 00000000 		.word	0
 589 08d4 08000000 		.word	8
 590 08d8 08000000 		.word	8
 591 08dc 01000000 		.word	1
 592 08e0 07000000 		.word	7
 593 08e4 00000000 		.word	ipv6_da2_rulem_field
 594 08e8 00000000 		.word	0
 595 08ec 08000000 		.word	8
 596 08f0 08000000 		.word	8
 597 08f4 01000000 		.word	1
 598 08f8 03000000 		.word	3
 599 08fc 00000000 		.word	ipv6_da2_rule_maskm_field
 600 0900 00000000 		.word	0
 601 0904 08000000 		.word	8
 602 0908 08000000 		.word	8
 603 090c 01000000 		.word	1
 604 0910 08000000 		.word	8
 605 0914 00000000 		.word	ipv6_da3_rulem_field
 606 0918 00000000 		.word	0
 607 091c 08000000 		.word	8
 608 0920 08000000 		.word	8
 609 0924 01000000 		.word	1
 610 0928 03000000 		.word	3
 611 092c 00000000 		.word	ipv6_da3_rule_maskm_field
 612 0930 00000000 		.word	0
 613 0934 08000000 		.word	8
 614 0938 08000000 		.word	8
 615 093c 01000000 		.word	1
 616 0940 07000000 		.word	7
 617 0944 00000000 		.word	ipv6_sa0_rulem_field
 618 0948 00000000 		.word	0
 619 094c 08000000 		.word	8
 620 0950 08000000 		.word	8
 621 0954 01000000 		.word	1
 622 0958 03000000 		.word	3
 623 095c 00000000 		.word	ipv6_sa0_rule_maskm_field
 624 0960 00000000 		.word	0
 625 0964 08000000 		.word	8
 626 0968 08000000 		.word	8
 627 096c 01000000 		.word	1
 628 0970 07000000 		.word	7
 629 0974 00000000 		.word	ipv6_sa1_rulem_field
 630 0978 00000000 		.word	0
 631 097c 08000000 		.word	8
 632 0980 08000000 		.word	8
 633 0984 01000000 		.word	1
 634 0988 03000000 		.word	3
 635 098c 00000000 		.word	ipv6_sa1_rule_maskm_field
 636 0990 00000000 		.word	0
 637 0994 08000000 		.word	8
 638 0998 08000000 		.word	8
 639 099c 01000000 		.word	1
 640 09a0 07000000 		.word	7
 641 09a4 00000000 		.word	ipv6_sa2_rulem_field
 642 09a8 00000000 		.word	0
 643 09ac 08000000 		.word	8
 644 09b0 08000000 		.word	8
 645 09b4 01000000 		.word	1
 646 09b8 03000000 		.word	3
 647 09bc 00000000 		.word	ipv6_sa2_rule_maskm_field
 648 09c0 00000000 		.word	0
 649 09c4 08000000 		.word	8
 650 09c8 08000000 		.word	8
 651 09cc 01000000 		.word	1
 652 09d0 08000000 		.word	8
 653 09d4 00000000 		.word	ipv6_sa3_rulem_field
 654 09d8 00000000 		.word	0
 655 09dc 08000000 		.word	8
 656 09e0 08000000 		.word	8
 657 09e4 01000000 		.word	1
 658 09e8 03000000 		.word	3
 659 09ec 00000000 		.word	ipv6_sa3_rule_maskm_field
 660 09f0 00000000 		.word	0
 661 09f4 08000000 		.word	8
 662 09f8 08000000 		.word	8
 663 09fc 01000000 		.word	1
 664 0a00 0D000000 		.word	13
 665 0a04 00000000 		.word	vid_pri_dei_rulem_field
 666 0a08 00000000 		.word	0
 667 0a0c 08000000 		.word	8
 668 0a10 04000000 		.word	4
 669 0a14 01000000 		.word	1
 670 0a18 06000000 		.word	6
 671 0a1c 00000000 		.word	vid_pri_dei_rule_maskm_field
 672 0a20 00000000 		.word	0
 673 0a24 08000000 		.word	8
 674 0a28 08000000 		.word	8
 675 0a2c 01000000 		.word	1
 676 0a30 09000000 		.word	9
 677 0a34 00000000 		.word	ether_type_value_rulem_field
 678 0a38 00000000 		.word	0
 679 0a3c 08000000 		.word	8
 680 0a40 08000000 		.word	8
 681 0a44 01000000 		.word	1
 682 0a48 04000000 		.word	4
 683 0a4c 00000000 		.word	ether_type_value_rule_maskm_field
 684 0a50 00001800 		.word	1572864
 685 0a54 04000000 		.word	4
 686 0a58 04000000 		.word	4
 687 0a5c 40000000 		.word	64
 688 0a60 02000000 		.word	2
 689 0a64 00000000 		.word	dscp_to_int_prio_mapm_field
 690 0a68 00011800 		.word	1573120
 691 0a6c 04000000 		.word	4
 692 0a70 04000000 		.word	4
 693 0a74 20000000 		.word	32
 694 0a78 02000000 		.word	2
 695 0a7c 00000000 		.word	pri_to_int_prio_mapm_field
 696 0a80 80011800 		.word	1573248
 697 0a84 04000000 		.word	4
 698 0a88 04000000 		.word	4
 699 0a8c 0B000000 		.word	11
 700 0a90 04000000 		.word	4
 701 0a94 00000000 		.word	qos_port_ctrlnm_field
 702 0a98 00021800 		.word	1573376
 703 0a9c 04000000 		.word	4
 704 0aa0 04000000 		.word	4
 705 0aa4 0B000000 		.word	11
 706 0aa8 08000000 		.word	8
 707 0aac 00000000 		.word	qos_merge_precedence_ctrlnm_field
 708 0ab0 70021800 		.word	1573488
 709 0ab4 04000000 		.word	4
 710 0ab8 04000000 		.word	4
 711 0abc 01000000 		.word	1
 712 0ac0 02000000 		.word	2
 713 0ac4 00000000 		.word	hdr_err_actionm_field
 714 0ac8 80021800 		.word	1573504
 715 0acc 04000000 		.word	4
 716 0ad0 04000000 		.word	4
 717 0ad4 01000000 		.word	1
 718 0ad8 02000000 		.word	2
 719 0adc 00000000 		.word	l2_vlan_ingress_filter_enm_field
 720 0ae0 84021800 		.word	1573508
 721 0ae4 04000000 		.word	4
 722 0ae8 04000000 		.word	4
 723 0aec 01000000 		.word	1
 724 0af0 02000000 		.word	2
 725 0af4 00000000 		.word	l2_arp_bcast_per_port_ctrlm_field
 726 0af8 88021800 		.word	1573512
 727 0afc 04000000 		.word	4
 728 0b00 04000000 		.word	4
 729 0b04 01000000 		.word	1
 730 0b08 02000000 		.word	2
 731 0b0c 00000000 		.word	l2_nd_per_port_ctrlm_field
 732 0b10 8C021800 		.word	1573516
 733 0b14 04000000 		.word	4
 734 0b18 04000000 		.word	4
 735 0b1c 01000000 		.word	1
 736 0b20 02000000 		.word	2
 737 0b24 00000000 		.word	l2_lldp_eee_per_port_ctrlm_field
 738 0b28 90021800 		.word	1573520
 739 0b2c 04000000 		.word	4
 740 0b30 04000000 		.word	4
 741 0b34 01000000 		.word	1
 742 0b38 02000000 		.word	2
 743 0b3c 00000000 		.word	l2_lldp_per_port_ctrlm_field
 744 0b40 94021800 		.word	1573524
 745 0b44 04000000 		.word	4
 746 0b48 04000000 		.word	4
 747 0b4c 0B000000 		.word	11
 748 0b50 01000000 		.word	1
 749 0b54 00000000 		.word	l2_port_isolation_ctrlnm_field
 750 0b58 0C031800 		.word	1573644
 751 0b5c 04000000 		.word	4
 752 0b60 04000000 		.word	4
 753 0b64 0B000000 		.word	11
 754 0b68 05000000 		.word	5
 755 0b6c 00000000 		.word	l2_erp_per_port_ctrlm_field
 756 0b70 8C031800 		.word	1573772
 757 0b74 04000000 		.word	4
 758 0b78 04000000 		.word	4
 759 0b7c 10000000 		.word	16
 760 0b80 01000000 		.word	1
 761 0b84 00000000 		.word	l2_stp_statenm_field
 762 0b88 CC031800 		.word	1573836
 763 0b8c 04000000 		.word	4
 764 0b90 04000000 		.word	4
 765 0b94 01000000 		.word	1
 766 0b98 01000000 		.word	1
 767 0b9c 00000000 		.word	l2_src_match_ctrlm_field
 768 0ba0 D0031800 		.word	1573840
 769 0ba4 04000000 		.word	4
 770 0ba8 04000000 		.word	4
 771 0bac 0B000000 		.word	11
 772 0bb0 0A000000 		.word	10
 773 0bb4 00000000 		.word	l2_learn_per_port_ctrlnm_field
 774 0bb8 FC031800 		.word	1573884
 775 0bbc 04000000 		.word	4
 776 0bc0 04000000 		.word	4
 777 0bc4 01000000 		.word	1
 778 0bc8 02000000 		.word	2
 779 0bcc 00000000 		.word	l2_station_move_ctrl0m_field
 780 0bd0 00041800 		.word	1573888
 781 0bd4 04000000 		.word	4
 782 0bd8 04000000 		.word	4
 783 0bdc 01000000 		.word	1
 784 0be0 01000000 		.word	1
 785 0be4 00000000 		.word	l2_station_move_ctrl1m_field
 786 0be8 04041800 		.word	1573892
 787 0bec 04000000 		.word	4
 788 0bf0 04000000 		.word	4
 789 0bf4 0D000000 		.word	13
 790 0bf8 01000000 		.word	1
 791 0bfc 00000000 		.word	l2_port_learn_mac_cntnm_field
 792 0c00 38041800 		.word	1573944
 793 0c04 04000000 		.word	4
 794 0c08 04000000 		.word	4
 795 0c0c 01000000 		.word	1
 796 0c10 06000000 		.word	6
 797 0c14 00000000 		.word	l2_learn_global_ctrlm_field
 798 0c18 3C041800 		.word	1573948
 799 0c1c 04000000 		.word	4
 800 0c20 04000000 		.word	4
 801 0c24 01000000 		.word	1
 802 0c28 01000000 		.word	1
 803 0c2c 00000000 		.word	l2_learn_mac_cntm_field
 804 0c30 40041800 		.word	1573952
 805 0c34 04000000 		.word	4
 806 0c38 04000000 		.word	4
 807 0c3c 01000000 		.word	1
 808 0c40 01000000 		.word	1
 809 0c44 00000000 		.word	l2_aging_ctrlm_field
 810 0c48 48041800 		.word	1573960
 811 0c4c 04000000 		.word	4
 812 0c50 04000000 		.word	4
 813 0c54 01000000 		.word	1
 814 0c58 01000000 		.word	1
 815 0c5c 00000000 		.word	l2_aging_per_port_ctrlm_field
 816 0c60 54041800 		.word	1573972
 817 0c64 04000000 		.word	4
 818 0c68 04000000 		.word	4
 819 0c6c 01000000 		.word	1
 820 0c70 01000000 		.word	1
 821 0c74 00000000 		.word	l2_fdb_tbl_op_data_0m_field
 822 0c78 58041800 		.word	1573976
 823 0c7c 04000000 		.word	4
 824 0c80 04000000 		.word	4
 825 0c84 01000000 		.word	1
 826 0c88 04000000 		.word	4
 827 0c8c 00000000 		.word	l2_fdb_tbl_op_data_1m_field
 828 0c90 5C041800 		.word	1573980
 829 0c94 04000000 		.word	4
 830 0c98 04000000 		.word	4
 831 0c9c 01000000 		.word	1
 832 0ca0 08000000 		.word	8
 833 0ca4 00000000 		.word	l2_fdb_tbl_op_data_2m_field
 834 0ca8 60041800 		.word	1573984
 835 0cac 04000000 		.word	4
 836 0cb0 04000000 		.word	4
 837 0cb4 01000000 		.word	1
 838 0cb8 07000000 		.word	7
 839 0cbc 00000000 		.word	l2_fdb_tbl_opm_field
 840 0cc0 64041800 		.word	1573988
 841 0cc4 04000000 		.word	4
 842 0cc8 04000000 		.word	4
 843 0ccc 01000000 		.word	1
 844 0cd0 05000000 		.word	5
 845 0cd4 00000000 		.word	l2_fdb_tbl_op_resultm_field
 846 0cd8 68041800 		.word	1573992
 847 0cdc 04000000 		.word	4
 848 0ce0 04000000 		.word	4
 849 0ce4 01000000 		.word	1
 850 0ce8 01000000 		.word	1
 851 0cec 00000000 		.word	l2_igmp_static_router_port_maskm_field
 852 0cf0 6C041800 		.word	1573996
 853 0cf4 04000000 		.word	4
 854 0cf8 04000000 		.word	4
 855 0cfc 01000000 		.word	1
 856 0d00 02000000 		.word	2
 857 0d04 00000000 		.word	l2_igmp_dynamic_router_port_ctrlm_field
 858 0d08 70041800 		.word	1574000
 859 0d0c 04000000 		.word	4
 860 0d10 04000000 		.word	4
 861 0d14 01000000 		.word	1
 862 0d18 02000000 		.word	2
 863 0d1c 00000000 		.word	l2_igmp_dynamic_router_portm_field
 864 0d20 74041800 		.word	1574004
 865 0d24 04000000 		.word	4
 866 0d28 04000000 		.word	4
 867 0d2c 01000000 		.word	1
 868 0d30 01000000 		.word	1
 869 0d34 00000000 		.word	l2_igmp_dynamic_router_port0_timerm_field
 870 0d38 78041800 		.word	1574008
 871 0d3c 04000000 		.word	4
 872 0d40 04000000 		.word	4
 873 0d44 01000000 		.word	1
 874 0d48 01000000 		.word	1
 875 0d4c 00000000 		.word	l2_igmp_dynamic_router_port1_timerm_field
 876 0d50 7C041800 		.word	1574012
 877 0d54 04000000 		.word	4
 878 0d58 04000000 		.word	4
 879 0d5c 01000000 		.word	1
 880 0d60 0A000000 		.word	10
 881 0d64 00000000 		.word	l2_igmp_global_ctrlm_field
 882 0d68 80041800 		.word	1574016
 883 0d6c 04000000 		.word	4
 884 0d70 04000000 		.word	4
 885 0d74 0B000000 		.word	11
 886 0d78 08000000 		.word	8
 887 0d7c 00000000 		.word	l2_igmp_per_port_ctrlm_field
 888 0d80 B0041800 		.word	1574064
 889 0d84 04000000 		.word	4
 890 0d88 04000000 		.word	4
 891 0d8c 01000000 		.word	1
 892 0d90 01000000 		.word	1
 893 0d94 00000000 		.word	l2_fdb_tbl_op_data_0_dummym_field
 894 0d98 B4041800 		.word	1574068
 895 0d9c 04000000 		.word	4
 896 0da0 04000000 		.word	4
 897 0da4 01000000 		.word	1
 898 0da8 04000000 		.word	4
 899 0dac 00000000 		.word	l2_fdb_tbl_op_data_1_dummym_field
 900 0db0 B8041800 		.word	1574072
 901 0db4 04000000 		.word	4
 902 0db8 04000000 		.word	4
 903 0dbc 01000000 		.word	1
 904 0dc0 08000000 		.word	8
 905 0dc4 00000000 		.word	l2_fdb_tbl_op_data_2_dummym_field
 906 0dc8 BC041800 		.word	1574076
 907 0dcc 04000000 		.word	4
 908 0dd0 04000000 		.word	4
 909 0dd4 01000000 		.word	1
 910 0dd8 02000000 		.word	2
 911 0ddc 00000000 		.word	l2_igmp_dynamic_router_port_dummym_field
 912 0de0 C0041800 		.word	1574080
 913 0de4 04000000 		.word	4
 914 0de8 04000000 		.word	4
 915 0dec 01000000 		.word	1
 916 0df0 01000000 		.word	1
 917 0df4 00000000 		.word	l2_igmp_dynamic_router_port0_timer_dummym_field
 918 0df8 C4041800 		.word	1574084
 919 0dfc 04000000 		.word	4
 920 0e00 04000000 		.word	4
 921 0e04 01000000 		.word	1
 922 0e08 01000000 		.word	1
 923 0e0c 00000000 		.word	l2_igmp_dynamic_router_port1_timer_dummym_field
 924 0e10 00051800 		.word	1574144
 925 0e14 04000000 		.word	4
 926 0e18 04000000 		.word	4
 927 0e1c 01000000 		.word	1
 928 0e20 02000000 		.word	2
 929 0e24 00000000 		.word	l2_igmp_learn_ctrlm_field
 930 0e28 04051800 		.word	1574148
 931 0e2c 04000000 		.word	4
 932 0e30 04000000 		.word	4
 933 0e34 01000000 		.word	1
 934 0e38 01000000 		.word	1
 935 0e3c 00000000 		.word	l2_igmp_learn_group_cntm_field
 936 0e40 08051800 		.word	1574152
 937 0e44 04000000 		.word	4
 938 0e48 04000000 		.word	4
 939 0e4c 01000000 		.word	1
 940 0e50 01000000 		.word	1
 941 0e54 00000000 		.word	l2_unknown_ucast_filter_maskm_field
 942 0e58 0C051800 		.word	1574156
 943 0e5c 04000000 		.word	4
 944 0e60 04000000 		.word	4
 945 0e64 01000000 		.word	1
 946 0e68 01000000 		.word	1
 947 0e6c 00000000 		.word	l2_unknown_mcast_filter_maskm_field
 948 0e70 10051800 		.word	1574160
 949 0e74 04000000 		.word	4
 950 0e78 04000000 		.word	4
 951 0e7c 01000000 		.word	1
 952 0e80 01000000 		.word	1
 953 0e84 00000000 		.word	l2_mcast_filter_maskm_field
 954 0e88 14051800 		.word	1574164
 955 0e8c 04000000 		.word	4
 956 0e90 04000000 		.word	4
 957 0e94 01000000 		.word	1
 958 0e98 01000000 		.word	1
 959 0e9c 00000000 		.word	l2_bcast_filter_maskm_field
 960 0ea0 18051800 		.word	1574168
 961 0ea4 04000000 		.word	4
 962 0ea8 04000000 		.word	4
 963 0eac 0B000000 		.word	11
 964 0eb0 01000000 		.word	1
 965 0eb4 00000000 		.word	l2_port_vlan_transparent_ctrlm_field
 966 0eb8 98051800 		.word	1574296
 967 0ebc 04000000 		.word	4
 968 0ec0 04000000 		.word	4
 969 0ec4 01000000 		.word	1
 970 0ec8 01000000 		.word	1
 971 0ecc 00000000 		.word	l2_egr_vlan_filter_enm_field
 972 0ed0 9C051800 		.word	1574300
 973 0ed4 04000000 		.word	4
 974 0ed8 04000000 		.word	4
 975 0edc 01000000 		.word	1
 976 0ee0 01000000 		.word	1
 977 0ee4 00000000 		.word	l2_dot1x_ctrl1m_field
 978 0ee8 A0051800 		.word	1574304
 979 0eec 04000000 		.word	4
 980 0ef0 04000000 		.word	4
 981 0ef4 01000000 		.word	1
 982 0ef8 06000000 		.word	6
 983 0efc 00000000 		.word	l2_dot1x_ctrl2m_field
 984 0f00 A4051800 		.word	1574308
 985 0f04 04000000 		.word	4
 986 0f08 04000000 		.word	4
 987 0f0c 01000000 		.word	1
 988 0f10 02000000 		.word	2
 989 0f14 00000000 		.word	ipmc_leaky_ctrlm_field
 990 0f18 A8051800 		.word	1574312
 991 0f1c 04000000 		.word	4
 992 0f20 04000000 		.word	4
 993 0f24 02000000 		.word	2
 994 0f28 02000000 		.word	2
 995 0f2c 00000000 		.word	link_agg_groupnm_field
 996 0f30 B0051800 		.word	1574320
 997 0f34 04000000 		.word	4
 998 0f38 04000000 		.word	4
 999 0f3c 08000000 		.word	8
 1000 0f40 01000000 		.word	1
 1001 0f44 00000000 		.word	link_agg_membernm_field
 1002 0f48 D0051800 		.word	1574352
 1003 0f4c 04000000 		.word	4
 1004 0f50 04000000 		.word	4
 1005 0f54 30000000 		.word	48
 1006 0f58 08000000 		.word	8
 1007 0f5c 00000000 		.word	rma_ctrlnm_field
 1008 0f60 90061800 		.word	1574544
 1009 0f64 04000000 		.word	4
 1010 0f68 04000000 		.word	4
 1011 0f6c 01000000 		.word	1
 1012 0f70 03000000 		.word	3
 1013 0f74 00000000 		.word	cpu_copy_dst_ctrlm_field
 1014 0f78 A0061800 		.word	1574560
 1015 0f7c 04000000 		.word	4
 1016 0f80 04000000 		.word	4
 1017 0f84 01000000 		.word	1
 1018 0f88 01000000 		.word	1
 1019 0f8c 00000000 		.word	acl_unmatch_permit_enable_ctrlm_field
 1020 0f90 AC061800 		.word	1574572
 1021 0f94 04000000 		.word	4
 1022 0f98 04000000 		.word	4
 1023 0f9c 01000000 		.word	1
 1024 0fa0 01000000 		.word	1
 1025 0fa4 00000000 		.word	oam_mux_actm_field
 1026 0fa8 B0061800 		.word	1574576
 1027 0fac 04000000 		.word	4
 1028 0fb0 04000000 		.word	4
 1029 0fb4 01000000 		.word	1
 1030 0fb8 02000000 		.word	2
 1031 0fbc 00000000 		.word	oam_par_actm_field
 1032 0fc0 B4061800 		.word	1574580
 1033 0fc4 04000000 		.word	4
 1034 0fc8 04000000 		.word	4
 1035 0fcc 01000000 		.word	1
 1036 0fd0 03000000 		.word	3
 1037 0fd4 00000000 		.word	cascade_ctrlm_field
 1038 0fd8 B8061800 		.word	1574584
 1039 0fdc 04000000 		.word	4
 1040 0fe0 04000000 		.word	4
 1041 0fe4 01000000 		.word	1
 1042 0fe8 01000000 		.word	1
 1043 0fec 00000000 		.word	loop_detect_act_ctrlm_field
 1044 0ff0 BC061800 		.word	1574588
 1045 0ff4 04000000 		.word	4
 1046 0ff8 04000000 		.word	4
 1047 0ffc 01000000 		.word	1
 1048 1000 01000000 		.word	1
 1049 1004 00000000 		.word	igmp_router_port_aging_ctrlm_field
 1050 1008 00071800 		.word	1574656
 1051 100c 04000000 		.word	4
 1052 1010 04000000 		.word	4
 1053 1014 08000000 		.word	8
 1054 1018 04000000 		.word	4
 1055 101c 00000000 		.word	multi_vlan_tblm_field
 1056 1020 30071800 		.word	1574704
 1057 1024 04000000 		.word	4
 1058 1028 04000000 		.word	4
 1059 102c 01000000 		.word	1
 1060 1030 05000000 		.word	5
 1061 1034 00000000 		.word	l2_learn_clear_opm_field
 1062 1038 34071800 		.word	1574708
 1063 103c 04000000 		.word	4
 1064 1040 04000000 		.word	4
 1065 1044 01000000 		.word	1
 1066 1048 01000000 		.word	1
 1067 104c 00000000 		.word	l2_uc_unknown_act_ctrlm_field
 1068 1050 38071800 		.word	1574712
 1069 1054 04000000 		.word	4
 1070 1058 04000000 		.word	4
 1071 105c 01000000 		.word	1
 1072 1060 03000000 		.word	3
 1073 1064 00000000 		.word	l2_mc_unknown_act_ctrlm_field
 1074 1068 08081800 		.word	1574920
 1075 106c 04000000 		.word	4
 1076 1070 04000000 		.word	4
 1077 1074 02000000 		.word	2
 1078 1078 03000000 		.word	3
 1079 107c 00000000 		.word	l2_lag_learn_limit_ctrlnm_field
 1080 1080 10081800 		.word	1574928
 1081 1084 04000000 		.word	4
 1082 1088 04000000 		.word	4
 1083 108c 01000000 		.word	1
 1084 1090 02000000 		.word	2
 1085 1094 00000000 		.word	l2_loop_detect_flagm_field
 1086 1098 14081800 		.word	1574932
 1087 109c 04000000 		.word	4
 1088 10a0 04000000 		.word	4
 1089 10a4 01000000 		.word	1
 1090 10a8 01000000 		.word	1
 1091 10ac 00000000 		.word	l2_loop_detect_flag_dummym_field
 1092 10b0 18081800 		.word	1574936
 1093 10b4 04000000 		.word	4
 1094 10b8 04000000 		.word	4
 1095 10bc 01000000 		.word	1
 1096 10c0 0A000000 		.word	10
 1097 10c4 00000000 		.word	l2_loop_detect_timerm_field
 1098 10c8 40091800 		.word	1575232
 1099 10cc 04000000 		.word	4
 1100 10d0 04000000 		.word	4
 1101 10d4 01000000 		.word	1
 1102 10d8 02000000 		.word	2
 1103 10dc 00000000 		.word	l2_arp_bcast_per_port_ctrl1m_field
 1104 10e0 44091800 		.word	1575236
 1105 10e4 04000000 		.word	4
 1106 10e8 04000000 		.word	4
 1107 10ec 01000000 		.word	1
 1108 10f0 02000000 		.word	2
 1109 10f4 00000000 		.word	l2_nd_per_port_ctrl1m_field
 1110 10f8 48091800 		.word	1575240
 1111 10fc 04000000 		.word	4
 1112 1100 04000000 		.word	4
 1113 1104 01000000 		.word	1
 1114 1108 02000000 		.word	2
 1115 110c 00000000 		.word	l2_lldp_eee_per_port_ctrl1m_field
 1116 1110 4C091800 		.word	1575244
 1117 1114 04000000 		.word	4
 1118 1118 04000000 		.word	4
 1119 111c 01000000 		.word	1
 1120 1120 02000000 		.word	2
 1121 1124 00000000 		.word	l2_lldp_per_port_ctrl1m_field
 1122 1128 50091800 		.word	1575248
 1123 112c 04000000 		.word	4
 1124 1130 04000000 		.word	4
 1125 1134 01000000 		.word	1
 1126 1138 02000000 		.word	2
 1127 113c 00000000 		.word	l2_arp_bcast_nd_per_port_ctrl2m_field
 1128 1140 54091800 		.word	1575252
 1129 1144 04000000 		.word	4
 1130 1148 04000000 		.word	4
 1131 114c 01000000 		.word	1
 1132 1150 02000000 		.word	2
 1133 1154 00000000 		.word	l2_lldp_eee_per_port_ctrl2m_field
 1134 1158 58091800 		.word	1575256
 1135 115c 04000000 		.word	4
 1136 1160 04000000 		.word	4
 1137 1164 01000000 		.word	1
 1138 1168 01000000 		.word	1
 1139 116c 00000000 		.word	l2_fdb_hw_flush_ctrlm_field
 1140 1170 5C091800 		.word	1575260
 1141 1174 04000000 		.word	4
 1142 1178 04000000 		.word	4
 1143 117c 01000000 		.word	1
 1144 1180 01000000 		.word	1
 1145 1184 00000000 		.word	l2_uni_que_ctrlm_field
 1146 1188 00801800 		.word	1605632
 1147 118c 08000000 		.word	8
 1148 1190 08000000 		.word	8
 1149 1194 00100000 		.word	4096
 1150 1198 0C000000 		.word	12
 1151 119c 00000000 		.word	l2_vlan_tblm_field
 1152 11a0 00801900 		.word	1671168
 1153 11a4 10000000 		.word	16
 1154 11a8 0C000000 		.word	12
 1155 11ac 00020000 		.word	512
 1156 11b0 0D000000 		.word	13
 1157 11b4 00000000 		.word	l2_fdb_tbl_bin0m_field
 1158 11b8 00A01900 		.word	1679360
 1159 11bc 10000000 		.word	16
 1160 11c0 0C000000 		.word	12
 1161 11c4 00020000 		.word	512
 1162 11c8 0D000000 		.word	13
 1163 11cc 00000000 		.word	l2_fdb_tbl_bin1m_field
 1164 11d0 00C01900 		.word	1687552
 1165 11d4 10000000 		.word	16
 1166 11d8 0C000000 		.word	12
 1167 11dc 00020000 		.word	512
 1168 11e0 0D000000 		.word	13
 1169 11e4 00000000 		.word	l2_fdb_tbl_bin2m_field
 1170 11e8 00E01900 		.word	1695744
 1171 11ec 10000000 		.word	16
 1172 11f0 0C000000 		.word	12
 1173 11f4 00020000 		.word	512
 1174 11f8 0D000000 		.word	13
 1175 11fc 00000000 		.word	l2_fdb_tbl_bin3m_field
 1176 1200 00001A00 		.word	1703936
 1177 1204 10000000 		.word	16
 1178 1208 0C000000 		.word	12
 1179 120c 00020000 		.word	512
 1180 1210 0D000000 		.word	13
 1181 1214 00000000 		.word	l2_fdb_tbl_bin4m_field
 1182 1218 00201A00 		.word	1712128
 1183 121c 10000000 		.word	16
 1184 1220 0C000000 		.word	12
 1185 1224 00020000 		.word	512
 1186 1228 0D000000 		.word	13
 1187 122c 00000000 		.word	l2_fdb_tbl_bin5m_field
 1188 1230 00401A00 		.word	1720320
 1189 1234 10000000 		.word	16
 1190 1238 0C000000 		.word	12
 1191 123c 00020000 		.word	512
 1192 1240 0D000000 		.word	13
 1193 1244 00000000 		.word	l2_fdb_tbl_bin6m_field
 1194 1248 00601A00 		.word	1728512
 1195 124c 10000000 		.word	16
 1196 1250 0C000000 		.word	12
 1197 1254 00020000 		.word	512
 1198 1258 0D000000 		.word	13
 1199 125c 00000000 		.word	l2_fdb_tbl_bin7m_field
 1200 1260 00001C00 		.word	1835008
 1201 1264 10000000 		.word	16
 1202 1268 0C000000 		.word	12
 1203 126c 80010000 		.word	384
 1204 1270 21000000 		.word	33
 1205 1274 00000000 		.word	acl_action_tblm_field
 1206 1278 00002200 		.word	2228224
 1207 127c 04000000 		.word	4
 1208 1280 04000000 		.word	4
 1209 1284 0B000000 		.word	11
 1210 1288 01000000 		.word	1
 1211 128c 00000000 		.word	port_rate_ctrlnm_field
 1212 1290 00012200 		.word	2228480
 1213 1294 04000000 		.word	4
 1214 1298 04000000 		.word	4
 1215 129c 01000000 		.word	1
 1216 12a0 01000000 		.word	1
 1217 12a4 00000000 		.word	storm_ctrl_timeslotm_field
 1218 12a8 04012200 		.word	2228484
 1219 12ac 04000000 		.word	4
 1220 12b0 04000000 		.word	4
 1221 12b4 01000000 		.word	1
 1222 12b8 01000000 		.word	1
 1223 12bc 00000000 		.word	meter_timeslotm_field
 1224 12c0 08012200 		.word	2228488
 1225 12c4 04000000 		.word	4
 1226 12c8 04000000 		.word	4
 1227 12cc 0B000000 		.word	11
 1228 12d0 02000000 		.word	2
 1229 12d4 00000000 		.word	port_meter_ctrlnm_field
 1230 12d8 40012200 		.word	2228544
 1231 12dc 04000000 		.word	4
 1232 12e0 04000000 		.word	4
 1233 12e4 01000000 		.word	1
 1234 12e8 01000000 		.word	1
 1235 12ec 00000000 		.word	storm_ctrl_mc_type_ctrlm_field
 1236 12f0 58012200 		.word	2228568
 1237 12f4 04000000 		.word	4
 1238 12f8 04000000 		.word	4
 1239 12fc 01000000 		.word	1
 1240 1300 02000000 		.word	2
 1241 1304 00000000 		.word	drop_event_logm_field
 1242 1308 5C012200 		.word	2228572
 1243 130c 04000000 		.word	4
 1244 1310 04000000 		.word	4
 1245 1314 01000000 		.word	1
 1246 1318 02000000 		.word	2
 1247 131c 00000000 		.word	stats_offsetm_field
 1248 1320 00022200 		.word	2228736
 1249 1324 04000000 		.word	4
 1250 1328 04000000 		.word	4
 1251 132c 21000000 		.word	33
 1252 1330 05000000 		.word	5
 1253 1334 00000000 		.word	storm_ctrl_config_tblm_field
 1254 1338 00042200 		.word	2229248
 1255 133c 04000000 		.word	4
 1256 1340 04000000 		.word	4
 1257 1344 21000000 		.word	33
 1258 1348 02000000 		.word	2
 1259 134c 00000000 		.word	storm_ctrl_cnt_tblm_field
 1260 1350 00082200 		.word	2230272
 1261 1354 10000000 		.word	16
 1262 1358 0C000000 		.word	12
 1263 135c 4B000000 		.word	75
 1264 1360 0E000000 		.word	14
 1265 1364 00000000 		.word	meter_config_tblm_field
 1266 1368 00102200 		.word	2232320
 1267 136c 08000000 		.word	8
 1268 1370 08000000 		.word	8
 1269 1374 4B000000 		.word	75
 1270 1378 04000000 		.word	4
 1271 137c 00000000 		.word	meter_token_tblm_field
 1272 1380 00142200 		.word	2233344
 1273 1384 08000000 		.word	8
 1274 1388 08000000 		.word	8
 1275 138c 40000000 		.word	64
 1276 1390 02000000 		.word	2
 1277 1394 00000000 		.word	flow_stats_tblm_field
 1278 1398 001C2200 		.word	2235392
 1279 139c 04000000 		.word	4
 1280 13a0 04000000 		.word	4
 1281 13a4 40000000 		.word	64
 1282 13a8 03000000 		.word	3
 1283 13ac 00000000 		.word	flow_stats_cfg_tblm_field
 1284 13b0 00003000 		.word	3145728
 1285 13b4 04000000 		.word	4
 1286 13b8 04000000 		.word	4
 1287 13bc 40000000 		.word	64
 1288 13c0 01000000 		.word	1
 1289 13c4 00000000 		.word	cpu_code_to_cpu_prio_mapnm_field
 1290 13c8 00023000 		.word	3146240
 1291 13cc 04000000 		.word	4
 1292 13d0 04000000 		.word	4
 1293 13d4 0B000000 		.word	11
 1294 13d8 08000000 		.word	8
 1295 13dc 00000000 		.word	int_prio_to_ucast_qid_mapnm_field
 1296 13e0 80023000 		.word	3146368
 1297 13e4 04000000 		.word	4
 1298 13e8 04000000 		.word	4
 1299 13ec 0B000000 		.word	11
 1300 13f0 08000000 		.word	8
 1301 13f4 00000000 		.word	int_prio_to_mcast_qid_mapnm_field
 1302 13f8 00033000 		.word	3146496
 1303 13fc 04000000 		.word	4
 1304 1400 04000000 		.word	4
 1305 1404 01000000 		.word	1
 1306 1408 03000000 		.word	3
 1307 140c 00000000 		.word	mirror_ctrlm_field
 1308 1410 04033000 		.word	3146500
 1309 1414 04000000 		.word	4
 1310 1418 04000000 		.word	4
 1311 141c 01000000 		.word	1
 1312 1420 04000000 		.word	4
 1313 1424 00000000 		.word	mirror_qos_ctrlm_field
 1314 1428 00043000 		.word	3146752
 1315 142c 04000000 		.word	4
 1316 1430 04000000 		.word	4
 1317 1434 01000000 		.word	1
 1318 1438 03000000 		.word	3
 1319 143c 00000000 		.word	flush_cfgm_field
 1320 1440 00803000 		.word	3178496
 1321 1444 04000000 		.word	4
 1322 1448 04000000 		.word	4
 1323 144c 84000000 		.word	132
 1324 1450 01000000 		.word	1
 1325 1454 00000000 		.word	oq_enq_dis_tblm_field
 1326 1458 00001000 		.word	1048576
 1327 145c 04000000 		.word	4
 1328 1460 04000000 		.word	4
 1329 1464 0B000000 		.word	11
 1330 1468 09000000 		.word	9
 1331 146c 00000000 		.word	egr_port_ctrlnm_field
 1332 1470 80001000 		.word	1048704
 1333 1474 04000000 		.word	4
 1334 1478 04000000 		.word	4
 1335 147c 0B000000 		.word	11
 1336 1480 06000000 		.word	6
 1337 1484 00000000 		.word	egr_port_vlan_ctrlnm_field
 1338 1488 00011000 		.word	1048832
 1339 148c 04000000 		.word	4
 1340 1490 04000000 		.word	4
 1341 1494 20000000 		.word	32
 1342 1498 01000000 		.word	1
 1343 149c 00000000 		.word	egr_dscp_remarknm_field
 1344 14a0 00021000 		.word	1049088
 1345 14a4 04000000 		.word	4
 1346 14a8 04000000 		.word	4
 1347 14ac 40000000 		.word	64
 1348 14b0 02000000 		.word	2
 1349 14b4 00000000 		.word	egr_prio_remarknm_field
 1350 14b8 00031000 		.word	1049344
 1351 14bc 04000000 		.word	4
 1352 14c0 04000000 		.word	4
 1353 14c4 04000000 		.word	4
 1354 14c8 01000000 		.word	1
 1355 14cc 00000000 		.word	egr_tpid_profilem_field
 1356 14d0 20031000 		.word	1049376
 1357 14d4 04000000 		.word	4
 1358 14d8 04000000 		.word	4
 1359 14dc 20000000 		.word	32
 1360 14e0 08000000 		.word	8
 1361 14e4 00000000 		.word	egr_vlan_trans_rule_ctrlnm_field
 1362 14e8 A0031000 		.word	1049504
 1363 14ec 04000000 		.word	4
 1364 14f0 04000000 		.word	4
 1365 14f4 20000000 		.word	32
 1366 14f8 03000000 		.word	3
 1367 14fc 00000000 		.word	egr_vlan_trans_rule_ctrl1nm_field
 1368 1500 20041000 		.word	1049632
 1369 1504 04000000 		.word	4
 1370 1508 04000000 		.word	4
 1371 150c 20000000 		.word	32
 1372 1510 04000000 		.word	4
 1373 1514 00000000 		.word	egr_vlan_trans_data_ctrlnm_field
 1374 1518 A8041000 		.word	1049768
 1375 151c 04000000 		.word	4
 1376 1520 04000000 		.word	4
 1377 1524 0B000000 		.word	11
 1378 1528 04000000 		.word	4
 1379 152c 00000000 		.word	egr_vlan_tag_transparent_ctrlm_field
 1380 1530 D4041000 		.word	1049812
 1381 1534 04000000 		.word	4
 1382 1538 04000000 		.word	4
 1383 153c 01000000 		.word	1
 1384 1540 02000000 		.word	2
 1385 1544 00000000 		.word	cpu_pkt_bypassedit_ctrlm_field
 1386 1548 04003400 		.word	3407876
 1387 154c 04000000 		.word	4
 1388 1550 04000000 		.word	4
 1389 1554 01000000 		.word	1
 1390 1558 01000000 		.word	1
 1391 155c 00000000 		.word	ipg_pre_len_cfgm_field
 1392 1560 08003400 		.word	3407880
 1393 1564 04000000 		.word	4
 1394 1568 04000000 		.word	4
 1395 156c 01000000 		.word	1
 1396 1570 01000000 		.word	1
 1397 1574 00000000 		.word	qsch_shp_slot_time_cfgm_field
 1398 1578 0C003400 		.word	3407884
 1399 157c 04000000 		.word	4
 1400 1580 04000000 		.word	4
 1401 1584 01000000 		.word	1
 1402 1588 01000000 		.word	1
 1403 158c 00000000 		.word	psch_shp_slot_time_cfgm_field
 1404 1590 00103400 		.word	3411968
 1405 1594 04000000 		.word	4
 1406 1598 04000000 		.word	4
 1407 159c 84000000 		.word	132
 1408 15a0 04000000 		.word	4
 1409 15a4 00000000 		.word	qsch_flow_map_tblm_field
 1410 15a8 00203400 		.word	3416064
 1411 15ac 04000000 		.word	4
 1412 15b0 04000000 		.word	4
 1413 15b4 84000000 		.word	132
 1414 15b8 01000000 		.word	1
 1415 15bc 00000000 		.word	qsch_c_dwrr_cfg_tblm_field
 1416 15c0 00303400 		.word	3420160
 1417 15c4 04000000 		.word	4
 1418 15c8 04000000 		.word	4
 1419 15cc 84000000 		.word	132
 1420 15d0 01000000 		.word	1
 1421 15d4 00000000 		.word	qsch_e_dwrr_cfg_tblm_field
 1422 15d8 00C03400 		.word	3457024
 1423 15dc 10000000 		.word	16
 1424 15e0 0C000000 		.word	12
 1425 15e4 84000000 		.word	132
 1426 15e8 09000000 		.word	9
 1427 15ec 00000000 		.word	qsch_shp_cfg_tblm_field
 1428 15f0 00F03400 		.word	3469312
 1429 15f4 04000000 		.word	4
 1430 15f8 04000000 		.word	4
 1431 15fc 84000000 		.word	132
 1432 1600 01000000 		.word	1
 1433 1604 00000000 		.word	qsch_meter_cfg_tblm_field
 1434 1608 00403500 		.word	3489792
 1435 160c 08000000 		.word	8
 1436 1610 08000000 		.word	8
 1437 1614 0B000000 		.word	11
 1438 1618 05000000 		.word	5
 1439 161c 00000000 		.word	psch_shp_cfg_tblm_field
 1440 1620 00703500 		.word	3502080
 1441 1624 04000000 		.word	4
 1442 1628 04000000 		.word	4
 1443 162c 0B000000 		.word	11
 1444 1630 01000000 		.word	1
 1445 1634 00000000 		.word	psch_meter_cfg_tblm_field
 1446              		.text
 1447              	.Letext0:
 1448              		.file 2 "C:\\Users\\Dmitriy\\Desktop\\GD32F10x\\Switch\\common\\include/yt_types.h"
 1449              		.file 3 "C:\\Users\\Dmitriy\\Desktop\\GD32F10x\\Switch\\core\\hal/hal_mem.h"
 1450              		.file 4 "../Switch/core/fal/tiger/fal_tiger_struct.h"
DEFINED SYMBOLS
                            *ABS*:00000000 fal_tiger_index.c
C:\Users\Dmitriy\AppData\Local\Temp\ccmq3Aq4.s:23     .rodata.tbl_reg_list:00000000 tbl_reg_list
C:\Users\Dmitriy\AppData\Local\Temp\ccmq3Aq4.s:20     .rodata.tbl_reg_list:00000000 $d
                           .group:00000000 wm4.0.353617a96a8f588ad8d04dd11dfc8225
                           .group:00000000 wm4._newlib_version.h.4.6d111ab2e95434b664b53815e5c8ccba
                           .group:00000000 wm4.newlib.h.27.d4bf77c18f14f545101dac22f0b54118
                           .group:00000000 wm4.ieeefp.h.77.0ee3146e9d892bb10bc0066c30189af1
                           .group:00000000 wm4.features.h.22.7877b139107948f7dadcf3660cc79cfd
                           .group:00000000 wm4.config.h.224.10ee1ad185d877c6e334e6581faab44d
                           .group:00000000 wm4._ansi.h.31.de524f58584151836e90d8620a16f8e8
                           .group:00000000 wm4.stdio.h.31.7c0e28c411445f3f9c5b11accf882760
                           .group:00000000 wm4._default_types.h.6.959254cf5f09734ea7516c89e8bb21bd
                           .group:00000000 wm4.stddef.h.185.cbb642e1ccd385e8aa504b15cb7fb086
                           .group:00000000 wm4.cdefs.h.49.f93868eb904b9ca05b5c0257d31128ca
                           .group:00000000 wm4.stddef.h.39.0e5f0dabba1c666ccadf0408e0d47322
                           .group:00000000 wm4.stdarg.h.34.3a23a216c0c293b3d2ea2e89281481e6
                           .group:00000000 wm4._types.h.20.dd0d04dca3800a0d2a6129b87f3adbb2
                           .group:00000000 wm4.stddef.h.158.5f30652bb2ea05b142c1bbee9108c999
                           .group:00000000 wm4._types.h.127.3bdfe3ff8ea2d0985b03d9cbe93480e3
                           .group:00000000 wm4.reent.h.17.e292bf8b0bec6c96e131a54347145a30
                           .group:00000000 wm4.lock.h.2.1461d1fff82dffe8bfddc23307f6484f
                           .group:00000000 wm4.reent.h.77.89f7dde66c62b1f1dee32bdb6ab2d544
                           .group:00000000 wm4.stdio.h.67.0cf8a9c281ab0b348aef5c02e7e48825
                           .group:00000000 wm4.stdio.h.2.4aa87247282eca6c8f36f9de33d8df1a
                           .group:00000000 wm4.stdio.h.87.a1e20d2651f9bfb66e51bfbe849db00a
                           .group:00000000 wm4.string.h.8.c4b8571ce60dff2817f43fec8b86aecd
                           .group:00000000 wm4.stddef.h.158.bfed30416c9480cd13bc4a25427d538f
                           .group:00000000 wm4.stdbool.h.29.4a1c88fe569adb8d03217dd16982ca34
                           .group:00000000 wm4.malloc.h.4.62bd13b8107d5245f60bd92bb5994838
                           .group:00000000 wm4.malloc.h.152.f5d1d9a9aabeac59da0ef41ede16d2b0
                           .group:00000000 wm4.yt_types.h.31.64aa050cf4c68d28514ce99f5dc2ddb9
                           .group:00000000 wm4.yt_lock.h.9.5d39f1aba4451d3b9b95aa39771489dc
                           .group:00000000 wm4.yt_error.h.38.039589275c83974021fd481937e9f4a7
                           .group:00000000 wm4.fal_tiger_mem.h.6.e463db19434e1621ca889542a33dadb5
                           .group:00000000 wm4.hal_mem.h.36.24f0b260778f0666559c98f574a16e4b
                           .group:00000000 wm4.fal_tiger_struct.h.11.eaf1e312426da50697faa813ca03b2a8

UNDEFINED SYMBOLS
global_ctrl0m_field
global_ctrl1m_field
ext_cpu_port_ctrlm_field
cpu_tag_tpidm_field
look_up_vlan_selm_field
intr_maskm_field
intr_statusm_field
global_mac_addr0m_field
global_mac_addr1m_field
eee_ctrlm_field
sg_phym_field
port_ctrlm_field
port_statusm_field
loop_detect_top_ctrlm_field
pon_strap_enm_field
pon_strap_valm_field
pon_strapm_field
mdio_pollingm_field
oam_dying_gaspm_field
acl2gpiom_field
extif0_modem_field
extif0_mode2m_field
extif1_modem_field
extif1_mode2m_field
tpid_profile0m_field
tpid_profile1m_field
parser_port_ctrlnm_field
link_agg_hash_ctrlm_field
udf_ctrlnm_field
parser_erp_ouim_field
parser_erp_ethtypem_field
parser_erp_udf_ctrlm_field
parser_erp_udfnm_field
dos_tcp_flags0m_field
dos_tcp_flags1m_field
dos_tcp_flags2m_field
dos_tcp_flags3m_field
dos_tcp_flags4m_field
dos_tcp_flags5m_field
dos_ctrlm_field
dos_large_icmp_ctrlm_field
oam_en_ctrlm_field
wol_ctrlm_field
dos_ctrl1m_field
protocol_based_vlannm_field
port_vlan_ctrlnm_field
port_vlan_ctrl1nm_field
vlan_trans_untag_vid_mode_ctrlm_field
vlan_range_profilenm_field
protocol_based_vlan_data_tblm_field
vlan_xlate_action_tblm_field
vlan_xlate_tblm_field
acl_blk_keep_ctrlm_field
acl_port_ctrlm_field
acl_blk_cmdm_field
rule_ext_ctrlm_field
acl_rule_bin0m_field
acl_rule_bin1m_field
acl_rule_bin2m_field
acl_rule_bin3m_field
acl_rule_bin4m_field
acl_rule_bin5m_field
acl_rule_bin6m_field
acl_rule_bin7m_field
acl_rule_mask_bin0m_field
acl_rule_mask_bin1m_field
acl_rule_mask_bin2m_field
acl_rule_mask_bin3m_field
acl_rule_mask_bin4m_field
acl_rule_mask_bin5m_field
acl_rule_mask_bin6m_field
acl_rule_mask_bin7m_field
mac_da0_rulem_field
mac_da0_rule_maskm_field
mac_da1_sa1_rulem_field
mac_da1_sa1_rule_maskm_field
mac_sa0_rulem_field
mac_sa0_rule_maskm_field
ipv4_da_rulem_field
ipv4_da_rule_maskm_field
ipv4_sa_rulem_field
ipv4_sa_rule_maskm_field
l4_port_rulem_field
l4_port_rule_maskm_field
vlan_rulem_field
vlan_rule_maskm_field
misc_rulem_field
misc_rule_maskm_field
udf_rulem_field
udf_rule_maskm_field
ipv6_da0_rulem_field
ipv6_da0_rule_maskm_field
ipv6_da1_rulem_field
ipv6_da1_rule_maskm_field
ipv6_da2_rulem_field
ipv6_da2_rule_maskm_field
ipv6_da3_rulem_field
ipv6_da3_rule_maskm_field
ipv6_sa0_rulem_field
ipv6_sa0_rule_maskm_field
ipv6_sa1_rulem_field
ipv6_sa1_rule_maskm_field
ipv6_sa2_rulem_field
ipv6_sa2_rule_maskm_field
ipv6_sa3_rulem_field
ipv6_sa3_rule_maskm_field
vid_pri_dei_rulem_field
vid_pri_dei_rule_maskm_field
ether_type_value_rulem_field
ether_type_value_rule_maskm_field
dscp_to_int_prio_mapm_field
pri_to_int_prio_mapm_field
qos_port_ctrlnm_field
qos_merge_precedence_ctrlnm_field
hdr_err_actionm_field
l2_vlan_ingress_filter_enm_field
l2_arp_bcast_per_port_ctrlm_field
l2_nd_per_port_ctrlm_field
l2_lldp_eee_per_port_ctrlm_field
l2_lldp_per_port_ctrlm_field
l2_port_isolation_ctrlnm_field
l2_erp_per_port_ctrlm_field
l2_stp_statenm_field
l2_src_match_ctrlm_field
l2_learn_per_port_ctrlnm_field
l2_station_move_ctrl0m_field
l2_station_move_ctrl1m_field
l2_port_learn_mac_cntnm_field
l2_learn_global_ctrlm_field
l2_learn_mac_cntm_field
l2_aging_ctrlm_field
l2_aging_per_port_ctrlm_field
l2_fdb_tbl_op_data_0m_field
l2_fdb_tbl_op_data_1m_field
l2_fdb_tbl_op_data_2m_field
l2_fdb_tbl_opm_field
l2_fdb_tbl_op_resultm_field
l2_igmp_static_router_port_maskm_field
l2_igmp_dynamic_router_port_ctrlm_field
l2_igmp_dynamic_router_portm_field
l2_igmp_dynamic_router_port0_timerm_field
l2_igmp_dynamic_router_port1_timerm_field
l2_igmp_global_ctrlm_field
l2_igmp_per_port_ctrlm_field
l2_fdb_tbl_op_data_0_dummym_field
l2_fdb_tbl_op_data_1_dummym_field
l2_fdb_tbl_op_data_2_dummym_field
l2_igmp_dynamic_router_port_dummym_field
l2_igmp_dynamic_router_port0_timer_dummym_field
l2_igmp_dynamic_router_port1_timer_dummym_field
l2_igmp_learn_ctrlm_field
l2_igmp_learn_group_cntm_field
l2_unknown_ucast_filter_maskm_field
l2_unknown_mcast_filter_maskm_field
l2_mcast_filter_maskm_field
l2_bcast_filter_maskm_field
l2_port_vlan_transparent_ctrlm_field
l2_egr_vlan_filter_enm_field
l2_dot1x_ctrl1m_field
l2_dot1x_ctrl2m_field
ipmc_leaky_ctrlm_field
link_agg_groupnm_field
link_agg_membernm_field
rma_ctrlnm_field
cpu_copy_dst_ctrlm_field
acl_unmatch_permit_enable_ctrlm_field
oam_mux_actm_field
oam_par_actm_field
cascade_ctrlm_field
loop_detect_act_ctrlm_field
igmp_router_port_aging_ctrlm_field
multi_vlan_tblm_field
l2_learn_clear_opm_field
l2_uc_unknown_act_ctrlm_field
l2_mc_unknown_act_ctrlm_field
l2_lag_learn_limit_ctrlnm_field
l2_loop_detect_flagm_field
l2_loop_detect_flag_dummym_field
l2_loop_detect_timerm_field
l2_arp_bcast_per_port_ctrl1m_field
l2_nd_per_port_ctrl1m_field
l2_lldp_eee_per_port_ctrl1m_field
l2_lldp_per_port_ctrl1m_field
l2_arp_bcast_nd_per_port_ctrl2m_field
l2_lldp_eee_per_port_ctrl2m_field
l2_fdb_hw_flush_ctrlm_field
l2_uni_que_ctrlm_field
l2_vlan_tblm_field
l2_fdb_tbl_bin0m_field
l2_fdb_tbl_bin1m_field
l2_fdb_tbl_bin2m_field
l2_fdb_tbl_bin3m_field
l2_fdb_tbl_bin4m_field
l2_fdb_tbl_bin5m_field
l2_fdb_tbl_bin6m_field
l2_fdb_tbl_bin7m_field
acl_action_tblm_field
port_rate_ctrlnm_field
storm_ctrl_timeslotm_field
meter_timeslotm_field
port_meter_ctrlnm_field
storm_ctrl_mc_type_ctrlm_field
drop_event_logm_field
stats_offsetm_field
storm_ctrl_config_tblm_field
storm_ctrl_cnt_tblm_field
meter_config_tblm_field
meter_token_tblm_field
flow_stats_tblm_field
flow_stats_cfg_tblm_field
cpu_code_to_cpu_prio_mapnm_field
int_prio_to_ucast_qid_mapnm_field
int_prio_to_mcast_qid_mapnm_field
mirror_ctrlm_field
mirror_qos_ctrlm_field
flush_cfgm_field
oq_enq_dis_tblm_field
egr_port_ctrlnm_field
egr_port_vlan_ctrlnm_field
egr_dscp_remarknm_field
egr_prio_remarknm_field
egr_tpid_profilem_field
egr_vlan_trans_rule_ctrlnm_field
egr_vlan_trans_rule_ctrl1nm_field
egr_vlan_trans_data_ctrlnm_field
egr_vlan_tag_transparent_ctrlm_field
cpu_pkt_bypassedit_ctrlm_field
ipg_pre_len_cfgm_field
qsch_shp_slot_time_cfgm_field
psch_shp_slot_time_cfgm_field
qsch_flow_map_tblm_field
qsch_c_dwrr_cfg_tblm_field
qsch_e_dwrr_cfg_tblm_field
qsch_shp_cfg_tblm_field
qsch_meter_cfg_tblm_field
psch_shp_cfg_tblm_field
psch_meter_cfg_tblm_field
