   1              		.cpu cortex-m3
   2              		.arch armv7-m
   3              		.fpu softvfp
   4              		.eabi_attribute 20, 1
   5              		.eabi_attribute 21, 1
   6              		.eabi_attribute 23, 3
   7              		.eabi_attribute 24, 1
   8              		.eabi_attribute 25, 1
   9              		.eabi_attribute 26, 1
  10              		.eabi_attribute 30, 1
  11              		.eabi_attribute 34, 1
  12              		.eabi_attribute 18, 4
  13              		.file	"fal_tiger_loopdetect.c"
  14              		.text
  15              	.Ltext0:
  16              		.cfi_sections	.debug_frame
  17              		.file 1 "../Switch/core/fal/tiger/fal_tiger_loopdetect.c"
  18              		.section	.rodata.fal_tiger_loop_detect_enable_set.str1.4,"aMS",%progbits,1
  19              		.align	2
  20              	.LC0:
  21 0000 68616C5F 		.ascii	"hal_table_reg_read(unit,13,0,sizeof(loop_detect_top"
  21      7461626C 
  21      655F7265 
  21      675F7265 
  21      61642875 
  22 0033 5F637472 		.ascii	"_ctrl_t),&entry)\000"
  22      6C5F7429 
  22      2C26656E 
  22      74727929 
  22      00
  23              		.align	2
  24              	.LC1:
  25 0044 25732573 		.ascii	"%s%s of \"%s\" in %s\015\012\000"
  25      206F6620 
  25      22257322 
  25      20696E20 
  25      25730D0A 
  26 0059 000000   		.align	2
  27              	.LC2:
  28 005c 68616C5F 		.ascii	"hal_table_reg_write(unit,13,0,sizeof(loop_detect_to"
  28      7461626C 
  28      655F7265 
  28      675F7772 
  28      69746528 
  29 008f 705F6374 		.ascii	"p_ctrl_t),&entry)\000"
  29      726C5F74 
  29      292C2665 
  29      6E747279 
  29      2900
  30              		.section	.text.fal_tiger_loop_detect_enable_set,"ax",%progbits
  31              		.align	1
  32              		.global	fal_tiger_loop_detect_enable_set
  33              		.syntax unified
  34              		.thumb
  35              		.thumb_func
  37              	fal_tiger_loop_detect_enable_set:
  38              	.LVL0:
  39              	.LFB3:
   1:../Switch/core/fal/tiger/fal_tiger_loopdetect.c **** /*
   2:../Switch/core/fal/tiger/fal_tiger_loopdetect.c ****  * Include Files
   3:../Switch/core/fal/tiger/fal_tiger_loopdetect.c ****  */
   4:../Switch/core/fal/tiger/fal_tiger_loopdetect.c **** #include "yt_error.h"
   5:../Switch/core/fal/tiger/fal_tiger_loopdetect.c **** //#include "osal_mem.h"
   6:../Switch/core/fal/tiger/fal_tiger_loopdetect.c **** //#include "osal_print.h"
   7:../Switch/core/fal/tiger/fal_tiger_loopdetect.c **** #include "fal_tiger_loopdetect.h"
   8:../Switch/core/fal/tiger/fal_tiger_loopdetect.c **** #include "hal_mem.h"
   9:../Switch/core/fal/tiger/fal_tiger_loopdetect.c **** #include "fal_tiger_struct.h"
  10:../Switch/core/fal/tiger/fal_tiger_loopdetect.c **** #include "fal_tiger_entry.h"
  11:../Switch/core/fal/tiger/fal_tiger_loopdetect.c **** #include "fal_tiger_mem.h"
  12:../Switch/core/fal/tiger/fal_tiger_loopdetect.c **** 
  13:../Switch/core/fal/tiger/fal_tiger_loopdetect.c **** yt_ret_t fal_tiger_loop_detect_enable_set(yt_unit_t unit, yt_enable_t enable)
  14:../Switch/core/fal/tiger/fal_tiger_loopdetect.c **** {
  40              		.loc 1 14 1 view -0
  41              		.cfi_startproc
  42              		@ args = 0, pretend = 0, frame = 8
  43              		@ frame_needed = 0, uses_anonymous_args = 0
  44              		.loc 1 14 1 is_stmt 0 view .LVU1
  45 0000 70B5     		push	{r4, r5, r6, lr}
  46              		.cfi_def_cfa_offset 16
  47              		.cfi_offset 4, -16
  48              		.cfi_offset 5, -12
  49              		.cfi_offset 6, -8
  50              		.cfi_offset 14, -4
  51 0002 84B0     		sub	sp, sp, #16
  52              		.cfi_def_cfa_offset 32
  53 0004 0546     		mov	r5, r0
  54 0006 0E46     		mov	r6, r1
  15:../Switch/core/fal/tiger/fal_tiger_loopdetect.c ****     loop_detect_top_ctrl_t entry;
  55              		.loc 1 15 5 is_stmt 1 view .LVU2
  16:../Switch/core/fal/tiger/fal_tiger_loopdetect.c ****     uint32_t regData;
  56              		.loc 1 16 5 view .LVU3
  17:../Switch/core/fal/tiger/fal_tiger_loopdetect.c ****     cmm_err_t ret = CMM_ERR_OK;
  57              		.loc 1 17 5 view .LVU4
  58              	.LVL1:
  18:../Switch/core/fal/tiger/fal_tiger_loopdetect.c **** 
  19:../Switch/core/fal/tiger/fal_tiger_loopdetect.c ****     if(enable == YT_ENABLE)
  59              		.loc 1 19 5 view .LVU5
  60              		.loc 1 19 7 is_stmt 0 view .LVU6
  61 0008 0129     		cmp	r1, #1
  62 000a 12D0     		beq	.L9
  63              	.LVL2:
  64              	.L2:
  20:../Switch/core/fal/tiger/fal_tiger_loopdetect.c ****     {
  21:../Switch/core/fal/tiger/fal_tiger_loopdetect.c ****         /*enable loopdetect strap*/
  22:../Switch/core/fal/tiger/fal_tiger_loopdetect.c ****         HAL_MEM_DIRECT_READ(unit, 0x80328, &regData);
  23:../Switch/core/fal/tiger/fal_tiger_loopdetect.c ****         if(regData&(1<<7))/*dis lpd strap on*/
  24:../Switch/core/fal/tiger/fal_tiger_loopdetect.c ****         {
  25:../Switch/core/fal/tiger/fal_tiger_loopdetect.c ****             HAL_MEM_DIRECT_READ(unit, 0x80320, &regData);
  26:../Switch/core/fal/tiger/fal_tiger_loopdetect.c ****             regData |= (1 << 7);
  27:../Switch/core/fal/tiger/fal_tiger_loopdetect.c ****             HAL_MEM_DIRECT_WRITE(unit, 0x80320, regData);
  28:../Switch/core/fal/tiger/fal_tiger_loopdetect.c ****             HAL_MEM_DIRECT_READ(unit, 0x80324, &regData);
  29:../Switch/core/fal/tiger/fal_tiger_loopdetect.c ****             regData &=~ (1 << 7);
  30:../Switch/core/fal/tiger/fal_tiger_loopdetect.c ****             HAL_MEM_DIRECT_WRITE(unit, 0x80324, regData);
  31:../Switch/core/fal/tiger/fal_tiger_loopdetect.c ****         }
  32:../Switch/core/fal/tiger/fal_tiger_loopdetect.c ****     }
  33:../Switch/core/fal/tiger/fal_tiger_loopdetect.c **** 
  34:../Switch/core/fal/tiger/fal_tiger_loopdetect.c ****     CMM_ERR_CHK(HAL_TBL_REG_READ(unit, LOOP_DETECT_TOP_CTRLm, 0, sizeof(loop_detect_top_ctrl_t), &e
  65              		.loc 1 34 5 is_stmt 1 view .LVU7
  66              		.loc 1 34 5 view .LVU8
  67 000c 03AB     		add	r3, sp, #12
  68 000e 0093     		str	r3, [sp]
  69 0010 0423     		movs	r3, #4
  70 0012 0022     		movs	r2, #0
  71 0014 0D21     		movs	r1, #13
  72 0016 2846     		mov	r0, r5
  73 0018 FFF7FEFF 		bl	hal_table_reg_read
  74              	.LVL3:
  75 001c 0446     		mov	r4, r0
  76              	.LVL4:
  77              		.loc 1 34 5 is_stmt 0 view .LVU9
  78 001e 10F0FF03 		ands	r3, r0, #255
  79 0022 3BD0     		beq	.L3
  80              		.loc 1 34 5 is_stmt 1 discriminator 1 view .LVU10
  81              		.loc 1 34 5 discriminator 1 view .LVU11
  82 0024 324A     		ldr	r2, .L13
  83 0026 1278     		ldrb	r2, [r2]	@ zero_extendqisi2
  84 0028 012A     		cmp	r2, #1
  85 002a 27D8     		bhi	.L10
  86              	.LVL5:
  87              	.L4:
  88              		.loc 1 34 5 discriminator 5 view .LVU12
  89              		.loc 1 34 5 discriminator 5 view .LVU13
  90              		.loc 1 34 5 discriminator 5 view .LVU14
  91 002c E0B2     		uxtb	r0, r4
  92              	.LVL6:
  93              	.L1:
  35:../Switch/core/fal/tiger/fal_tiger_loopdetect.c ****     HAL_FIELD_SET(LOOP_DETECT_TOP_CTRLm, LOOP_DETECT_TOP_CTRL_ENf, &entry, enable);
  36:../Switch/core/fal/tiger/fal_tiger_loopdetect.c ****     CMM_ERR_CHK(HAL_TBL_REG_WRITE(unit, LOOP_DETECT_TOP_CTRLm, 0, sizeof(loop_detect_top_ctrl_t), &
  37:../Switch/core/fal/tiger/fal_tiger_loopdetect.c **** 
  38:../Switch/core/fal/tiger/fal_tiger_loopdetect.c ****     return CMM_ERR_OK;
  39:../Switch/core/fal/tiger/fal_tiger_loopdetect.c **** }
  94              		.loc 1 39 1 is_stmt 0 view .LVU15
  95 002e 04B0     		add	sp, sp, #16
  96              		.cfi_remember_state
  97              		.cfi_def_cfa_offset 16
  98              		@ sp needed
  99 0030 70BD     		pop	{r4, r5, r6, pc}
 100              	.LVL7:
 101              	.L9:
 102              		.cfi_restore_state
  22:../Switch/core/fal/tiger/fal_tiger_loopdetect.c ****         if(regData&(1<<7))/*dis lpd strap on*/
 103              		.loc 1 22 9 is_stmt 1 view .LVU16
 104 0032 02AA     		add	r2, sp, #8
 105 0034 2F49     		ldr	r1, .L13+4
 106              	.LVL8:
  22:../Switch/core/fal/tiger/fal_tiger_loopdetect.c ****         if(regData&(1<<7))/*dis lpd strap on*/
 107              		.loc 1 22 9 is_stmt 0 view .LVU17
 108 0036 FFF7FEFF 		bl	hal_mem32_read
 109              	.LVL9:
  23:../Switch/core/fal/tiger/fal_tiger_loopdetect.c ****         {
 110              		.loc 1 23 9 is_stmt 1 view .LVU18
  23:../Switch/core/fal/tiger/fal_tiger_loopdetect.c ****         {
 111              		.loc 1 23 11 is_stmt 0 view .LVU19
 112 003a 029B     		ldr	r3, [sp, #8]
 113 003c 13F0800F 		tst	r3, #128
 114 0040 E4D0     		beq	.L2
  25:../Switch/core/fal/tiger/fal_tiger_loopdetect.c ****             regData |= (1 << 7);
 115              		.loc 1 25 13 is_stmt 1 view .LVU20
 116 0042 2D4C     		ldr	r4, .L13+8
 117 0044 02AA     		add	r2, sp, #8
 118 0046 2146     		mov	r1, r4
 119 0048 2846     		mov	r0, r5
 120 004a FFF7FEFF 		bl	hal_mem32_read
 121              	.LVL10:
  26:../Switch/core/fal/tiger/fal_tiger_loopdetect.c ****             HAL_MEM_DIRECT_WRITE(unit, 0x80320, regData);
 122              		.loc 1 26 13 view .LVU21
  26:../Switch/core/fal/tiger/fal_tiger_loopdetect.c ****             HAL_MEM_DIRECT_WRITE(unit, 0x80320, regData);
 123              		.loc 1 26 21 is_stmt 0 view .LVU22
 124 004e 029A     		ldr	r2, [sp, #8]
 125 0050 42F08002 		orr	r2, r2, #128
 126 0054 0292     		str	r2, [sp, #8]
  27:../Switch/core/fal/tiger/fal_tiger_loopdetect.c ****             HAL_MEM_DIRECT_READ(unit, 0x80324, &regData);
 127              		.loc 1 27 13 is_stmt 1 view .LVU23
 128 0056 2146     		mov	r1, r4
 129 0058 2846     		mov	r0, r5
 130 005a FFF7FEFF 		bl	hal_mem32_write
 131              	.LVL11:
  28:../Switch/core/fal/tiger/fal_tiger_loopdetect.c ****             regData &=~ (1 << 7);
 132              		.loc 1 28 13 view .LVU24
 133 005e 0434     		adds	r4, r4, #4
 134 0060 02AA     		add	r2, sp, #8
 135 0062 2146     		mov	r1, r4
 136 0064 2846     		mov	r0, r5
 137 0066 FFF7FEFF 		bl	hal_mem32_read
 138              	.LVL12:
  29:../Switch/core/fal/tiger/fal_tiger_loopdetect.c ****             HAL_MEM_DIRECT_WRITE(unit, 0x80324, regData);
 139              		.loc 1 29 13 view .LVU25
  29:../Switch/core/fal/tiger/fal_tiger_loopdetect.c ****             HAL_MEM_DIRECT_WRITE(unit, 0x80324, regData);
 140              		.loc 1 29 21 is_stmt 0 view .LVU26
 141 006a 029A     		ldr	r2, [sp, #8]
 142 006c 22F08002 		bic	r2, r2, #128
 143 0070 0292     		str	r2, [sp, #8]
  30:../Switch/core/fal/tiger/fal_tiger_loopdetect.c ****         }
 144              		.loc 1 30 13 is_stmt 1 view .LVU27
 145 0072 2146     		mov	r1, r4
 146 0074 2846     		mov	r0, r5
 147 0076 FFF7FEFF 		bl	hal_mem32_write
 148              	.LVL13:
 149 007a C7E7     		b	.L2
 150              	.LVL14:
 151              	.L10:
  34:../Switch/core/fal/tiger/fal_tiger_loopdetect.c ****     HAL_FIELD_SET(LOOP_DETECT_TOP_CTRLm, LOOP_DETECT_TOP_CTRL_ENf, &entry, enable);
 152              		.loc 1 34 5 discriminator 3 view .LVU28
 153              	.LBB2:
  34:../Switch/core/fal/tiger/fal_tiger_loopdetect.c ****     HAL_FIELD_SET(LOOP_DETECT_TOP_CTRLm, LOOP_DETECT_TOP_CTRL_ENf, &entry, enable);
 154              		.loc 1 34 5 discriminator 3 view .LVU29
 155 007c 142B     		cmp	r3, #20
 156 007e 28BF     		it	cs
 157 0080 1423     		movcs	r3, #20
 158 0082 1A46     		mov	r2, r3
 159 0084 1D4B     		ldr	r3, .L13+12
 160 0086 0093     		str	r3, [sp]
 161 0088 1D4B     		ldr	r3, .L13+16
 162 008a 1E49     		ldr	r1, .L13+20
 163 008c 51F82220 		ldr	r2, [r1, r2, lsl #2]
 164 0090 1D49     		ldr	r1, .L13+24
 165 0092 8968     		ldr	r1, [r1, #8]
 166 0094 1D48     		ldr	r0, .L13+28
 167              	.LVL15:
  34:../Switch/core/fal/tiger/fal_tiger_loopdetect.c ****     HAL_FIELD_SET(LOOP_DETECT_TOP_CTRLm, LOOP_DETECT_TOP_CTRL_ENf, &entry, enable);
 168              		.loc 1 34 5 is_stmt 0 discriminator 3 view .LVU30
 169 0096 FFF7FEFF 		bl	osal_printf
 170              	.LVL16:
 171 009a C7E7     		b	.L4
 172              	.LVL17:
 173              	.L3:
  34:../Switch/core/fal/tiger/fal_tiger_loopdetect.c ****     HAL_FIELD_SET(LOOP_DETECT_TOP_CTRLm, LOOP_DETECT_TOP_CTRL_ENf, &entry, enable);
 174              		.loc 1 34 5 discriminator 3 view .LVU31
 175              	.LBE2:
  34:../Switch/core/fal/tiger/fal_tiger_loopdetect.c ****     HAL_FIELD_SET(LOOP_DETECT_TOP_CTRLm, LOOP_DETECT_TOP_CTRL_ENf, &entry, enable);
 176              		.loc 1 34 5 is_stmt 1 discriminator 2 view .LVU32
  35:../Switch/core/fal/tiger/fal_tiger_loopdetect.c ****     CMM_ERR_CHK(HAL_TBL_REG_WRITE(unit, LOOP_DETECT_TOP_CTRLm, 0, sizeof(loop_detect_top_ctrl_t), &
 177              		.loc 1 35 5 discriminator 2 view .LVU33
 178 009c 03AC     		add	r4, sp, #12
 179 009e 3346     		mov	r3, r6
 180 00a0 2246     		mov	r2, r4
 181 00a2 0521     		movs	r1, #5
 182 00a4 0D20     		movs	r0, #13
 183              	.LVL18:
  35:../Switch/core/fal/tiger/fal_tiger_loopdetect.c ****     CMM_ERR_CHK(HAL_TBL_REG_WRITE(unit, LOOP_DETECT_TOP_CTRLm, 0, sizeof(loop_detect_top_ctrl_t), &
 184              		.loc 1 35 5 is_stmt 0 discriminator 2 view .LVU34
 185 00a6 FFF7FEFF 		bl	hal_tbl_reg_field_set
 186              	.LVL19:
  36:../Switch/core/fal/tiger/fal_tiger_loopdetect.c **** 
 187              		.loc 1 36 5 is_stmt 1 discriminator 2 view .LVU35
  36:../Switch/core/fal/tiger/fal_tiger_loopdetect.c **** 
 188              		.loc 1 36 5 discriminator 2 view .LVU36
 189 00aa 0094     		str	r4, [sp]
 190 00ac 0423     		movs	r3, #4
 191 00ae 0022     		movs	r2, #0
 192 00b0 0D21     		movs	r1, #13
 193 00b2 2846     		mov	r0, r5
 194 00b4 FFF7FEFF 		bl	hal_table_reg_write
 195              	.LVL20:
 196 00b8 0446     		mov	r4, r0
 197              	.LVL21:
  36:../Switch/core/fal/tiger/fal_tiger_loopdetect.c **** 
 198              		.loc 1 36 5 is_stmt 0 discriminator 2 view .LVU37
 199 00ba 10F0FF03 		ands	r3, r0, #255
 200 00be 01D1     		bne	.L11
  38:../Switch/core/fal/tiger/fal_tiger_loopdetect.c **** }
 201              		.loc 1 38 12 view .LVU38
 202 00c0 0020     		movs	r0, #0
 203              	.LVL22:
  38:../Switch/core/fal/tiger/fal_tiger_loopdetect.c **** }
 204              		.loc 1 38 12 view .LVU39
 205 00c2 B4E7     		b	.L1
 206              	.LVL23:
 207              	.L11:
  36:../Switch/core/fal/tiger/fal_tiger_loopdetect.c **** 
 208              		.loc 1 36 5 is_stmt 1 discriminator 1 view .LVU40
  36:../Switch/core/fal/tiger/fal_tiger_loopdetect.c **** 
 209              		.loc 1 36 5 discriminator 1 view .LVU41
 210 00c4 0A4A     		ldr	r2, .L13
 211 00c6 1278     		ldrb	r2, [r2]	@ zero_extendqisi2
 212 00c8 012A     		cmp	r2, #1
 213 00ca 01D8     		bhi	.L12
 214              	.LVL24:
 215              	.L6:
  36:../Switch/core/fal/tiger/fal_tiger_loopdetect.c **** 
 216              		.loc 1 36 5 discriminator 5 view .LVU42
  36:../Switch/core/fal/tiger/fal_tiger_loopdetect.c **** 
 217              		.loc 1 36 5 discriminator 5 view .LVU43
  36:../Switch/core/fal/tiger/fal_tiger_loopdetect.c **** 
 218              		.loc 1 36 5 discriminator 5 view .LVU44
 219 00cc E0B2     		uxtb	r0, r4
 220 00ce AEE7     		b	.L1
 221              	.LVL25:
 222              	.L12:
  36:../Switch/core/fal/tiger/fal_tiger_loopdetect.c **** 
 223              		.loc 1 36 5 discriminator 3 view .LVU45
 224              	.LBB3:
  36:../Switch/core/fal/tiger/fal_tiger_loopdetect.c **** 
 225              		.loc 1 36 5 discriminator 3 view .LVU46
 226 00d0 142B     		cmp	r3, #20
 227 00d2 28BF     		it	cs
 228 00d4 1423     		movcs	r3, #20
 229 00d6 1A46     		mov	r2, r3
 230 00d8 084B     		ldr	r3, .L13+12
 231 00da 0093     		str	r3, [sp]
 232 00dc 0C4B     		ldr	r3, .L13+32
 233 00de 0949     		ldr	r1, .L13+20
 234 00e0 51F82220 		ldr	r2, [r1, r2, lsl #2]
 235 00e4 0849     		ldr	r1, .L13+24
 236 00e6 8968     		ldr	r1, [r1, #8]
 237 00e8 0848     		ldr	r0, .L13+28
 238              	.LVL26:
  36:../Switch/core/fal/tiger/fal_tiger_loopdetect.c **** 
 239              		.loc 1 36 5 is_stmt 0 discriminator 3 view .LVU47
 240 00ea FFF7FEFF 		bl	osal_printf
 241              	.LVL27:
 242 00ee EDE7     		b	.L6
 243              	.L14:
 244              		.align	2
 245              	.L13:
 246 00f0 00000000 		.word	yt_debug_level
 247 00f4 28030800 		.word	525096
 248 00f8 20030800 		.word	525088
 249 00fc 00000000 		.word	__FUNCTION__.7
 250 0100 00000000 		.word	.LC0
 251 0104 00000000 		.word	_yt_errmsg
 252 0108 00000000 		.word	_yt_prompt_msg
 253 010c 44000000 		.word	.LC1
 254 0110 5C000000 		.word	.LC2
 255              	.LBE3:
 256              		.cfi_endproc
 257              	.LFE3:
 259              		.section	.text.fal_tiger_loop_detect_enable_get,"ax",%progbits
 260              		.align	1
 261              		.global	fal_tiger_loop_detect_enable_get
 262              		.syntax unified
 263              		.thumb
 264              		.thumb_func
 266              	fal_tiger_loop_detect_enable_get:
 267              	.LVL28:
 268              	.LFB4:
  40:../Switch/core/fal/tiger/fal_tiger_loopdetect.c **** 
  41:../Switch/core/fal/tiger/fal_tiger_loopdetect.c **** yt_ret_t fal_tiger_loop_detect_enable_get(yt_unit_t unit, yt_enable_t *pEnable)
  42:../Switch/core/fal/tiger/fal_tiger_loopdetect.c **** {
 269              		.loc 1 42 1 is_stmt 1 view -0
 270              		.cfi_startproc
 271              		@ args = 0, pretend = 0, frame = 8
 272              		@ frame_needed = 0, uses_anonymous_args = 0
 273              		.loc 1 42 1 is_stmt 0 view .LVU49
 274 0000 30B5     		push	{r4, r5, lr}
 275              		.cfi_def_cfa_offset 12
 276              		.cfi_offset 4, -12
 277              		.cfi_offset 5, -8
 278              		.cfi_offset 14, -4
 279 0002 85B0     		sub	sp, sp, #20
 280              		.cfi_def_cfa_offset 32
 281 0004 0D46     		mov	r5, r1
  43:../Switch/core/fal/tiger/fal_tiger_loopdetect.c ****     loop_detect_top_ctrl_t entry;
 282              		.loc 1 43 5 is_stmt 1 view .LVU50
  44:../Switch/core/fal/tiger/fal_tiger_loopdetect.c ****     cmm_err_t ret = CMM_ERR_OK;
 283              		.loc 1 44 5 view .LVU51
 284              	.LVL29:
  45:../Switch/core/fal/tiger/fal_tiger_loopdetect.c ****     uint32_t enable;
 285              		.loc 1 45 5 view .LVU52
  46:../Switch/core/fal/tiger/fal_tiger_loopdetect.c **** 
  47:../Switch/core/fal/tiger/fal_tiger_loopdetect.c ****     CMM_ERR_CHK(HAL_TBL_REG_READ(unit, LOOP_DETECT_TOP_CTRLm, 0, sizeof(loop_detect_top_ctrl_t), &e
 286              		.loc 1 47 5 view .LVU53
 287              		.loc 1 47 5 view .LVU54
 288 0006 03AB     		add	r3, sp, #12
 289 0008 0093     		str	r3, [sp]
 290 000a 0423     		movs	r3, #4
 291 000c 0022     		movs	r2, #0
 292 000e 0D21     		movs	r1, #13
 293              	.LVL30:
 294              		.loc 1 47 5 is_stmt 0 view .LVU55
 295 0010 FFF7FEFF 		bl	hal_table_reg_read
 296              	.LVL31:
 297              		.loc 1 47 5 view .LVU56
 298 0014 10F0FF03 		ands	r3, r0, #255
 299 0018 17D0     		beq	.L16
 300 001a 0446     		mov	r4, r0
 301              		.loc 1 47 5 is_stmt 1 discriminator 1 view .LVU57
 302              		.loc 1 47 5 discriminator 1 view .LVU58
 303 001c 114A     		ldr	r2, .L21
 304 001e 1278     		ldrb	r2, [r2]	@ zero_extendqisi2
 305 0020 012A     		cmp	r2, #1
 306 0022 02D8     		bhi	.L20
 307              	.LVL32:
 308              	.L17:
 309              		.loc 1 47 5 discriminator 5 view .LVU59
 310              		.loc 1 47 5 discriminator 5 view .LVU60
 311              		.loc 1 47 5 discriminator 5 view .LVU61
 312 0024 E0B2     		uxtb	r0, r4
 313              	.L15:
  48:../Switch/core/fal/tiger/fal_tiger_loopdetect.c ****     HAL_FIELD_GET(LOOP_DETECT_TOP_CTRLm, LOOP_DETECT_TOP_CTRL_ENf, &entry, &enable);
  49:../Switch/core/fal/tiger/fal_tiger_loopdetect.c ****     *pEnable = enable ? YT_ENABLE : YT_DISABLE;
  50:../Switch/core/fal/tiger/fal_tiger_loopdetect.c **** 
  51:../Switch/core/fal/tiger/fal_tiger_loopdetect.c ****     return CMM_ERR_OK;
  52:../Switch/core/fal/tiger/fal_tiger_loopdetect.c **** }
 314              		.loc 1 52 1 is_stmt 0 view .LVU62
 315 0026 05B0     		add	sp, sp, #20
 316              		.cfi_remember_state
 317              		.cfi_def_cfa_offset 12
 318              		@ sp needed
 319 0028 30BD     		pop	{r4, r5, pc}
 320              	.LVL33:
 321              	.L20:
 322              		.cfi_restore_state
  47:../Switch/core/fal/tiger/fal_tiger_loopdetect.c ****     HAL_FIELD_GET(LOOP_DETECT_TOP_CTRLm, LOOP_DETECT_TOP_CTRL_ENf, &entry, &enable);
 323              		.loc 1 47 5 is_stmt 1 discriminator 3 view .LVU63
 324              	.LBB4:
  47:../Switch/core/fal/tiger/fal_tiger_loopdetect.c ****     HAL_FIELD_GET(LOOP_DETECT_TOP_CTRLm, LOOP_DETECT_TOP_CTRL_ENf, &entry, &enable);
 325              		.loc 1 47 5 discriminator 3 view .LVU64
 326 002a 142B     		cmp	r3, #20
 327 002c 28BF     		it	cs
 328 002e 1423     		movcs	r3, #20
 329 0030 1A46     		mov	r2, r3
 330 0032 0D4B     		ldr	r3, .L21+4
 331 0034 0093     		str	r3, [sp]
 332 0036 0D4B     		ldr	r3, .L21+8
 333 0038 0D49     		ldr	r1, .L21+12
 334 003a 51F82220 		ldr	r2, [r1, r2, lsl #2]
 335 003e 0D49     		ldr	r1, .L21+16
 336 0040 8968     		ldr	r1, [r1, #8]
 337 0042 0D48     		ldr	r0, .L21+20
 338              	.LVL34:
  47:../Switch/core/fal/tiger/fal_tiger_loopdetect.c ****     HAL_FIELD_GET(LOOP_DETECT_TOP_CTRLm, LOOP_DETECT_TOP_CTRL_ENf, &entry, &enable);
 339              		.loc 1 47 5 is_stmt 0 discriminator 3 view .LVU65
 340 0044 FFF7FEFF 		bl	osal_printf
 341              	.LVL35:
 342 0048 ECE7     		b	.L17
 343              	.LVL36:
 344              	.L16:
  47:../Switch/core/fal/tiger/fal_tiger_loopdetect.c ****     HAL_FIELD_GET(LOOP_DETECT_TOP_CTRLm, LOOP_DETECT_TOP_CTRL_ENf, &entry, &enable);
 345              		.loc 1 47 5 discriminator 3 view .LVU66
 346              	.LBE4:
  47:../Switch/core/fal/tiger/fal_tiger_loopdetect.c ****     HAL_FIELD_GET(LOOP_DETECT_TOP_CTRLm, LOOP_DETECT_TOP_CTRL_ENf, &entry, &enable);
 347              		.loc 1 47 5 is_stmt 1 discriminator 2 view .LVU67
  48:../Switch/core/fal/tiger/fal_tiger_loopdetect.c ****     HAL_FIELD_GET(LOOP_DETECT_TOP_CTRLm, LOOP_DETECT_TOP_CTRL_ENf, &entry, &enable);
 348              		.loc 1 48 5 discriminator 2 view .LVU68
 349              	.LBB5:
  48:../Switch/core/fal/tiger/fal_tiger_loopdetect.c ****     HAL_FIELD_GET(LOOP_DETECT_TOP_CTRLm, LOOP_DETECT_TOP_CTRL_ENf, &entry, &enable);
 350              		.loc 1 48 5 discriminator 2 view .LVU69
  48:../Switch/core/fal/tiger/fal_tiger_loopdetect.c ****     HAL_FIELD_GET(LOOP_DETECT_TOP_CTRLm, LOOP_DETECT_TOP_CTRL_ENf, &entry, &enable);
 351              		.loc 1 48 5 discriminator 2 view .LVU70
 352 004a 02AB     		add	r3, sp, #8
 353 004c 03AA     		add	r2, sp, #12
 354 004e 0521     		movs	r1, #5
 355 0050 0D20     		movs	r0, #13
 356              	.LVL37:
  48:../Switch/core/fal/tiger/fal_tiger_loopdetect.c ****     HAL_FIELD_GET(LOOP_DETECT_TOP_CTRLm, LOOP_DETECT_TOP_CTRL_ENf, &entry, &enable);
 357              		.loc 1 48 5 is_stmt 0 discriminator 2 view .LVU71
 358 0052 FFF7FEFF 		bl	hal_tbl_reg_field_get
 359              	.LVL38:
  48:../Switch/core/fal/tiger/fal_tiger_loopdetect.c ****     HAL_FIELD_GET(LOOP_DETECT_TOP_CTRLm, LOOP_DETECT_TOP_CTRL_ENf, &entry, &enable);
 360              		.loc 1 48 5 is_stmt 1 discriminator 2 view .LVU72
  48:../Switch/core/fal/tiger/fal_tiger_loopdetect.c ****     HAL_FIELD_GET(LOOP_DETECT_TOP_CTRLm, LOOP_DETECT_TOP_CTRL_ENf, &entry, &enable);
 361              		.loc 1 48 5 is_stmt 0 discriminator 2 view .LVU73
 362              	.LBE5:
  48:../Switch/core/fal/tiger/fal_tiger_loopdetect.c ****     HAL_FIELD_GET(LOOP_DETECT_TOP_CTRLm, LOOP_DETECT_TOP_CTRL_ENf, &entry, &enable);
 363              		.loc 1 48 5 is_stmt 1 discriminator 2 view .LVU74
  49:../Switch/core/fal/tiger/fal_tiger_loopdetect.c **** 
 364              		.loc 1 49 5 discriminator 2 view .LVU75
  49:../Switch/core/fal/tiger/fal_tiger_loopdetect.c **** 
 365              		.loc 1 49 35 is_stmt 0 discriminator 2 view .LVU76
 366 0056 029B     		ldr	r3, [sp, #8]
 367 0058 003B     		subs	r3, r3, #0
 368 005a 18BF     		it	ne
 369 005c 0123     		movne	r3, #1
  49:../Switch/core/fal/tiger/fal_tiger_loopdetect.c **** 
 370              		.loc 1 49 14 discriminator 2 view .LVU77
 371 005e 2B70     		strb	r3, [r5]
 372              	.LVL39:
  51:../Switch/core/fal/tiger/fal_tiger_loopdetect.c **** }
 373              		.loc 1 51 5 is_stmt 1 discriminator 2 view .LVU78
  51:../Switch/core/fal/tiger/fal_tiger_loopdetect.c **** }
 374              		.loc 1 51 12 is_stmt 0 discriminator 2 view .LVU79
 375 0060 0020     		movs	r0, #0
 376 0062 E0E7     		b	.L15
 377              	.L22:
 378              		.align	2
 379              	.L21:
 380 0064 00000000 		.word	yt_debug_level
 381 0068 00000000 		.word	__FUNCTION__.6
 382 006c 00000000 		.word	.LC0
 383 0070 00000000 		.word	_yt_errmsg
 384 0074 00000000 		.word	_yt_prompt_msg
 385 0078 44000000 		.word	.LC1
 386              		.cfi_endproc
 387              	.LFE4:
 389              		.section	.text.fal_tiger_loop_detect_tpid_set,"ax",%progbits
 390              		.align	1
 391              		.global	fal_tiger_loop_detect_tpid_set
 392              		.syntax unified
 393              		.thumb
 394              		.thumb_func
 396              	fal_tiger_loop_detect_tpid_set:
 397              	.LVL40:
 398              	.LFB5:
  53:../Switch/core/fal/tiger/fal_tiger_loopdetect.c **** 
  54:../Switch/core/fal/tiger/fal_tiger_loopdetect.c **** yt_ret_t fal_tiger_loop_detect_tpid_set(yt_unit_t unit, yt_tpid_t tpid)
  55:../Switch/core/fal/tiger/fal_tiger_loopdetect.c **** {
 399              		.loc 1 55 1 is_stmt 1 view -0
 400              		.cfi_startproc
 401              		@ args = 0, pretend = 0, frame = 8
 402              		@ frame_needed = 0, uses_anonymous_args = 0
 403              		.loc 1 55 1 is_stmt 0 view .LVU81
 404 0000 70B5     		push	{r4, r5, r6, lr}
 405              		.cfi_def_cfa_offset 16
 406              		.cfi_offset 4, -16
 407              		.cfi_offset 5, -12
 408              		.cfi_offset 6, -8
 409              		.cfi_offset 14, -4
 410 0002 84B0     		sub	sp, sp, #16
 411              		.cfi_def_cfa_offset 32
 412 0004 0546     		mov	r5, r0
 413 0006 0E46     		mov	r6, r1
  56:../Switch/core/fal/tiger/fal_tiger_loopdetect.c ****     loop_detect_top_ctrl_t entry;
 414              		.loc 1 56 5 is_stmt 1 view .LVU82
  57:../Switch/core/fal/tiger/fal_tiger_loopdetect.c ****     cmm_err_t ret = CMM_ERR_OK;
 415              		.loc 1 57 5 view .LVU83
 416              	.LVL41:
  58:../Switch/core/fal/tiger/fal_tiger_loopdetect.c **** 
  59:../Switch/core/fal/tiger/fal_tiger_loopdetect.c ****     CMM_ERR_CHK(HAL_TBL_REG_READ(unit, LOOP_DETECT_TOP_CTRLm, 0, sizeof(loop_detect_top_ctrl_t), &e
 417              		.loc 1 59 5 view .LVU84
 418              		.loc 1 59 5 view .LVU85
 419 0008 03AB     		add	r3, sp, #12
 420 000a 0093     		str	r3, [sp]
 421 000c 0423     		movs	r3, #4
 422 000e 0022     		movs	r2, #0
 423 0010 0D21     		movs	r1, #13
 424              	.LVL42:
 425              		.loc 1 59 5 is_stmt 0 view .LVU86
 426 0012 FFF7FEFF 		bl	hal_table_reg_read
 427              	.LVL43:
 428              		.loc 1 59 5 view .LVU87
 429 0016 10F0FF03 		ands	r3, r0, #255
 430 001a 17D0     		beq	.L24
 431 001c 0446     		mov	r4, r0
 432              		.loc 1 59 5 is_stmt 1 discriminator 1 view .LVU88
 433              		.loc 1 59 5 discriminator 1 view .LVU89
 434 001e 204A     		ldr	r2, .L33
 435 0020 1278     		ldrb	r2, [r2]	@ zero_extendqisi2
 436 0022 012A     		cmp	r2, #1
 437 0024 02D8     		bhi	.L30
 438              	.LVL44:
 439              	.L25:
 440              		.loc 1 59 5 discriminator 5 view .LVU90
 441              		.loc 1 59 5 discriminator 5 view .LVU91
 442              		.loc 1 59 5 discriminator 5 view .LVU92
 443 0026 E0B2     		uxtb	r0, r4
 444              	.LVL45:
 445              	.L23:
  60:../Switch/core/fal/tiger/fal_tiger_loopdetect.c ****     HAL_FIELD_SET(LOOP_DETECT_TOP_CTRLm, LOOP_DETECT_TOP_CTRL_LOOP_DETECT_TPIDf, &entry, tpid);
  61:../Switch/core/fal/tiger/fal_tiger_loopdetect.c ****     CMM_ERR_CHK(HAL_TBL_REG_WRITE(unit, LOOP_DETECT_TOP_CTRLm, 0, sizeof(loop_detect_top_ctrl_t), &
  62:../Switch/core/fal/tiger/fal_tiger_loopdetect.c **** 
  63:../Switch/core/fal/tiger/fal_tiger_loopdetect.c ****     return CMM_ERR_OK;
  64:../Switch/core/fal/tiger/fal_tiger_loopdetect.c **** }
 446              		.loc 1 64 1 is_stmt 0 view .LVU93
 447 0028 04B0     		add	sp, sp, #16
 448              		.cfi_remember_state
 449              		.cfi_def_cfa_offset 16
 450              		@ sp needed
 451 002a 70BD     		pop	{r4, r5, r6, pc}
 452              	.LVL46:
 453              	.L30:
 454              		.cfi_restore_state
  59:../Switch/core/fal/tiger/fal_tiger_loopdetect.c ****     HAL_FIELD_SET(LOOP_DETECT_TOP_CTRLm, LOOP_DETECT_TOP_CTRL_LOOP_DETECT_TPIDf, &entry, tpid);
 455              		.loc 1 59 5 is_stmt 1 discriminator 3 view .LVU94
 456              	.LBB6:
  59:../Switch/core/fal/tiger/fal_tiger_loopdetect.c ****     HAL_FIELD_SET(LOOP_DETECT_TOP_CTRLm, LOOP_DETECT_TOP_CTRL_LOOP_DETECT_TPIDf, &entry, tpid);
 457              		.loc 1 59 5 discriminator 3 view .LVU95
 458 002c 142B     		cmp	r3, #20
 459 002e 28BF     		it	cs
 460 0030 1423     		movcs	r3, #20
 461 0032 1A46     		mov	r2, r3
 462 0034 1B4B     		ldr	r3, .L33+4
 463 0036 0093     		str	r3, [sp]
 464 0038 1B4B     		ldr	r3, .L33+8
 465 003a 1C49     		ldr	r1, .L33+12
 466 003c 51F82220 		ldr	r2, [r1, r2, lsl #2]
 467 0040 1B49     		ldr	r1, .L33+16
 468 0042 8968     		ldr	r1, [r1, #8]
 469 0044 1B48     		ldr	r0, .L33+20
 470              	.LVL47:
  59:../Switch/core/fal/tiger/fal_tiger_loopdetect.c ****     HAL_FIELD_SET(LOOP_DETECT_TOP_CTRLm, LOOP_DETECT_TOP_CTRL_LOOP_DETECT_TPIDf, &entry, tpid);
 471              		.loc 1 59 5 is_stmt 0 discriminator 3 view .LVU96
 472 0046 FFF7FEFF 		bl	osal_printf
 473              	.LVL48:
 474 004a ECE7     		b	.L25
 475              	.LVL49:
 476              	.L24:
  59:../Switch/core/fal/tiger/fal_tiger_loopdetect.c ****     HAL_FIELD_SET(LOOP_DETECT_TOP_CTRLm, LOOP_DETECT_TOP_CTRL_LOOP_DETECT_TPIDf, &entry, tpid);
 477              		.loc 1 59 5 discriminator 3 view .LVU97
 478              	.LBE6:
  59:../Switch/core/fal/tiger/fal_tiger_loopdetect.c ****     HAL_FIELD_SET(LOOP_DETECT_TOP_CTRLm, LOOP_DETECT_TOP_CTRL_LOOP_DETECT_TPIDf, &entry, tpid);
 479              		.loc 1 59 5 is_stmt 1 discriminator 2 view .LVU98
  60:../Switch/core/fal/tiger/fal_tiger_loopdetect.c ****     HAL_FIELD_SET(LOOP_DETECT_TOP_CTRLm, LOOP_DETECT_TOP_CTRL_LOOP_DETECT_TPIDf, &entry, tpid);
 480              		.loc 1 60 5 discriminator 2 view .LVU99
 481 004c 03AC     		add	r4, sp, #12
 482 004e 3346     		mov	r3, r6
 483 0050 2246     		mov	r2, r4
 484 0052 0621     		movs	r1, #6
 485 0054 0D20     		movs	r0, #13
 486              	.LVL50:
  60:../Switch/core/fal/tiger/fal_tiger_loopdetect.c ****     HAL_FIELD_SET(LOOP_DETECT_TOP_CTRLm, LOOP_DETECT_TOP_CTRL_LOOP_DETECT_TPIDf, &entry, tpid);
 487              		.loc 1 60 5 is_stmt 0 discriminator 2 view .LVU100
 488 0056 FFF7FEFF 		bl	hal_tbl_reg_field_set
 489              	.LVL51:
  61:../Switch/core/fal/tiger/fal_tiger_loopdetect.c **** 
 490              		.loc 1 61 5 is_stmt 1 discriminator 2 view .LVU101
  61:../Switch/core/fal/tiger/fal_tiger_loopdetect.c **** 
 491              		.loc 1 61 5 discriminator 2 view .LVU102
 492 005a 0094     		str	r4, [sp]
 493 005c 0423     		movs	r3, #4
 494 005e 0022     		movs	r2, #0
 495 0060 0D21     		movs	r1, #13
 496 0062 2846     		mov	r0, r5
 497 0064 FFF7FEFF 		bl	hal_table_reg_write
 498              	.LVL52:
 499 0068 0446     		mov	r4, r0
 500              	.LVL53:
  61:../Switch/core/fal/tiger/fal_tiger_loopdetect.c **** 
 501              		.loc 1 61 5 is_stmt 0 discriminator 2 view .LVU103
 502 006a 10F0FF03 		ands	r3, r0, #255
 503 006e 01D1     		bne	.L31
  63:../Switch/core/fal/tiger/fal_tiger_loopdetect.c **** }
 504              		.loc 1 63 12 view .LVU104
 505 0070 0020     		movs	r0, #0
 506              	.LVL54:
  63:../Switch/core/fal/tiger/fal_tiger_loopdetect.c **** }
 507              		.loc 1 63 12 view .LVU105
 508 0072 D9E7     		b	.L23
 509              	.LVL55:
 510              	.L31:
  61:../Switch/core/fal/tiger/fal_tiger_loopdetect.c **** 
 511              		.loc 1 61 5 is_stmt 1 discriminator 1 view .LVU106
  61:../Switch/core/fal/tiger/fal_tiger_loopdetect.c **** 
 512              		.loc 1 61 5 discriminator 1 view .LVU107
 513 0074 0A4A     		ldr	r2, .L33
 514 0076 1278     		ldrb	r2, [r2]	@ zero_extendqisi2
 515 0078 012A     		cmp	r2, #1
 516 007a 01D8     		bhi	.L32
 517              	.LVL56:
 518              	.L27:
  61:../Switch/core/fal/tiger/fal_tiger_loopdetect.c **** 
 519              		.loc 1 61 5 discriminator 5 view .LVU108
  61:../Switch/core/fal/tiger/fal_tiger_loopdetect.c **** 
 520              		.loc 1 61 5 discriminator 5 view .LVU109
  61:../Switch/core/fal/tiger/fal_tiger_loopdetect.c **** 
 521              		.loc 1 61 5 discriminator 5 view .LVU110
 522 007c E0B2     		uxtb	r0, r4
 523 007e D3E7     		b	.L23
 524              	.LVL57:
 525              	.L32:
  61:../Switch/core/fal/tiger/fal_tiger_loopdetect.c **** 
 526              		.loc 1 61 5 discriminator 3 view .LVU111
 527              	.LBB7:
  61:../Switch/core/fal/tiger/fal_tiger_loopdetect.c **** 
 528              		.loc 1 61 5 discriminator 3 view .LVU112
 529 0080 142B     		cmp	r3, #20
 530 0082 28BF     		it	cs
 531 0084 1423     		movcs	r3, #20
 532 0086 1A46     		mov	r2, r3
 533 0088 064B     		ldr	r3, .L33+4
 534 008a 0093     		str	r3, [sp]
 535 008c 0A4B     		ldr	r3, .L33+24
 536 008e 0749     		ldr	r1, .L33+12
 537 0090 51F82220 		ldr	r2, [r1, r2, lsl #2]
 538 0094 0649     		ldr	r1, .L33+16
 539 0096 8968     		ldr	r1, [r1, #8]
 540 0098 0648     		ldr	r0, .L33+20
 541              	.LVL58:
  61:../Switch/core/fal/tiger/fal_tiger_loopdetect.c **** 
 542              		.loc 1 61 5 is_stmt 0 discriminator 3 view .LVU113
 543 009a FFF7FEFF 		bl	osal_printf
 544              	.LVL59:
 545 009e EDE7     		b	.L27
 546              	.L34:
 547              		.align	2
 548              	.L33:
 549 00a0 00000000 		.word	yt_debug_level
 550 00a4 00000000 		.word	__FUNCTION__.5
 551 00a8 00000000 		.word	.LC0
 552 00ac 00000000 		.word	_yt_errmsg
 553 00b0 00000000 		.word	_yt_prompt_msg
 554 00b4 44000000 		.word	.LC1
 555 00b8 5C000000 		.word	.LC2
 556              	.LBE7:
 557              		.cfi_endproc
 558              	.LFE5:
 560              		.section	.text.fal_tiger_loop_detect_tpid_get,"ax",%progbits
 561              		.align	1
 562              		.global	fal_tiger_loop_detect_tpid_get
 563              		.syntax unified
 564              		.thumb
 565              		.thumb_func
 567              	fal_tiger_loop_detect_tpid_get:
 568              	.LVL60:
 569              	.LFB6:
  65:../Switch/core/fal/tiger/fal_tiger_loopdetect.c **** 
  66:../Switch/core/fal/tiger/fal_tiger_loopdetect.c **** yt_ret_t fal_tiger_loop_detect_tpid_get(yt_unit_t unit, yt_tpid_t *pTpid)
  67:../Switch/core/fal/tiger/fal_tiger_loopdetect.c **** {
 570              		.loc 1 67 1 is_stmt 1 view -0
 571              		.cfi_startproc
 572              		@ args = 0, pretend = 0, frame = 8
 573              		@ frame_needed = 0, uses_anonymous_args = 0
 574              		.loc 1 67 1 is_stmt 0 view .LVU115
 575 0000 30B5     		push	{r4, r5, lr}
 576              		.cfi_def_cfa_offset 12
 577              		.cfi_offset 4, -12
 578              		.cfi_offset 5, -8
 579              		.cfi_offset 14, -4
 580 0002 85B0     		sub	sp, sp, #20
 581              		.cfi_def_cfa_offset 32
 582 0004 0D46     		mov	r5, r1
  68:../Switch/core/fal/tiger/fal_tiger_loopdetect.c ****     loop_detect_top_ctrl_t entry;
 583              		.loc 1 68 5 is_stmt 1 view .LVU116
  69:../Switch/core/fal/tiger/fal_tiger_loopdetect.c ****     cmm_err_t ret = CMM_ERR_OK;
 584              		.loc 1 69 5 view .LVU117
 585              	.LVL61:
  70:../Switch/core/fal/tiger/fal_tiger_loopdetect.c ****     uint32_t tpid;
 586              		.loc 1 70 5 view .LVU118
  71:../Switch/core/fal/tiger/fal_tiger_loopdetect.c **** 
  72:../Switch/core/fal/tiger/fal_tiger_loopdetect.c ****     CMM_ERR_CHK(HAL_TBL_REG_READ(unit, LOOP_DETECT_TOP_CTRLm, 0, sizeof(loop_detect_top_ctrl_t), &e
 587              		.loc 1 72 5 view .LVU119
 588              		.loc 1 72 5 view .LVU120
 589 0006 03AB     		add	r3, sp, #12
 590 0008 0093     		str	r3, [sp]
 591 000a 0423     		movs	r3, #4
 592 000c 0022     		movs	r2, #0
 593 000e 0D21     		movs	r1, #13
 594              	.LVL62:
 595              		.loc 1 72 5 is_stmt 0 view .LVU121
 596 0010 FFF7FEFF 		bl	hal_table_reg_read
 597              	.LVL63:
 598              		.loc 1 72 5 view .LVU122
 599 0014 10F0FF03 		ands	r3, r0, #255
 600 0018 17D0     		beq	.L36
 601 001a 0446     		mov	r4, r0
 602              		.loc 1 72 5 is_stmt 1 discriminator 1 view .LVU123
 603              		.loc 1 72 5 discriminator 1 view .LVU124
 604 001c 104A     		ldr	r2, .L41
 605 001e 1278     		ldrb	r2, [r2]	@ zero_extendqisi2
 606 0020 012A     		cmp	r2, #1
 607 0022 02D8     		bhi	.L40
 608              	.LVL64:
 609              	.L37:
 610              		.loc 1 72 5 discriminator 5 view .LVU125
 611              		.loc 1 72 5 discriminator 5 view .LVU126
 612              		.loc 1 72 5 discriminator 5 view .LVU127
 613 0024 E0B2     		uxtb	r0, r4
 614              	.L35:
  73:../Switch/core/fal/tiger/fal_tiger_loopdetect.c ****     HAL_FIELD_GET(LOOP_DETECT_TOP_CTRLm, LOOP_DETECT_TOP_CTRL_LOOP_DETECT_TPIDf, &entry, &tpid);
  74:../Switch/core/fal/tiger/fal_tiger_loopdetect.c ****     *pTpid = tpid;
  75:../Switch/core/fal/tiger/fal_tiger_loopdetect.c **** 
  76:../Switch/core/fal/tiger/fal_tiger_loopdetect.c ****     return CMM_ERR_OK;
  77:../Switch/core/fal/tiger/fal_tiger_loopdetect.c **** }
 615              		.loc 1 77 1 is_stmt 0 view .LVU128
 616 0026 05B0     		add	sp, sp, #20
 617              		.cfi_remember_state
 618              		.cfi_def_cfa_offset 12
 619              		@ sp needed
 620 0028 30BD     		pop	{r4, r5, pc}
 621              	.LVL65:
 622              	.L40:
 623              		.cfi_restore_state
  72:../Switch/core/fal/tiger/fal_tiger_loopdetect.c ****     HAL_FIELD_GET(LOOP_DETECT_TOP_CTRLm, LOOP_DETECT_TOP_CTRL_LOOP_DETECT_TPIDf, &entry, &tpid);
 624              		.loc 1 72 5 is_stmt 1 discriminator 3 view .LVU129
 625              	.LBB8:
  72:../Switch/core/fal/tiger/fal_tiger_loopdetect.c ****     HAL_FIELD_GET(LOOP_DETECT_TOP_CTRLm, LOOP_DETECT_TOP_CTRL_LOOP_DETECT_TPIDf, &entry, &tpid);
 626              		.loc 1 72 5 discriminator 3 view .LVU130
 627 002a 142B     		cmp	r3, #20
 628 002c 28BF     		it	cs
 629 002e 1423     		movcs	r3, #20
 630 0030 1A46     		mov	r2, r3
 631 0032 0C4B     		ldr	r3, .L41+4
 632 0034 0093     		str	r3, [sp]
 633 0036 0C4B     		ldr	r3, .L41+8
 634 0038 0C49     		ldr	r1, .L41+12
 635 003a 51F82220 		ldr	r2, [r1, r2, lsl #2]
 636 003e 0C49     		ldr	r1, .L41+16
 637 0040 8968     		ldr	r1, [r1, #8]
 638 0042 0C48     		ldr	r0, .L41+20
 639              	.LVL66:
  72:../Switch/core/fal/tiger/fal_tiger_loopdetect.c ****     HAL_FIELD_GET(LOOP_DETECT_TOP_CTRLm, LOOP_DETECT_TOP_CTRL_LOOP_DETECT_TPIDf, &entry, &tpid);
 640              		.loc 1 72 5 is_stmt 0 discriminator 3 view .LVU131
 641 0044 FFF7FEFF 		bl	osal_printf
 642              	.LVL67:
 643 0048 ECE7     		b	.L37
 644              	.LVL68:
 645              	.L36:
  72:../Switch/core/fal/tiger/fal_tiger_loopdetect.c ****     HAL_FIELD_GET(LOOP_DETECT_TOP_CTRLm, LOOP_DETECT_TOP_CTRL_LOOP_DETECT_TPIDf, &entry, &tpid);
 646              		.loc 1 72 5 discriminator 3 view .LVU132
 647              	.LBE8:
  72:../Switch/core/fal/tiger/fal_tiger_loopdetect.c ****     HAL_FIELD_GET(LOOP_DETECT_TOP_CTRLm, LOOP_DETECT_TOP_CTRL_LOOP_DETECT_TPIDf, &entry, &tpid);
 648              		.loc 1 72 5 is_stmt 1 discriminator 2 view .LVU133
  73:../Switch/core/fal/tiger/fal_tiger_loopdetect.c ****     HAL_FIELD_GET(LOOP_DETECT_TOP_CTRLm, LOOP_DETECT_TOP_CTRL_LOOP_DETECT_TPIDf, &entry, &tpid);
 649              		.loc 1 73 5 discriminator 2 view .LVU134
 650              	.LBB9:
  73:../Switch/core/fal/tiger/fal_tiger_loopdetect.c ****     HAL_FIELD_GET(LOOP_DETECT_TOP_CTRLm, LOOP_DETECT_TOP_CTRL_LOOP_DETECT_TPIDf, &entry, &tpid);
 651              		.loc 1 73 5 discriminator 2 view .LVU135
  73:../Switch/core/fal/tiger/fal_tiger_loopdetect.c ****     HAL_FIELD_GET(LOOP_DETECT_TOP_CTRLm, LOOP_DETECT_TOP_CTRL_LOOP_DETECT_TPIDf, &entry, &tpid);
 652              		.loc 1 73 5 discriminator 2 view .LVU136
 653 004a 02AB     		add	r3, sp, #8
 654 004c 03AA     		add	r2, sp, #12
 655 004e 0621     		movs	r1, #6
 656 0050 0D20     		movs	r0, #13
 657              	.LVL69:
  73:../Switch/core/fal/tiger/fal_tiger_loopdetect.c ****     HAL_FIELD_GET(LOOP_DETECT_TOP_CTRLm, LOOP_DETECT_TOP_CTRL_LOOP_DETECT_TPIDf, &entry, &tpid);
 658              		.loc 1 73 5 is_stmt 0 discriminator 2 view .LVU137
 659 0052 FFF7FEFF 		bl	hal_tbl_reg_field_get
 660              	.LVL70:
  73:../Switch/core/fal/tiger/fal_tiger_loopdetect.c ****     HAL_FIELD_GET(LOOP_DETECT_TOP_CTRLm, LOOP_DETECT_TOP_CTRL_LOOP_DETECT_TPIDf, &entry, &tpid);
 661              		.loc 1 73 5 is_stmt 1 discriminator 2 view .LVU138
 662 0056 029B     		ldr	r3, [sp, #8]
 663              	.LVL71:
  73:../Switch/core/fal/tiger/fal_tiger_loopdetect.c ****     HAL_FIELD_GET(LOOP_DETECT_TOP_CTRLm, LOOP_DETECT_TOP_CTRL_LOOP_DETECT_TPIDf, &entry, &tpid);
 664              		.loc 1 73 5 is_stmt 0 discriminator 2 view .LVU139
 665              	.LBE9:
  73:../Switch/core/fal/tiger/fal_tiger_loopdetect.c ****     HAL_FIELD_GET(LOOP_DETECT_TOP_CTRLm, LOOP_DETECT_TOP_CTRL_LOOP_DETECT_TPIDf, &entry, &tpid);
 666              		.loc 1 73 5 is_stmt 1 discriminator 2 view .LVU140
  74:../Switch/core/fal/tiger/fal_tiger_loopdetect.c **** 
 667              		.loc 1 74 5 discriminator 2 view .LVU141
  74:../Switch/core/fal/tiger/fal_tiger_loopdetect.c **** 
 668              		.loc 1 74 12 is_stmt 0 discriminator 2 view .LVU142
 669 0058 2B80     		strh	r3, [r5]	@ movhi
  76:../Switch/core/fal/tiger/fal_tiger_loopdetect.c **** }
 670              		.loc 1 76 5 is_stmt 1 discriminator 2 view .LVU143
  76:../Switch/core/fal/tiger/fal_tiger_loopdetect.c **** }
 671              		.loc 1 76 12 is_stmt 0 discriminator 2 view .LVU144
 672 005a 0020     		movs	r0, #0
 673 005c E3E7     		b	.L35
 674              	.L42:
 675 005e 00BF     		.align	2
 676              	.L41:
 677 0060 00000000 		.word	yt_debug_level
 678 0064 00000000 		.word	__FUNCTION__.4
 679 0068 00000000 		.word	.LC0
 680 006c 00000000 		.word	_yt_errmsg
 681 0070 00000000 		.word	_yt_prompt_msg
 682 0074 44000000 		.word	.LC1
 683              		.cfi_endproc
 684              	.LFE6:
 686              		.section	.text.fal_tiger_loop_detect_generate_way_set,"ax",%progbits
 687              		.align	1
 688              		.global	fal_tiger_loop_detect_generate_way_set
 689              		.syntax unified
 690              		.thumb
 691              		.thumb_func
 693              	fal_tiger_loop_detect_generate_way_set:
 694              	.LVL72:
 695              	.LFB7:
  78:../Switch/core/fal/tiger/fal_tiger_loopdetect.c **** 
  79:../Switch/core/fal/tiger/fal_tiger_loopdetect.c **** yt_ret_t fal_tiger_loop_detect_generate_way_set(yt_unit_t unit, yt_generate_way_t way)
  80:../Switch/core/fal/tiger/fal_tiger_loopdetect.c **** {
 696              		.loc 1 80 1 is_stmt 1 view -0
 697              		.cfi_startproc
 698              		@ args = 0, pretend = 0, frame = 8
 699              		@ frame_needed = 0, uses_anonymous_args = 0
 700              		.loc 1 80 1 is_stmt 0 view .LVU146
 701 0000 70B5     		push	{r4, r5, r6, lr}
 702              		.cfi_def_cfa_offset 16
 703              		.cfi_offset 4, -16
 704              		.cfi_offset 5, -12
 705              		.cfi_offset 6, -8
 706              		.cfi_offset 14, -4
 707 0002 84B0     		sub	sp, sp, #16
 708              		.cfi_def_cfa_offset 32
 709 0004 0546     		mov	r5, r0
 710 0006 0E46     		mov	r6, r1
  81:../Switch/core/fal/tiger/fal_tiger_loopdetect.c ****     loop_detect_top_ctrl_t entry;
 711              		.loc 1 81 5 is_stmt 1 view .LVU147
  82:../Switch/core/fal/tiger/fal_tiger_loopdetect.c ****     cmm_err_t ret = CMM_ERR_OK;
 712              		.loc 1 82 5 view .LVU148
 713              	.LVL73:
  83:../Switch/core/fal/tiger/fal_tiger_loopdetect.c **** 
  84:../Switch/core/fal/tiger/fal_tiger_loopdetect.c ****     CMM_ERR_CHK(HAL_TBL_REG_READ(unit, LOOP_DETECT_TOP_CTRLm, 0, sizeof(loop_detect_top_ctrl_t), &e
 714              		.loc 1 84 5 view .LVU149
 715              		.loc 1 84 5 view .LVU150
 716 0008 03AB     		add	r3, sp, #12
 717 000a 0093     		str	r3, [sp]
 718 000c 0423     		movs	r3, #4
 719 000e 0022     		movs	r2, #0
 720 0010 0D21     		movs	r1, #13
 721              	.LVL74:
 722              		.loc 1 84 5 is_stmt 0 view .LVU151
 723 0012 FFF7FEFF 		bl	hal_table_reg_read
 724              	.LVL75:
 725              		.loc 1 84 5 view .LVU152
 726 0016 10F0FF03 		ands	r3, r0, #255
 727 001a 17D0     		beq	.L44
 728 001c 0446     		mov	r4, r0
 729              		.loc 1 84 5 is_stmt 1 discriminator 1 view .LVU153
 730              		.loc 1 84 5 discriminator 1 view .LVU154
 731 001e 204A     		ldr	r2, .L53
 732 0020 1278     		ldrb	r2, [r2]	@ zero_extendqisi2
 733 0022 012A     		cmp	r2, #1
 734 0024 02D8     		bhi	.L50
 735              	.LVL76:
 736              	.L45:
 737              		.loc 1 84 5 discriminator 5 view .LVU155
 738              		.loc 1 84 5 discriminator 5 view .LVU156
 739              		.loc 1 84 5 discriminator 5 view .LVU157
 740 0026 E0B2     		uxtb	r0, r4
 741              	.LVL77:
 742              	.L43:
  85:../Switch/core/fal/tiger/fal_tiger_loopdetect.c ****     HAL_FIELD_SET(LOOP_DETECT_TOP_CTRLm, LOOP_DETECT_TOP_CTRL_GENERATE_WAYf, &entry, way);
  86:../Switch/core/fal/tiger/fal_tiger_loopdetect.c ****     CMM_ERR_CHK(HAL_TBL_REG_WRITE(unit, LOOP_DETECT_TOP_CTRLm, 0, sizeof(loop_detect_top_ctrl_t), &
  87:../Switch/core/fal/tiger/fal_tiger_loopdetect.c **** 
  88:../Switch/core/fal/tiger/fal_tiger_loopdetect.c ****     return CMM_ERR_OK;
  89:../Switch/core/fal/tiger/fal_tiger_loopdetect.c **** }
 743              		.loc 1 89 1 is_stmt 0 view .LVU158
 744 0028 04B0     		add	sp, sp, #16
 745              		.cfi_remember_state
 746              		.cfi_def_cfa_offset 16
 747              		@ sp needed
 748 002a 70BD     		pop	{r4, r5, r6, pc}
 749              	.LVL78:
 750              	.L50:
 751              		.cfi_restore_state
  84:../Switch/core/fal/tiger/fal_tiger_loopdetect.c ****     HAL_FIELD_SET(LOOP_DETECT_TOP_CTRLm, LOOP_DETECT_TOP_CTRL_GENERATE_WAYf, &entry, way);
 752              		.loc 1 84 5 is_stmt 1 discriminator 3 view .LVU159
 753              	.LBB10:
  84:../Switch/core/fal/tiger/fal_tiger_loopdetect.c ****     HAL_FIELD_SET(LOOP_DETECT_TOP_CTRLm, LOOP_DETECT_TOP_CTRL_GENERATE_WAYf, &entry, way);
 754              		.loc 1 84 5 discriminator 3 view .LVU160
 755 002c 142B     		cmp	r3, #20
 756 002e 28BF     		it	cs
 757 0030 1423     		movcs	r3, #20
 758 0032 1A46     		mov	r2, r3
 759 0034 1B4B     		ldr	r3, .L53+4
 760 0036 0093     		str	r3, [sp]
 761 0038 1B4B     		ldr	r3, .L53+8
 762 003a 1C49     		ldr	r1, .L53+12
 763 003c 51F82220 		ldr	r2, [r1, r2, lsl #2]
 764 0040 1B49     		ldr	r1, .L53+16
 765 0042 8968     		ldr	r1, [r1, #8]
 766 0044 1B48     		ldr	r0, .L53+20
 767              	.LVL79:
  84:../Switch/core/fal/tiger/fal_tiger_loopdetect.c ****     HAL_FIELD_SET(LOOP_DETECT_TOP_CTRLm, LOOP_DETECT_TOP_CTRL_GENERATE_WAYf, &entry, way);
 768              		.loc 1 84 5 is_stmt 0 discriminator 3 view .LVU161
 769 0046 FFF7FEFF 		bl	osal_printf
 770              	.LVL80:
 771 004a ECE7     		b	.L45
 772              	.LVL81:
 773              	.L44:
  84:../Switch/core/fal/tiger/fal_tiger_loopdetect.c ****     HAL_FIELD_SET(LOOP_DETECT_TOP_CTRLm, LOOP_DETECT_TOP_CTRL_GENERATE_WAYf, &entry, way);
 774              		.loc 1 84 5 discriminator 3 view .LVU162
 775              	.LBE10:
  84:../Switch/core/fal/tiger/fal_tiger_loopdetect.c ****     HAL_FIELD_SET(LOOP_DETECT_TOP_CTRLm, LOOP_DETECT_TOP_CTRL_GENERATE_WAYf, &entry, way);
 776              		.loc 1 84 5 is_stmt 1 discriminator 2 view .LVU163
  85:../Switch/core/fal/tiger/fal_tiger_loopdetect.c ****     HAL_FIELD_SET(LOOP_DETECT_TOP_CTRLm, LOOP_DETECT_TOP_CTRL_GENERATE_WAYf, &entry, way);
 777              		.loc 1 85 5 discriminator 2 view .LVU164
 778 004c 03AC     		add	r4, sp, #12
 779 004e 3346     		mov	r3, r6
 780 0050 2246     		mov	r2, r4
 781 0052 0821     		movs	r1, #8
 782 0054 0D20     		movs	r0, #13
 783              	.LVL82:
  85:../Switch/core/fal/tiger/fal_tiger_loopdetect.c ****     HAL_FIELD_SET(LOOP_DETECT_TOP_CTRLm, LOOP_DETECT_TOP_CTRL_GENERATE_WAYf, &entry, way);
 784              		.loc 1 85 5 is_stmt 0 discriminator 2 view .LVU165
 785 0056 FFF7FEFF 		bl	hal_tbl_reg_field_set
 786              	.LVL83:
  86:../Switch/core/fal/tiger/fal_tiger_loopdetect.c **** 
 787              		.loc 1 86 5 is_stmt 1 discriminator 2 view .LVU166
  86:../Switch/core/fal/tiger/fal_tiger_loopdetect.c **** 
 788              		.loc 1 86 5 discriminator 2 view .LVU167
 789 005a 0094     		str	r4, [sp]
 790 005c 0423     		movs	r3, #4
 791 005e 0022     		movs	r2, #0
 792 0060 0D21     		movs	r1, #13
 793 0062 2846     		mov	r0, r5
 794 0064 FFF7FEFF 		bl	hal_table_reg_write
 795              	.LVL84:
 796 0068 0446     		mov	r4, r0
 797              	.LVL85:
  86:../Switch/core/fal/tiger/fal_tiger_loopdetect.c **** 
 798              		.loc 1 86 5 is_stmt 0 discriminator 2 view .LVU168
 799 006a 10F0FF03 		ands	r3, r0, #255
 800 006e 01D1     		bne	.L51
  88:../Switch/core/fal/tiger/fal_tiger_loopdetect.c **** }
 801              		.loc 1 88 12 view .LVU169
 802 0070 0020     		movs	r0, #0
 803              	.LVL86:
  88:../Switch/core/fal/tiger/fal_tiger_loopdetect.c **** }
 804              		.loc 1 88 12 view .LVU170
 805 0072 D9E7     		b	.L43
 806              	.LVL87:
 807              	.L51:
  86:../Switch/core/fal/tiger/fal_tiger_loopdetect.c **** 
 808              		.loc 1 86 5 is_stmt 1 discriminator 1 view .LVU171
  86:../Switch/core/fal/tiger/fal_tiger_loopdetect.c **** 
 809              		.loc 1 86 5 discriminator 1 view .LVU172
 810 0074 0A4A     		ldr	r2, .L53
 811 0076 1278     		ldrb	r2, [r2]	@ zero_extendqisi2
 812 0078 012A     		cmp	r2, #1
 813 007a 01D8     		bhi	.L52
 814              	.LVL88:
 815              	.L47:
  86:../Switch/core/fal/tiger/fal_tiger_loopdetect.c **** 
 816              		.loc 1 86 5 discriminator 5 view .LVU173
  86:../Switch/core/fal/tiger/fal_tiger_loopdetect.c **** 
 817              		.loc 1 86 5 discriminator 5 view .LVU174
  86:../Switch/core/fal/tiger/fal_tiger_loopdetect.c **** 
 818              		.loc 1 86 5 discriminator 5 view .LVU175
 819 007c E0B2     		uxtb	r0, r4
 820 007e D3E7     		b	.L43
 821              	.LVL89:
 822              	.L52:
  86:../Switch/core/fal/tiger/fal_tiger_loopdetect.c **** 
 823              		.loc 1 86 5 discriminator 3 view .LVU176
 824              	.LBB11:
  86:../Switch/core/fal/tiger/fal_tiger_loopdetect.c **** 
 825              		.loc 1 86 5 discriminator 3 view .LVU177
 826 0080 142B     		cmp	r3, #20
 827 0082 28BF     		it	cs
 828 0084 1423     		movcs	r3, #20
 829 0086 1A46     		mov	r2, r3
 830 0088 064B     		ldr	r3, .L53+4
 831 008a 0093     		str	r3, [sp]
 832 008c 0A4B     		ldr	r3, .L53+24
 833 008e 0749     		ldr	r1, .L53+12
 834 0090 51F82220 		ldr	r2, [r1, r2, lsl #2]
 835 0094 0649     		ldr	r1, .L53+16
 836 0096 8968     		ldr	r1, [r1, #8]
 837 0098 0648     		ldr	r0, .L53+20
 838              	.LVL90:
  86:../Switch/core/fal/tiger/fal_tiger_loopdetect.c **** 
 839              		.loc 1 86 5 is_stmt 0 discriminator 3 view .LVU178
 840 009a FFF7FEFF 		bl	osal_printf
 841              	.LVL91:
 842 009e EDE7     		b	.L47
 843              	.L54:
 844              		.align	2
 845              	.L53:
 846 00a0 00000000 		.word	yt_debug_level
 847 00a4 00000000 		.word	__FUNCTION__.3
 848 00a8 00000000 		.word	.LC0
 849 00ac 00000000 		.word	_yt_errmsg
 850 00b0 00000000 		.word	_yt_prompt_msg
 851 00b4 44000000 		.word	.LC1
 852 00b8 5C000000 		.word	.LC2
 853              	.LBE11:
 854              		.cfi_endproc
 855              	.LFE7:
 857              		.section	.text.fal_tiger_loop_detect_generate_way_get,"ax",%progbits
 858              		.align	1
 859              		.global	fal_tiger_loop_detect_generate_way_get
 860              		.syntax unified
 861              		.thumb
 862              		.thumb_func
 864              	fal_tiger_loop_detect_generate_way_get:
 865              	.LVL92:
 866              	.LFB8:
  90:../Switch/core/fal/tiger/fal_tiger_loopdetect.c **** 
  91:../Switch/core/fal/tiger/fal_tiger_loopdetect.c **** yt_ret_t fal_tiger_loop_detect_generate_way_get(yt_unit_t unit, yt_generate_way_t *pWay)
  92:../Switch/core/fal/tiger/fal_tiger_loopdetect.c **** {
 867              		.loc 1 92 1 is_stmt 1 view -0
 868              		.cfi_startproc
 869              		@ args = 0, pretend = 0, frame = 8
 870              		@ frame_needed = 0, uses_anonymous_args = 0
 871              		.loc 1 92 1 is_stmt 0 view .LVU180
 872 0000 30B5     		push	{r4, r5, lr}
 873              		.cfi_def_cfa_offset 12
 874              		.cfi_offset 4, -12
 875              		.cfi_offset 5, -8
 876              		.cfi_offset 14, -4
 877 0002 85B0     		sub	sp, sp, #20
 878              		.cfi_def_cfa_offset 32
 879 0004 0D46     		mov	r5, r1
  93:../Switch/core/fal/tiger/fal_tiger_loopdetect.c ****     loop_detect_top_ctrl_t entry;
 880              		.loc 1 93 5 is_stmt 1 view .LVU181
  94:../Switch/core/fal/tiger/fal_tiger_loopdetect.c ****     cmm_err_t ret = CMM_ERR_OK;
 881              		.loc 1 94 5 view .LVU182
 882              	.LVL93:
  95:../Switch/core/fal/tiger/fal_tiger_loopdetect.c ****     uint32_t way;
 883              		.loc 1 95 5 view .LVU183
  96:../Switch/core/fal/tiger/fal_tiger_loopdetect.c **** 
  97:../Switch/core/fal/tiger/fal_tiger_loopdetect.c ****     CMM_ERR_CHK(HAL_TBL_REG_READ(unit, LOOP_DETECT_TOP_CTRLm, 0, sizeof(loop_detect_top_ctrl_t), &e
 884              		.loc 1 97 5 view .LVU184
 885              		.loc 1 97 5 view .LVU185
 886 0006 03AB     		add	r3, sp, #12
 887 0008 0093     		str	r3, [sp]
 888 000a 0423     		movs	r3, #4
 889 000c 0022     		movs	r2, #0
 890 000e 0D21     		movs	r1, #13
 891              	.LVL94:
 892              		.loc 1 97 5 is_stmt 0 view .LVU186
 893 0010 FFF7FEFF 		bl	hal_table_reg_read
 894              	.LVL95:
 895              		.loc 1 97 5 view .LVU187
 896 0014 10F0FF03 		ands	r3, r0, #255
 897 0018 17D0     		beq	.L56
 898 001a 0446     		mov	r4, r0
 899              		.loc 1 97 5 is_stmt 1 discriminator 1 view .LVU188
 900              		.loc 1 97 5 discriminator 1 view .LVU189
 901 001c 104A     		ldr	r2, .L61
 902 001e 1278     		ldrb	r2, [r2]	@ zero_extendqisi2
 903 0020 012A     		cmp	r2, #1
 904 0022 02D8     		bhi	.L60
 905              	.LVL96:
 906              	.L57:
 907              		.loc 1 97 5 discriminator 5 view .LVU190
 908              		.loc 1 97 5 discriminator 5 view .LVU191
 909              		.loc 1 97 5 discriminator 5 view .LVU192
 910 0024 E0B2     		uxtb	r0, r4
 911              	.L55:
  98:../Switch/core/fal/tiger/fal_tiger_loopdetect.c ****     HAL_FIELD_GET(LOOP_DETECT_TOP_CTRLm, LOOP_DETECT_TOP_CTRL_GENERATE_WAYf, &entry, &way);
  99:../Switch/core/fal/tiger/fal_tiger_loopdetect.c ****     *pWay = way;
 100:../Switch/core/fal/tiger/fal_tiger_loopdetect.c **** 
 101:../Switch/core/fal/tiger/fal_tiger_loopdetect.c ****     return CMM_ERR_OK;
 102:../Switch/core/fal/tiger/fal_tiger_loopdetect.c **** }
 912              		.loc 1 102 1 is_stmt 0 view .LVU193
 913 0026 05B0     		add	sp, sp, #20
 914              		.cfi_remember_state
 915              		.cfi_def_cfa_offset 12
 916              		@ sp needed
 917 0028 30BD     		pop	{r4, r5, pc}
 918              	.LVL97:
 919              	.L60:
 920              		.cfi_restore_state
  97:../Switch/core/fal/tiger/fal_tiger_loopdetect.c ****     HAL_FIELD_GET(LOOP_DETECT_TOP_CTRLm, LOOP_DETECT_TOP_CTRL_GENERATE_WAYf, &entry, &way);
 921              		.loc 1 97 5 is_stmt 1 discriminator 3 view .LVU194
 922              	.LBB12:
  97:../Switch/core/fal/tiger/fal_tiger_loopdetect.c ****     HAL_FIELD_GET(LOOP_DETECT_TOP_CTRLm, LOOP_DETECT_TOP_CTRL_GENERATE_WAYf, &entry, &way);
 923              		.loc 1 97 5 discriminator 3 view .LVU195
 924 002a 142B     		cmp	r3, #20
 925 002c 28BF     		it	cs
 926 002e 1423     		movcs	r3, #20
 927 0030 1A46     		mov	r2, r3
 928 0032 0C4B     		ldr	r3, .L61+4
 929 0034 0093     		str	r3, [sp]
 930 0036 0C4B     		ldr	r3, .L61+8
 931 0038 0C49     		ldr	r1, .L61+12
 932 003a 51F82220 		ldr	r2, [r1, r2, lsl #2]
 933 003e 0C49     		ldr	r1, .L61+16
 934 0040 8968     		ldr	r1, [r1, #8]
 935 0042 0C48     		ldr	r0, .L61+20
 936              	.LVL98:
  97:../Switch/core/fal/tiger/fal_tiger_loopdetect.c ****     HAL_FIELD_GET(LOOP_DETECT_TOP_CTRLm, LOOP_DETECT_TOP_CTRL_GENERATE_WAYf, &entry, &way);
 937              		.loc 1 97 5 is_stmt 0 discriminator 3 view .LVU196
 938 0044 FFF7FEFF 		bl	osal_printf
 939              	.LVL99:
 940 0048 ECE7     		b	.L57
 941              	.LVL100:
 942              	.L56:
  97:../Switch/core/fal/tiger/fal_tiger_loopdetect.c ****     HAL_FIELD_GET(LOOP_DETECT_TOP_CTRLm, LOOP_DETECT_TOP_CTRL_GENERATE_WAYf, &entry, &way);
 943              		.loc 1 97 5 discriminator 3 view .LVU197
 944              	.LBE12:
  97:../Switch/core/fal/tiger/fal_tiger_loopdetect.c ****     HAL_FIELD_GET(LOOP_DETECT_TOP_CTRLm, LOOP_DETECT_TOP_CTRL_GENERATE_WAYf, &entry, &way);
 945              		.loc 1 97 5 is_stmt 1 discriminator 2 view .LVU198
  98:../Switch/core/fal/tiger/fal_tiger_loopdetect.c ****     HAL_FIELD_GET(LOOP_DETECT_TOP_CTRLm, LOOP_DETECT_TOP_CTRL_GENERATE_WAYf, &entry, &way);
 946              		.loc 1 98 5 discriminator 2 view .LVU199
 947              	.LBB13:
  98:../Switch/core/fal/tiger/fal_tiger_loopdetect.c ****     HAL_FIELD_GET(LOOP_DETECT_TOP_CTRLm, LOOP_DETECT_TOP_CTRL_GENERATE_WAYf, &entry, &way);
 948              		.loc 1 98 5 discriminator 2 view .LVU200
  98:../Switch/core/fal/tiger/fal_tiger_loopdetect.c ****     HAL_FIELD_GET(LOOP_DETECT_TOP_CTRLm, LOOP_DETECT_TOP_CTRL_GENERATE_WAYf, &entry, &way);
 949              		.loc 1 98 5 discriminator 2 view .LVU201
 950 004a 02AB     		add	r3, sp, #8
 951 004c 03AA     		add	r2, sp, #12
 952 004e 0821     		movs	r1, #8
 953 0050 0D20     		movs	r0, #13
 954              	.LVL101:
  98:../Switch/core/fal/tiger/fal_tiger_loopdetect.c ****     HAL_FIELD_GET(LOOP_DETECT_TOP_CTRLm, LOOP_DETECT_TOP_CTRL_GENERATE_WAYf, &entry, &way);
 955              		.loc 1 98 5 is_stmt 0 discriminator 2 view .LVU202
 956 0052 FFF7FEFF 		bl	hal_tbl_reg_field_get
 957              	.LVL102:
  98:../Switch/core/fal/tiger/fal_tiger_loopdetect.c ****     HAL_FIELD_GET(LOOP_DETECT_TOP_CTRLm, LOOP_DETECT_TOP_CTRL_GENERATE_WAYf, &entry, &way);
 958              		.loc 1 98 5 is_stmt 1 discriminator 2 view .LVU203
 959 0056 029B     		ldr	r3, [sp, #8]
 960              	.LVL103:
  98:../Switch/core/fal/tiger/fal_tiger_loopdetect.c ****     HAL_FIELD_GET(LOOP_DETECT_TOP_CTRLm, LOOP_DETECT_TOP_CTRL_GENERATE_WAYf, &entry, &way);
 961              		.loc 1 98 5 is_stmt 0 discriminator 2 view .LVU204
 962              	.LBE13:
  98:../Switch/core/fal/tiger/fal_tiger_loopdetect.c ****     HAL_FIELD_GET(LOOP_DETECT_TOP_CTRLm, LOOP_DETECT_TOP_CTRL_GENERATE_WAYf, &entry, &way);
 963              		.loc 1 98 5 is_stmt 1 discriminator 2 view .LVU205
  99:../Switch/core/fal/tiger/fal_tiger_loopdetect.c **** 
 964              		.loc 1 99 5 discriminator 2 view .LVU206
  99:../Switch/core/fal/tiger/fal_tiger_loopdetect.c **** 
 965              		.loc 1 99 11 is_stmt 0 discriminator 2 view .LVU207
 966 0058 2B70     		strb	r3, [r5]
 101:../Switch/core/fal/tiger/fal_tiger_loopdetect.c **** }
 967              		.loc 1 101 5 is_stmt 1 discriminator 2 view .LVU208
 101:../Switch/core/fal/tiger/fal_tiger_loopdetect.c **** }
 968              		.loc 1 101 12 is_stmt 0 discriminator 2 view .LVU209
 969 005a 0020     		movs	r0, #0
 970 005c E3E7     		b	.L55
 971              	.L62:
 972 005e 00BF     		.align	2
 973              	.L61:
 974 0060 00000000 		.word	yt_debug_level
 975 0064 00000000 		.word	__FUNCTION__.2
 976 0068 00000000 		.word	.LC0
 977 006c 00000000 		.word	_yt_errmsg
 978 0070 00000000 		.word	_yt_prompt_msg
 979 0074 44000000 		.word	.LC1
 980              		.cfi_endproc
 981              	.LFE8:
 983              		.section	.text.fal_tiger_loop_detect_unitID_set,"ax",%progbits
 984              		.align	1
 985              		.global	fal_tiger_loop_detect_unitID_set
 986              		.syntax unified
 987              		.thumb
 988              		.thumb_func
 990              	fal_tiger_loop_detect_unitID_set:
 991              	.LVL104:
 992              	.LFB9:
 103:../Switch/core/fal/tiger/fal_tiger_loopdetect.c **** 
 104:../Switch/core/fal/tiger/fal_tiger_loopdetect.c **** yt_ret_t fal_tiger_loop_detect_unitID_set(yt_unit_t unit, yt_local_id_t localID, yt_remote_id_t rem
 105:../Switch/core/fal/tiger/fal_tiger_loopdetect.c **** {
 993              		.loc 1 105 1 is_stmt 1 view -0
 994              		.cfi_startproc
 995              		@ args = 0, pretend = 0, frame = 16
 996              		@ frame_needed = 0, uses_anonymous_args = 0
 997              		.loc 1 105 1 is_stmt 0 view .LVU211
 998 0000 70B5     		push	{r4, r5, r6, lr}
 999              		.cfi_def_cfa_offset 16
 1000              		.cfi_offset 4, -16
 1001              		.cfi_offset 5, -12
 1002              		.cfi_offset 6, -8
 1003              		.cfi_offset 14, -4
 1004 0002 86B0     		sub	sp, sp, #24
 1005              		.cfi_def_cfa_offset 40
 1006 0004 0546     		mov	r5, r0
 1007 0006 0E46     		mov	r6, r1
 1008 0008 ADF80C20 		strh	r2, [sp, #12]	@ movhi
 106:../Switch/core/fal/tiger/fal_tiger_loopdetect.c ****     loop_detect_top_ctrl_t entry;
 1009              		.loc 1 106 5 is_stmt 1 view .LVU212
 107:../Switch/core/fal/tiger/fal_tiger_loopdetect.c ****     cmm_err_t ret = CMM_ERR_OK;
 1010              		.loc 1 107 5 view .LVU213
 1011              	.LVL105:
 108:../Switch/core/fal/tiger/fal_tiger_loopdetect.c **** 
 109:../Switch/core/fal/tiger/fal_tiger_loopdetect.c ****     CMM_ERR_CHK(HAL_TBL_REG_READ(unit, LOOP_DETECT_TOP_CTRLm, 0, sizeof(loop_detect_top_ctrl_t), &e
 1012              		.loc 1 109 5 view .LVU214
 1013              		.loc 1 109 5 view .LVU215
 1014 000c 05AB     		add	r3, sp, #20
 1015 000e 0093     		str	r3, [sp]
 1016 0010 0423     		movs	r3, #4
 1017 0012 0022     		movs	r2, #0
 1018 0014 0D21     		movs	r1, #13
 1019              	.LVL106:
 1020              		.loc 1 109 5 is_stmt 0 view .LVU216
 1021 0016 FFF7FEFF 		bl	hal_table_reg_read
 1022              	.LVL107:
 1023              		.loc 1 109 5 view .LVU217
 1024 001a 10F0FF03 		ands	r3, r0, #255
 1025 001e 17D0     		beq	.L64
 1026 0020 0446     		mov	r4, r0
 1027              		.loc 1 109 5 is_stmt 1 discriminator 1 view .LVU218
 1028              		.loc 1 109 5 discriminator 1 view .LVU219
 1029 0022 274A     		ldr	r2, .L73
 1030 0024 1278     		ldrb	r2, [r2]	@ zero_extendqisi2
 1031 0026 012A     		cmp	r2, #1
 1032 0028 02D8     		bhi	.L70
 1033              	.LVL108:
 1034              	.L65:
 1035              		.loc 1 109 5 discriminator 5 view .LVU220
 1036              		.loc 1 109 5 discriminator 5 view .LVU221
 1037              		.loc 1 109 5 discriminator 5 view .LVU222
 1038 002a E0B2     		uxtb	r0, r4
 1039              	.LVL109:
 1040              	.L63:
 110:../Switch/core/fal/tiger/fal_tiger_loopdetect.c ****     HAL_FIELD_SET(LOOP_DETECT_TOP_CTRLm, LOOP_DETECT_TOP_CTRL_UNIT_ID_LOCALf, &entry, localID);
 111:../Switch/core/fal/tiger/fal_tiger_loopdetect.c ****     HAL_FIELD_SET(LOOP_DETECT_TOP_CTRLm, LOOP_DETECT_TOP_CTRL_UNIT_ID_REMOTE0f, &entry, remoteID.re
 112:../Switch/core/fal/tiger/fal_tiger_loopdetect.c ****     HAL_FIELD_SET(LOOP_DETECT_TOP_CTRLm, LOOP_DETECT_TOP_CTRL_UNIT_ID_REMOTE1f, &entry, remoteID.re
 113:../Switch/core/fal/tiger/fal_tiger_loopdetect.c ****     CMM_ERR_CHK(HAL_TBL_REG_WRITE(unit, LOOP_DETECT_TOP_CTRLm, 0, sizeof(loop_detect_top_ctrl_t), &
 114:../Switch/core/fal/tiger/fal_tiger_loopdetect.c **** 
 115:../Switch/core/fal/tiger/fal_tiger_loopdetect.c ****     return CMM_ERR_OK;
 116:../Switch/core/fal/tiger/fal_tiger_loopdetect.c **** }
 1041              		.loc 1 116 1 is_stmt 0 view .LVU223
 1042 002c 06B0     		add	sp, sp, #24
 1043              		.cfi_remember_state
 1044              		.cfi_def_cfa_offset 16
 1045              		@ sp needed
 1046 002e 70BD     		pop	{r4, r5, r6, pc}
 1047              	.LVL110:
 1048              	.L70:
 1049              		.cfi_restore_state
 109:../Switch/core/fal/tiger/fal_tiger_loopdetect.c ****     HAL_FIELD_SET(LOOP_DETECT_TOP_CTRLm, LOOP_DETECT_TOP_CTRL_UNIT_ID_LOCALf, &entry, localID);
 1050              		.loc 1 109 5 is_stmt 1 discriminator 3 view .LVU224
 1051              	.LBB14:
 109:../Switch/core/fal/tiger/fal_tiger_loopdetect.c ****     HAL_FIELD_SET(LOOP_DETECT_TOP_CTRLm, LOOP_DETECT_TOP_CTRL_UNIT_ID_LOCALf, &entry, localID);
 1052              		.loc 1 109 5 discriminator 3 view .LVU225
 1053 0030 142B     		cmp	r3, #20
 1054 0032 28BF     		it	cs
 1055 0034 1423     		movcs	r3, #20
 1056 0036 1A46     		mov	r2, r3
 1057 0038 224B     		ldr	r3, .L73+4
 1058 003a 0093     		str	r3, [sp]
 1059 003c 224B     		ldr	r3, .L73+8
 1060 003e 2349     		ldr	r1, .L73+12
 1061 0040 51F82220 		ldr	r2, [r1, r2, lsl #2]
 1062 0044 2249     		ldr	r1, .L73+16
 1063 0046 8968     		ldr	r1, [r1, #8]
 1064 0048 2248     		ldr	r0, .L73+20
 1065              	.LVL111:
 109:../Switch/core/fal/tiger/fal_tiger_loopdetect.c ****     HAL_FIELD_SET(LOOP_DETECT_TOP_CTRLm, LOOP_DETECT_TOP_CTRL_UNIT_ID_LOCALf, &entry, localID);
 1066              		.loc 1 109 5 is_stmt 0 discriminator 3 view .LVU226
 1067 004a FFF7FEFF 		bl	osal_printf
 1068              	.LVL112:
 1069 004e ECE7     		b	.L65
 1070              	.LVL113:
 1071              	.L64:
 109:../Switch/core/fal/tiger/fal_tiger_loopdetect.c ****     HAL_FIELD_SET(LOOP_DETECT_TOP_CTRLm, LOOP_DETECT_TOP_CTRL_UNIT_ID_LOCALf, &entry, localID);
 1072              		.loc 1 109 5 discriminator 3 view .LVU227
 1073              	.LBE14:
 109:../Switch/core/fal/tiger/fal_tiger_loopdetect.c ****     HAL_FIELD_SET(LOOP_DETECT_TOP_CTRLm, LOOP_DETECT_TOP_CTRL_UNIT_ID_LOCALf, &entry, localID);
 1074              		.loc 1 109 5 is_stmt 1 discriminator 2 view .LVU228
 110:../Switch/core/fal/tiger/fal_tiger_loopdetect.c ****     HAL_FIELD_SET(LOOP_DETECT_TOP_CTRLm, LOOP_DETECT_TOP_CTRL_UNIT_ID_LOCALf, &entry, localID);
 1075              		.loc 1 110 5 discriminator 2 view .LVU229
 1076 0050 05AC     		add	r4, sp, #20
 1077 0052 3346     		mov	r3, r6
 1078 0054 2246     		mov	r2, r4
 1079 0056 0421     		movs	r1, #4
 1080 0058 0D20     		movs	r0, #13
 1081              	.LVL114:
 110:../Switch/core/fal/tiger/fal_tiger_loopdetect.c ****     HAL_FIELD_SET(LOOP_DETECT_TOP_CTRLm, LOOP_DETECT_TOP_CTRL_UNIT_ID_LOCALf, &entry, localID);
 1082              		.loc 1 110 5 is_stmt 0 discriminator 2 view .LVU230
 1083 005a FFF7FEFF 		bl	hal_tbl_reg_field_set
 1084              	.LVL115:
 111:../Switch/core/fal/tiger/fal_tiger_loopdetect.c ****     HAL_FIELD_SET(LOOP_DETECT_TOP_CTRLm, LOOP_DETECT_TOP_CTRL_UNIT_ID_REMOTE1f, &entry, remoteID.re
 1085              		.loc 1 111 5 is_stmt 1 discriminator 2 view .LVU231
 1086 005e 9DF80C30 		ldrb	r3, [sp, #12]	@ zero_extendqisi2
 1087 0062 2246     		mov	r2, r4
 1088 0064 0321     		movs	r1, #3
 1089 0066 0D20     		movs	r0, #13
 1090 0068 FFF7FEFF 		bl	hal_tbl_reg_field_set
 1091              	.LVL116:
 112:../Switch/core/fal/tiger/fal_tiger_loopdetect.c ****     CMM_ERR_CHK(HAL_TBL_REG_WRITE(unit, LOOP_DETECT_TOP_CTRLm, 0, sizeof(loop_detect_top_ctrl_t), &
 1092              		.loc 1 112 5 discriminator 2 view .LVU232
 1093 006c 9DF80D30 		ldrb	r3, [sp, #13]	@ zero_extendqisi2
 1094 0070 2246     		mov	r2, r4
 1095 0072 0221     		movs	r1, #2
 1096 0074 0D20     		movs	r0, #13
 1097 0076 FFF7FEFF 		bl	hal_tbl_reg_field_set
 1098              	.LVL117:
 113:../Switch/core/fal/tiger/fal_tiger_loopdetect.c **** 
 1099              		.loc 1 113 5 discriminator 2 view .LVU233
 113:../Switch/core/fal/tiger/fal_tiger_loopdetect.c **** 
 1100              		.loc 1 113 5 discriminator 2 view .LVU234
 1101 007a 0094     		str	r4, [sp]
 1102 007c 0423     		movs	r3, #4
 1103 007e 0022     		movs	r2, #0
 1104 0080 0D21     		movs	r1, #13
 1105 0082 2846     		mov	r0, r5
 1106 0084 FFF7FEFF 		bl	hal_table_reg_write
 1107              	.LVL118:
 1108 0088 0446     		mov	r4, r0
 1109              	.LVL119:
 113:../Switch/core/fal/tiger/fal_tiger_loopdetect.c **** 
 1110              		.loc 1 113 5 is_stmt 0 discriminator 2 view .LVU235
 1111 008a 10F0FF03 		ands	r3, r0, #255
 1112 008e 01D1     		bne	.L71
 115:../Switch/core/fal/tiger/fal_tiger_loopdetect.c **** }
 1113              		.loc 1 115 12 view .LVU236
 1114 0090 0020     		movs	r0, #0
 1115              	.LVL120:
 115:../Switch/core/fal/tiger/fal_tiger_loopdetect.c **** }
 1116              		.loc 1 115 12 view .LVU237
 1117 0092 CBE7     		b	.L63
 1118              	.LVL121:
 1119              	.L71:
 113:../Switch/core/fal/tiger/fal_tiger_loopdetect.c **** 
 1120              		.loc 1 113 5 is_stmt 1 discriminator 1 view .LVU238
 113:../Switch/core/fal/tiger/fal_tiger_loopdetect.c **** 
 1121              		.loc 1 113 5 discriminator 1 view .LVU239
 1122 0094 0A4A     		ldr	r2, .L73
 1123 0096 1278     		ldrb	r2, [r2]	@ zero_extendqisi2
 1124 0098 012A     		cmp	r2, #1
 1125 009a 01D8     		bhi	.L72
 1126              	.LVL122:
 1127              	.L67:
 113:../Switch/core/fal/tiger/fal_tiger_loopdetect.c **** 
 1128              		.loc 1 113 5 discriminator 5 view .LVU240
 113:../Switch/core/fal/tiger/fal_tiger_loopdetect.c **** 
 1129              		.loc 1 113 5 discriminator 5 view .LVU241
 113:../Switch/core/fal/tiger/fal_tiger_loopdetect.c **** 
 1130              		.loc 1 113 5 discriminator 5 view .LVU242
 1131 009c E0B2     		uxtb	r0, r4
 1132 009e C5E7     		b	.L63
 1133              	.LVL123:
 1134              	.L72:
 113:../Switch/core/fal/tiger/fal_tiger_loopdetect.c **** 
 1135              		.loc 1 113 5 discriminator 3 view .LVU243
 1136              	.LBB15:
 113:../Switch/core/fal/tiger/fal_tiger_loopdetect.c **** 
 1137              		.loc 1 113 5 discriminator 3 view .LVU244
 1138 00a0 142B     		cmp	r3, #20
 1139 00a2 28BF     		it	cs
 1140 00a4 1423     		movcs	r3, #20
 1141 00a6 1A46     		mov	r2, r3
 1142 00a8 064B     		ldr	r3, .L73+4
 1143 00aa 0093     		str	r3, [sp]
 1144 00ac 0A4B     		ldr	r3, .L73+24
 1145 00ae 0749     		ldr	r1, .L73+12
 1146 00b0 51F82220 		ldr	r2, [r1, r2, lsl #2]
 1147 00b4 0649     		ldr	r1, .L73+16
 1148 00b6 8968     		ldr	r1, [r1, #8]
 1149 00b8 0648     		ldr	r0, .L73+20
 1150              	.LVL124:
 113:../Switch/core/fal/tiger/fal_tiger_loopdetect.c **** 
 1151              		.loc 1 113 5 is_stmt 0 discriminator 3 view .LVU245
 1152 00ba FFF7FEFF 		bl	osal_printf
 1153              	.LVL125:
 1154 00be EDE7     		b	.L67
 1155              	.L74:
 1156              		.align	2
 1157              	.L73:
 1158 00c0 00000000 		.word	yt_debug_level
 1159 00c4 00000000 		.word	__FUNCTION__.1
 1160 00c8 00000000 		.word	.LC0
 1161 00cc 00000000 		.word	_yt_errmsg
 1162 00d0 00000000 		.word	_yt_prompt_msg
 1163 00d4 44000000 		.word	.LC1
 1164 00d8 5C000000 		.word	.LC2
 1165              	.LBE15:
 1166              		.cfi_endproc
 1167              	.LFE9:
 1169              		.section	.text.fal_tiger_loop_detect_unitID_get,"ax",%progbits
 1170              		.align	1
 1171              		.global	fal_tiger_loop_detect_unitID_get
 1172              		.syntax unified
 1173              		.thumb
 1174              		.thumb_func
 1176              	fal_tiger_loop_detect_unitID_get:
 1177              	.LVL126:
 1178              	.LFB10:
 117:../Switch/core/fal/tiger/fal_tiger_loopdetect.c **** 
 118:../Switch/core/fal/tiger/fal_tiger_loopdetect.c **** yt_ret_t fal_tiger_loop_detect_unitID_get(yt_unit_t unit, yt_local_id_t *pLocalID, yt_remote_id_t *
 119:../Switch/core/fal/tiger/fal_tiger_loopdetect.c **** {
 1179              		.loc 1 119 1 is_stmt 1 view -0
 1180              		.cfi_startproc
 1181              		@ args = 0, pretend = 0, frame = 8
 1182              		@ frame_needed = 0, uses_anonymous_args = 0
 1183              		.loc 1 119 1 is_stmt 0 view .LVU247
 1184 0000 F0B5     		push	{r4, r5, r6, r7, lr}
 1185              		.cfi_def_cfa_offset 20
 1186              		.cfi_offset 4, -20
 1187              		.cfi_offset 5, -16
 1188              		.cfi_offset 6, -12
 1189              		.cfi_offset 7, -8
 1190              		.cfi_offset 14, -4
 1191 0002 85B0     		sub	sp, sp, #20
 1192              		.cfi_def_cfa_offset 40
 1193 0004 0E46     		mov	r6, r1
 1194 0006 1546     		mov	r5, r2
 120:../Switch/core/fal/tiger/fal_tiger_loopdetect.c ****     loop_detect_top_ctrl_t entry;
 1195              		.loc 1 120 5 is_stmt 1 view .LVU248
 121:../Switch/core/fal/tiger/fal_tiger_loopdetect.c ****     cmm_err_t ret = CMM_ERR_OK;
 1196              		.loc 1 121 5 view .LVU249
 1197              	.LVL127:
 122:../Switch/core/fal/tiger/fal_tiger_loopdetect.c ****     uint32_t localID;
 1198              		.loc 1 122 5 view .LVU250
 123:../Switch/core/fal/tiger/fal_tiger_loopdetect.c ****     uint32_t remoteID0;
 1199              		.loc 1 123 5 view .LVU251
 124:../Switch/core/fal/tiger/fal_tiger_loopdetect.c ****     uint32_t remoteID1;
 1200              		.loc 1 124 5 view .LVU252
 125:../Switch/core/fal/tiger/fal_tiger_loopdetect.c **** 
 126:../Switch/core/fal/tiger/fal_tiger_loopdetect.c ****     CMM_ERR_CHK(HAL_TBL_REG_READ(unit, LOOP_DETECT_TOP_CTRLm, 0, sizeof(loop_detect_top_ctrl_t), &e
 1201              		.loc 1 126 5 view .LVU253
 1202              		.loc 1 126 5 view .LVU254
 1203 0008 03AB     		add	r3, sp, #12
 1204 000a 0093     		str	r3, [sp]
 1205 000c 0423     		movs	r3, #4
 1206 000e 0022     		movs	r2, #0
 1207              	.LVL128:
 1208              		.loc 1 126 5 is_stmt 0 view .LVU255
 1209 0010 0D21     		movs	r1, #13
 1210              	.LVL129:
 1211              		.loc 1 126 5 view .LVU256
 1212 0012 FFF7FEFF 		bl	hal_table_reg_read
 1213              	.LVL130:
 1214              		.loc 1 126 5 view .LVU257
 1215 0016 10F0FF03 		ands	r3, r0, #255
 1216 001a 17D0     		beq	.L76
 1217 001c 0446     		mov	r4, r0
 1218              		.loc 1 126 5 is_stmt 1 discriminator 1 view .LVU258
 1219              		.loc 1 126 5 discriminator 1 view .LVU259
 1220 001e 184A     		ldr	r2, .L81
 1221 0020 1278     		ldrb	r2, [r2]	@ zero_extendqisi2
 1222 0022 012A     		cmp	r2, #1
 1223 0024 02D8     		bhi	.L80
 1224              	.LVL131:
 1225              	.L77:
 1226              		.loc 1 126 5 discriminator 5 view .LVU260
 1227              		.loc 1 126 5 discriminator 5 view .LVU261
 1228              		.loc 1 126 5 discriminator 5 view .LVU262
 1229 0026 E0B2     		uxtb	r0, r4
 1230              	.L75:
 127:../Switch/core/fal/tiger/fal_tiger_loopdetect.c ****     HAL_FIELD_GET(LOOP_DETECT_TOP_CTRLm, LOOP_DETECT_TOP_CTRL_UNIT_ID_LOCALf, &entry, &localID);
 128:../Switch/core/fal/tiger/fal_tiger_loopdetect.c ****     HAL_FIELD_GET(LOOP_DETECT_TOP_CTRLm, LOOP_DETECT_TOP_CTRL_UNIT_ID_REMOTE0f, &entry, &remoteID0)
 129:../Switch/core/fal/tiger/fal_tiger_loopdetect.c ****     HAL_FIELD_GET(LOOP_DETECT_TOP_CTRLm, LOOP_DETECT_TOP_CTRL_UNIT_ID_REMOTE1f, &entry, &remoteID1)
 130:../Switch/core/fal/tiger/fal_tiger_loopdetect.c ****     *pLocalID = localID;
 131:../Switch/core/fal/tiger/fal_tiger_loopdetect.c ****     pRemoteID->remoteID[0] = remoteID0;
 132:../Switch/core/fal/tiger/fal_tiger_loopdetect.c ****     pRemoteID->remoteID[1] = remoteID1;
 133:../Switch/core/fal/tiger/fal_tiger_loopdetect.c **** 
 134:../Switch/core/fal/tiger/fal_tiger_loopdetect.c ****     return CMM_ERR_OK;
 135:../Switch/core/fal/tiger/fal_tiger_loopdetect.c **** }
 1231              		.loc 1 135 1 is_stmt 0 view .LVU263
 1232 0028 05B0     		add	sp, sp, #20
 1233              		.cfi_remember_state
 1234              		.cfi_def_cfa_offset 20
 1235              		@ sp needed
 1236 002a F0BD     		pop	{r4, r5, r6, r7, pc}
 1237              	.LVL132:
 1238              	.L80:
 1239              		.cfi_restore_state
 126:../Switch/core/fal/tiger/fal_tiger_loopdetect.c ****     HAL_FIELD_GET(LOOP_DETECT_TOP_CTRLm, LOOP_DETECT_TOP_CTRL_UNIT_ID_LOCALf, &entry, &localID);
 1240              		.loc 1 126 5 is_stmt 1 discriminator 3 view .LVU264
 1241              	.LBB16:
 126:../Switch/core/fal/tiger/fal_tiger_loopdetect.c ****     HAL_FIELD_GET(LOOP_DETECT_TOP_CTRLm, LOOP_DETECT_TOP_CTRL_UNIT_ID_LOCALf, &entry, &localID);
 1242              		.loc 1 126 5 discriminator 3 view .LVU265
 1243 002c 142B     		cmp	r3, #20
 1244 002e 28BF     		it	cs
 1245 0030 1423     		movcs	r3, #20
 1246 0032 1A46     		mov	r2, r3
 1247 0034 134B     		ldr	r3, .L81+4
 1248 0036 0093     		str	r3, [sp]
 1249 0038 134B     		ldr	r3, .L81+8
 1250 003a 1449     		ldr	r1, .L81+12
 1251 003c 51F82220 		ldr	r2, [r1, r2, lsl #2]
 1252 0040 1349     		ldr	r1, .L81+16
 1253 0042 8968     		ldr	r1, [r1, #8]
 1254 0044 1348     		ldr	r0, .L81+20
 1255              	.LVL133:
 126:../Switch/core/fal/tiger/fal_tiger_loopdetect.c ****     HAL_FIELD_GET(LOOP_DETECT_TOP_CTRLm, LOOP_DETECT_TOP_CTRL_UNIT_ID_LOCALf, &entry, &localID);
 1256              		.loc 1 126 5 is_stmt 0 discriminator 3 view .LVU266
 1257 0046 FFF7FEFF 		bl	osal_printf
 1258              	.LVL134:
 1259 004a ECE7     		b	.L77
 1260              	.LVL135:
 1261              	.L76:
 126:../Switch/core/fal/tiger/fal_tiger_loopdetect.c ****     HAL_FIELD_GET(LOOP_DETECT_TOP_CTRLm, LOOP_DETECT_TOP_CTRL_UNIT_ID_LOCALf, &entry, &localID);
 1262              		.loc 1 126 5 discriminator 3 view .LVU267
 1263              	.LBE16:
 126:../Switch/core/fal/tiger/fal_tiger_loopdetect.c ****     HAL_FIELD_GET(LOOP_DETECT_TOP_CTRLm, LOOP_DETECT_TOP_CTRL_UNIT_ID_LOCALf, &entry, &localID);
 1264              		.loc 1 126 5 is_stmt 1 discriminator 2 view .LVU268
 127:../Switch/core/fal/tiger/fal_tiger_loopdetect.c ****     HAL_FIELD_GET(LOOP_DETECT_TOP_CTRLm, LOOP_DETECT_TOP_CTRL_UNIT_ID_LOCALf, &entry, &localID);
 1265              		.loc 1 127 5 discriminator 2 view .LVU269
 1266              	.LBB17:
 127:../Switch/core/fal/tiger/fal_tiger_loopdetect.c ****     HAL_FIELD_GET(LOOP_DETECT_TOP_CTRLm, LOOP_DETECT_TOP_CTRL_UNIT_ID_LOCALf, &entry, &localID);
 1267              		.loc 1 127 5 discriminator 2 view .LVU270
 127:../Switch/core/fal/tiger/fal_tiger_loopdetect.c ****     HAL_FIELD_GET(LOOP_DETECT_TOP_CTRLm, LOOP_DETECT_TOP_CTRL_UNIT_ID_LOCALf, &entry, &localID);
 1268              		.loc 1 127 5 discriminator 2 view .LVU271
 1269 004c 02AB     		add	r3, sp, #8
 1270 004e 03AA     		add	r2, sp, #12
 1271 0050 0421     		movs	r1, #4
 1272 0052 0D20     		movs	r0, #13
 1273              	.LVL136:
 127:../Switch/core/fal/tiger/fal_tiger_loopdetect.c ****     HAL_FIELD_GET(LOOP_DETECT_TOP_CTRLm, LOOP_DETECT_TOP_CTRL_UNIT_ID_LOCALf, &entry, &localID);
 1274              		.loc 1 127 5 is_stmt 0 discriminator 2 view .LVU272
 1275 0054 FFF7FEFF 		bl	hal_tbl_reg_field_get
 1276              	.LVL137:
 127:../Switch/core/fal/tiger/fal_tiger_loopdetect.c ****     HAL_FIELD_GET(LOOP_DETECT_TOP_CTRLm, LOOP_DETECT_TOP_CTRL_UNIT_ID_LOCALf, &entry, &localID);
 1277              		.loc 1 127 5 is_stmt 1 discriminator 2 view .LVU273
 1278 0058 029F     		ldr	r7, [sp, #8]
 1279              	.LVL138:
 127:../Switch/core/fal/tiger/fal_tiger_loopdetect.c ****     HAL_FIELD_GET(LOOP_DETECT_TOP_CTRLm, LOOP_DETECT_TOP_CTRL_UNIT_ID_LOCALf, &entry, &localID);
 1280              		.loc 1 127 5 is_stmt 0 discriminator 2 view .LVU274
 1281              	.LBE17:
 127:../Switch/core/fal/tiger/fal_tiger_loopdetect.c ****     HAL_FIELD_GET(LOOP_DETECT_TOP_CTRLm, LOOP_DETECT_TOP_CTRL_UNIT_ID_LOCALf, &entry, &localID);
 1282              		.loc 1 127 5 is_stmt 1 discriminator 2 view .LVU275
 128:../Switch/core/fal/tiger/fal_tiger_loopdetect.c ****     HAL_FIELD_GET(LOOP_DETECT_TOP_CTRLm, LOOP_DETECT_TOP_CTRL_UNIT_ID_REMOTE1f, &entry, &remoteID1)
 1283              		.loc 1 128 5 discriminator 2 view .LVU276
 1284              	.LBB18:
 128:../Switch/core/fal/tiger/fal_tiger_loopdetect.c ****     HAL_FIELD_GET(LOOP_DETECT_TOP_CTRLm, LOOP_DETECT_TOP_CTRL_UNIT_ID_REMOTE1f, &entry, &remoteID1)
 1285              		.loc 1 128 5 discriminator 2 view .LVU277
 128:../Switch/core/fal/tiger/fal_tiger_loopdetect.c ****     HAL_FIELD_GET(LOOP_DETECT_TOP_CTRLm, LOOP_DETECT_TOP_CTRL_UNIT_ID_REMOTE1f, &entry, &remoteID1)
 1286              		.loc 1 128 5 discriminator 2 view .LVU278
 1287 005a 02AB     		add	r3, sp, #8
 1288 005c 03AA     		add	r2, sp, #12
 1289 005e 0321     		movs	r1, #3
 1290 0060 0D20     		movs	r0, #13
 1291 0062 FFF7FEFF 		bl	hal_tbl_reg_field_get
 1292              	.LVL139:
 128:../Switch/core/fal/tiger/fal_tiger_loopdetect.c ****     HAL_FIELD_GET(LOOP_DETECT_TOP_CTRLm, LOOP_DETECT_TOP_CTRL_UNIT_ID_REMOTE1f, &entry, &remoteID1)
 1293              		.loc 1 128 5 discriminator 2 view .LVU279
 1294 0066 029C     		ldr	r4, [sp, #8]
 1295              	.LVL140:
 128:../Switch/core/fal/tiger/fal_tiger_loopdetect.c ****     HAL_FIELD_GET(LOOP_DETECT_TOP_CTRLm, LOOP_DETECT_TOP_CTRL_UNIT_ID_REMOTE1f, &entry, &remoteID1)
 1296              		.loc 1 128 5 is_stmt 0 discriminator 2 view .LVU280
 1297              	.LBE18:
 128:../Switch/core/fal/tiger/fal_tiger_loopdetect.c ****     HAL_FIELD_GET(LOOP_DETECT_TOP_CTRLm, LOOP_DETECT_TOP_CTRL_UNIT_ID_REMOTE1f, &entry, &remoteID1)
 1298              		.loc 1 128 5 is_stmt 1 discriminator 2 view .LVU281
 129:../Switch/core/fal/tiger/fal_tiger_loopdetect.c ****     *pLocalID = localID;
 1299              		.loc 1 129 5 discriminator 2 view .LVU282
 1300              	.LBB19:
 129:../Switch/core/fal/tiger/fal_tiger_loopdetect.c ****     *pLocalID = localID;
 1301              		.loc 1 129 5 discriminator 2 view .LVU283
 129:../Switch/core/fal/tiger/fal_tiger_loopdetect.c ****     *pLocalID = localID;
 1302              		.loc 1 129 5 discriminator 2 view .LVU284
 1303 0068 02AB     		add	r3, sp, #8
 1304 006a 03AA     		add	r2, sp, #12
 1305 006c 0221     		movs	r1, #2
 1306 006e 0D20     		movs	r0, #13
 1307 0070 FFF7FEFF 		bl	hal_tbl_reg_field_get
 1308              	.LVL141:
 129:../Switch/core/fal/tiger/fal_tiger_loopdetect.c ****     *pLocalID = localID;
 1309              		.loc 1 129 5 discriminator 2 view .LVU285
 129:../Switch/core/fal/tiger/fal_tiger_loopdetect.c ****     *pLocalID = localID;
 1310              		.loc 1 129 5 is_stmt 0 discriminator 2 view .LVU286
 1311              	.LBE19:
 129:../Switch/core/fal/tiger/fal_tiger_loopdetect.c ****     *pLocalID = localID;
 1312              		.loc 1 129 5 is_stmt 1 discriminator 2 view .LVU287
 130:../Switch/core/fal/tiger/fal_tiger_loopdetect.c ****     pRemoteID->remoteID[0] = remoteID0;
 1313              		.loc 1 130 5 discriminator 2 view .LVU288
 130:../Switch/core/fal/tiger/fal_tiger_loopdetect.c ****     pRemoteID->remoteID[0] = remoteID0;
 1314              		.loc 1 130 15 is_stmt 0 discriminator 2 view .LVU289
 1315 0074 3770     		strb	r7, [r6]
 1316              	.LVL142:
 131:../Switch/core/fal/tiger/fal_tiger_loopdetect.c ****     pRemoteID->remoteID[1] = remoteID1;
 1317              		.loc 1 131 5 is_stmt 1 discriminator 2 view .LVU290
 131:../Switch/core/fal/tiger/fal_tiger_loopdetect.c ****     pRemoteID->remoteID[1] = remoteID1;
 1318              		.loc 1 131 28 is_stmt 0 discriminator 2 view .LVU291
 1319 0076 2C70     		strb	r4, [r5]
 132:../Switch/core/fal/tiger/fal_tiger_loopdetect.c **** 
 1320              		.loc 1 132 5 is_stmt 1 discriminator 2 view .LVU292
 132:../Switch/core/fal/tiger/fal_tiger_loopdetect.c **** 
 1321              		.loc 1 132 28 is_stmt 0 discriminator 2 view .LVU293
 1322 0078 029B     		ldr	r3, [sp, #8]
 1323              	.LVL143:
 132:../Switch/core/fal/tiger/fal_tiger_loopdetect.c **** 
 1324              		.loc 1 132 28 discriminator 2 view .LVU294
 1325 007a 6B70     		strb	r3, [r5, #1]
 134:../Switch/core/fal/tiger/fal_tiger_loopdetect.c **** }
 1326              		.loc 1 134 5 is_stmt 1 discriminator 2 view .LVU295
 134:../Switch/core/fal/tiger/fal_tiger_loopdetect.c **** }
 1327              		.loc 1 134 12 is_stmt 0 discriminator 2 view .LVU296
 1328 007c 0020     		movs	r0, #0
 1329 007e D3E7     		b	.L75
 1330              	.L82:
 1331              		.align	2
 1332              	.L81:
 1333 0080 00000000 		.word	yt_debug_level
 1334 0084 00000000 		.word	__FUNCTION__.0
 1335 0088 00000000 		.word	.LC0
 1336 008c 00000000 		.word	_yt_errmsg
 1337 0090 00000000 		.word	_yt_prompt_msg
 1338 0094 44000000 		.word	.LC1
 1339              		.cfi_endproc
 1340              	.LFE10:
 1342              		.section	.rodata.__FUNCTION__.0,"a"
 1343              		.align	2
 1346              	__FUNCTION__.0:
 1347 0000 66616C5F 		.ascii	"fal_tiger_loop_detect_unitID_get\000"
 1347      74696765 
 1347      725F6C6F 
 1347      6F705F64 
 1347      65746563 
 1348              		.section	.rodata.__FUNCTION__.1,"a"
 1349              		.align	2
 1352              	__FUNCTION__.1:
 1353 0000 66616C5F 		.ascii	"fal_tiger_loop_detect_unitID_set\000"
 1353      74696765 
 1353      725F6C6F 
 1353      6F705F64 
 1353      65746563 
 1354              		.section	.rodata.__FUNCTION__.2,"a"
 1355              		.align	2
 1358              	__FUNCTION__.2:
 1359 0000 66616C5F 		.ascii	"fal_tiger_loop_detect_generate_way_get\000"
 1359      74696765 
 1359      725F6C6F 
 1359      6F705F64 
 1359      65746563 
 1360              		.section	.rodata.__FUNCTION__.3,"a"
 1361              		.align	2
 1364              	__FUNCTION__.3:
 1365 0000 66616C5F 		.ascii	"fal_tiger_loop_detect_generate_way_set\000"
 1365      74696765 
 1365      725F6C6F 
 1365      6F705F64 
 1365      65746563 
 1366              		.section	.rodata.__FUNCTION__.4,"a"
 1367              		.align	2
 1370              	__FUNCTION__.4:
 1371 0000 66616C5F 		.ascii	"fal_tiger_loop_detect_tpid_get\000"
 1371      74696765 
 1371      725F6C6F 
 1371      6F705F64 
 1371      65746563 
 1372              		.section	.rodata.__FUNCTION__.5,"a"
 1373              		.align	2
 1376              	__FUNCTION__.5:
 1377 0000 66616C5F 		.ascii	"fal_tiger_loop_detect_tpid_set\000"
 1377      74696765 
 1377      725F6C6F 
 1377      6F705F64 
 1377      65746563 
 1378              		.section	.rodata.__FUNCTION__.6,"a"
 1379              		.align	2
 1382              	__FUNCTION__.6:
 1383 0000 66616C5F 		.ascii	"fal_tiger_loop_detect_enable_get\000"
 1383      74696765 
 1383      725F6C6F 
 1383      6F705F64 
 1383      65746563 
 1384              		.section	.rodata.__FUNCTION__.7,"a"
 1385              		.align	2
 1388              	__FUNCTION__.7:
 1389 0000 66616C5F 		.ascii	"fal_tiger_loop_detect_enable_set\000"
 1389      74696765 
 1389      725F6C6F 
 1389      6F705F64 
 1389      65746563 
 1390              		.text
 1391              	.Letext0:
 1392              		.file 2 "C:\\Users\\Dmitriy\\Desktop\\GD32F10x\\Switch\\common\\include/yt_types.h"
 1393              		.file 3 "C:\\Users\\Dmitriy\\Desktop\\GD32F10x\\Switch\\common\\include/yt_error.h"
 1394              		.file 4 "C:\\Users\\Dmitriy\\Desktop\\GD32F10x\\Switch\\include/yt_loopdetect.h"
 1395              		.file 5 "../Switch/core/fal/tiger/fal_tiger_entry.h"
 1396              		.file 6 "C:\\Users\\Dmitriy\\Desktop\\GD32F10x\\Switch\\core\\hal/hal_mem.h"
DEFINED SYMBOLS
                            *ABS*:00000000 fal_tiger_loopdetect.c
C:\Users\Dmitriy\AppData\Local\Temp\ccoGb1lw.s:19     .rodata.fal_tiger_loop_detect_enable_set.str1.4:00000000 $d
C:\Users\Dmitriy\AppData\Local\Temp\ccoGb1lw.s:31     .text.fal_tiger_loop_detect_enable_set:00000000 $t
C:\Users\Dmitriy\AppData\Local\Temp\ccoGb1lw.s:37     .text.fal_tiger_loop_detect_enable_set:00000000 fal_tiger_loop_detect_enable_set
C:\Users\Dmitriy\AppData\Local\Temp\ccoGb1lw.s:246    .text.fal_tiger_loop_detect_enable_set:000000f0 $d
C:\Users\Dmitriy\AppData\Local\Temp\ccoGb1lw.s:1388   .rodata.__FUNCTION__.7:00000000 __FUNCTION__.7
C:\Users\Dmitriy\AppData\Local\Temp\ccoGb1lw.s:260    .text.fal_tiger_loop_detect_enable_get:00000000 $t
C:\Users\Dmitriy\AppData\Local\Temp\ccoGb1lw.s:266    .text.fal_tiger_loop_detect_enable_get:00000000 fal_tiger_loop_detect_enable_get
C:\Users\Dmitriy\AppData\Local\Temp\ccoGb1lw.s:380    .text.fal_tiger_loop_detect_enable_get:00000064 $d
C:\Users\Dmitriy\AppData\Local\Temp\ccoGb1lw.s:1382   .rodata.__FUNCTION__.6:00000000 __FUNCTION__.6
C:\Users\Dmitriy\AppData\Local\Temp\ccoGb1lw.s:390    .text.fal_tiger_loop_detect_tpid_set:00000000 $t
C:\Users\Dmitriy\AppData\Local\Temp\ccoGb1lw.s:396    .text.fal_tiger_loop_detect_tpid_set:00000000 fal_tiger_loop_detect_tpid_set
C:\Users\Dmitriy\AppData\Local\Temp\ccoGb1lw.s:549    .text.fal_tiger_loop_detect_tpid_set:000000a0 $d
C:\Users\Dmitriy\AppData\Local\Temp\ccoGb1lw.s:1376   .rodata.__FUNCTION__.5:00000000 __FUNCTION__.5
C:\Users\Dmitriy\AppData\Local\Temp\ccoGb1lw.s:561    .text.fal_tiger_loop_detect_tpid_get:00000000 $t
C:\Users\Dmitriy\AppData\Local\Temp\ccoGb1lw.s:567    .text.fal_tiger_loop_detect_tpid_get:00000000 fal_tiger_loop_detect_tpid_get
C:\Users\Dmitriy\AppData\Local\Temp\ccoGb1lw.s:677    .text.fal_tiger_loop_detect_tpid_get:00000060 $d
C:\Users\Dmitriy\AppData\Local\Temp\ccoGb1lw.s:1370   .rodata.__FUNCTION__.4:00000000 __FUNCTION__.4
C:\Users\Dmitriy\AppData\Local\Temp\ccoGb1lw.s:687    .text.fal_tiger_loop_detect_generate_way_set:00000000 $t
C:\Users\Dmitriy\AppData\Local\Temp\ccoGb1lw.s:693    .text.fal_tiger_loop_detect_generate_way_set:00000000 fal_tiger_loop_detect_generate_way_set
C:\Users\Dmitriy\AppData\Local\Temp\ccoGb1lw.s:846    .text.fal_tiger_loop_detect_generate_way_set:000000a0 $d
C:\Users\Dmitriy\AppData\Local\Temp\ccoGb1lw.s:1364   .rodata.__FUNCTION__.3:00000000 __FUNCTION__.3
C:\Users\Dmitriy\AppData\Local\Temp\ccoGb1lw.s:858    .text.fal_tiger_loop_detect_generate_way_get:00000000 $t
C:\Users\Dmitriy\AppData\Local\Temp\ccoGb1lw.s:864    .text.fal_tiger_loop_detect_generate_way_get:00000000 fal_tiger_loop_detect_generate_way_get
C:\Users\Dmitriy\AppData\Local\Temp\ccoGb1lw.s:974    .text.fal_tiger_loop_detect_generate_way_get:00000060 $d
C:\Users\Dmitriy\AppData\Local\Temp\ccoGb1lw.s:1358   .rodata.__FUNCTION__.2:00000000 __FUNCTION__.2
C:\Users\Dmitriy\AppData\Local\Temp\ccoGb1lw.s:984    .text.fal_tiger_loop_detect_unitID_set:00000000 $t
C:\Users\Dmitriy\AppData\Local\Temp\ccoGb1lw.s:990    .text.fal_tiger_loop_detect_unitID_set:00000000 fal_tiger_loop_detect_unitID_set
C:\Users\Dmitriy\AppData\Local\Temp\ccoGb1lw.s:1158   .text.fal_tiger_loop_detect_unitID_set:000000c0 $d
C:\Users\Dmitriy\AppData\Local\Temp\ccoGb1lw.s:1352   .rodata.__FUNCTION__.1:00000000 __FUNCTION__.1
C:\Users\Dmitriy\AppData\Local\Temp\ccoGb1lw.s:1170   .text.fal_tiger_loop_detect_unitID_get:00000000 $t
C:\Users\Dmitriy\AppData\Local\Temp\ccoGb1lw.s:1176   .text.fal_tiger_loop_detect_unitID_get:00000000 fal_tiger_loop_detect_unitID_get
C:\Users\Dmitriy\AppData\Local\Temp\ccoGb1lw.s:1333   .text.fal_tiger_loop_detect_unitID_get:00000080 $d
C:\Users\Dmitriy\AppData\Local\Temp\ccoGb1lw.s:1346   .rodata.__FUNCTION__.0:00000000 __FUNCTION__.0
C:\Users\Dmitriy\AppData\Local\Temp\ccoGb1lw.s:1343   .rodata.__FUNCTION__.0:00000000 $d
C:\Users\Dmitriy\AppData\Local\Temp\ccoGb1lw.s:1349   .rodata.__FUNCTION__.1:00000000 $d
C:\Users\Dmitriy\AppData\Local\Temp\ccoGb1lw.s:1355   .rodata.__FUNCTION__.2:00000000 $d
C:\Users\Dmitriy\AppData\Local\Temp\ccoGb1lw.s:1361   .rodata.__FUNCTION__.3:00000000 $d
C:\Users\Dmitriy\AppData\Local\Temp\ccoGb1lw.s:1367   .rodata.__FUNCTION__.4:00000000 $d
C:\Users\Dmitriy\AppData\Local\Temp\ccoGb1lw.s:1373   .rodata.__FUNCTION__.5:00000000 $d
C:\Users\Dmitriy\AppData\Local\Temp\ccoGb1lw.s:1379   .rodata.__FUNCTION__.6:00000000 $d
C:\Users\Dmitriy\AppData\Local\Temp\ccoGb1lw.s:1385   .rodata.__FUNCTION__.7:00000000 $d
                           .group:00000000 wm4.0.353617a96a8f588ad8d04dd11dfc8225
                           .group:00000000 wm4._newlib_version.h.4.6d111ab2e95434b664b53815e5c8ccba
                           .group:00000000 wm4.newlib.h.27.d4bf77c18f14f545101dac22f0b54118
                           .group:00000000 wm4.ieeefp.h.77.0ee3146e9d892bb10bc0066c30189af1
                           .group:00000000 wm4.features.h.22.7877b139107948f7dadcf3660cc79cfd
                           .group:00000000 wm4.config.h.224.10ee1ad185d877c6e334e6581faab44d
                           .group:00000000 wm4._ansi.h.31.de524f58584151836e90d8620a16f8e8
                           .group:00000000 wm4.stdio.h.31.7c0e28c411445f3f9c5b11accf882760
                           .group:00000000 wm4._default_types.h.6.959254cf5f09734ea7516c89e8bb21bd
                           .group:00000000 wm4.stddef.h.185.cbb642e1ccd385e8aa504b15cb7fb086
                           .group:00000000 wm4.cdefs.h.49.f93868eb904b9ca05b5c0257d31128ca
                           .group:00000000 wm4.stddef.h.39.0e5f0dabba1c666ccadf0408e0d47322
                           .group:00000000 wm4.stdarg.h.34.3a23a216c0c293b3d2ea2e89281481e6
                           .group:00000000 wm4._types.h.20.dd0d04dca3800a0d2a6129b87f3adbb2
                           .group:00000000 wm4.stddef.h.158.5f30652bb2ea05b142c1bbee9108c999
                           .group:00000000 wm4._types.h.127.3bdfe3ff8ea2d0985b03d9cbe93480e3
                           .group:00000000 wm4.reent.h.17.e292bf8b0bec6c96e131a54347145a30
                           .group:00000000 wm4.lock.h.2.1461d1fff82dffe8bfddc23307f6484f
                           .group:00000000 wm4.reent.h.77.89f7dde66c62b1f1dee32bdb6ab2d544
                           .group:00000000 wm4.stdio.h.67.0cf8a9c281ab0b348aef5c02e7e48825
                           .group:00000000 wm4.stdio.h.2.4aa87247282eca6c8f36f9de33d8df1a
                           .group:00000000 wm4.stdio.h.87.a1e20d2651f9bfb66e51bfbe849db00a
                           .group:00000000 wm4.string.h.8.c4b8571ce60dff2817f43fec8b86aecd
                           .group:00000000 wm4.stddef.h.158.bfed30416c9480cd13bc4a25427d538f
                           .group:00000000 wm4.stdbool.h.29.4a1c88fe569adb8d03217dd16982ca34
                           .group:00000000 wm4.malloc.h.4.62bd13b8107d5245f60bd92bb5994838
                           .group:00000000 wm4.malloc.h.152.f5d1d9a9aabeac59da0ef41ede16d2b0
                           .group:00000000 wm4.yt_types.h.31.64aa050cf4c68d28514ce99f5dc2ddb9
                           .group:00000000 wm4.yt_lock.h.9.5d39f1aba4451d3b9b95aa39771489dc
                           .group:00000000 wm4.yt_error.h.38.039589275c83974021fd481937e9f4a7
                           .group:00000000 wm4.yt_util.h.17.08ae57e3898b218a2bbe57b2147a81bd
                           .group:00000000 wm4.chipdef_tiger.h.10.ae557adb3508daebcdc97f8fb0dc9e1a
                           .group:00000000 wm4.phy_chipdef.h.9.9a1a2dbb46f5503e32a84083ab1dbc9f
                           .group:00000000 wm4.cal_bprofile.h.23.d6ecfc2230abc149b4da600a40b20e5b
                           .group:00000000 wm4.bprofile_YT9215_default_demo.h.15.13aa65ba4a73c41dc1ffa3c5f8dcfda3
                           .group:00000000 wm4.cal_cmm.h.46.eec47faa946e01877de19a2f99ee7710
                           .group:00000000 wm4.yt_cmm.h.12.5273de39c1b049d4c73c2c31caf670b1
                           .group:00000000 wm4.yt_vlan.h.27.cbfc53d6b95550ade50fea715c623f6e
                           .group:00000000 wm4.yt_acl.h.25.ad9531373d966dccc96222e31e0234b5
                           .group:00000000 wm4.yt_nic.h.17.4e5ceed38d9cfbd9b5db2d4b069b6961
                           .group:00000000 wm4.yt_loopdetect.h.17.4739c2e436a8e779d4d8c89037b81aea
                           .group:00000000 wm4.yt_multicast.h.17.9c1d51b153e5e1785468d9c0ad6414a4
                           .group:00000000 wm4.yt_port.h.17.f9740394ebf086646c9c567db1605abb
                           .group:00000000 wm4.yt_stat.h.17.f87caec2ee71e59f920ea3778bda3fad
                           .group:00000000 wm4.fal_tiger_mem.h.6.e463db19434e1621ca889542a33dadb5
                           .group:00000000 wm4.hal_mem.h.36.24f0b260778f0666559c98f574a16e4b
                           .group:00000000 wm4.fal_cmm.h.21.abca9355ca9f68b8c1596045f4695bae
                           .group:00000000 wm4.fal_tiger_struct.h.6.65f60ff609860805c56cf9902d7678f2
                           .group:00000000 wm4.fal_tiger_entry.h.5.7362ab6fe03ebf954c0b1cff89cdb238

UNDEFINED SYMBOLS
hal_table_reg_read
hal_mem32_read
hal_mem32_write
osal_printf
hal_tbl_reg_field_set
hal_table_reg_write
yt_debug_level
_yt_errmsg
_yt_prompt_msg
hal_tbl_reg_field_get
