   1              		.cpu cortex-m3
   2              		.arch armv7-m
   3              		.fpu softvfp
   4              		.eabi_attribute 20, 1
   5              		.eabi_attribute 21, 1
   6              		.eabi_attribute 23, 3
   7              		.eabi_attribute 24, 1
   8              		.eabi_attribute 25, 1
   9              		.eabi_attribute 26, 1
  10              		.eabi_attribute 30, 1
  11              		.eabi_attribute 34, 1
  12              		.eabi_attribute 18, 4
  13              		.file	"fal_tiger_debug.c"
  14              		.text
  15              	.Ltext0:
  16              		.cfi_sections	.debug_frame
  17              		.file 1 "../Switch/core/fal/tiger/fal_tiger_debug.c"
  18              		.section	.rodata.fal_tiger_debug_phyLoopback_test_set.str1.4,"aMS",%progbits,1
  19              		.align	2
  20              	.LC0:
  21 0000 6748616C 		.ascii	"gHalCtrl[unit].pHalPhyDrv[mac_id]->pDrvFunc->phy_lo"
  21      4374726C 
  21      5B756E69 
  21      745D2E70 
  21      48616C50 
  22 0033 6F706261 		.ascii	"opback_set(unit, phy_addr, mode)\000"
  22      636B5F73 
  22      65742875 
  22      6E69742C 
  22      20706879 
  23              		.align	2
  24              	.LC1:
  25 0054 25732573 		.ascii	"%s%s of \"%s\" in %s\015\012\000"
  25      206F6620 
  25      22257322 
  25      20696E20 
  25      25730D0A 
  26              		.section	.text.fal_tiger_debug_phyLoopback_test_set,"ax",%progbits
  27              		.align	1
  28              		.global	fal_tiger_debug_phyLoopback_test_set
  29              		.syntax unified
  30              		.thumb
  31              		.thumb_func
  33              	fal_tiger_debug_phyLoopback_test_set:
  34              	.LVL0:
  35              	.LFB3:
   1:../Switch/core/fal/tiger/fal_tiger_debug.c **** /*******************************************************************************
   2:../Switch/core/fal/tiger/fal_tiger_debug.c **** *                                                                              *
   3:../Switch/core/fal/tiger/fal_tiger_debug.c **** *  Copyright (c), 2023, Motorcomm Electronic Technology Co.,Ltd.               *
   4:../Switch/core/fal/tiger/fal_tiger_debug.c **** *  Motorcomm Confidential and Proprietary.                                     *
   5:../Switch/core/fal/tiger/fal_tiger_debug.c **** *                                                                              *
   6:../Switch/core/fal/tiger/fal_tiger_debug.c **** ********************************************************************************
   7:../Switch/core/fal/tiger/fal_tiger_debug.c **** */
   8:../Switch/core/fal/tiger/fal_tiger_debug.c **** /**
   9:../Switch/core/fal/tiger/fal_tiger_debug.c **** ********************************************************************************
  10:../Switch/core/fal/tiger/fal_tiger_debug.c **** * @file fal_tiger_debug.c
  11:../Switch/core/fal/tiger/fal_tiger_debug.c **** *
  12:../Switch/core/fal/tiger/fal_tiger_debug.c **** * @brief x
  13:../Switch/core/fal/tiger/fal_tiger_debug.c **** *
  14:../Switch/core/fal/tiger/fal_tiger_debug.c **** ********************************************************************************
  15:../Switch/core/fal/tiger/fal_tiger_debug.c **** */
  16:../Switch/core/fal/tiger/fal_tiger_debug.c **** /*
  17:../Switch/core/fal/tiger/fal_tiger_debug.c ****  * Include Files
  18:../Switch/core/fal/tiger/fal_tiger_debug.c ****  */
  19:../Switch/core/fal/tiger/fal_tiger_debug.c **** #include "yt_error.h"
  20:../Switch/core/fal/tiger/fal_tiger_debug.c **** //#include "osal_print.h"
  21:../Switch/core/fal/tiger/fal_tiger_debug.c **** #include "fal_tiger_debug.h"
  22:../Switch/core/fal/tiger/fal_tiger_debug.c **** #include "fal_tiger_port.h"
  23:../Switch/core/fal/tiger/fal_tiger_debug.c **** #include "hal_mem.h"
  24:../Switch/core/fal/tiger/fal_tiger_debug.c **** #include "hal_ctrl.h"
  25:../Switch/core/fal/tiger/fal_tiger_debug.c **** 
  26:../Switch/core/fal/tiger/fal_tiger_debug.c **** #if defined(DEBUG_INCLUDED) && defined(PORT_INCLUDED)
  27:../Switch/core/fal/tiger/fal_tiger_debug.c **** yt_ret_t fal_tiger_debug_phyTemplate_test_set(yt_unit_t unit, yt_port_t port, yt_utp_template_testm
  28:../Switch/core/fal/tiger/fal_tiger_debug.c **** {
  29:../Switch/core/fal/tiger/fal_tiger_debug.c ****     cmm_err_t ret = CMM_ERR_OK;
  30:../Switch/core/fal/tiger/fal_tiger_debug.c ****     yt_port_t phy_addr;
  31:../Switch/core/fal/tiger/fal_tiger_debug.c ****     yt_macid_t mac_id;
  32:../Switch/core/fal/tiger/fal_tiger_debug.c ****     uint32_t regData;
  33:../Switch/core/fal/tiger/fal_tiger_debug.c **** 
  34:../Switch/core/fal/tiger/fal_tiger_debug.c ****     CMM_ERR_CHK(HAL_MEM_DIRECT_READ(unit, 0x80028, &regData), ret);
  35:../Switch/core/fal/tiger/fal_tiger_debug.c **** 
  36:../Switch/core/fal/tiger/fal_tiger_debug.c ****     mac_id = CAL_YTP_TO_MAC(unit, port);
  37:../Switch/core/fal/tiger/fal_tiger_debug.c ****     phy_addr = CAL_YTP_TO_PHYADDR(unit, port);
  38:../Switch/core/fal/tiger/fal_tiger_debug.c **** 
  39:../Switch/core/fal/tiger/fal_tiger_debug.c ****     if (INVALID_ID != CAL_YTP_TO_EXTPORT(unit, port))/*for sds test*/
  40:../Switch/core/fal/tiger/fal_tiger_debug.c ****     {
  41:../Switch/core/fal/tiger/fal_tiger_debug.c ****         CMM_ERR_CHK(HAL_MEM_DIRECT_WRITE(unit, 0x80028, (1<<(2+port-5)) | 0x3), ret);
  42:../Switch/core/fal/tiger/fal_tiger_debug.c ****         /*disable serdes interface*/
  43:../Switch/core/fal/tiger/fal_tiger_debug.c ****         regData &= 0x7c;
  44:../Switch/core/fal/tiger/fal_tiger_debug.c ****         CMM_ERR_CHK(HAL_MEM_DIRECT_WRITE(unit, 0x80028, regData), ret);
  45:../Switch/core/fal/tiger/fal_tiger_debug.c ****         if(mode == YT_UTP_TEMPLATE_TMODE_SDS2500M)
  46:../Switch/core/fal/tiger/fal_tiger_debug.c ****         {
  47:../Switch/core/fal/tiger/fal_tiger_debug.c ****             fal_tiger_port_extif_mode_set(unit, port, YT_EXTIF_MODE_BX2500);
  48:../Switch/core/fal/tiger/fal_tiger_debug.c ****         }
  49:../Switch/core/fal/tiger/fal_tiger_debug.c ****         else if(mode == YT_UTP_TEMPLATE_TMODE_SDS1000M)
  50:../Switch/core/fal/tiger/fal_tiger_debug.c ****         {
  51:../Switch/core/fal/tiger/fal_tiger_debug.c ****             fal_tiger_port_extif_mode_set(unit, port, YT_EXTIF_MODE_FIB_1000);
  52:../Switch/core/fal/tiger/fal_tiger_debug.c ****         }
  53:../Switch/core/fal/tiger/fal_tiger_debug.c ****     }
  54:../Switch/core/fal/tiger/fal_tiger_debug.c ****     else /*internal phy port*/
  55:../Switch/core/fal/tiger/fal_tiger_debug.c ****     {
  56:../Switch/core/fal/tiger/fal_tiger_debug.c ****         /*disable serdes interface*/
  57:../Switch/core/fal/tiger/fal_tiger_debug.c ****         regData &= 0x7c;
  58:../Switch/core/fal/tiger/fal_tiger_debug.c ****         CMM_ERR_CHK(HAL_MEM_DIRECT_WRITE(unit, 0x80028, regData), ret);
  59:../Switch/core/fal/tiger/fal_tiger_debug.c ****         CMM_ERR_CHK(HAL_MEM_DIRECT_WRITE(unit, 0x8002c, (1<<(16+port)) | 0xff), ret);
  60:../Switch/core/fal/tiger/fal_tiger_debug.c ****     }
  61:../Switch/core/fal/tiger/fal_tiger_debug.c **** 
  62:../Switch/core/fal/tiger/fal_tiger_debug.c ****     if(phy_addr != INVALID_ID)
  63:../Switch/core/fal/tiger/fal_tiger_debug.c ****     {
  64:../Switch/core/fal/tiger/fal_tiger_debug.c ****         if(HALPHYDRV(unit, mac_id) != NULL)
  65:../Switch/core/fal/tiger/fal_tiger_debug.c ****         {
  66:../Switch/core/fal/tiger/fal_tiger_debug.c ****             CMM_ERR_CHK(HALPHYDRV_FUNC(unit, mac_id)->phy_test_template(unit, phy_addr, mode), ret)
  67:../Switch/core/fal/tiger/fal_tiger_debug.c ****             return CMM_ERR_OK;
  68:../Switch/core/fal/tiger/fal_tiger_debug.c ****         }
  69:../Switch/core/fal/tiger/fal_tiger_debug.c ****     }
  70:../Switch/core/fal/tiger/fal_tiger_debug.c **** 
  71:../Switch/core/fal/tiger/fal_tiger_debug.c ****     return CMM_ERR_FAIL;
  72:../Switch/core/fal/tiger/fal_tiger_debug.c **** }
  73:../Switch/core/fal/tiger/fal_tiger_debug.c **** #endif
  74:../Switch/core/fal/tiger/fal_tiger_debug.c **** 
  75:../Switch/core/fal/tiger/fal_tiger_debug.c **** yt_ret_t fal_tiger_debug_phyLoopback_test_set(yt_unit_t unit, yt_port_t port, yt_phy_loopback_mode_
  76:../Switch/core/fal/tiger/fal_tiger_debug.c **** {
  36              		.loc 1 76 1 view -0
  37              		.cfi_startproc
  38              		@ args = 0, pretend = 0, frame = 0
  39              		@ frame_needed = 0, uses_anonymous_args = 0
  40              		.loc 1 76 1 is_stmt 0 view .LVU1
  41 0000 10B5     		push	{r4, lr}
  42              		.cfi_def_cfa_offset 8
  43              		.cfi_offset 4, -8
  44              		.cfi_offset 14, -4
  45 0002 82B0     		sub	sp, sp, #8
  46              		.cfi_def_cfa_offset 16
  77:../Switch/core/fal/tiger/fal_tiger_debug.c ****     cmm_err_t ret = CMM_ERR_OK;
  47              		.loc 1 77 5 is_stmt 1 view .LVU2
  48              	.LVL1:
  78:../Switch/core/fal/tiger/fal_tiger_debug.c ****     yt_port_t phy_addr;
  49              		.loc 1 78 5 view .LVU3
  79:../Switch/core/fal/tiger/fal_tiger_debug.c ****     yt_macid_t mac_id;
  50              		.loc 1 79 5 view .LVU4
  80:../Switch/core/fal/tiger/fal_tiger_debug.c **** 
  81:../Switch/core/fal/tiger/fal_tiger_debug.c ****     mac_id = CAL_YTP_TO_MAC(unit, port);
  51              		.loc 1 81 5 view .LVU5
  52              		.loc 1 81 14 is_stmt 0 view .LVU6
  53 0004 234B     		ldr	r3, .L12
  54 0006 1B78     		ldrb	r3, [r3]	@ zero_extendqisi2
  55 0008 53B1     		cbz	r3, .L5
  56              		.loc 1 81 14 discriminator 1 view .LVU7
  57 000a 234B     		ldr	r3, .L12+4
  58 000c 53F82030 		ldr	r3, [r3, r0, lsl #2]
  59 0010 1C7D     		ldrb	r4, [r3, #20]	@ zero_extendqisi2
  60 0012 8C42     		cmp	r4, r1
  61 0014 25D9     		bls	.L6
  62              		.loc 1 81 14 discriminator 3 view .LVU8
  63 0016 8C1D     		adds	r4, r1, #6
  64 0018 53F82430 		ldr	r3, [r3, r4, lsl #2]
  65 001c 1C78     		ldrb	r4, [r3]	@ zero_extendqisi2
  66 001e 00E0     		b	.L2
  67              	.L5:
  68              		.loc 1 81 14 view .LVU9
  69 0020 FF24     		movs	r4, #255
  70              	.L2:
  71              	.LVL2:
  82:../Switch/core/fal/tiger/fal_tiger_debug.c ****     phy_addr = CAL_YTP_TO_PHYADDR(unit, port);
  72              		.loc 1 82 5 is_stmt 1 discriminator 6 view .LVU10
  73              		.loc 1 82 16 is_stmt 0 discriminator 6 view .LVU11
  74 0022 1D4B     		ldr	r3, .L12+4
  75 0024 53F82030 		ldr	r3, [r3, r0, lsl #2]
  76 0028 0631     		adds	r1, r1, #6
  77              	.LVL3:
  78              		.loc 1 82 16 discriminator 6 view .LVU12
  79 002a 53F82130 		ldr	r3, [r3, r1, lsl #2]
  80 002e D978     		ldrb	r1, [r3, #3]	@ zero_extendqisi2
  81              	.LVL4:
  83:../Switch/core/fal/tiger/fal_tiger_debug.c **** 
  84:../Switch/core/fal/tiger/fal_tiger_debug.c ****     if(phy_addr != INVALID_ID)
  82              		.loc 1 84 5 is_stmt 1 discriminator 6 view .LVU13
  83              		.loc 1 84 7 is_stmt 0 discriminator 6 view .LVU14
  84 0030 FF29     		cmp	r1, #255
  85 0032 28D0     		beq	.L7
  85:../Switch/core/fal/tiger/fal_tiger_debug.c ****     {
  86:../Switch/core/fal/tiger/fal_tiger_debug.c ****         if(HALPHYDRV(unit, mac_id) != NULL)
  86              		.loc 1 86 9 is_stmt 1 view .LVU15
  87              		.loc 1 86 12 is_stmt 0 view .LVU16
  88 0034 C0EBC003 		rsb	r3, r0, r0, lsl #3
  89 0038 00EB8303 		add	r3, r0, r3, lsl #2
  90 003c 2344     		add	r3, r3, r4
  91 003e 174C     		ldr	r4, .L12+8
  92              	.LVL5:
  93              		.loc 1 86 12 view .LVU17
  94 0040 04EB8303 		add	r3, r4, r3, lsl #2
  95 0044 5B68     		ldr	r3, [r3, #4]
  96              		.loc 1 86 11 view .LVU18
  97 0046 0BB3     		cbz	r3, .L8
  87:../Switch/core/fal/tiger/fal_tiger_debug.c ****         {
  88:../Switch/core/fal/tiger/fal_tiger_debug.c ****             CMM_ERR_CHK(HALPHYDRV_FUNC(unit, mac_id)->phy_loopback_set(unit, phy_addr, mode), ret);
  98              		.loc 1 88 13 is_stmt 1 view .LVU19
  99              		.loc 1 88 13 view .LVU20
 100 0048 9B68     		ldr	r3, [r3, #8]
 101 004a 1B6E     		ldr	r3, [r3, #96]
 102 004c 9847     		blx	r3
 103              	.LVL6:
 104              		.loc 1 88 13 is_stmt 0 view .LVU21
 105 004e 0446     		mov	r4, r0
 106              	.LVL7:
 107              		.loc 1 88 13 view .LVU22
 108 0050 10F0FF03 		ands	r3, r0, #255
 109 0054 1CD0     		beq	.L9
 110              		.loc 1 88 13 is_stmt 1 discriminator 1 view .LVU23
 111              		.loc 1 88 13 discriminator 1 view .LVU24
 112 0056 124A     		ldr	r2, .L12+12
 113 0058 1278     		ldrb	r2, [r2]	@ zero_extendqisi2
 114 005a 012A     		cmp	r2, #1
 115 005c 03D8     		bhi	.L11
 116              	.LVL8:
 117              	.L4:
 118              		.loc 1 88 13 discriminator 5 view .LVU25
 119              		.loc 1 88 13 discriminator 5 view .LVU26
 120              		.loc 1 88 13 discriminator 5 view .LVU27
 121 005e E0B2     		uxtb	r0, r4
 122 0060 12E0     		b	.L1
 123              	.LVL9:
 124              	.L6:
  81:../Switch/core/fal/tiger/fal_tiger_debug.c ****     phy_addr = CAL_YTP_TO_PHYADDR(unit, port);
 125              		.loc 1 81 14 is_stmt 0 view .LVU28
 126 0062 FF24     		movs	r4, #255
 127 0064 DDE7     		b	.L2
 128              	.LVL10:
 129              	.L11:
 130              		.loc 1 88 13 is_stmt 1 discriminator 3 view .LVU29
 131              	.LBB2:
 132              		.loc 1 88 13 discriminator 3 view .LVU30
 133 0066 142B     		cmp	r3, #20
 134 0068 28BF     		it	cs
 135 006a 1423     		movcs	r3, #20
 136 006c 1A46     		mov	r2, r3
 137 006e 0D4B     		ldr	r3, .L12+16
 138 0070 0093     		str	r3, [sp]
 139 0072 0D4B     		ldr	r3, .L12+20
 140 0074 0D49     		ldr	r1, .L12+24
 141 0076 51F82220 		ldr	r2, [r1, r2, lsl #2]
 142 007a 0D49     		ldr	r1, .L12+28
 143 007c 8968     		ldr	r1, [r1, #8]
 144 007e 0D48     		ldr	r0, .L12+32
 145              	.LVL11:
 146              		.loc 1 88 13 is_stmt 0 discriminator 3 view .LVU31
 147 0080 FFF7FEFF 		bl	osal_printf
 148              	.LVL12:
 149 0084 EBE7     		b	.L4
 150              	.LVL13:
 151              	.L7:
 152              		.loc 1 88 13 discriminator 3 view .LVU32
 153              	.LBE2:
  89:../Switch/core/fal/tiger/fal_tiger_debug.c ****             return CMM_ERR_OK;
  90:../Switch/core/fal/tiger/fal_tiger_debug.c ****         }
  91:../Switch/core/fal/tiger/fal_tiger_debug.c ****     }
  92:../Switch/core/fal/tiger/fal_tiger_debug.c **** 
  93:../Switch/core/fal/tiger/fal_tiger_debug.c ****     return CMM_ERR_FAIL;
 154              		.loc 1 93 12 view .LVU33
 155 0086 0120     		movs	r0, #1
 156              	.LVL14:
 157              	.L1:
  94:../Switch/core/fal/tiger/fal_tiger_debug.c **** }
 158              		.loc 1 94 1 view .LVU34
 159 0088 02B0     		add	sp, sp, #8
 160              		.cfi_remember_state
 161              		.cfi_def_cfa_offset 8
 162              		@ sp needed
 163 008a 10BD     		pop	{r4, pc}
 164              	.LVL15:
 165              	.L8:
 166              		.cfi_restore_state
  93:../Switch/core/fal/tiger/fal_tiger_debug.c **** }
 167              		.loc 1 93 12 view .LVU35
 168 008c 0120     		movs	r0, #1
 169              	.LVL16:
  93:../Switch/core/fal/tiger/fal_tiger_debug.c **** }
 170              		.loc 1 93 12 view .LVU36
 171 008e FBE7     		b	.L1
 172              	.LVL17:
 173              	.L9:
  89:../Switch/core/fal/tiger/fal_tiger_debug.c ****             return CMM_ERR_OK;
 174              		.loc 1 89 20 view .LVU37
 175 0090 0020     		movs	r0, #0
 176              	.LVL18:
  89:../Switch/core/fal/tiger/fal_tiger_debug.c ****             return CMM_ERR_OK;
 177              		.loc 1 89 20 view .LVU38
 178 0092 F9E7     		b	.L1
 179              	.L13:
 180              		.align	2
 181              	.L12:
 182 0094 00000000 		.word	gcal_inited
 183 0098 00000000 		.word	gpSwitchUnit
 184 009c 00000000 		.word	gHalCtrl
 185 00a0 00000000 		.word	yt_debug_level
 186 00a4 00000000 		.word	__FUNCTION__.0
 187 00a8 00000000 		.word	.LC0
 188 00ac 00000000 		.word	_yt_errmsg
 189 00b0 00000000 		.word	_yt_prompt_msg
 190 00b4 54000000 		.word	.LC1
 191              		.cfi_endproc
 192              	.LFE3:
 194              		.section	.rodata.__FUNCTION__.0,"a"
 195              		.align	2
 198              	__FUNCTION__.0:
 199 0000 66616C5F 		.ascii	"fal_tiger_debug_phyLoopback_test_set\000"
 199      74696765 
 199      725F6465 
 199      6275675F 
 199      7068794C 
 200              		.text
 201              	.Letext0:
 202              		.file 2 "C:\\Users\\Dmitriy\\Desktop\\GD32F10x\\Switch\\common\\include/yt_types.h"
 203              		.file 3 "C:\\Users\\Dmitriy\\Desktop\\GD32F10x\\Switch\\common\\include/yt_error.h"
 204              		.file 4 "C:\\Users\\Dmitriy\\Desktop\\GD32F10x\\Switch\\core\\fal\\chipdef/chipdef.h"
 205              		.file 5 "C:\\Users\\Dmitriy\\Desktop\\GD32F10x\\Switch\\core\\drv\\phy/phy_chipdef.h"
 206              		.file 6 "C:\\Users\\Dmitriy\\Desktop\\GD32F10x\\Switch\\core\\cal/cal_bprofile.h"
 207              		.file 7 "C:\\Users\\Dmitriy\\Desktop\\GD32F10x\\Switch\\core\\cal/cal_mgm.h"
 208              		.file 8 "C:\\Users\\Dmitriy\\Desktop\\GD32F10x\\Switch\\include/yt_port.h"
 209              		.file 9 "C:\\Users\\Dmitriy\\Desktop\\GD32F10x\\Switch\\include/yt_debug.h"
 210              		.file 10 "C:\\Users\\Dmitriy\\Desktop\\GD32F10x\\Switch\\core\\drv\\mac/sw_drv.h"
 211              		.file 11 "C:\\Users\\Dmitriy\\Desktop\\GD32F10x\\Switch\\core\\drv\\phy/phy_drv.h"
 212              		.file 12 "C:\\Users\\Dmitriy\\Desktop\\GD32F10x\\Switch\\core\\hal/hal_ctrl.h"
DEFINED SYMBOLS
                            *ABS*:00000000 fal_tiger_debug.c
C:\Users\Dmitriy\AppData\Local\Temp\cckVb2sw.s:19     .rodata.fal_tiger_debug_phyLoopback_test_set.str1.4:00000000 $d
C:\Users\Dmitriy\AppData\Local\Temp\cckVb2sw.s:27     .text.fal_tiger_debug_phyLoopback_test_set:00000000 $t
C:\Users\Dmitriy\AppData\Local\Temp\cckVb2sw.s:33     .text.fal_tiger_debug_phyLoopback_test_set:00000000 fal_tiger_debug_phyLoopback_test_set
C:\Users\Dmitriy\AppData\Local\Temp\cckVb2sw.s:182    .text.fal_tiger_debug_phyLoopback_test_set:00000094 $d
C:\Users\Dmitriy\AppData\Local\Temp\cckVb2sw.s:198    .rodata.__FUNCTION__.0:00000000 __FUNCTION__.0
C:\Users\Dmitriy\AppData\Local\Temp\cckVb2sw.s:195    .rodata.__FUNCTION__.0:00000000 $d
                           .group:00000000 wm4.0.353617a96a8f588ad8d04dd11dfc8225
                           .group:00000000 wm4._newlib_version.h.4.6d111ab2e95434b664b53815e5c8ccba
                           .group:00000000 wm4.newlib.h.27.d4bf77c18f14f545101dac22f0b54118
                           .group:00000000 wm4.ieeefp.h.77.0ee3146e9d892bb10bc0066c30189af1
                           .group:00000000 wm4.features.h.22.7877b139107948f7dadcf3660cc79cfd
                           .group:00000000 wm4.config.h.224.10ee1ad185d877c6e334e6581faab44d
                           .group:00000000 wm4._ansi.h.31.de524f58584151836e90d8620a16f8e8
                           .group:00000000 wm4.stdio.h.31.7c0e28c411445f3f9c5b11accf882760
                           .group:00000000 wm4._default_types.h.6.959254cf5f09734ea7516c89e8bb21bd
                           .group:00000000 wm4.stddef.h.185.cbb642e1ccd385e8aa504b15cb7fb086
                           .group:00000000 wm4.cdefs.h.49.f93868eb904b9ca05b5c0257d31128ca
                           .group:00000000 wm4.stddef.h.39.0e5f0dabba1c666ccadf0408e0d47322
                           .group:00000000 wm4.stdarg.h.34.3a23a216c0c293b3d2ea2e89281481e6
                           .group:00000000 wm4._types.h.20.dd0d04dca3800a0d2a6129b87f3adbb2
                           .group:00000000 wm4.stddef.h.158.5f30652bb2ea05b142c1bbee9108c999
                           .group:00000000 wm4._types.h.127.3bdfe3ff8ea2d0985b03d9cbe93480e3
                           .group:00000000 wm4.reent.h.17.e292bf8b0bec6c96e131a54347145a30
                           .group:00000000 wm4.lock.h.2.1461d1fff82dffe8bfddc23307f6484f
                           .group:00000000 wm4.reent.h.77.89f7dde66c62b1f1dee32bdb6ab2d544
                           .group:00000000 wm4.stdio.h.67.0cf8a9c281ab0b348aef5c02e7e48825
                           .group:00000000 wm4.stdio.h.2.4aa87247282eca6c8f36f9de33d8df1a
                           .group:00000000 wm4.stdio.h.87.a1e20d2651f9bfb66e51bfbe849db00a
                           .group:00000000 wm4.string.h.8.c4b8571ce60dff2817f43fec8b86aecd
                           .group:00000000 wm4.stddef.h.158.bfed30416c9480cd13bc4a25427d538f
                           .group:00000000 wm4.stdbool.h.29.4a1c88fe569adb8d03217dd16982ca34
                           .group:00000000 wm4.malloc.h.4.62bd13b8107d5245f60bd92bb5994838
                           .group:00000000 wm4.malloc.h.152.f5d1d9a9aabeac59da0ef41ede16d2b0
                           .group:00000000 wm4.yt_types.h.31.64aa050cf4c68d28514ce99f5dc2ddb9
                           .group:00000000 wm4.yt_lock.h.9.5d39f1aba4451d3b9b95aa39771489dc
                           .group:00000000 wm4.yt_error.h.38.039589275c83974021fd481937e9f4a7
                           .group:00000000 wm4.yt_util.h.17.08ae57e3898b218a2bbe57b2147a81bd
                           .group:00000000 wm4.chipdef_tiger.h.10.ae557adb3508daebcdc97f8fb0dc9e1a
                           .group:00000000 wm4.phy_chipdef.h.9.9a1a2dbb46f5503e32a84083ab1dbc9f
                           .group:00000000 wm4.cal_bprofile.h.23.d6ecfc2230abc149b4da600a40b20e5b
                           .group:00000000 wm4.bprofile_YT9215_default_demo.h.15.13aa65ba4a73c41dc1ffa3c5f8dcfda3
                           .group:00000000 wm4.cal_cmm.h.46.eec47faa946e01877de19a2f99ee7710
                           .group:00000000 wm4.yt_cmm.h.12.5273de39c1b049d4c73c2c31caf670b1
                           .group:00000000 wm4.yt_port.h.17.f9740394ebf086646c9c567db1605abb
                           .group:00000000 wm4.fal_tiger_mem.h.6.e463db19434e1621ca889542a33dadb5
                           .group:00000000 wm4.hal_mem.h.36.24f0b260778f0666559c98f574a16e4b
                           .group:00000000 wm4.hal_ctrl.h.25.367b449f63494da8a1fabadd8a862957

UNDEFINED SYMBOLS
osal_printf
gcal_inited
gpSwitchUnit
gHalCtrl
yt_debug_level
_yt_errmsg
_yt_prompt_msg
