   1              		.cpu cortex-m3
   2              		.arch armv7-m
   3              		.fpu softvfp
   4              		.eabi_attribute 20, 1
   5              		.eabi_attribute 21, 1
   6              		.eabi_attribute 23, 3
   7              		.eabi_attribute 24, 1
   8              		.eabi_attribute 25, 1
   9              		.eabi_attribute 26, 1
  10              		.eabi_attribute 30, 1
  11              		.eabi_attribute 34, 1
  12              		.eabi_attribute 18, 4
  13              		.file	"fal_tiger_sensor.c"
  14              		.text
  15              	.Ltext0:
  16              		.cfi_sections	.debug_frame
  17              		.file 1 "../Switch/core/fal/tiger/fal_tiger_sensor.c"
  18              		.section	.rodata.fal_tiger_sensor_temp_enable_set.str1.4,"aMS",%progbits,1
  19              		.align	2
  20              	.LC0:
  21 0000 68616C5F 		.ascii	"hal_mem32_read(unit, 0x8036c, &regData)\000"
  21      6D656D33 
  21      325F7265 
  21      61642875 
  21      6E69742C 
  22              		.align	2
  23              	.LC1:
  24 0028 25732573 		.ascii	"%s%s of \"%s\" in %s\015\012\000"
  24      206F6620 
  24      22257322 
  24      20696E20 
  24      25730D0A 
  25 003d 000000   		.align	2
  26              	.LC2:
  27 0040 68616C5F 		.ascii	"hal_mem32_write(unit, 0x8036c, regData)\000"
  27      6D656D33 
  27      325F7772 
  27      69746528 
  27      756E6974 
  28              		.section	.text.fal_tiger_sensor_temp_enable_set,"ax",%progbits
  29              		.align	1
  30              		.global	fal_tiger_sensor_temp_enable_set
  31              		.syntax unified
  32              		.thumb
  33              		.thumb_func
  35              	fal_tiger_sensor_temp_enable_set:
  36              	.LVL0:
  37              	.LFB3:
   1:../Switch/core/fal/tiger/fal_tiger_sensor.c **** /******************************************************************************
   2:../Switch/core/fal/tiger/fal_tiger_sensor.c **** *                                                                              *
   3:../Switch/core/fal/tiger/fal_tiger_sensor.c **** *  Copyright (c), 2022, Motorcomm Electronic Technology Co.,Ltd.               *
   4:../Switch/core/fal/tiger/fal_tiger_sensor.c **** *  Motorcomm Confidential and Proprietary.                                     *
   5:../Switch/core/fal/tiger/fal_tiger_sensor.c **** *                                                                              *
   6:../Switch/core/fal/tiger/fal_tiger_sensor.c **** *******************************************************************************
   7:../Switch/core/fal/tiger/fal_tiger_sensor.c **** */
   8:../Switch/core/fal/tiger/fal_tiger_sensor.c **** 
   9:../Switch/core/fal/tiger/fal_tiger_sensor.c **** #include "yt_error.h"
  10:../Switch/core/fal/tiger/fal_tiger_sensor.c **** #include "hal_mem.h"
  11:../Switch/core/fal/tiger/fal_tiger_sensor.c **** #include "fal_tiger_sensor.h"
  12:../Switch/core/fal/tiger/fal_tiger_sensor.c **** 
  13:../Switch/core/fal/tiger/fal_tiger_sensor.c **** yt_ret_t fal_tiger_sensor_temp_enable_set(yt_unit_t unit, yt_enable_t enable)
  14:../Switch/core/fal/tiger/fal_tiger_sensor.c **** {
  38              		.loc 1 14 1 view -0
  39              		.cfi_startproc
  40              		@ args = 0, pretend = 0, frame = 8
  41              		@ frame_needed = 0, uses_anonymous_args = 0
  42              		.loc 1 14 1 is_stmt 0 view .LVU1
  43 0000 70B5     		push	{r4, r5, r6, lr}
  44              		.cfi_def_cfa_offset 16
  45              		.cfi_offset 4, -16
  46              		.cfi_offset 5, -12
  47              		.cfi_offset 6, -8
  48              		.cfi_offset 14, -4
  49 0002 84B0     		sub	sp, sp, #16
  50              		.cfi_def_cfa_offset 32
  51 0004 0646     		mov	r6, r0
  52 0006 0D46     		mov	r5, r1
  15:../Switch/core/fal/tiger/fal_tiger_sensor.c ****     cmm_err_t ret = CMM_ERR_OK;
  53              		.loc 1 15 5 is_stmt 1 view .LVU2
  54              	.LVL1:
  16:../Switch/core/fal/tiger/fal_tiger_sensor.c ****     uint32_t regData;
  55              		.loc 1 16 5 view .LVU3
  17:../Switch/core/fal/tiger/fal_tiger_sensor.c **** 
  18:../Switch/core/fal/tiger/fal_tiger_sensor.c ****     CMM_ERR_CHK(HAL_MEM_DIRECT_READ(unit, 0x8036c, &regData), ret);
  56              		.loc 1 18 5 view .LVU4
  57              		.loc 1 18 5 view .LVU5
  58 0008 03AA     		add	r2, sp, #12
  59 000a 2549     		ldr	r1, .L15
  60              	.LVL2:
  61              		.loc 1 18 5 is_stmt 0 view .LVU6
  62 000c FFF7FEFF 		bl	hal_mem32_read
  63              	.LVL3:
  64              		.loc 1 18 5 view .LVU7
  65 0010 10F0FF03 		ands	r3, r0, #255
  66 0014 11D1     		bne	.L10
  67              		.loc 1 18 5 is_stmt 1 discriminator 2 view .LVU8
  19:../Switch/core/fal/tiger/fal_tiger_sensor.c ****     if(enable == YT_ENABLE)
  68              		.loc 1 19 5 discriminator 2 view .LVU9
  69              		.loc 1 19 7 is_stmt 0 discriminator 2 view .LVU10
  70 0016 012D     		cmp	r5, #1
  71 0018 26D0     		beq	.L11
  20:../Switch/core/fal/tiger/fal_tiger_sensor.c ****     {
  21:../Switch/core/fal/tiger/fal_tiger_sensor.c ****         regData |= (1<<18);
  22:../Switch/core/fal/tiger/fal_tiger_sensor.c ****     }
  23:../Switch/core/fal/tiger/fal_tiger_sensor.c ****     else
  24:../Switch/core/fal/tiger/fal_tiger_sensor.c ****     {
  25:../Switch/core/fal/tiger/fal_tiger_sensor.c ****         regData &= ~(1<<18);
  72              		.loc 1 25 9 is_stmt 1 view .LVU11
  73              		.loc 1 25 17 is_stmt 0 view .LVU12
  74 001a 039B     		ldr	r3, [sp, #12]
  75 001c 23F48023 		bic	r3, r3, #262144
  76 0020 0393     		str	r3, [sp, #12]
  77              	.L6:
  26:../Switch/core/fal/tiger/fal_tiger_sensor.c ****     }
  27:../Switch/core/fal/tiger/fal_tiger_sensor.c **** 
  28:../Switch/core/fal/tiger/fal_tiger_sensor.c ****     CMM_ERR_CHK(HAL_MEM_DIRECT_WRITE(unit, 0x8036c, regData), ret);
  78              		.loc 1 28 5 is_stmt 1 view .LVU13
  79              		.loc 1 28 5 view .LVU14
  80 0022 039A     		ldr	r2, [sp, #12]
  81 0024 1E49     		ldr	r1, .L15
  82 0026 3046     		mov	r0, r6
  83              	.LVL4:
  84              		.loc 1 28 5 is_stmt 0 view .LVU15
  85 0028 FFF7FEFF 		bl	hal_mem32_write
  86              	.LVL5:
  87 002c 0446     		mov	r4, r0
  88              	.LVL6:
  89              		.loc 1 28 5 view .LVU16
  90 002e 10F0FF03 		ands	r3, r0, #255
  91 0032 1ED1     		bne	.L12
  29:../Switch/core/fal/tiger/fal_tiger_sensor.c **** 
  30:../Switch/core/fal/tiger/fal_tiger_sensor.c ****     return CMM_ERR_OK;
  92              		.loc 1 30 12 view .LVU17
  93 0034 0020     		movs	r0, #0
  94              	.LVL7:
  95              	.L1:
  31:../Switch/core/fal/tiger/fal_tiger_sensor.c **** }
  96              		.loc 1 31 1 view .LVU18
  97 0036 04B0     		add	sp, sp, #16
  98              		.cfi_remember_state
  99              		.cfi_def_cfa_offset 16
 100              		@ sp needed
 101 0038 70BD     		pop	{r4, r5, r6, pc}
 102              	.LVL8:
 103              	.L10:
 104              		.cfi_restore_state
 105              		.loc 1 31 1 view .LVU19
 106 003a 0446     		mov	r4, r0
  18:../Switch/core/fal/tiger/fal_tiger_sensor.c ****     if(enable == YT_ENABLE)
 107              		.loc 1 18 5 is_stmt 1 discriminator 1 view .LVU20
  18:../Switch/core/fal/tiger/fal_tiger_sensor.c ****     if(enable == YT_ENABLE)
 108              		.loc 1 18 5 discriminator 1 view .LVU21
 109 003c 194A     		ldr	r2, .L15+4
 110 003e 1278     		ldrb	r2, [r2]	@ zero_extendqisi2
 111 0040 012A     		cmp	r2, #1
 112 0042 01D8     		bhi	.L13
 113              	.LVL9:
 114              	.L3:
  18:../Switch/core/fal/tiger/fal_tiger_sensor.c ****     if(enable == YT_ENABLE)
 115              		.loc 1 18 5 discriminator 5 view .LVU22
  18:../Switch/core/fal/tiger/fal_tiger_sensor.c ****     if(enable == YT_ENABLE)
 116              		.loc 1 18 5 discriminator 5 view .LVU23
  18:../Switch/core/fal/tiger/fal_tiger_sensor.c ****     if(enable == YT_ENABLE)
 117              		.loc 1 18 5 discriminator 5 view .LVU24
 118 0044 E0B2     		uxtb	r0, r4
 119 0046 F6E7     		b	.L1
 120              	.LVL10:
 121              	.L13:
  18:../Switch/core/fal/tiger/fal_tiger_sensor.c ****     if(enable == YT_ENABLE)
 122              		.loc 1 18 5 discriminator 3 view .LVU25
 123              	.LBB2:
  18:../Switch/core/fal/tiger/fal_tiger_sensor.c ****     if(enable == YT_ENABLE)
 124              		.loc 1 18 5 discriminator 3 view .LVU26
 125 0048 142B     		cmp	r3, #20
 126 004a 28BF     		it	cs
 127 004c 1423     		movcs	r3, #20
 128 004e 1A46     		mov	r2, r3
 129 0050 154B     		ldr	r3, .L15+8
 130 0052 0093     		str	r3, [sp]
 131 0054 154B     		ldr	r3, .L15+12
 132 0056 1649     		ldr	r1, .L15+16
 133 0058 51F82220 		ldr	r2, [r1, r2, lsl #2]
 134 005c 1549     		ldr	r1, .L15+20
 135 005e 8968     		ldr	r1, [r1, #8]
 136 0060 1548     		ldr	r0, .L15+24
 137              	.LVL11:
  18:../Switch/core/fal/tiger/fal_tiger_sensor.c ****     if(enable == YT_ENABLE)
 138              		.loc 1 18 5 is_stmt 0 discriminator 3 view .LVU27
 139 0062 FFF7FEFF 		bl	osal_printf
 140              	.LVL12:
 141 0066 EDE7     		b	.L3
 142              	.LVL13:
 143              	.L11:
  18:../Switch/core/fal/tiger/fal_tiger_sensor.c ****     if(enable == YT_ENABLE)
 144              		.loc 1 18 5 discriminator 3 view .LVU28
 145              	.LBE2:
  21:../Switch/core/fal/tiger/fal_tiger_sensor.c ****     }
 146              		.loc 1 21 9 is_stmt 1 view .LVU29
  21:../Switch/core/fal/tiger/fal_tiger_sensor.c ****     }
 147              		.loc 1 21 17 is_stmt 0 view .LVU30
 148 0068 039B     		ldr	r3, [sp, #12]
 149 006a 43F48023 		orr	r3, r3, #262144
 150 006e 0393     		str	r3, [sp, #12]
 151 0070 D7E7     		b	.L6
 152              	.L12:
  28:../Switch/core/fal/tiger/fal_tiger_sensor.c **** 
 153              		.loc 1 28 5 is_stmt 1 discriminator 1 view .LVU31
  28:../Switch/core/fal/tiger/fal_tiger_sensor.c **** 
 154              		.loc 1 28 5 discriminator 1 view .LVU32
 155 0072 0C4A     		ldr	r2, .L15+4
 156 0074 1278     		ldrb	r2, [r2]	@ zero_extendqisi2
 157 0076 012A     		cmp	r2, #1
 158 0078 01D8     		bhi	.L14
 159              	.LVL14:
 160              	.L7:
  28:../Switch/core/fal/tiger/fal_tiger_sensor.c **** 
 161              		.loc 1 28 5 discriminator 5 view .LVU33
  28:../Switch/core/fal/tiger/fal_tiger_sensor.c **** 
 162              		.loc 1 28 5 discriminator 5 view .LVU34
  28:../Switch/core/fal/tiger/fal_tiger_sensor.c **** 
 163              		.loc 1 28 5 discriminator 5 view .LVU35
 164 007a E0B2     		uxtb	r0, r4
 165 007c DBE7     		b	.L1
 166              	.LVL15:
 167              	.L14:
  28:../Switch/core/fal/tiger/fal_tiger_sensor.c **** 
 168              		.loc 1 28 5 discriminator 3 view .LVU36
 169              	.LBB3:
  28:../Switch/core/fal/tiger/fal_tiger_sensor.c **** 
 170              		.loc 1 28 5 discriminator 3 view .LVU37
 171 007e 142B     		cmp	r3, #20
 172 0080 28BF     		it	cs
 173 0082 1423     		movcs	r3, #20
 174 0084 1A46     		mov	r2, r3
 175 0086 084B     		ldr	r3, .L15+8
 176 0088 0093     		str	r3, [sp]
 177 008a 0C4B     		ldr	r3, .L15+28
 178 008c 0849     		ldr	r1, .L15+16
 179 008e 51F82220 		ldr	r2, [r1, r2, lsl #2]
 180 0092 0849     		ldr	r1, .L15+20
 181 0094 8968     		ldr	r1, [r1, #8]
 182 0096 0848     		ldr	r0, .L15+24
 183              	.LVL16:
  28:../Switch/core/fal/tiger/fal_tiger_sensor.c **** 
 184              		.loc 1 28 5 is_stmt 0 discriminator 3 view .LVU38
 185 0098 FFF7FEFF 		bl	osal_printf
 186              	.LVL17:
 187 009c EDE7     		b	.L7
 188              	.L16:
 189 009e 00BF     		.align	2
 190              	.L15:
 191 00a0 6C030800 		.word	525164
 192 00a4 00000000 		.word	yt_debug_level
 193 00a8 00000000 		.word	__FUNCTION__.2
 194 00ac 00000000 		.word	.LC0
 195 00b0 00000000 		.word	_yt_errmsg
 196 00b4 00000000 		.word	_yt_prompt_msg
 197 00b8 28000000 		.word	.LC1
 198 00bc 40000000 		.word	.LC2
 199              	.LBE3:
 200              		.cfi_endproc
 201              	.LFE3:
 203              		.section	.text.fal_tiger_sensor_temp_enable_get,"ax",%progbits
 204              		.align	1
 205              		.global	fal_tiger_sensor_temp_enable_get
 206              		.syntax unified
 207              		.thumb
 208              		.thumb_func
 210              	fal_tiger_sensor_temp_enable_get:
 211              	.LVL18:
 212              	.LFB4:
  32:../Switch/core/fal/tiger/fal_tiger_sensor.c **** 
  33:../Switch/core/fal/tiger/fal_tiger_sensor.c **** yt_ret_t fal_tiger_sensor_temp_enable_get(yt_unit_t unit, yt_enable_t *pEnable)
  34:../Switch/core/fal/tiger/fal_tiger_sensor.c **** {
 213              		.loc 1 34 1 is_stmt 1 view -0
 214              		.cfi_startproc
 215              		@ args = 0, pretend = 0, frame = 8
 216              		@ frame_needed = 0, uses_anonymous_args = 0
 217              		.loc 1 34 1 is_stmt 0 view .LVU40
 218 0000 30B5     		push	{r4, r5, lr}
 219              		.cfi_def_cfa_offset 12
 220              		.cfi_offset 4, -12
 221              		.cfi_offset 5, -8
 222              		.cfi_offset 14, -4
 223 0002 85B0     		sub	sp, sp, #20
 224              		.cfi_def_cfa_offset 32
 225 0004 0D46     		mov	r5, r1
  35:../Switch/core/fal/tiger/fal_tiger_sensor.c ****     cmm_err_t ret = CMM_ERR_OK;
 226              		.loc 1 35 5 is_stmt 1 view .LVU41
 227              	.LVL19:
  36:../Switch/core/fal/tiger/fal_tiger_sensor.c ****     uint32_t regData;
 228              		.loc 1 36 5 view .LVU42
  37:../Switch/core/fal/tiger/fal_tiger_sensor.c **** 
  38:../Switch/core/fal/tiger/fal_tiger_sensor.c ****     CMM_ERR_CHK(HAL_MEM_DIRECT_READ(unit, 0x8036c, &regData), ret);
 229              		.loc 1 38 5 view .LVU43
 230              		.loc 1 38 5 view .LVU44
 231 0006 03AA     		add	r2, sp, #12
 232 0008 1149     		ldr	r1, .L24
 233              	.LVL20:
 234              		.loc 1 38 5 is_stmt 0 view .LVU45
 235 000a FFF7FEFF 		bl	hal_mem32_read
 236              	.LVL21:
 237              		.loc 1 38 5 view .LVU46
 238 000e 10F0FF03 		ands	r3, r0, #255
 239 0012 06D1     		bne	.L22
 240              		.loc 1 38 5 is_stmt 1 discriminator 2 view .LVU47
  39:../Switch/core/fal/tiger/fal_tiger_sensor.c ****     *pEnable = (regData & (1<<18)) ? YT_ENABLE : YT_DISABLE;
 241              		.loc 1 39 5 discriminator 2 view .LVU48
 242              		.loc 1 39 48 is_stmt 0 discriminator 2 view .LVU49
 243 0014 039B     		ldr	r3, [sp, #12]
 244 0016 C3F38043 		ubfx	r3, r3, #18, #1
 245              		.loc 1 39 14 discriminator 2 view .LVU50
 246 001a 2B70     		strb	r3, [r5]
  40:../Switch/core/fal/tiger/fal_tiger_sensor.c **** 
  41:../Switch/core/fal/tiger/fal_tiger_sensor.c ****     return CMM_ERR_OK;
 247              		.loc 1 41 5 is_stmt 1 discriminator 2 view .LVU51
 248              		.loc 1 41 12 is_stmt 0 discriminator 2 view .LVU52
 249 001c 0020     		movs	r0, #0
 250              	.LVL22:
 251              	.L17:
  42:../Switch/core/fal/tiger/fal_tiger_sensor.c **** }
 252              		.loc 1 42 1 view .LVU53
 253 001e 05B0     		add	sp, sp, #20
 254              		.cfi_remember_state
 255              		.cfi_def_cfa_offset 12
 256              		@ sp needed
 257 0020 30BD     		pop	{r4, r5, pc}
 258              	.LVL23:
 259              	.L22:
 260              		.cfi_restore_state
 261              		.loc 1 42 1 view .LVU54
 262 0022 0446     		mov	r4, r0
  38:../Switch/core/fal/tiger/fal_tiger_sensor.c ****     *pEnable = (regData & (1<<18)) ? YT_ENABLE : YT_DISABLE;
 263              		.loc 1 38 5 is_stmt 1 discriminator 1 view .LVU55
  38:../Switch/core/fal/tiger/fal_tiger_sensor.c ****     *pEnable = (regData & (1<<18)) ? YT_ENABLE : YT_DISABLE;
 264              		.loc 1 38 5 discriminator 1 view .LVU56
 265 0024 0B4A     		ldr	r2, .L24+4
 266 0026 1278     		ldrb	r2, [r2]	@ zero_extendqisi2
 267 0028 012A     		cmp	r2, #1
 268 002a 01D8     		bhi	.L23
 269              	.LVL24:
 270              	.L19:
  38:../Switch/core/fal/tiger/fal_tiger_sensor.c ****     *pEnable = (regData & (1<<18)) ? YT_ENABLE : YT_DISABLE;
 271              		.loc 1 38 5 discriminator 5 view .LVU57
  38:../Switch/core/fal/tiger/fal_tiger_sensor.c ****     *pEnable = (regData & (1<<18)) ? YT_ENABLE : YT_DISABLE;
 272              		.loc 1 38 5 discriminator 5 view .LVU58
  38:../Switch/core/fal/tiger/fal_tiger_sensor.c ****     *pEnable = (regData & (1<<18)) ? YT_ENABLE : YT_DISABLE;
 273              		.loc 1 38 5 discriminator 5 view .LVU59
 274 002c E0B2     		uxtb	r0, r4
 275 002e F6E7     		b	.L17
 276              	.LVL25:
 277              	.L23:
  38:../Switch/core/fal/tiger/fal_tiger_sensor.c ****     *pEnable = (regData & (1<<18)) ? YT_ENABLE : YT_DISABLE;
 278              		.loc 1 38 5 discriminator 3 view .LVU60
 279              	.LBB4:
  38:../Switch/core/fal/tiger/fal_tiger_sensor.c ****     *pEnable = (regData & (1<<18)) ? YT_ENABLE : YT_DISABLE;
 280              		.loc 1 38 5 discriminator 3 view .LVU61
 281 0030 142B     		cmp	r3, #20
 282 0032 28BF     		it	cs
 283 0034 1423     		movcs	r3, #20
 284 0036 1A46     		mov	r2, r3
 285 0038 074B     		ldr	r3, .L24+8
 286 003a 0093     		str	r3, [sp]
 287 003c 074B     		ldr	r3, .L24+12
 288 003e 0849     		ldr	r1, .L24+16
 289 0040 51F82220 		ldr	r2, [r1, r2, lsl #2]
 290 0044 0749     		ldr	r1, .L24+20
 291 0046 8968     		ldr	r1, [r1, #8]
 292 0048 0748     		ldr	r0, .L24+24
 293              	.LVL26:
  38:../Switch/core/fal/tiger/fal_tiger_sensor.c ****     *pEnable = (regData & (1<<18)) ? YT_ENABLE : YT_DISABLE;
 294              		.loc 1 38 5 is_stmt 0 discriminator 3 view .LVU62
 295 004a FFF7FEFF 		bl	osal_printf
 296              	.LVL27:
 297 004e EDE7     		b	.L19
 298              	.L25:
 299              		.align	2
 300              	.L24:
 301 0050 6C030800 		.word	525164
 302 0054 00000000 		.word	yt_debug_level
 303 0058 00000000 		.word	__FUNCTION__.1
 304 005c 00000000 		.word	.LC0
 305 0060 00000000 		.word	_yt_errmsg
 306 0064 00000000 		.word	_yt_prompt_msg
 307 0068 28000000 		.word	.LC1
 308              	.LBE4:
 309              		.cfi_endproc
 310              	.LFE4:
 312              		.section	.rodata.fal_tiger_sensor_temp_value_get.str1.4,"aMS",%progbits,1
 313              		.align	2
 314              	.LC3:
 315 0000 68616C5F 		.ascii	"hal_mem32_read(unit, 0x80374, &regData)\000"
 315      6D656D33 
 315      325F7265 
 315      61642875 
 315      6E69742C 
 316              		.section	.text.fal_tiger_sensor_temp_value_get,"ax",%progbits
 317              		.align	1
 318              		.global	fal_tiger_sensor_temp_value_get
 319              		.syntax unified
 320              		.thumb
 321              		.thumb_func
 323              	fal_tiger_sensor_temp_value_get:
 324              	.LVL28:
 325              	.LFB5:
  43:../Switch/core/fal/tiger/fal_tiger_sensor.c **** 
  44:../Switch/core/fal/tiger/fal_tiger_sensor.c **** yt_ret_t fal_tiger_sensor_temp_value_get(yt_unit_t unit, yt_bool_t *pIsNegative, uint16_t *pAbsolut
  45:../Switch/core/fal/tiger/fal_tiger_sensor.c **** {
 326              		.loc 1 45 1 is_stmt 1 view -0
 327              		.cfi_startproc
 328              		@ args = 0, pretend = 0, frame = 8
 329              		@ frame_needed = 0, uses_anonymous_args = 0
 330              		.loc 1 45 1 is_stmt 0 view .LVU64
 331 0000 70B5     		push	{r4, r5, r6, lr}
 332              		.cfi_def_cfa_offset 16
 333              		.cfi_offset 4, -16
 334              		.cfi_offset 5, -12
 335              		.cfi_offset 6, -8
 336              		.cfi_offset 14, -4
 337 0002 84B0     		sub	sp, sp, #16
 338              		.cfi_def_cfa_offset 32
 339 0004 0E46     		mov	r6, r1
 340 0006 1546     		mov	r5, r2
  46:../Switch/core/fal/tiger/fal_tiger_sensor.c ****     cmm_err_t ret = CMM_ERR_OK;
 341              		.loc 1 46 5 is_stmt 1 view .LVU65
 342              	.LVL29:
  47:../Switch/core/fal/tiger/fal_tiger_sensor.c ****     uint32_t regData;
 343              		.loc 1 47 5 view .LVU66
  48:../Switch/core/fal/tiger/fal_tiger_sensor.c **** 
  49:../Switch/core/fal/tiger/fal_tiger_sensor.c ****     CMM_ERR_CHK(HAL_MEM_DIRECT_READ(unit, 0x80374, &regData), ret);
 344              		.loc 1 49 5 view .LVU67
 345              		.loc 1 49 5 view .LVU68
 346 0008 03AA     		add	r2, sp, #12
 347              	.LVL30:
 348              		.loc 1 49 5 is_stmt 0 view .LVU69
 349 000a 1C49     		ldr	r1, .L34
 350              	.LVL31:
 351              		.loc 1 49 5 view .LVU70
 352 000c FFF7FEFF 		bl	hal_mem32_read
 353              	.LVL32:
 354              		.loc 1 49 5 view .LVU71
 355 0010 10F0FF03 		ands	r3, r0, #255
 356 0014 10D1     		bne	.L32
 357              		.loc 1 49 5 is_stmt 1 discriminator 2 view .LVU72
  50:../Switch/core/fal/tiger/fal_tiger_sensor.c ****     if(regData&0x8000)
 358              		.loc 1 50 5 discriminator 2 view .LVU73
 359              		.loc 1 50 15 is_stmt 0 discriminator 2 view .LVU74
 360 0016 0398     		ldr	r0, [sp, #12]
 361              	.LVL33:
 362              		.loc 1 50 7 discriminator 2 view .LVU75
 363 0018 10F40040 		ands	r0, r0, #32768
 364 001c 24D0     		beq	.L30
  51:../Switch/core/fal/tiger/fal_tiger_sensor.c ****     {
  52:../Switch/core/fal/tiger/fal_tiger_sensor.c ****         *pIsNegative = TRUE;
 365              		.loc 1 52 9 is_stmt 1 view .LVU76
 366              		.loc 1 52 22 is_stmt 0 view .LVU77
 367 001e 0123     		movs	r3, #1
 368 0020 3370     		strb	r3, [r6]
  53:../Switch/core/fal/tiger/fal_tiger_sensor.c ****         *pAbsoluteValue = (uint16_t)(51200 - (regData&0x0ffff)*100/128);
 369              		.loc 1 53 9 is_stmt 1 view .LVU78
 370              		.loc 1 53 54 is_stmt 0 view .LVU79
 371 0022 BDF80C30 		ldrh	r3, [sp, #12]
 372              		.loc 1 53 63 view .LVU80
 373 0026 6422     		movs	r2, #100
 374 0028 02FB03F3 		mul	r3, r2, r3
 375              		.loc 1 53 67 view .LVU81
 376 002c DB09     		lsrs	r3, r3, #7
 377              		.loc 1 53 27 view .LVU82
 378 002e C3F54843 		rsb	r3, r3, #51200
 379              		.loc 1 53 25 view .LVU83
 380 0032 2B80     		strh	r3, [r5]	@ movhi
  54:../Switch/core/fal/tiger/fal_tiger_sensor.c ****     }
  55:../Switch/core/fal/tiger/fal_tiger_sensor.c ****     else
  56:../Switch/core/fal/tiger/fal_tiger_sensor.c ****     {
  57:../Switch/core/fal/tiger/fal_tiger_sensor.c ****         *pIsNegative = FALSE;
  58:../Switch/core/fal/tiger/fal_tiger_sensor.c ****         *pAbsoluteValue = (uint16_t)((regData&0x0ffff)*100/128);
  59:../Switch/core/fal/tiger/fal_tiger_sensor.c ****     }
  60:../Switch/core/fal/tiger/fal_tiger_sensor.c **** 
  61:../Switch/core/fal/tiger/fal_tiger_sensor.c ****     return CMM_ERR_OK;
 381              		.loc 1 61 12 view .LVU84
 382 0034 0020     		movs	r0, #0
 383 0036 05E0     		b	.L26
 384              	.LVL34:
 385              	.L32:
 386              		.loc 1 61 12 view .LVU85
 387 0038 0446     		mov	r4, r0
  49:../Switch/core/fal/tiger/fal_tiger_sensor.c ****     if(regData&0x8000)
 388              		.loc 1 49 5 is_stmt 1 discriminator 1 view .LVU86
  49:../Switch/core/fal/tiger/fal_tiger_sensor.c ****     if(regData&0x8000)
 389              		.loc 1 49 5 discriminator 1 view .LVU87
 390 003a 114A     		ldr	r2, .L34+4
 391 003c 1278     		ldrb	r2, [r2]	@ zero_extendqisi2
 392 003e 012A     		cmp	r2, #1
 393 0040 02D8     		bhi	.L33
 394              	.LVL35:
 395              	.L28:
  49:../Switch/core/fal/tiger/fal_tiger_sensor.c ****     if(regData&0x8000)
 396              		.loc 1 49 5 discriminator 5 view .LVU88
  49:../Switch/core/fal/tiger/fal_tiger_sensor.c ****     if(regData&0x8000)
 397              		.loc 1 49 5 discriminator 5 view .LVU89
  49:../Switch/core/fal/tiger/fal_tiger_sensor.c ****     if(regData&0x8000)
 398              		.loc 1 49 5 discriminator 5 view .LVU90
 399 0042 E0B2     		uxtb	r0, r4
 400              	.L26:
  62:../Switch/core/fal/tiger/fal_tiger_sensor.c **** }
 401              		.loc 1 62 1 is_stmt 0 view .LVU91
 402 0044 04B0     		add	sp, sp, #16
 403              		.cfi_remember_state
 404              		.cfi_def_cfa_offset 16
 405              		@ sp needed
 406 0046 70BD     		pop	{r4, r5, r6, pc}
 407              	.LVL36:
 408              	.L33:
 409              		.cfi_restore_state
  49:../Switch/core/fal/tiger/fal_tiger_sensor.c ****     if(regData&0x8000)
 410              		.loc 1 49 5 is_stmt 1 discriminator 3 view .LVU92
 411              	.LBB5:
  49:../Switch/core/fal/tiger/fal_tiger_sensor.c ****     if(regData&0x8000)
 412              		.loc 1 49 5 discriminator 3 view .LVU93
 413 0048 142B     		cmp	r3, #20
 414 004a 28BF     		it	cs
 415 004c 1423     		movcs	r3, #20
 416 004e 1A46     		mov	r2, r3
 417 0050 0C4B     		ldr	r3, .L34+8
 418 0052 0093     		str	r3, [sp]
 419 0054 0C4B     		ldr	r3, .L34+12
 420 0056 0D49     		ldr	r1, .L34+16
 421 0058 51F82220 		ldr	r2, [r1, r2, lsl #2]
 422 005c 0C49     		ldr	r1, .L34+20
 423 005e 8968     		ldr	r1, [r1, #8]
 424 0060 0C48     		ldr	r0, .L34+24
 425              	.LVL37:
  49:../Switch/core/fal/tiger/fal_tiger_sensor.c ****     if(regData&0x8000)
 426              		.loc 1 49 5 is_stmt 0 discriminator 3 view .LVU94
 427 0062 FFF7FEFF 		bl	osal_printf
 428              	.LVL38:
 429 0066 ECE7     		b	.L28
 430              	.L30:
 431              	.LBE5:
  57:../Switch/core/fal/tiger/fal_tiger_sensor.c ****         *pAbsoluteValue = (uint16_t)((regData&0x0ffff)*100/128);
 432              		.loc 1 57 9 is_stmt 1 view .LVU95
  57:../Switch/core/fal/tiger/fal_tiger_sensor.c ****         *pAbsoluteValue = (uint16_t)((regData&0x0ffff)*100/128);
 433              		.loc 1 57 22 is_stmt 0 view .LVU96
 434 0068 0023     		movs	r3, #0
 435 006a 3370     		strb	r3, [r6]
  58:../Switch/core/fal/tiger/fal_tiger_sensor.c ****     }
 436              		.loc 1 58 9 is_stmt 1 view .LVU97
  58:../Switch/core/fal/tiger/fal_tiger_sensor.c ****     }
 437              		.loc 1 58 46 is_stmt 0 view .LVU98
 438 006c BDF80C30 		ldrh	r3, [sp, #12]
  58:../Switch/core/fal/tiger/fal_tiger_sensor.c ****     }
 439              		.loc 1 58 55 view .LVU99
 440 0070 6422     		movs	r2, #100
 441 0072 02FB03F3 		mul	r3, r2, r3
  58:../Switch/core/fal/tiger/fal_tiger_sensor.c ****     }
 442              		.loc 1 58 27 view .LVU100
 443 0076 DB09     		lsrs	r3, r3, #7
  58:../Switch/core/fal/tiger/fal_tiger_sensor.c ****     }
 444              		.loc 1 58 25 view .LVU101
 445 0078 2B80     		strh	r3, [r5]	@ movhi
 446 007a E3E7     		b	.L26
 447              	.L35:
 448              		.align	2
 449              	.L34:
 450 007c 74030800 		.word	525172
 451 0080 00000000 		.word	yt_debug_level
 452 0084 00000000 		.word	__FUNCTION__.0
 453 0088 00000000 		.word	.LC3
 454 008c 00000000 		.word	_yt_errmsg
 455 0090 00000000 		.word	_yt_prompt_msg
 456 0094 28000000 		.word	.LC1
 457              		.cfi_endproc
 458              	.LFE5:
 460              		.section	.rodata.__FUNCTION__.0,"a"
 461              		.align	2
 464              	__FUNCTION__.0:
 465 0000 66616C5F 		.ascii	"fal_tiger_sensor_temp_value_get\000"
 465      74696765 
 465      725F7365 
 465      6E736F72 
 465      5F74656D 
 466              		.section	.rodata.__FUNCTION__.1,"a"
 467              		.align	2
 470              	__FUNCTION__.1:
 471 0000 66616C5F 		.ascii	"fal_tiger_sensor_temp_enable_get\000"
 471      74696765 
 471      725F7365 
 471      6E736F72 
 471      5F74656D 
 472              		.section	.rodata.__FUNCTION__.2,"a"
 473              		.align	2
 476              	__FUNCTION__.2:
 477 0000 66616C5F 		.ascii	"fal_tiger_sensor_temp_enable_set\000"
 477      74696765 
 477      725F7365 
 477      6E736F72 
 477      5F74656D 
 478              		.text
 479              	.Letext0:
 480              		.file 2 "C:\\Users\\Dmitriy\\Desktop\\GD32F10x\\Switch\\common\\include/yt_types.h"
 481              		.file 3 "C:\\Users\\Dmitriy\\Desktop\\GD32F10x\\Switch\\common\\include/yt_error.h"
 482              		.file 4 "C:\\Users\\Dmitriy\\Desktop\\GD32F10x\\Switch\\core\\hal/hal_mem.h"
DEFINED SYMBOLS
                            *ABS*:00000000 fal_tiger_sensor.c
C:\Users\Dmitriy\AppData\Local\Temp\ccymzDOn.s:19     .rodata.fal_tiger_sensor_temp_enable_set.str1.4:00000000 $d
C:\Users\Dmitriy\AppData\Local\Temp\ccymzDOn.s:29     .text.fal_tiger_sensor_temp_enable_set:00000000 $t
C:\Users\Dmitriy\AppData\Local\Temp\ccymzDOn.s:35     .text.fal_tiger_sensor_temp_enable_set:00000000 fal_tiger_sensor_temp_enable_set
C:\Users\Dmitriy\AppData\Local\Temp\ccymzDOn.s:191    .text.fal_tiger_sensor_temp_enable_set:000000a0 $d
C:\Users\Dmitriy\AppData\Local\Temp\ccymzDOn.s:476    .rodata.__FUNCTION__.2:00000000 __FUNCTION__.2
C:\Users\Dmitriy\AppData\Local\Temp\ccymzDOn.s:204    .text.fal_tiger_sensor_temp_enable_get:00000000 $t
C:\Users\Dmitriy\AppData\Local\Temp\ccymzDOn.s:210    .text.fal_tiger_sensor_temp_enable_get:00000000 fal_tiger_sensor_temp_enable_get
C:\Users\Dmitriy\AppData\Local\Temp\ccymzDOn.s:301    .text.fal_tiger_sensor_temp_enable_get:00000050 $d
C:\Users\Dmitriy\AppData\Local\Temp\ccymzDOn.s:470    .rodata.__FUNCTION__.1:00000000 __FUNCTION__.1
C:\Users\Dmitriy\AppData\Local\Temp\ccymzDOn.s:313    .rodata.fal_tiger_sensor_temp_value_get.str1.4:00000000 $d
C:\Users\Dmitriy\AppData\Local\Temp\ccymzDOn.s:317    .text.fal_tiger_sensor_temp_value_get:00000000 $t
C:\Users\Dmitriy\AppData\Local\Temp\ccymzDOn.s:323    .text.fal_tiger_sensor_temp_value_get:00000000 fal_tiger_sensor_temp_value_get
C:\Users\Dmitriy\AppData\Local\Temp\ccymzDOn.s:450    .text.fal_tiger_sensor_temp_value_get:0000007c $d
C:\Users\Dmitriy\AppData\Local\Temp\ccymzDOn.s:464    .rodata.__FUNCTION__.0:00000000 __FUNCTION__.0
C:\Users\Dmitriy\AppData\Local\Temp\ccymzDOn.s:461    .rodata.__FUNCTION__.0:00000000 $d
C:\Users\Dmitriy\AppData\Local\Temp\ccymzDOn.s:467    .rodata.__FUNCTION__.1:00000000 $d
C:\Users\Dmitriy\AppData\Local\Temp\ccymzDOn.s:473    .rodata.__FUNCTION__.2:00000000 $d
                           .group:00000000 wm4.0.353617a96a8f588ad8d04dd11dfc8225
                           .group:00000000 wm4._newlib_version.h.4.6d111ab2e95434b664b53815e5c8ccba
                           .group:00000000 wm4.newlib.h.27.d4bf77c18f14f545101dac22f0b54118
                           .group:00000000 wm4.ieeefp.h.77.0ee3146e9d892bb10bc0066c30189af1
                           .group:00000000 wm4.features.h.22.7877b139107948f7dadcf3660cc79cfd
                           .group:00000000 wm4.config.h.224.10ee1ad185d877c6e334e6581faab44d
                           .group:00000000 wm4._ansi.h.31.de524f58584151836e90d8620a16f8e8
                           .group:00000000 wm4.stdio.h.31.7c0e28c411445f3f9c5b11accf882760
                           .group:00000000 wm4._default_types.h.6.959254cf5f09734ea7516c89e8bb21bd
                           .group:00000000 wm4.stddef.h.185.cbb642e1ccd385e8aa504b15cb7fb086
                           .group:00000000 wm4.cdefs.h.49.f93868eb904b9ca05b5c0257d31128ca
                           .group:00000000 wm4.stddef.h.39.0e5f0dabba1c666ccadf0408e0d47322
                           .group:00000000 wm4.stdarg.h.34.3a23a216c0c293b3d2ea2e89281481e6
                           .group:00000000 wm4._types.h.20.dd0d04dca3800a0d2a6129b87f3adbb2
                           .group:00000000 wm4.stddef.h.158.5f30652bb2ea05b142c1bbee9108c999
                           .group:00000000 wm4._types.h.127.3bdfe3ff8ea2d0985b03d9cbe93480e3
                           .group:00000000 wm4.reent.h.17.e292bf8b0bec6c96e131a54347145a30
                           .group:00000000 wm4.lock.h.2.1461d1fff82dffe8bfddc23307f6484f
                           .group:00000000 wm4.reent.h.77.89f7dde66c62b1f1dee32bdb6ab2d544
                           .group:00000000 wm4.stdio.h.67.0cf8a9c281ab0b348aef5c02e7e48825
                           .group:00000000 wm4.stdio.h.2.4aa87247282eca6c8f36f9de33d8df1a
                           .group:00000000 wm4.stdio.h.87.a1e20d2651f9bfb66e51bfbe849db00a
                           .group:00000000 wm4.string.h.8.c4b8571ce60dff2817f43fec8b86aecd
                           .group:00000000 wm4.stddef.h.158.bfed30416c9480cd13bc4a25427d538f
                           .group:00000000 wm4.stdbool.h.29.4a1c88fe569adb8d03217dd16982ca34
                           .group:00000000 wm4.malloc.h.4.62bd13b8107d5245f60bd92bb5994838
                           .group:00000000 wm4.malloc.h.152.f5d1d9a9aabeac59da0ef41ede16d2b0
                           .group:00000000 wm4.yt_types.h.31.64aa050cf4c68d28514ce99f5dc2ddb9
                           .group:00000000 wm4.yt_lock.h.9.5d39f1aba4451d3b9b95aa39771489dc
                           .group:00000000 wm4.yt_error.h.38.039589275c83974021fd481937e9f4a7
                           .group:00000000 wm4.fal_tiger_mem.h.6.e463db19434e1621ca889542a33dadb5
                           .group:00000000 wm4.hal_mem.h.36.24f0b260778f0666559c98f574a16e4b
                           .group:00000000 wm4.yt_util.h.17.08ae57e3898b218a2bbe57b2147a81bd
                           .group:00000000 wm4.chipdef_tiger.h.10.ae557adb3508daebcdc97f8fb0dc9e1a
                           .group:00000000 wm4.phy_chipdef.h.9.9a1a2dbb46f5503e32a84083ab1dbc9f
                           .group:00000000 wm4.cal_bprofile.h.23.d6ecfc2230abc149b4da600a40b20e5b
                           .group:00000000 wm4.bprofile_YT9215_default_demo.h.15.13aa65ba4a73c41dc1ffa3c5f8dcfda3
                           .group:00000000 wm4.cal_cmm.h.46.eec47faa946e01877de19a2f99ee7710
                           .group:00000000 wm4.yt_cmm.h.12.5273de39c1b049d4c73c2c31caf670b1
                           .group:00000000 wm4.yt_vlan.h.27.cbfc53d6b95550ade50fea715c623f6e
                           .group:00000000 wm4.yt_acl.h.25.ad9531373d966dccc96222e31e0234b5
                           .group:00000000 wm4.yt_nic.h.17.4e5ceed38d9cfbd9b5db2d4b069b6961
                           .group:00000000 wm4.yt_loopdetect.h.17.4739c2e436a8e779d4d8c89037b81aea
                           .group:00000000 wm4.yt_multicast.h.17.9c1d51b153e5e1785468d9c0ad6414a4
                           .group:00000000 wm4.yt_port.h.17.f9740394ebf086646c9c567db1605abb
                           .group:00000000 wm4.yt_stat.h.17.f87caec2ee71e59f920ea3778bda3fad
                           .group:00000000 wm4.fal_cmm.h.21.abca9355ca9f68b8c1596045f4695bae

UNDEFINED SYMBOLS
hal_mem32_read
hal_mem32_write
osal_printf
yt_debug_level
_yt_errmsg
_yt_prompt_msg
