   1              		.cpu cortex-m3
   2              		.arch armv7-m
   3              		.fpu softvfp
   4              		.eabi_attribute 20, 1
   5              		.eabi_attribute 21, 1
   6              		.eabi_attribute 23, 3
   7              		.eabi_attribute 24, 1
   8              		.eabi_attribute 25, 1
   9              		.eabi_attribute 26, 1
  10              		.eabi_attribute 30, 1
  11              		.eabi_attribute 34, 1
  12              		.eabi_attribute 18, 4
  13              		.file	"main.c"
  14              		.text
  15              	.Ltext0:
  16              		.cfi_sections	.debug_frame
  17              		.file 1 "../src/main.c"
  18              		.section	.text.main,"ax",%progbits
  19              		.align	1
  20              		.global	main
  21              		.syntax unified
  22              		.thumb
  23              		.thumb_func
  25              	main:
  26              	.LFB59:
   1:../src/main.c **** #include <stdio.h>
   2:../src/main.c **** #include <stdlib.h>
   3:../src/main.c **** 
   4:../src/main.c **** #include "diag/trace.h"
   5:../src/main.c **** #include "timer.h"
   6:../src/main.c **** 
   7:../src/main.c **** 
   8:../src/main.c **** #define CHIP_INTERFACE_SELECT_REG   (0x80394)
   9:../src/main.c **** #define CHIP_INTERFACE_CTRL_REG   (0x80028)
  10:../src/main.c **** 
  11:../src/main.c **** uint32_t a, b, reg_data;
  12:../src/main.c **** 
  13:../src/main.c **** int main() {
  27              		.loc 1 13 12 view -0
  28              		.cfi_startproc
  29              		@ Volatile: function does not return.
  30              		@ args = 0, pretend = 0, frame = 0
  31              		@ frame_needed = 0, uses_anonymous_args = 0
  32 0000 08B5     		push	{r3, lr}
  33              		.cfi_def_cfa_offset 8
  34              		.cfi_offset 3, -8
  35              		.cfi_offset 14, -4
  14:../src/main.c **** 
  15:../src/main.c **** 	rcu_periph_clock_enable(RCU_GPIOA);
  36              		.loc 1 15 2 view .LVU1
  37 0002 40F20260 		movw	r0, #1538
  38 0006 FFF7FEFF 		bl	rcu_periph_clock_enable
  39              	.LVL0:
  16:../src/main.c **** 
  17:../src/main.c **** 	timer_start();
  40              		.loc 1 17 2 view .LVU2
  41 000a FFF7FEFF 		bl	timer_start
  42              	.LVL1:
  18:../src/main.c **** 
  19:../src/main.c **** 	timer_sleep(1000);
  43              		.loc 1 19 2 view .LVU3
  44 000e 4FF47A70 		mov	r0, #1000
  45 0012 FFF7FEFF 		bl	timer_sleep
  46              	.LVL2:
  20:../src/main.c **** 
  21:../src/main.c **** 
  22:../src/main.c **** 	HAL_MEM_DIRECT_READ(29, CHIP_INTERFACE_CTRL_REG, &reg_data);
  47              		.loc 1 22 2 view .LVU4
  48 0016 0F4C     		ldr	r4, .L4
  49 0018 0F4D     		ldr	r5, .L4+4
  50 001a 2246     		mov	r2, r4
  51 001c 2946     		mov	r1, r5
  52 001e 1D20     		movs	r0, #29
  53 0020 FFF7FEFF 		bl	HAL_MEM_DIRECT_READ
  54              	.LVL3:
  23:../src/main.c **** 	reg_data |= 1 << 0;
  55              		.loc 1 23 2 view .LVU5
  56              		.loc 1 23 11 is_stmt 0 view .LVU6
  57 0024 2268     		ldr	r2, [r4]
  58 0026 42F00102 		orr	r2, r2, #1
  59 002a 2260     		str	r2, [r4]
  24:../src/main.c **** 	HAL_MEM_DIRECT_WRITE(29, CHIP_INTERFACE_CTRL_REG, reg_data);
  60              		.loc 1 24 2 is_stmt 1 view .LVU7
  61 002c 2946     		mov	r1, r5
  62 002e 1D20     		movs	r0, #29
  63 0030 FFF7FEFF 		bl	HAL_MEM_DIRECT_WRITE
  64              	.LVL4:
  25:../src/main.c **** 	HAL_MEM_DIRECT_READ(29, CHIP_INTERFACE_SELECT_REG, &reg_data);
  65              		.loc 1 25 2 view .LVU8
  66 0034 05F55B75 		add	r5, r5, #876
  67 0038 2246     		mov	r2, r4
  68 003a 2946     		mov	r1, r5
  69 003c 1D20     		movs	r0, #29
  70 003e FFF7FEFF 		bl	HAL_MEM_DIRECT_READ
  71              	.LVL5:
  26:../src/main.c **** 	reg_data &= ~(1 << 0);
  72              		.loc 1 26 2 view .LVU9
  73              		.loc 1 26 11 is_stmt 0 view .LVU10
  74 0042 2268     		ldr	r2, [r4]
  75 0044 22F00102 		bic	r2, r2, #1
  76 0048 2260     		str	r2, [r4]
  27:../src/main.c **** 	HAL_MEM_DIRECT_WRITE(29, CHIP_INTERFACE_SELECT_REG, reg_data);
  77              		.loc 1 27 2 is_stmt 1 view .LVU11
  78 004a 2946     		mov	r1, r5
  79 004c 1D20     		movs	r0, #29
  80 004e FFF7FEFF 		bl	HAL_MEM_DIRECT_WRITE
  81              	.LVL6:
  82              	.L2:
  28:../src/main.c **** 
  29:../src/main.c **** //	smi_write_cl22(29, 0x0, 0x8);
  30:../src/main.c **** //	timer_sleep(1);
  31:../src/main.c **** //	smi_write_cl22(29, 0x0, 0x0408);
  32:../src/main.c **** //	timer_sleep(1);
  33:../src/main.c **** //	smi_write_cl22(29, 0x2, 0x841C);
  34:../src/main.c **** //	timer_sleep(1);
  35:../src/main.c **** //	smi_write_cl22(29, 0x2, 0x4108);
  36:../src/main.c **** //	timer_sleep(10);
  37:../src/main.c **** 
  38:../src/main.c **** //	smi_read_cl22(uint8_t phyAddr, uint8_t regAddr, uint16_t *pRegVal);
  39:../src/main.c **** 
  40:../src/main.c **** 	while (1) {
  83              		.loc 1 40 2 discriminator 1 view .LVU12
  41:../src/main.c **** 
  42:../src/main.c **** 	}
  84              		.loc 1 42 2 discriminator 1 view .LVU13
  40:../src/main.c **** 
  85              		.loc 1 40 8 discriminator 1 view .LVU14
  86 0052 FEE7     		b	.L2
  87              	.L5:
  88              		.align	2
  89              	.L4:
  90 0054 00000000 		.word	reg_data
  91 0058 28000800 		.word	524328
  92              		.cfi_endproc
  93              	.LFE59:
  95              		.global	reg_data
  96              		.section	.bss.reg_data,"aw",%nobits
  97              		.align	2
 100              	reg_data:
 101 0000 00000000 		.space	4
 102              		.global	b
 103              		.section	.bss.b,"aw",%nobits
 104              		.align	2
 107              	b:
 108 0000 00000000 		.space	4
 109              		.global	a
 110              		.section	.bss.a,"aw",%nobits
 111              		.align	2
 114              	a:
 115 0000 00000000 		.space	4
 116              		.text
 117              	.Letext0:
 118              		.file 2 "c:\\users\\dmitriy\\appdata\\roaming\\xpacks\\@xpack-dev-tools\\arm-none-eabi-gcc\\12.3.1
 119              		.file 3 "c:\\users\\dmitriy\\appdata\\roaming\\xpacks\\@xpack-dev-tools\\arm-none-eabi-gcc\\12.3.1
 120              		.file 4 "../system/inc/gd32f10x/gd32f10x_rcu.h"
 121              		.file 5 "../inc/timer.h"
DEFINED SYMBOLS
                            *ABS*:00000000 main.c
C:\Users\Dmitriy\AppData\Local\Temp\cchmBspH.s:19     .text.main:00000000 $t
C:\Users\Dmitriy\AppData\Local\Temp\cchmBspH.s:25     .text.main:00000000 main
C:\Users\Dmitriy\AppData\Local\Temp\cchmBspH.s:90     .text.main:00000054 $d
C:\Users\Dmitriy\AppData\Local\Temp\cchmBspH.s:100    .bss.reg_data:00000000 reg_data
C:\Users\Dmitriy\AppData\Local\Temp\cchmBspH.s:97     .bss.reg_data:00000000 $d
C:\Users\Dmitriy\AppData\Local\Temp\cchmBspH.s:107    .bss.b:00000000 b
C:\Users\Dmitriy\AppData\Local\Temp\cchmBspH.s:104    .bss.b:00000000 $d
C:\Users\Dmitriy\AppData\Local\Temp\cchmBspH.s:114    .bss.a:00000000 a
C:\Users\Dmitriy\AppData\Local\Temp\cchmBspH.s:111    .bss.a:00000000 $d
                           .group:00000000 wm4.0.3ac34e011645c1b8d95761511e5c0518
                           .group:00000000 wm4._newlib_version.h.4.6d111ab2e95434b664b53815e5c8ccba
                           .group:00000000 wm4.newlib.h.27.d4bf77c18f14f545101dac22f0b54118
                           .group:00000000 wm4.ieeefp.h.77.0ee3146e9d892bb10bc0066c30189af1
                           .group:00000000 wm4.features.h.22.7877b139107948f7dadcf3660cc79cfd
                           .group:00000000 wm4.config.h.224.10ee1ad185d877c6e334e6581faab44d
                           .group:00000000 wm4._ansi.h.31.de524f58584151836e90d8620a16f8e8
                           .group:00000000 wm4.stdio.h.31.7c0e28c411445f3f9c5b11accf882760
                           .group:00000000 wm4._default_types.h.6.959254cf5f09734ea7516c89e8bb21bd
                           .group:00000000 wm4.stddef.h.185.cbb642e1ccd385e8aa504b15cb7fb086
                           .group:00000000 wm4.cdefs.h.49.f93868eb904b9ca05b5c0257d31128ca
                           .group:00000000 wm4.stddef.h.39.0e5f0dabba1c666ccadf0408e0d47322
                           .group:00000000 wm4.stdarg.h.34.3a23a216c0c293b3d2ea2e89281481e6
                           .group:00000000 wm4._types.h.20.dd0d04dca3800a0d2a6129b87f3adbb2
                           .group:00000000 wm4.stddef.h.158.5f30652bb2ea05b142c1bbee9108c999
                           .group:00000000 wm4._types.h.127.3bdfe3ff8ea2d0985b03d9cbe93480e3
                           .group:00000000 wm4.reent.h.17.e292bf8b0bec6c96e131a54347145a30
                           .group:00000000 wm4.lock.h.2.1461d1fff82dffe8bfddc23307f6484f
                           .group:00000000 wm4.reent.h.77.89f7dde66c62b1f1dee32bdb6ab2d544
                           .group:00000000 wm4.stdio.h.67.0cf8a9c281ab0b348aef5c02e7e48825
                           .group:00000000 wm4.stdio.h.2.4aa87247282eca6c8f36f9de33d8df1a
                           .group:00000000 wm4.stdio.h.87.a1e20d2651f9bfb66e51bfbe849db00a
                           .group:00000000 wm4.stdlib.h.13.4ed386f5c1a80d71e72172885d946ef2
                           .group:00000000 wm4.stddef.h.158.bfed30416c9480cd13bc4a25427d538f
                           .group:00000000 wm4.alloca.h.8.dfc0c703c47ec3e69746825b17d9e66d
                           .group:00000000 wm4.stdlib.h.56.f4862cfbf4363a1db01842d5bdf72c18
                           .group:00000000 wm4.unistd.h.2.39165d5b7784d1815ef4b0c4be6df560
                           .group:00000000 wm4.types.h.40.8b6acba56cefbb11746718204edc8f5e
                           .group:00000000 wm4._stdint.h.10.c24fa3af3bc1706662bb5593a907e841
                           .group:00000000 wm4._endian.h.31.65a10590763c3dde1ac4a7f66d7d4891
                           .group:00000000 wm4.endian.h.9.49f3a4695c1b61e8a0808de3c4a106cb
                           .group:00000000 wm4._timeval.h.32.bec3221fa7a9bb0bdde696c9c57e47d2
                           .group:00000000 wm4.timespec.h.41.d855182eb0e690443ab8651bcedca6e1
                           .group:00000000 wm4.select.h.19.8f92964f85316d866d3bb193a38b5ac3
                           .group:00000000 wm4.types.h.51.5ecfc21b937ad2a3fcc45d8f305131a2
                           .group:00000000 wm4.sched.h.22.c60982713a5c428609783c78f9c78d95
                           .group:00000000 wm4._pthreadtypes.h.36.fcee9961c35163dde6267ef772ad1972
                           .group:00000000 wm4.unistd.h.160.695186b56110851f30a6820c3f9a9999
                           .group:00000000 wm4.gd32f10x.h.39.34aa79a68d44b3fc31805fff8eeec626
                           .group:00000000 wm4.core_cm3.h.47.f403a0b1a9e3f5bd328e41f4fa5fc23b
                           .group:00000000 wm4.stdintgcc.h.29.6d480f4ba0f60596e88234283d42444f
                           .group:00000000 wm4.core_cmInstr.h.39.c66a1c911732cf6be44e58f2bee25308
                           .group:00000000 wm4.core_cm3.h.155.db3dfdf4b365cc230a717221b218ddd5
                           .group:00000000 wm4.gd32f10x.h.320.528bbe72ec64ad23b6e5473e267247b4
                           .group:00000000 wm4.gd32f10x_adc.h.44.619483e99e32c90a5f7c6ed512bbf95b
                           .group:00000000 wm4.gd32f10x_bkp.h.39.4da6e92b74c7310fa25e26e16145cf9d
                           .group:00000000 wm4.gd32f10x_can.h.41.99143e9b2de50f71c3392eea2d9e706b
                           .group:00000000 wm4.gd32f10x_crc.h.39.4c0c7ace19ba22146d7643de7dde24e0
                           .group:00000000 wm4.gd32f10x_dac.h.39.a3dd044652013a67f3cc1bbd4333b1f5
                           .group:00000000 wm4.gd32f10x_dma.h.40.e0e420e6b56a4398ac3aa49fe3f1eb37
                           .group:00000000 wm4.gd32f10x_enet.h.39.6c17ab3a20b5b4f681b4b88c27d30ead
                           .group:00000000 wm4.gd32f10x_exmc.h.39.cd31f13ab884fb77a3b2d0dd19135c79
                           .group:00000000 wm4.gd32f10x_exti.h.39.f641ba5efef75aed967e0eca0d908b22
                           .group:00000000 wm4.gd32f10x_fmc.h.39.7e6aa836f91030dd1ff3782a069962bf
                           .group:00000000 wm4.gd32f10x_gpio.h.39.80b4d0c5aa2b4bb9a76b4f0ed7eb4f37
                           .group:00000000 wm4.gd32f10x_i2c.h.40.8897e5891a1cbe807de60657ffffdeb4
                           .group:00000000 wm4.gd32f10x_fwdgt.h.39.98d7bcc523d52c51b47267d3aa630510
                           .group:00000000 wm4.gd32f10x_dbg.h.40.7f011e3bfaf652db4fef79974773282c
                           .group:00000000 wm4.gd32f10x_misc.h.39.02269a148ed2e3625e137e1efd69eb5b
                           .group:00000000 wm4.gd32f10x_pmu.h.39.74926372d4607639ac6680132fe98aa1
                           .group:00000000 wm4.gd32f10x_rcu.h.39.8a90a017c64bad5f5bd02c211060734d
                           .group:00000000 wm4.gd32f10x_rtc.h.39.8a002d392eec882fcd681ea51f1c73a0
                           .group:00000000 wm4.gd32f10x_sdio.h.39.f2faa8e3b059e0ddee4e4ee996fe3269
                           .group:00000000 wm4.gd32f10x_spi.h.39.902664de8fc67c732b453548a8b810bf
                           .group:00000000 wm4.gd32f10x_timer.h.39.bb5f06befe0b01a2e83ec1dec4ea7722
                           .group:00000000 wm4.gd32f10x_usart.h.39.77325e272b5abf9a7b4cf37f2c34644a
                           .group:00000000 wm4.gd32f10x_wwdgt.h.39.3fa1c00ac1b6c8ed1fb1e9f65bb3835a

UNDEFINED SYMBOLS
rcu_periph_clock_enable
timer_start
timer_sleep
HAL_MEM_DIRECT_READ
HAL_MEM_DIRECT_WRITE
