   1              		.cpu cortex-m3
   2              		.arch armv7-m
   3              		.fpu softvfp
   4              		.eabi_attribute 20, 1
   5              		.eabi_attribute 21, 1
   6              		.eabi_attribute 23, 3
   7              		.eabi_attribute 24, 1
   8              		.eabi_attribute 25, 1
   9              		.eabi_attribute 26, 1
  10              		.eabi_attribute 30, 1
  11              		.eabi_attribute 34, 1
  12              		.eabi_attribute 18, 4
  13              		.file	"yt_error.c"
  14              		.text
  15              	.Ltext0:
  16              		.cfi_sections	.debug_frame
  17              		.file 1 "../Switch/common/src/yt_error.c"
  18              		.global	_yt_prompt_msg
  19              		.section	.rodata.str1.4,"aMS",%progbits,1
  20              		.align	2
  21              	.LC0:
  22 0000 00       		.ascii	"\000"
  23 0001 000000   		.align	2
  24              	.LC1:
  25 0004 5761726E 		.ascii	"Warning : \000"
  25      696E6720 
  25      3A2000
  26 000f 00       		.align	2
  27              	.LC2:
  28 0010 4572726F 		.ascii	"Error : \000"
  28      72203A20 
  28      00
  29 0019 000000   		.align	2
  30              	.LC3:
  31 001c 556E6B6E 		.ascii	"Unknown level\000"
  31      6F776E20 
  31      6C657665 
  31      6C00
  32              		.section	.data._yt_prompt_msg,"aw"
  33              		.align	2
  36              	_yt_prompt_msg:
  37 0000 00000000 		.word	.LC0
  38 0004 04000000 		.word	.LC1
  39 0008 10000000 		.word	.LC2
  40 000c 1C000000 		.word	.LC3
  41              		.global	yt_debug_level
  42              		.section	.bss.yt_debug_level,"aw",%nobits
  45              	yt_debug_level:
  46 0000 00       		.space	1
  47              		.global	_yt_errmsg
  48              		.section	.rodata.str1.4
  49 002a 0000     		.align	2
  50              	.LC4:
  51 002c 4F6B00   		.ascii	"Ok\000"
  52 002f 00       		.align	2
  53              	.LC5:
  54 0030 496E7465 		.ascii	"Internal error\000"
  54      726E616C 
  54      20657272 
  54      6F7200
  55 003f 00       		.align	2
  56              	.LC6:
  57 0040 4E554C4C 		.ascii	"NULL point error\000"
  57      20706F69 
  57      6E742065 
  57      72726F72 
  57      00
  58 0051 000000   		.align	2
  59              	.LC7:
  60 0054 4E6F7420 		.ascii	"Not support\000"
  60      73757070 
  60      6F727400 
  61              		.align	2
  62              	.LC8:
  63 0060 4E6F7420 		.ascii	"Not init error\000"
  63      696E6974 
  63      20657272 
  63      6F7200
  64 006f 00       		.align	2
  65              	.LC9:
  66 0070 496E7661 		.ascii	"Invalid input\000"
  66      6C696420 
  66      696E7075 
  66      7400
  67 007e 0000     		.align	2
  68              	.LC10:
  69 0080 5461626C 		.ascii	"Table num error\000"
  69      65206E75 
  69      6D206572 
  69      726F7200 
  70              		.align	2
  71              	.LC11:
  72 0090 496E7661 		.ascii	"Invalid operation\000"
  72      6C696420 
  72      6F706572 
  72      6174696F 
  72      6E00
  73 00a2 0000     		.align	2
  74              	.LC12:
  75 00a4 5461626C 		.ascii	"Table full\000"
  75      65206675 
  75      6C6C00
  76 00af 00       		.align	2
  77              	.LC13:
  78 00b0 4F706572 		.ascii	"Operation not found\000"
  78      6174696F 
  78      6E206E6F 
  78      7420666F 
  78      756E6400 
  79              		.align	2
  80              	.LC14:
  81 00c4 5461626C 		.ascii	"Table index error\000"
  81      6520696E 
  81      64657820 
  81      6572726F 
  81      7200
  82 00d6 0000     		.align	2
  83              	.LC15:
  84 00d8 456E7472 		.ascii	"Entry has been exist\000"
  84      79206861 
  84      73206265 
  84      656E2065 
  84      78697374 
  85 00ed 000000   		.align	2
  86              	.LC16:
  87 00f0 456E7472 		.ascii	"Entry full\000"
  87      79206675 
  87      6C6C00
  88 00fb 00       		.align	2
  89              	.LC17:
  90 00fc 46444220 		.ascii	"FDB operation busy\000"
  90      6F706572 
  90      6174696F 
  90      6E206275 
  90      737900
  91 010f 00       		.align	2
  92              	.LC18:
  93 0110 496E7661 		.ascii	"Invalid port\000"
  93      6C696420 
  93      706F7274 
  93      00
  94 011d 000000   		.align	2
  95              	.LC19:
  96 0120 496E7661 		.ascii	"Invalid portlist\000"
  96      6C696420 
  96      706F7274 
  96      6C697374 
  96      00
  97 0131 000000   		.align	2
  98              	.LC20:
  99 0134 41636365 		.ascii	"Access  phy register busy\000"
  99      73732020 
  99      70687920 
  99      72656769 
  99      73746572 
 100 014e 0000     		.align	2
 101              	.LC21:
 102 0150 45786365 		.ascii	"Exceed allowed range\000"
 102      65642061 
 102      6C6C6F77 
 102      65642072 
 102      616E6765 
 103 0165 000000   		.align	2
 104              	.LC22:
 105 0168 546F6F20 		.ascii	"Too less parameters\000"
 105      6C657373 
 105      20706172 
 105      616D6574 
 105      65727300 
 106              		.align	2
 107              	.LC23:
 108 017c 466F7262 		.ascii	"Forbidden setting\000"
 108      69646465 
 108      6E207365 
 108      7474696E 
 108      6700
 109 018e 0000     		.align	2
 110              	.LC24:
 111 0190 556E6B6E 		.ascii	"Unknown error\000"
 111      6F776E20 
 111      6572726F 
 111      7200
 112              		.section	.data._yt_errmsg,"aw"
 113              		.align	2
 116              	_yt_errmsg:
 117 0000 2C000000 		.word	.LC4
 118 0004 30000000 		.word	.LC5
 119 0008 40000000 		.word	.LC6
 120 000c 54000000 		.word	.LC7
 121 0010 60000000 		.word	.LC8
 122 0014 70000000 		.word	.LC9
 123 0018 80000000 		.word	.LC10
 124 001c 90000000 		.word	.LC11
 125 0020 A4000000 		.word	.LC12
 126 0024 B0000000 		.word	.LC13
 127 0028 C4000000 		.word	.LC14
 128 002c D8000000 		.word	.LC15
 129 0030 F0000000 		.word	.LC16
 130 0034 FC000000 		.word	.LC17
 131 0038 10010000 		.word	.LC18
 132 003c 20010000 		.word	.LC19
 133 0040 34010000 		.word	.LC20
 134 0044 50010000 		.word	.LC21
 135 0048 68010000 		.word	.LC22
 136 004c 7C010000 		.word	.LC23
 137 0050 90010000 		.word	.LC24
 138              		.text
 139              	.Letext0:
 140              		.file 2 "C:\\Users\\Dmitriy\\Desktop\\GD32F10x\\Switch\\common\\include/yt_error.h"
 141              		.file 3 "C:\\Users\\Dmitriy\\Desktop\\GD32F10x\\Switch\\common\\include/yt_types.h"
DEFINED SYMBOLS
                            *ABS*:00000000 yt_error.c
C:\Users\Dmitriy\AppData\Local\Temp\ccXXZTwU.s:36     .data._yt_prompt_msg:00000000 _yt_prompt_msg
C:\Users\Dmitriy\AppData\Local\Temp\ccXXZTwU.s:20     .rodata.str1.4:00000000 $d
C:\Users\Dmitriy\AppData\Local\Temp\ccXXZTwU.s:33     .data._yt_prompt_msg:00000000 $d
C:\Users\Dmitriy\AppData\Local\Temp\ccXXZTwU.s:45     .bss.yt_debug_level:00000000 yt_debug_level
C:\Users\Dmitriy\AppData\Local\Temp\ccXXZTwU.s:46     .bss.yt_debug_level:00000000 $d
C:\Users\Dmitriy\AppData\Local\Temp\ccXXZTwU.s:116    .data._yt_errmsg:00000000 _yt_errmsg
C:\Users\Dmitriy\AppData\Local\Temp\ccXXZTwU.s:113    .data._yt_errmsg:00000000 $d
                           .group:00000000 wm4.0.353617a96a8f588ad8d04dd11dfc8225
                           .group:00000000 wm4._newlib_version.h.4.6d111ab2e95434b664b53815e5c8ccba
                           .group:00000000 wm4.newlib.h.27.d4bf77c18f14f545101dac22f0b54118
                           .group:00000000 wm4.ieeefp.h.77.0ee3146e9d892bb10bc0066c30189af1
                           .group:00000000 wm4.features.h.22.7877b139107948f7dadcf3660cc79cfd
                           .group:00000000 wm4.config.h.224.10ee1ad185d877c6e334e6581faab44d
                           .group:00000000 wm4._ansi.h.31.de524f58584151836e90d8620a16f8e8
                           .group:00000000 wm4.stdio.h.31.7c0e28c411445f3f9c5b11accf882760
                           .group:00000000 wm4._default_types.h.6.959254cf5f09734ea7516c89e8bb21bd
                           .group:00000000 wm4.stddef.h.185.cbb642e1ccd385e8aa504b15cb7fb086
                           .group:00000000 wm4.cdefs.h.49.f93868eb904b9ca05b5c0257d31128ca
                           .group:00000000 wm4.stddef.h.39.0e5f0dabba1c666ccadf0408e0d47322
                           .group:00000000 wm4.stdarg.h.34.3a23a216c0c293b3d2ea2e89281481e6
                           .group:00000000 wm4._types.h.20.dd0d04dca3800a0d2a6129b87f3adbb2
                           .group:00000000 wm4.stddef.h.158.5f30652bb2ea05b142c1bbee9108c999
                           .group:00000000 wm4._types.h.127.3bdfe3ff8ea2d0985b03d9cbe93480e3
                           .group:00000000 wm4.reent.h.17.e292bf8b0bec6c96e131a54347145a30
                           .group:00000000 wm4.lock.h.2.1461d1fff82dffe8bfddc23307f6484f
                           .group:00000000 wm4.reent.h.77.89f7dde66c62b1f1dee32bdb6ab2d544
                           .group:00000000 wm4.stdio.h.67.0cf8a9c281ab0b348aef5c02e7e48825
                           .group:00000000 wm4.stdio.h.2.4aa87247282eca6c8f36f9de33d8df1a
                           .group:00000000 wm4.stdio.h.87.a1e20d2651f9bfb66e51bfbe849db00a
                           .group:00000000 wm4.string.h.8.c4b8571ce60dff2817f43fec8b86aecd
                           .group:00000000 wm4.stddef.h.158.bfed30416c9480cd13bc4a25427d538f
                           .group:00000000 wm4.stdbool.h.29.4a1c88fe569adb8d03217dd16982ca34
                           .group:00000000 wm4.malloc.h.4.62bd13b8107d5245f60bd92bb5994838
                           .group:00000000 wm4.malloc.h.152.f5d1d9a9aabeac59da0ef41ede16d2b0
                           .group:00000000 wm4.yt_types.h.31.64aa050cf4c68d28514ce99f5dc2ddb9
                           .group:00000000 wm4.yt_lock.h.9.5d39f1aba4451d3b9b95aa39771489dc
                           .group:00000000 wm4.yt_error.h.38.039589275c83974021fd481937e9f4a7

NO UNDEFINED SYMBOLS
