   1              		.cpu cortex-m3
   2              		.arch armv7-m
   3              		.fpu softvfp
   4              		.eabi_attribute 20, 1
   5              		.eabi_attribute 21, 1
   6              		.eabi_attribute 23, 3
   7              		.eabi_attribute 24, 1
   8              		.eabi_attribute 25, 1
   9              		.eabi_attribute 26, 1
  10              		.eabi_attribute 30, 1
  11              		.eabi_attribute 34, 1
  12              		.eabi_attribute 18, 4
  13              		.file	"fal_tiger_dispatch.c"
  14              		.text
  15              	.Ltext0:
  16              		.cfi_sections	.debug_frame
  17              		.file 1 "../switch_sdk/core/fal/tiger/fal_tiger_dispatch.c"
  18              		.global	fal_tiger_dispatch
  19              		.section	.data.fal_tiger_dispatch,"aw"
  20              		.align	2
  23              	fal_tiger_dispatch:
  24 0000 00000000 		.space	1360
  24      00000000 
  24      00000000 
  24      00000000 
  24      00000000 
  25 0550 00000000 		.word	fal_tiger_port_init
  26 0554 00000000 		.word	fal_tiger_port_enable_set
  27 0558 00000000 		.word	fal_tiger_port_enable_get
  28 055c 00000000 		.word	fal_tiger_port_link_status_get
  29 0560 00000000 		.word	fal_tiger_port_link_status_all_get
  30 0564 00000000 		.word	fal_tiger_port_backpress_enable_set
  31 0568 00000000 		.word	fal_tiger_port_backpress_enable_get
  32 056c 00000000 		.word	fal_tiger_port_cascade_set
  33 0570 00000000 		.word	fal_tiger_port_cascade_get
  34 0574 00000000 		.word	fal_tiger_port_pkt_gap_set
  35 0578 00000000 		.word	fal_tiger_port_pkt_gap_get
  36 057c 00000000 		.word	fal_tiger_port_macAutoNeg_enable_set
  37 0580 00000000 		.word	fal_tiger_port_macAutoNeg_enable_get
  38 0584 00000000 		.word	fal_tiger_port_mac_force_set
  39 0588 00000000 		.word	fal_tiger_port_mac_force_get
  40 058c 00000000 		.word	fal_tiger_port_mac_fc_set
  41 0590 00000000 		.word	fal_tiger_port_mac_fc_get
  42 0594 00000000 		.word	fal_tiger_port_extif_mode_set
  43 0598 00000000 		.word	fal_tiger_port_extif_mode_get
  44 059c 00000000 		.space	8
  44      00000000 
  45 05a4 00000000 		.word	fal_tiger_port_extif_rgmii_delay_set
  46 05a8 00000000 		.word	fal_tiger_port_extif_rgmii_delay_get
  47 05ac 00000000 		.word	fal_tiger_port_phyAutoNeg_enable_set
  48 05b0 00000000 		.word	fal_tiger_port_phyAutoNeg_enable_get
  49 05b4 00000000 		.word	fal_tiger_port_phyAutoNeg_ability_set
  50 05b8 00000000 		.word	fal_tiger_port_phyAutoNeg_ability_get
  51 05bc 00000000 		.word	fal_tiger_port_phy_force_set
  52 05c0 00000000 		.word	fal_tiger_port_phy_force_get
  53 05c4 00000000 		.word	fal_tiger_port_phy_linkstatus_get
  54 05c8 00000000 		.word	fal_tiger_port_phy_reg_set
  55 05cc 00000000 		.word	fal_tiger_port_phy_reg_get
  56 05d0 00000000 		.word	fal_tiger_port_eee_enable_set
  57 05d4 00000000 		.word	fal_tiger_port_eee_enable_get
  58 05d8 00000000 		.word	fal_tiger_port_jumbo_enable_set
  59 05dc 00000000 		.word	fal_tiger_port_jumbo_enable_get
  60 05e0 00000000 		.word	fal_tiger_port_jumbo_size_set
  61 05e4 00000000 		.word	fal_tiger_port_jumbo_size_get
  62 05e8 00000000 		.word	fal_tiger_port_cable_diag
  63 05ec 00000000 		.word	fal_tiger_port_phyCrossover_mode_set
  64 05f0 00000000 		.word	fal_tiger_port_phyCrossover_mode_get
  65 05f4 00000000 		.word	fal_tiger_port_phyCrossover_status_get
  66 05f8 00000000 		.word	fal_tiger_port_phyGreen_enable_set
  67 05fc 00000000 		.word	fal_tiger_port_phyGreen_enable_get
  68 0600 00000000 		.word	fal_tiger_port_extif_xmiiClk_invert_set
  69 0604 00000000 		.word	fal_tiger_port_extif_xmiiClk_invert_get
  70 0608 00000000 		.word	fal_tiger_port_parallel_detection_set
  71 060c 00000000 		.word	fal_tiger_port_parallel_detection_get
  72 0610 00000000 		.word	fal_tiger_port_dvddio_power_level_set
  73 0614 00000000 		.word	fal_tiger_port_dvddio_power_level_get
  74 0618 00000000 		.space	196
  74      00000000 
  74      00000000 
  74      00000000 
  74      00000000 
  75              		.text
  76              	.Letext0:
  77              		.file 2 "C:\\Users\\Dmitriy\\Desktop\\GD32F10x\\switch_sdk\\common\\include/yt_types.h"
  78              		.file 3 "C:\\Users\\Dmitriy\\Desktop\\GD32F10x\\switch_sdk\\core\\cal/cal_bprofile.h"
  79              		.file 4 "C:\\Users\\Dmitriy\\Desktop\\GD32F10x\\switch_sdk\\include/yt_cmm.h"
  80              		.file 5 "C:\\Users\\Dmitriy\\Desktop\\GD32F10x\\switch_sdk\\include/yt_vlan.h"
  81              		.file 6 "C:\\Users\\Dmitriy\\Desktop\\GD32F10x\\switch_sdk\\include/yt_vlan_translate.h"
  82              		.file 7 "C:\\Users\\Dmitriy\\Desktop\\GD32F10x\\switch_sdk\\include/yt_acl.h"
  83              		.file 8 "C:\\Users\\Dmitriy\\Desktop\\GD32F10x\\switch_sdk\\include/yt_qos.h"
  84              		.file 9 "C:\\Users\\Dmitriy\\Desktop\\GD32F10x\\switch_sdk\\include/yt_rate.h"
  85              		.file 10 "C:\\Users\\Dmitriy\\Desktop\\GD32F10x\\switch_sdk\\include/yt_dos.h"
  86              		.file 11 "C:\\Users\\Dmitriy\\Desktop\\GD32F10x\\switch_sdk\\include/yt_nic.h"
  87              		.file 12 "C:\\Users\\Dmitriy\\Desktop\\GD32F10x\\switch_sdk\\include/yt_stp.h"
  88              		.file 13 "C:\\Users\\Dmitriy\\Desktop\\GD32F10x\\switch_sdk\\include/yt_l2.h"
  89              		.file 14 "C:\\Users\\Dmitriy\\Desktop\\GD32F10x\\switch_sdk\\include/yt_loopdetect.h"
  90              		.file 15 "C:\\Users\\Dmitriy\\Desktop\\GD32F10x\\switch_sdk\\include/yt_multicast.h"
  91              		.file 16 "C:\\Users\\Dmitriy\\Desktop\\GD32F10x\\switch_sdk\\include/yt_rma.h"
  92              		.file 17 "C:\\Users\\Dmitriy\\Desktop\\GD32F10x\\switch_sdk\\include/yt_oam.h"
  93              		.file 18 "C:\\Users\\Dmitriy\\Desktop\\GD32F10x\\switch_sdk\\include/yt_storm_ctrl.h"
  94              		.file 19 "C:\\Users\\Dmitriy\\Desktop\\GD32F10x\\switch_sdk\\include/yt_port.h"
  95              		.file 20 "C:\\Users\\Dmitriy\\Desktop\\GD32F10x\\switch_sdk\\include/yt_dot1x.h"
  96              		.file 21 "C:\\Users\\Dmitriy\\Desktop\\GD32F10x\\switch_sdk\\include/yt_ctrlpkt.h"
  97              		.file 22 "C:\\Users\\Dmitriy\\Desktop\\GD32F10x\\switch_sdk\\include/yt_stat.h"
  98              		.file 23 "C:\\Users\\Dmitriy\\Desktop\\GD32F10x\\switch_sdk\\include/yt_interrupt.h"
  99              		.file 24 "C:\\Users\\Dmitriy\\Desktop\\GD32F10x\\switch_sdk\\include/yt_led.h"
 100              		.file 25 "C:\\Users\\Dmitriy\\Desktop\\GD32F10x\\switch_sdk\\include/yt_sys.h"
 101              		.file 26 "C:\\Users\\Dmitriy\\Desktop\\GD32F10x\\switch_sdk\\include/yt_debug.h"
 102              		.file 27 "C:\\Users\\Dmitriy\\Desktop\\GD32F10x\\switch_sdk\\core\\fal/fal_dispatch.h"
 103              		.file 28 "../switch_sdk/core/fal/tiger/fal_tiger_port.h"
 104              		.file 29 "../switch_sdk/core/fal/tiger/fal_tiger_dispatch.h"
DEFINED SYMBOLS
                            *ABS*:00000000 fal_tiger_dispatch.c
C:\Users\Dmitriy\AppData\Local\Temp\ccxbQghs.s:23     .data.fal_tiger_dispatch:00000000 fal_tiger_dispatch
C:\Users\Dmitriy\AppData\Local\Temp\ccxbQghs.s:20     .data.fal_tiger_dispatch:00000000 $d
                           .group:00000000 wm4.0.3ac34e011645c1b8d95761511e5c0518
                           .group:00000000 wm4._newlib_version.h.4.6d111ab2e95434b664b53815e5c8ccba
                           .group:00000000 wm4.newlib.h.27.d4bf77c18f14f545101dac22f0b54118
                           .group:00000000 wm4.ieeefp.h.77.0ee3146e9d892bb10bc0066c30189af1
                           .group:00000000 wm4.features.h.22.7877b139107948f7dadcf3660cc79cfd
                           .group:00000000 wm4.config.h.224.10ee1ad185d877c6e334e6581faab44d
                           .group:00000000 wm4._ansi.h.31.de524f58584151836e90d8620a16f8e8
                           .group:00000000 wm4.stdio.h.31.7c0e28c411445f3f9c5b11accf882760
                           .group:00000000 wm4._default_types.h.6.959254cf5f09734ea7516c89e8bb21bd
                           .group:00000000 wm4.stddef.h.185.cbb642e1ccd385e8aa504b15cb7fb086
                           .group:00000000 wm4.cdefs.h.49.f93868eb904b9ca05b5c0257d31128ca
                           .group:00000000 wm4.stddef.h.39.0e5f0dabba1c666ccadf0408e0d47322
                           .group:00000000 wm4.stdarg.h.34.3a23a216c0c293b3d2ea2e89281481e6
                           .group:00000000 wm4._types.h.20.dd0d04dca3800a0d2a6129b87f3adbb2
                           .group:00000000 wm4.stddef.h.158.5f30652bb2ea05b142c1bbee9108c999
                           .group:00000000 wm4._types.h.127.3bdfe3ff8ea2d0985b03d9cbe93480e3
                           .group:00000000 wm4.reent.h.17.e292bf8b0bec6c96e131a54347145a30
                           .group:00000000 wm4.lock.h.2.1461d1fff82dffe8bfddc23307f6484f
                           .group:00000000 wm4.reent.h.77.89f7dde66c62b1f1dee32bdb6ab2d544
                           .group:00000000 wm4.stdio.h.67.0cf8a9c281ab0b348aef5c02e7e48825
                           .group:00000000 wm4.stdio.h.2.4aa87247282eca6c8f36f9de33d8df1a
                           .group:00000000 wm4.stdio.h.87.a1e20d2651f9bfb66e51bfbe849db00a
                           .group:00000000 wm4.string.h.8.c4b8571ce60dff2817f43fec8b86aecd
                           .group:00000000 wm4.stddef.h.158.bfed30416c9480cd13bc4a25427d538f
                           .group:00000000 wm4.stdbool.h.29.4a1c88fe569adb8d03217dd16982ca34
                           .group:00000000 wm4.malloc.h.4.62bd13b8107d5245f60bd92bb5994838
                           .group:00000000 wm4.malloc.h.152.f5d1d9a9aabeac59da0ef41ede16d2b0
                           .group:00000000 wm4.yt_types.h.31.64aa050cf4c68d28514ce99f5dc2ddb9
                           .group:00000000 wm4.yt_lock.h.9.ec67e8f6d308980d310512269a06d32b
                           .group:00000000 wm4.yt_error.h.38.7d21fcd141776eb0b18825b154fad62e
                           .group:00000000 wm4.yt_util.h.17.08ae57e3898b218a2bbe57b2147a81bd
                           .group:00000000 wm4.chipdef_tiger.h.10.ae557adb3508daebcdc97f8fb0dc9e1a
                           .group:00000000 wm4.phy_chipdef.h.9.9a1a2dbb46f5503e32a84083ab1dbc9f
                           .group:00000000 wm4.cal_bprofile.h.23.d6ecfc2230abc149b4da600a40b20e5b
                           .group:00000000 wm4.bprofile_YT9215_default_demo.h.15.13aa65ba4a73c41dc1ffa3c5f8dcfda3
                           .group:00000000 wm4.cal_cmm.h.46.d022146a9e55e93d62d578a666b2c2f5
                           .group:00000000 wm4.yt_cmm.h.12.5273de39c1b049d4c73c2c31caf670b1
                           .group:00000000 wm4.yt_vlan.h.27.cbfc53d6b95550ade50fea715c623f6e
                           .group:00000000 wm4.yt_acl.h.25.ad9531373d966dccc96222e31e0234b5
                           .group:00000000 wm4.yt_nic.h.17.4e5ceed38d9cfbd9b5db2d4b069b6961
                           .group:00000000 wm4.yt_loopdetect.h.17.4739c2e436a8e779d4d8c89037b81aea
                           .group:00000000 wm4.yt_multicast.h.17.9c1d51b153e5e1785468d9c0ad6414a4
                           .group:00000000 wm4.yt_port.h.17.f9740394ebf086646c9c567db1605abb
                           .group:00000000 wm4.yt_stat.h.17.f87caec2ee71e59f920ea3778bda3fad
                           .group:00000000 wm4.fal_tiger_mem.h.6.e463db19434e1621ca889542a33dadb5
                           .group:00000000 wm4.hal_mem.h.36.24f0b260778f0666559c98f574a16e4b
                           .group:00000000 wm4.fal_cmm.h.21.0757d6cd7cf74ae5e563523dc3aee2b2
                           .group:00000000 wm4.fal_tiger_acl.h.17.a710a3aebc8f74e0c8a547a162918135
                           .group:00000000 wm4.fal_tiger_qos.h.17.f4b37d24596e99c802aec81329c236f2
                           .group:00000000 wm4.fal_tiger_l2.h.17.ec44d253209d0027311588909a219ba9
                           .group:00000000 wm4.fal_tiger_multicast.h.17.bd312b0a9d0745da91bca5232b76b1cb
                           .group:00000000 wm4.fal_tiger_lag.h.17.f77be1bf7f5592d5a87110757893dddd
                           .group:00000000 wm4.fal_tiger_storm_ctrl.h.17.2dde62a3cef2efa0497632645696e36a
                           .group:00000000 wm4.fal_tiger_rate.h.17.af3ba958b336369f087375aa154106ef
                           .group:00000000 wm4.fal_tiger_led.h.17.19600d5bce17be3cf08e2d5a2e7a7581

UNDEFINED SYMBOLS
fal_tiger_port_init
fal_tiger_port_enable_set
fal_tiger_port_enable_get
fal_tiger_port_link_status_get
fal_tiger_port_link_status_all_get
fal_tiger_port_backpress_enable_set
fal_tiger_port_backpress_enable_get
fal_tiger_port_cascade_set
fal_tiger_port_cascade_get
fal_tiger_port_pkt_gap_set
fal_tiger_port_pkt_gap_get
fal_tiger_port_macAutoNeg_enable_set
fal_tiger_port_macAutoNeg_enable_get
fal_tiger_port_mac_force_set
fal_tiger_port_mac_force_get
fal_tiger_port_mac_fc_set
fal_tiger_port_mac_fc_get
fal_tiger_port_extif_mode_set
fal_tiger_port_extif_mode_get
fal_tiger_port_extif_rgmii_delay_set
fal_tiger_port_extif_rgmii_delay_get
fal_tiger_port_phyAutoNeg_enable_set
fal_tiger_port_phyAutoNeg_enable_get
fal_tiger_port_phyAutoNeg_ability_set
fal_tiger_port_phyAutoNeg_ability_get
fal_tiger_port_phy_force_set
fal_tiger_port_phy_force_get
fal_tiger_port_phy_linkstatus_get
fal_tiger_port_phy_reg_set
fal_tiger_port_phy_reg_get
fal_tiger_port_eee_enable_set
fal_tiger_port_eee_enable_get
fal_tiger_port_jumbo_enable_set
fal_tiger_port_jumbo_enable_get
fal_tiger_port_jumbo_size_set
fal_tiger_port_jumbo_size_get
fal_tiger_port_cable_diag
fal_tiger_port_phyCrossover_mode_set
fal_tiger_port_phyCrossover_mode_get
fal_tiger_port_phyCrossover_status_get
fal_tiger_port_phyGreen_enable_set
fal_tiger_port_phyGreen_enable_get
fal_tiger_port_extif_xmiiClk_invert_set
fal_tiger_port_extif_xmiiClk_invert_get
fal_tiger_port_parallel_detection_set
fal_tiger_port_parallel_detection_get
fal_tiger_port_dvddio_power_level_set
fal_tiger_port_dvddio_power_level_get
