   1              		.cpu cortex-m3
   2              		.arch armv7-m
   3              		.fpu softvfp
   4              		.eabi_attribute 20, 1
   5              		.eabi_attribute 21, 1
   6              		.eabi_attribute 23, 3
   7              		.eabi_attribute 24, 1
   8              		.eabi_attribute 25, 1
   9              		.eabi_attribute 26, 1
  10              		.eabi_attribute 30, 1
  11              		.eabi_attribute 34, 1
  12              		.eabi_attribute 18, 4
  13              		.file	"yt_exit.c"
  14              		.text
  15              	.Ltext0:
  16              		.cfi_sections	.debug_frame
  17              		.file 1 "../Switch/core/yt/yt_exit.c"
  18              		.section	.text.yt_exit,"ax",%progbits
  19              		.align	1
  20              		.global	yt_exit
  21              		.syntax unified
  22              		.thumb
  23              		.thumb_func
  25              	yt_exit:
  26              	.LVL0:
  27              	.LFB3:
   1:../Switch/core/yt/yt_exit.c **** /*******************************************************************************
   2:../Switch/core/yt/yt_exit.c **** *                                                                              *
   3:../Switch/core/yt/yt_exit.c **** *  Copyright (c), 2022, Motorcomm Electronic Technology Co.,Ltd.               *
   4:../Switch/core/yt/yt_exit.c **** *  Motorcomm Confidential and Proprietary.                                     *
   5:../Switch/core/yt/yt_exit.c **** *                                                                              *
   6:../Switch/core/yt/yt_exit.c **** ********************************************************************************
   7:../Switch/core/yt/yt_exit.c **** */
   8:../Switch/core/yt/yt_exit.c **** /*
   9:../Switch/core/yt/yt_exit.c ****  * Include Files
  10:../Switch/core/yt/yt_exit.c ****  */
  11:../Switch/core/yt/yt_exit.c **** 
  12:../Switch/core/yt/yt_exit.c **** #include "yt_types.h"
  13:../Switch/core/yt/yt_exit.c **** #include "yt_error.h"
  14:../Switch/core/yt/yt_exit.c **** #include "yt_exit.h"
  15:../Switch/core/yt/yt_exit.c **** #include "hal_mem.h"
  16:../Switch/core/yt/yt_exit.c **** #include "yt_util.h"
  17:../Switch/core/yt/yt_exit.c **** #include "yt_init.h"
  18:../Switch/core/yt/yt_exit.c **** 
  19:../Switch/core/yt/yt_exit.c **** yt_ret_t yt_exit(uint8_t unit)
  20:../Switch/core/yt/yt_exit.c **** {
  28              		.loc 1 20 1 view -0
  29              		.cfi_startproc
  30              		@ args = 0, pretend = 0, frame = 0
  31              		@ frame_needed = 0, uses_anonymous_args = 0
  32              		.loc 1 20 1 is_stmt 0 view .LVU1
  33 0000 10B5     		push	{r4, lr}
  34              		.cfi_def_cfa_offset 8
  35              		.cfi_offset 4, -8
  36              		.cfi_offset 14, -4
  37 0002 0446     		mov	r4, r0
  21:../Switch/core/yt/yt_exit.c ****     CMM_UNUSED_PARAM(unit);
  38              		.loc 1 21 5 is_stmt 1 view .LVU2
  22:../Switch/core/yt/yt_exit.c **** 
  23:../Switch/core/yt/yt_exit.c ****     hal_table_reg_exit();
  39              		.loc 1 23 5 view .LVU3
  40 0004 FFF7FEFF 		bl	hal_table_reg_exit
  41              	.LVL1:
  24:../Switch/core/yt/yt_exit.c **** 
  25:../Switch/core/yt/yt_exit.c ****     yt_device_close(unit);
  42              		.loc 1 25 5 view .LVU4
  43 0008 2046     		mov	r0, r4
  44 000a FFF7FEFF 		bl	yt_device_close
  45              	.LVL2:
  26:../Switch/core/yt/yt_exit.c **** 
  27:../Switch/core/yt/yt_exit.c ****     return CMM_ERR_OK;
  46              		.loc 1 27 5 view .LVU5
  28:../Switch/core/yt/yt_exit.c **** }
  47              		.loc 1 28 1 is_stmt 0 view .LVU6
  48 000e 0020     		movs	r0, #0
  49 0010 10BD     		pop	{r4, pc}
  50              		.cfi_endproc
  51              	.LFE3:
  53              		.text
  54              	.Letext0:
  55              		.file 2 "C:\\Users\\Dmitriy\\Desktop\\GD32F10x\\Switch\\common\\include/yt_types.h"
  56              		.file 3 "C:\\Users\\Dmitriy\\Desktop\\GD32F10x\\Switch\\common\\include/yt_error.h"
  57              		.file 4 "C:\\Users\\Dmitriy\\Desktop\\GD32F10x\\Switch\\include/yt_init.h"
  58              		.file 5 "C:\\Users\\Dmitriy\\Desktop\\GD32F10x\\Switch\\core\\hal/hal_mem.h"
DEFINED SYMBOLS
                            *ABS*:00000000 yt_exit.c
C:\Users\Dmitriy\AppData\Local\Temp\ccx0NvVl.s:19     .text.yt_exit:00000000 $t
C:\Users\Dmitriy\AppData\Local\Temp\ccx0NvVl.s:25     .text.yt_exit:00000000 yt_exit
                           .group:00000000 wm4.0.645242867a2c3890cfa09ec032a865e6
                           .group:00000000 wm4._newlib_version.h.4.6d111ab2e95434b664b53815e5c8ccba
                           .group:00000000 wm4.newlib.h.27.d4bf77c18f14f545101dac22f0b54118
                           .group:00000000 wm4.ieeefp.h.77.0ee3146e9d892bb10bc0066c30189af1
                           .group:00000000 wm4.features.h.22.7877b139107948f7dadcf3660cc79cfd
                           .group:00000000 wm4.config.h.224.10ee1ad185d877c6e334e6581faab44d
                           .group:00000000 wm4._ansi.h.31.de524f58584151836e90d8620a16f8e8
                           .group:00000000 wm4.stdio.h.31.7c0e28c411445f3f9c5b11accf882760
                           .group:00000000 wm4._default_types.h.6.959254cf5f09734ea7516c89e8bb21bd
                           .group:00000000 wm4.stddef.h.185.cbb642e1ccd385e8aa504b15cb7fb086
                           .group:00000000 wm4.cdefs.h.49.f93868eb904b9ca05b5c0257d31128ca
                           .group:00000000 wm4.stddef.h.39.0e5f0dabba1c666ccadf0408e0d47322
                           .group:00000000 wm4.stdarg.h.34.3a23a216c0c293b3d2ea2e89281481e6
                           .group:00000000 wm4._types.h.20.dd0d04dca3800a0d2a6129b87f3adbb2
                           .group:00000000 wm4.stddef.h.158.5f30652bb2ea05b142c1bbee9108c999
                           .group:00000000 wm4._types.h.127.3bdfe3ff8ea2d0985b03d9cbe93480e3
                           .group:00000000 wm4.reent.h.17.e292bf8b0bec6c96e131a54347145a30
                           .group:00000000 wm4.lock.h.2.1461d1fff82dffe8bfddc23307f6484f
                           .group:00000000 wm4.reent.h.77.89f7dde66c62b1f1dee32bdb6ab2d544
                           .group:00000000 wm4.stdio.h.67.0cf8a9c281ab0b348aef5c02e7e48825
                           .group:00000000 wm4.stdio.h.2.4aa87247282eca6c8f36f9de33d8df1a
                           .group:00000000 wm4.stdio.h.87.a1e20d2651f9bfb66e51bfbe849db00a
                           .group:00000000 wm4.string.h.8.c4b8571ce60dff2817f43fec8b86aecd
                           .group:00000000 wm4.stddef.h.158.bfed30416c9480cd13bc4a25427d538f
                           .group:00000000 wm4.stdbool.h.29.4a1c88fe569adb8d03217dd16982ca34
                           .group:00000000 wm4.malloc.h.4.62bd13b8107d5245f60bd92bb5994838
                           .group:00000000 wm4.malloc.h.152.f5d1d9a9aabeac59da0ef41ede16d2b0
                           .group:00000000 wm4.yt_types.h.31.64aa050cf4c68d28514ce99f5dc2ddb9
                           .group:00000000 wm4.yt_lock.h.9.5d39f1aba4451d3b9b95aa39771489dc
                           .group:00000000 wm4.yt_error.h.38.039589275c83974021fd481937e9f4a7
                           .group:00000000 wm4.fal_tiger_mem.h.6.e463db19434e1621ca889542a33dadb5
                           .group:00000000 wm4.hal_mem.h.36.24f0b260778f0666559c98f574a16e4b
                           .group:00000000 wm4.yt_util.h.17.08ae57e3898b218a2bbe57b2147a81bd

UNDEFINED SYMBOLS
hal_table_reg_exit
yt_device_close
