   1              		.cpu cortex-m3
   2              		.arch armv7-m
   3              		.fpu softvfp
   4              		.eabi_attribute 20, 1
   5              		.eabi_attribute 21, 1
   6              		.eabi_attribute 23, 3
   7              		.eabi_attribute 24, 1
   8              		.eabi_attribute 25, 1
   9              		.eabi_attribute 26, 1
  10              		.eabi_attribute 30, 1
  11              		.eabi_attribute 34, 1
  12              		.eabi_attribute 18, 4
  13              		.file	"yt_port_isolation.c"
  14              		.text
  15              	.Ltext0:
  16              		.cfi_sections	.debug_frame
  17              		.file 1 "../Switch/core/yt/yt_port_isolation.c"
  18              		.section	.rodata.yt_port_isolation_set.str1.4,"aMS",%progbits,1
  19              		.align	2
  20              	.LC0:
  21 0000 25732573 		.ascii	"%s%s\015\012\000"
  21      0D0A00
  22              		.section	.text.yt_port_isolation_set,"ax",%progbits
  23              		.align	1
  24              		.global	yt_port_isolation_set
  25              		.syntax unified
  26              		.thumb
  27              		.thumb_func
  29              	yt_port_isolation_set:
  30              	.LVL0:
  31              	.LFB3:
   1:../Switch/core/yt/yt_port_isolation.c **** /*******************************************************************************
   2:../Switch/core/yt/yt_port_isolation.c **** *                                                                              *
   3:../Switch/core/yt/yt_port_isolation.c **** *  Copyright (c), 2022, Motorcomm Electronic Technology Co.,Ltd.               *
   4:../Switch/core/yt/yt_port_isolation.c **** *  Motorcomm Confidential and Proprietary.                                     *
   5:../Switch/core/yt/yt_port_isolation.c **** *                                                                              *
   6:../Switch/core/yt/yt_port_isolation.c **** ********************************************************************************
   7:../Switch/core/yt/yt_port_isolation.c **** */
   8:../Switch/core/yt/yt_port_isolation.c **** /**
   9:../Switch/core/yt/yt_port_isolation.c **** ********************************************************************************
  10:../Switch/core/yt/yt_port_isolation.c **** * @file yt_port_isolation.c
  11:../Switch/core/yt/yt_port_isolation.c **** *
  12:../Switch/core/yt/yt_port_isolation.c **** * @brief x
  13:../Switch/core/yt/yt_port_isolation.c **** *
  14:../Switch/core/yt/yt_port_isolation.c **** ********************************************************************************
  15:../Switch/core/yt/yt_port_isolation.c **** */
  16:../Switch/core/yt/yt_port_isolation.c **** #include "yt_port_isolation.h"
  17:../Switch/core/yt/yt_port_isolation.c **** #include "fal_dispatch.h"
  18:../Switch/core/yt/yt_port_isolation.c **** 
  19:../Switch/core/yt/yt_port_isolation.c **** 
  20:../Switch/core/yt/yt_port_isolation.c **** /**
  21:../Switch/core/yt/yt_port_isolation.c ****  * @internal      yt_port_isolation_set
  22:../Switch/core/yt/yt_port_isolation.c ****  * @endinternal
  23:../Switch/core/yt/yt_port_isolation.c ****  *
  24:../Switch/core/yt/yt_port_isolation.c ****  * @brief         set allowed dest port mask of the port
  25:../Switch/core/yt/yt_port_isolation.c ****  * @param[in]     unit                -unit id
  26:../Switch/core/yt/yt_port_isolation.c ****  * @param[in]     port                -port num
  27:../Switch/core/yt/yt_port_isolation.c ****  * @param[in]     iso_portmask        -the allowed dest portmask of specific port
  28:../Switch/core/yt/yt_port_isolation.c ****  * @retval        CMM_ERR_OK          -on success
  29:../Switch/core/yt/yt_port_isolation.c ****  * @retval        CMM_ERR_FAIL        -on fail
  30:../Switch/core/yt/yt_port_isolation.c ****  */
  31:../Switch/core/yt/yt_port_isolation.c **** yt_ret_t yt_port_isolation_set(yt_unit_t unit, yt_port_t port, yt_port_mask_t iso_portmask)
  32:../Switch/core/yt/yt_port_isolation.c **** {
  32              		.loc 1 32 1 view -0
  33              		.cfi_startproc
  34              		@ args = 0, pretend = 0, frame = 0
  35              		@ frame_needed = 0, uses_anonymous_args = 0
  36              		.loc 1 32 1 is_stmt 0 view .LVU1
  37 0000 70B5     		push	{r4, r5, r6, lr}
  38              		.cfi_def_cfa_offset 16
  39              		.cfi_offset 4, -16
  40              		.cfi_offset 5, -12
  41              		.cfi_offset 6, -8
  42              		.cfi_offset 14, -4
  33:../Switch/core/yt/yt_port_isolation.c ****     CMM_PARAM_CHK((YT_UNIT_NUM <= unit), CMM_ERR_INPUT);
  43              		.loc 1 33 5 is_stmt 1 view .LVU2
  44              		.loc 1 33 5 view .LVU3
  45 0002 18BB     		cbnz	r0, .L15
  46 0004 0E46     		mov	r6, r1
  47 0006 1546     		mov	r5, r2
  48              	.LVL1:
  49              		.loc 1 33 5 is_stmt 0 view .LVU4
  50 0008 0446     		mov	r4, r0
  51              		.loc 1 33 5 is_stmt 1 discriminator 2 view .LVU5
  34:../Switch/core/yt/yt_port_isolation.c ****     CMM_PARAM_CHK(NULL == YT_DISPATCH(unit), CMM_ERR_NOT_INIT);
  52              		.loc 1 34 5 discriminator 2 view .LVU6
  53              		.loc 1 34 5 discriminator 2 view .LVU7
  54 000a 334B     		ldr	r3, .L24
  55 000c 53F82030 		ldr	r3, [r3, r0, lsl #2]
  56 0010 53B3     		cbz	r3, .L16
  57              		.loc 1 34 5 discriminator 2 view .LVU8
  35:../Switch/core/yt/yt_port_isolation.c ****     CMM_PARAM_CHK((!(YT_DISPATCH(unit)->is_inited)), CMM_ERR_NOT_INIT);
  58              		.loc 1 35 5 discriminator 2 view .LVU9
  59              		.loc 1 35 5 discriminator 2 view .LVU10
  60 0012 1B78     		ldrb	r3, [r3]	@ zero_extendqisi2
  61 0014 002B     		cmp	r3, #0
  62 0016 35D0     		beq	.L17
  63              		.loc 1 35 5 discriminator 2 view .LVU11
  36:../Switch/core/yt/yt_port_isolation.c ****     CMM_PARAM_CHK((!(CMM_PORT_VALID(unit,port))), CMM_ERR_PORT);
  64              		.loc 1 36 5 discriminator 2 view .LVU12
  65              		.loc 1 36 5 discriminator 2 view .LVU13
  66 0018 304B     		ldr	r3, .L24+4
  67 001a 1B78     		ldrb	r3, [r3]	@ zero_extendqisi2
  68 001c 002B     		cmp	r3, #0
  69 001e 3FD0     		beq	.L9
  70 0020 2F4B     		ldr	r3, .L24+8
  71 0022 53F82030 		ldr	r3, [r3, r0, lsl #2]
  72 0026 1B7D     		ldrb	r3, [r3, #20]	@ zero_extendqisi2
  73 0028 8B42     		cmp	r3, r1
  74 002a 39D9     		bls	.L9
  75              		.loc 1 36 5 discriminator 4 view .LVU14
  37:../Switch/core/yt/yt_port_isolation.c ****     CMM_PARAM_CHK((!(CMM_PLIST_VALID(unit,iso_portmask))), CMM_ERR_PORTLIST);
  76              		.loc 1 37 5 discriminator 4 view .LVU15
  77              		.loc 1 37 5 discriminator 4 view .LVU16
  78 002c 0022     		movs	r2, #0
  79              	.LVL2:
  80              		.loc 1 37 5 is_stmt 0 discriminator 4 view .LVU17
  81 002e 2946     		mov	r1, r5
  82              	.LVL3:
  83              		.loc 1 37 5 discriminator 4 view .LVU18
  84 0030 FFF7FEFF 		bl	cal_ytportmask_isvalid
  85              	.LVL4:
  86              		.loc 1 37 5 discriminator 4 view .LVU19
  87 0034 0028     		cmp	r0, #0
  88 0036 41D1     		bne	.L18
  89              		.loc 1 37 5 is_stmt 1 discriminator 2 view .LVU20
  38:../Switch/core/yt/yt_port_isolation.c **** 
  39:../Switch/core/yt/yt_port_isolation.c ****     return YT_DISPATCH(unit)->port_isolation_set(unit, port, iso_portmask);
  90              		.loc 1 39 5 discriminator 2 view .LVU21
  91              		.loc 1 39 12 is_stmt 0 discriminator 2 view .LVU22
  92 0038 274B     		ldr	r3, .L24
  93 003a 53F82430 		ldr	r3, [r3, r4, lsl #2]
  94              		.loc 1 39 29 discriminator 2 view .LVU23
  95 003e D3F8E032 		ldr	r3, [r3, #736]
  96              		.loc 1 39 12 discriminator 2 view .LVU24
  97 0042 2A46     		mov	r2, r5
  98 0044 3146     		mov	r1, r6
  99 0046 2046     		mov	r0, r4
 100 0048 9847     		blx	r3
 101              	.LVL5:
 102 004a 2EE0     		b	.L1
 103              	.LVL6:
 104              	.L15:
  33:../Switch/core/yt/yt_port_isolation.c ****     CMM_PARAM_CHK(NULL == YT_DISPATCH(unit), CMM_ERR_NOT_INIT);
 105              		.loc 1 33 5 is_stmt 1 discriminator 1 view .LVU25
  33:../Switch/core/yt/yt_port_isolation.c ****     CMM_PARAM_CHK(NULL == YT_DISPATCH(unit), CMM_ERR_NOT_INIT);
 106              		.loc 1 33 5 discriminator 1 view .LVU26
 107 004c 254B     		ldr	r3, .L24+12
 108 004e 1B78     		ldrb	r3, [r3]	@ zero_extendqisi2
 109 0050 012B     		cmp	r3, #1
 110 0052 01D8     		bhi	.L19
 111              	.LVL7:
 112              	.L3:
  33:../Switch/core/yt/yt_port_isolation.c ****     CMM_PARAM_CHK(NULL == YT_DISPATCH(unit), CMM_ERR_NOT_INIT);
 113              		.loc 1 33 5 discriminator 5 view .LVU27
  33:../Switch/core/yt/yt_port_isolation.c ****     CMM_PARAM_CHK(NULL == YT_DISPATCH(unit), CMM_ERR_NOT_INIT);
 114              		.loc 1 33 5 discriminator 5 view .LVU28
  33:../Switch/core/yt/yt_port_isolation.c ****     CMM_PARAM_CHK(NULL == YT_DISPATCH(unit), CMM_ERR_NOT_INIT);
 115              		.loc 1 33 5 discriminator 5 view .LVU29
 116 0054 0520     		movs	r0, #5
 117 0056 28E0     		b	.L1
 118              	.LVL8:
 119              	.L19:
  33:../Switch/core/yt/yt_port_isolation.c ****     CMM_PARAM_CHK(NULL == YT_DISPATCH(unit), CMM_ERR_NOT_INIT);
 120              		.loc 1 33 5 discriminator 3 view .LVU30
 121              	.LBB2:
  33:../Switch/core/yt/yt_port_isolation.c ****     CMM_PARAM_CHK(NULL == YT_DISPATCH(unit), CMM_ERR_NOT_INIT);
 122              		.loc 1 33 5 discriminator 3 view .LVU31
 123 0058 234B     		ldr	r3, .L24+16
 124 005a 5A69     		ldr	r2, [r3, #20]
 125              	.LVL9:
  33:../Switch/core/yt/yt_port_isolation.c ****     CMM_PARAM_CHK(NULL == YT_DISPATCH(unit), CMM_ERR_NOT_INIT);
 126              		.loc 1 33 5 is_stmt 0 discriminator 3 view .LVU32
 127 005c 234B     		ldr	r3, .L24+20
 128 005e 9968     		ldr	r1, [r3, #8]
 129              	.LVL10:
  33:../Switch/core/yt/yt_port_isolation.c ****     CMM_PARAM_CHK(NULL == YT_DISPATCH(unit), CMM_ERR_NOT_INIT);
 130              		.loc 1 33 5 discriminator 3 view .LVU33
 131 0060 2348     		ldr	r0, .L24+24
 132              	.LVL11:
  33:../Switch/core/yt/yt_port_isolation.c ****     CMM_PARAM_CHK(NULL == YT_DISPATCH(unit), CMM_ERR_NOT_INIT);
 133              		.loc 1 33 5 discriminator 3 view .LVU34
 134 0062 FFF7FEFF 		bl	osal_printf
 135              	.LVL12:
 136 0066 F5E7     		b	.L3
 137              	.LVL13:
 138              	.L16:
  33:../Switch/core/yt/yt_port_isolation.c ****     CMM_PARAM_CHK(NULL == YT_DISPATCH(unit), CMM_ERR_NOT_INIT);
 139              		.loc 1 33 5 discriminator 3 view .LVU35
 140              	.LBE2:
  34:../Switch/core/yt/yt_port_isolation.c ****     CMM_PARAM_CHK((!(YT_DISPATCH(unit)->is_inited)), CMM_ERR_NOT_INIT);
 141              		.loc 1 34 5 is_stmt 1 discriminator 1 view .LVU36
  34:../Switch/core/yt/yt_port_isolation.c ****     CMM_PARAM_CHK((!(YT_DISPATCH(unit)->is_inited)), CMM_ERR_NOT_INIT);
 142              		.loc 1 34 5 discriminator 1 view .LVU37
 143 0068 1E4B     		ldr	r3, .L24+12
 144 006a 1B78     		ldrb	r3, [r3]	@ zero_extendqisi2
 145 006c 012B     		cmp	r3, #1
 146 006e 01D8     		bhi	.L20
 147              	.LVL14:
 148              	.L6:
  34:../Switch/core/yt/yt_port_isolation.c ****     CMM_PARAM_CHK((!(YT_DISPATCH(unit)->is_inited)), CMM_ERR_NOT_INIT);
 149              		.loc 1 34 5 discriminator 5 view .LVU38
  34:../Switch/core/yt/yt_port_isolation.c ****     CMM_PARAM_CHK((!(YT_DISPATCH(unit)->is_inited)), CMM_ERR_NOT_INIT);
 150              		.loc 1 34 5 discriminator 5 view .LVU39
  34:../Switch/core/yt/yt_port_isolation.c ****     CMM_PARAM_CHK((!(YT_DISPATCH(unit)->is_inited)), CMM_ERR_NOT_INIT);
 151              		.loc 1 34 5 discriminator 5 view .LVU40
 152 0070 0420     		movs	r0, #4
 153 0072 1AE0     		b	.L1
 154              	.LVL15:
 155              	.L20:
  34:../Switch/core/yt/yt_port_isolation.c ****     CMM_PARAM_CHK((!(YT_DISPATCH(unit)->is_inited)), CMM_ERR_NOT_INIT);
 156              		.loc 1 34 5 discriminator 3 view .LVU41
 157              	.LBB3:
  34:../Switch/core/yt/yt_port_isolation.c ****     CMM_PARAM_CHK((!(YT_DISPATCH(unit)->is_inited)), CMM_ERR_NOT_INIT);
 158              		.loc 1 34 5 discriminator 3 view .LVU42
 159 0074 1C4B     		ldr	r3, .L24+16
 160 0076 1A69     		ldr	r2, [r3, #16]
 161 0078 1C4B     		ldr	r3, .L24+20
 162 007a 9968     		ldr	r1, [r3, #8]
 163              	.LVL16:
  34:../Switch/core/yt/yt_port_isolation.c ****     CMM_PARAM_CHK((!(YT_DISPATCH(unit)->is_inited)), CMM_ERR_NOT_INIT);
 164              		.loc 1 34 5 is_stmt 0 discriminator 3 view .LVU43
 165 007c 1C48     		ldr	r0, .L24+24
 166              	.LVL17:
  34:../Switch/core/yt/yt_port_isolation.c ****     CMM_PARAM_CHK((!(YT_DISPATCH(unit)->is_inited)), CMM_ERR_NOT_INIT);
 167              		.loc 1 34 5 discriminator 3 view .LVU44
 168 007e FFF7FEFF 		bl	osal_printf
 169              	.LVL18:
 170 0082 F5E7     		b	.L6
 171              	.LVL19:
 172              	.L17:
  34:../Switch/core/yt/yt_port_isolation.c ****     CMM_PARAM_CHK((!(YT_DISPATCH(unit)->is_inited)), CMM_ERR_NOT_INIT);
 173              		.loc 1 34 5 discriminator 3 view .LVU45
 174              	.LBE3:
  35:../Switch/core/yt/yt_port_isolation.c ****     CMM_PARAM_CHK((!(CMM_PORT_VALID(unit,port))), CMM_ERR_PORT);
 175              		.loc 1 35 5 is_stmt 1 discriminator 1 view .LVU46
  35:../Switch/core/yt/yt_port_isolation.c ****     CMM_PARAM_CHK((!(CMM_PORT_VALID(unit,port))), CMM_ERR_PORT);
 176              		.loc 1 35 5 discriminator 1 view .LVU47
 177 0084 174B     		ldr	r3, .L24+12
 178 0086 1B78     		ldrb	r3, [r3]	@ zero_extendqisi2
 179 0088 012B     		cmp	r3, #1
 180 008a 01D8     		bhi	.L21
 181              	.LVL20:
 182              	.L8:
  35:../Switch/core/yt/yt_port_isolation.c ****     CMM_PARAM_CHK((!(CMM_PORT_VALID(unit,port))), CMM_ERR_PORT);
 183              		.loc 1 35 5 discriminator 5 view .LVU48
  35:../Switch/core/yt/yt_port_isolation.c ****     CMM_PARAM_CHK((!(CMM_PORT_VALID(unit,port))), CMM_ERR_PORT);
 184              		.loc 1 35 5 discriminator 5 view .LVU49
  35:../Switch/core/yt/yt_port_isolation.c ****     CMM_PARAM_CHK((!(CMM_PORT_VALID(unit,port))), CMM_ERR_PORT);
 185              		.loc 1 35 5 discriminator 5 view .LVU50
 186 008c 0420     		movs	r0, #4
 187 008e 0CE0     		b	.L1
 188              	.LVL21:
 189              	.L21:
  35:../Switch/core/yt/yt_port_isolation.c ****     CMM_PARAM_CHK((!(CMM_PORT_VALID(unit,port))), CMM_ERR_PORT);
 190              		.loc 1 35 5 discriminator 3 view .LVU51
 191              	.LBB4:
  35:../Switch/core/yt/yt_port_isolation.c ****     CMM_PARAM_CHK((!(CMM_PORT_VALID(unit,port))), CMM_ERR_PORT);
 192              		.loc 1 35 5 discriminator 3 view .LVU52
 193 0090 154B     		ldr	r3, .L24+16
 194 0092 1A69     		ldr	r2, [r3, #16]
 195 0094 154B     		ldr	r3, .L24+20
 196 0096 9968     		ldr	r1, [r3, #8]
 197              	.LVL22:
  35:../Switch/core/yt/yt_port_isolation.c ****     CMM_PARAM_CHK((!(CMM_PORT_VALID(unit,port))), CMM_ERR_PORT);
 198              		.loc 1 35 5 is_stmt 0 discriminator 3 view .LVU53
 199 0098 1548     		ldr	r0, .L24+24
 200              	.LVL23:
  35:../Switch/core/yt/yt_port_isolation.c ****     CMM_PARAM_CHK((!(CMM_PORT_VALID(unit,port))), CMM_ERR_PORT);
 201              		.loc 1 35 5 discriminator 3 view .LVU54
 202 009a FFF7FEFF 		bl	osal_printf
 203              	.LVL24:
 204 009e F5E7     		b	.L8
 205              	.LVL25:
 206              	.L9:
  35:../Switch/core/yt/yt_port_isolation.c ****     CMM_PARAM_CHK((!(CMM_PORT_VALID(unit,port))), CMM_ERR_PORT);
 207              		.loc 1 35 5 discriminator 3 view .LVU55
 208              	.LBE4:
  36:../Switch/core/yt/yt_port_isolation.c ****     CMM_PARAM_CHK((!(CMM_PLIST_VALID(unit,iso_portmask))), CMM_ERR_PORTLIST);
 209              		.loc 1 36 5 is_stmt 1 discriminator 3 view .LVU56
  36:../Switch/core/yt/yt_port_isolation.c ****     CMM_PARAM_CHK((!(CMM_PLIST_VALID(unit,iso_portmask))), CMM_ERR_PORTLIST);
 210              		.loc 1 36 5 discriminator 3 view .LVU57
 211 00a0 104B     		ldr	r3, .L24+12
 212 00a2 1B78     		ldrb	r3, [r3]	@ zero_extendqisi2
 213 00a4 012B     		cmp	r3, #1
 214 00a6 01D8     		bhi	.L22
 215              	.LVL26:
 216              	.L11:
  36:../Switch/core/yt/yt_port_isolation.c ****     CMM_PARAM_CHK((!(CMM_PLIST_VALID(unit,iso_portmask))), CMM_ERR_PORTLIST);
 217              		.loc 1 36 5 discriminator 7 view .LVU58
  36:../Switch/core/yt/yt_port_isolation.c ****     CMM_PARAM_CHK((!(CMM_PLIST_VALID(unit,iso_portmask))), CMM_ERR_PORTLIST);
 218              		.loc 1 36 5 discriminator 7 view .LVU59
  36:../Switch/core/yt/yt_port_isolation.c ****     CMM_PARAM_CHK((!(CMM_PLIST_VALID(unit,iso_portmask))), CMM_ERR_PORTLIST);
 219              		.loc 1 36 5 discriminator 7 view .LVU60
 220 00a8 0E20     		movs	r0, #14
 221              	.LVL27:
 222              	.L1:
  40:../Switch/core/yt/yt_port_isolation.c **** }
 223              		.loc 1 40 1 is_stmt 0 view .LVU61
 224 00aa 70BD     		pop	{r4, r5, r6, pc}
 225              	.LVL28:
 226              	.L22:
  36:../Switch/core/yt/yt_port_isolation.c ****     CMM_PARAM_CHK((!(CMM_PLIST_VALID(unit,iso_portmask))), CMM_ERR_PORTLIST);
 227              		.loc 1 36 5 is_stmt 1 discriminator 5 view .LVU62
 228              	.LBB5:
  36:../Switch/core/yt/yt_port_isolation.c ****     CMM_PARAM_CHK((!(CMM_PLIST_VALID(unit,iso_portmask))), CMM_ERR_PORTLIST);
 229              		.loc 1 36 5 discriminator 5 view .LVU63
 230 00ac 0E4B     		ldr	r3, .L24+16
 231 00ae 9A6B     		ldr	r2, [r3, #56]
 232 00b0 0E4B     		ldr	r3, .L24+20
 233 00b2 9968     		ldr	r1, [r3, #8]
 234              	.LVL29:
  36:../Switch/core/yt/yt_port_isolation.c ****     CMM_PARAM_CHK((!(CMM_PLIST_VALID(unit,iso_portmask))), CMM_ERR_PORTLIST);
 235              		.loc 1 36 5 is_stmt 0 discriminator 5 view .LVU64
 236 00b4 0E48     		ldr	r0, .L24+24
 237              	.LVL30:
  36:../Switch/core/yt/yt_port_isolation.c ****     CMM_PARAM_CHK((!(CMM_PLIST_VALID(unit,iso_portmask))), CMM_ERR_PORTLIST);
 238              		.loc 1 36 5 discriminator 5 view .LVU65
 239 00b6 FFF7FEFF 		bl	osal_printf
 240              	.LVL31:
 241 00ba F5E7     		b	.L11
 242              	.LVL32:
 243              	.L18:
  36:../Switch/core/yt/yt_port_isolation.c ****     CMM_PARAM_CHK((!(CMM_PLIST_VALID(unit,iso_portmask))), CMM_ERR_PORTLIST);
 244              		.loc 1 36 5 discriminator 5 view .LVU66
 245              	.LBE5:
  37:../Switch/core/yt/yt_port_isolation.c **** 
 246              		.loc 1 37 5 is_stmt 1 discriminator 1 view .LVU67
  37:../Switch/core/yt/yt_port_isolation.c **** 
 247              		.loc 1 37 5 discriminator 1 view .LVU68
 248 00bc 094B     		ldr	r3, .L24+12
 249 00be 1B78     		ldrb	r3, [r3]	@ zero_extendqisi2
 250 00c0 012B     		cmp	r3, #1
 251 00c2 01D8     		bhi	.L23
 252              	.L13:
  37:../Switch/core/yt/yt_port_isolation.c **** 
 253              		.loc 1 37 5 discriminator 5 view .LVU69
  37:../Switch/core/yt/yt_port_isolation.c **** 
 254              		.loc 1 37 5 discriminator 5 view .LVU70
  37:../Switch/core/yt/yt_port_isolation.c **** 
 255              		.loc 1 37 5 discriminator 5 view .LVU71
 256 00c4 0F20     		movs	r0, #15
 257 00c6 F0E7     		b	.L1
 258              	.L23:
  37:../Switch/core/yt/yt_port_isolation.c **** 
 259              		.loc 1 37 5 discriminator 3 view .LVU72
 260              	.LBB6:
  37:../Switch/core/yt/yt_port_isolation.c **** 
 261              		.loc 1 37 5 discriminator 3 view .LVU73
 262 00c8 074B     		ldr	r3, .L24+16
 263 00ca DA6B     		ldr	r2, [r3, #60]
 264 00cc 074B     		ldr	r3, .L24+20
 265 00ce 9968     		ldr	r1, [r3, #8]
 266 00d0 0748     		ldr	r0, .L24+24
 267 00d2 FFF7FEFF 		bl	osal_printf
 268              	.LVL33:
 269 00d6 F5E7     		b	.L13
 270              	.L25:
 271              		.align	2
 272              	.L24:
 273 00d8 00000000 		.word	gpfal_dispatch
 274 00dc 00000000 		.word	gcal_inited
 275 00e0 00000000 		.word	gpSwitchUnit
 276 00e4 00000000 		.word	yt_debug_level
 277 00e8 00000000 		.word	_yt_errmsg
 278 00ec 00000000 		.word	_yt_prompt_msg
 279 00f0 00000000 		.word	.LC0
 280              	.LBE6:
 281              		.cfi_endproc
 282              	.LFE3:
 284              		.section	.text.yt_port_isolation_get,"ax",%progbits
 285              		.align	1
 286              		.global	yt_port_isolation_get
 287              		.syntax unified
 288              		.thumb
 289              		.thumb_func
 291              	yt_port_isolation_get:
 292              	.LVL34:
 293              	.LFB4:
  41:../Switch/core/yt/yt_port_isolation.c **** 
  42:../Switch/core/yt/yt_port_isolation.c **** /**
  43:../Switch/core/yt/yt_port_isolation.c ****  * @internal      yt_port_isolation_get
  44:../Switch/core/yt/yt_port_isolation.c ****  * @endinternal
  45:../Switch/core/yt/yt_port_isolation.c ****  *
  46:../Switch/core/yt/yt_port_isolation.c ****  * @brief         get allowed dest port mask of the port
  47:../Switch/core/yt/yt_port_isolation.c ****  * @param[in]     unit                -unit id
  48:../Switch/core/yt/yt_port_isolation.c ****  * @param[in]     port                -port num
  49:../Switch/core/yt/yt_port_isolation.c ****  * @param[out]    pIso_portmask       -the allowed dest portmask of specific port
  50:../Switch/core/yt/yt_port_isolation.c ****  * @retval        CMM_ERR_OK          -on success
  51:../Switch/core/yt/yt_port_isolation.c ****  * @retval        CMM_ERR_FAIL        -on fail
  52:../Switch/core/yt/yt_port_isolation.c ****  */
  53:../Switch/core/yt/yt_port_isolation.c **** yt_ret_t yt_port_isolation_get(yt_unit_t unit, yt_port_t port, yt_port_mask_t *pIso_portmask)
  54:../Switch/core/yt/yt_port_isolation.c **** {
 294              		.loc 1 54 1 view -0
 295              		.cfi_startproc
 296              		@ args = 0, pretend = 0, frame = 0
 297              		@ frame_needed = 0, uses_anonymous_args = 0
 298              		.loc 1 54 1 is_stmt 0 view .LVU75
 299 0000 08B5     		push	{r3, lr}
 300              		.cfi_def_cfa_offset 8
 301              		.cfi_offset 3, -8
 302              		.cfi_offset 14, -4
  55:../Switch/core/yt/yt_port_isolation.c ****     CMM_PARAM_CHK((YT_UNIT_NUM <= unit), CMM_ERR_INPUT);
 303              		.loc 1 55 5 is_stmt 1 view .LVU76
 304              		.loc 1 55 5 view .LVU77
 305 0002 C0B9     		cbnz	r0, .L40
 306 0004 8446     		mov	ip, r0
 307              		.loc 1 55 5 discriminator 2 view .LVU78
  56:../Switch/core/yt/yt_port_isolation.c ****     CMM_PARAM_CHK(NULL == YT_DISPATCH(unit), CMM_ERR_NOT_INIT);
 308              		.loc 1 56 5 discriminator 2 view .LVU79
 309              		.loc 1 56 5 discriminator 2 view .LVU80
 310 0006 2F4B     		ldr	r3, .L49
 311 0008 53F82030 		ldr	r3, [r3, r0, lsl #2]
 312 000c 0BB3     		cbz	r3, .L41
 313              		.loc 1 56 5 discriminator 2 view .LVU81
  57:../Switch/core/yt/yt_port_isolation.c ****     CMM_PARAM_CHK((!(YT_DISPATCH(unit)->is_inited)), CMM_ERR_NOT_INIT);
 314              		.loc 1 57 5 discriminator 2 view .LVU82
 315              		.loc 1 57 5 discriminator 2 view .LVU83
 316 000e 1878     		ldrb	r0, [r3]	@ zero_extendqisi2
 317              	.LVL35:
 318              		.loc 1 57 5 is_stmt 0 discriminator 2 view .LVU84
 319 0010 0028     		cmp	r0, #0
 320 0012 2CD0     		beq	.L42
 321              		.loc 1 57 5 is_stmt 1 discriminator 2 view .LVU85
  58:../Switch/core/yt/yt_port_isolation.c ****     CMM_PARAM_CHK((!(CMM_PORT_VALID(unit,port))), CMM_ERR_PORT);
 322              		.loc 1 58 5 discriminator 2 view .LVU86
 323              		.loc 1 58 5 discriminator 2 view .LVU87
 324 0014 2C48     		ldr	r0, .L49+4
 325 0016 0078     		ldrb	r0, [r0]	@ zero_extendqisi2
 326 0018 0028     		cmp	r0, #0
 327 001a 36D0     		beq	.L34
 328 001c 2B48     		ldr	r0, .L49+8
 329 001e 50F82C00 		ldr	r0, [r0, ip, lsl #2]
 330 0022 007D     		ldrb	r0, [r0, #20]	@ zero_extendqisi2
 331 0024 8842     		cmp	r0, r1
 332 0026 30D9     		bls	.L34
 333              		.loc 1 58 5 discriminator 4 view .LVU88
  59:../Switch/core/yt/yt_port_isolation.c ****     CMM_PARAM_CHK((NULL == pIso_portmask), CMM_ERR_NULL_POINT);
 334              		.loc 1 59 5 discriminator 4 view .LVU89
 335              		.loc 1 59 5 discriminator 4 view .LVU90
 336 0028 002A     		cmp	r2, #0
 337 002a 3CD0     		beq	.L43
 338              		.loc 1 59 5 discriminator 2 view .LVU91
  60:../Switch/core/yt/yt_port_isolation.c **** 
  61:../Switch/core/yt/yt_port_isolation.c ****     return YT_DISPATCH(unit)->port_isolation_get(unit, port, pIso_portmask);
 339              		.loc 1 61 5 discriminator 2 view .LVU92
 340              		.loc 1 61 29 is_stmt 0 discriminator 2 view .LVU93
 341 002c D3F8E432 		ldr	r3, [r3, #740]
 342              		.loc 1 61 12 discriminator 2 view .LVU94
 343 0030 6046     		mov	r0, ip
 344 0032 9847     		blx	r3
 345              	.LVL36:
 346              	.L26:
  62:../Switch/core/yt/yt_port_isolation.c **** }
 347              		.loc 1 62 1 view .LVU95
 348 0034 08BD     		pop	{r3, pc}
 349              	.LVL37:
 350              	.L40:
  55:../Switch/core/yt/yt_port_isolation.c ****     CMM_PARAM_CHK(NULL == YT_DISPATCH(unit), CMM_ERR_NOT_INIT);
 351              		.loc 1 55 5 is_stmt 1 discriminator 1 view .LVU96
  55:../Switch/core/yt/yt_port_isolation.c ****     CMM_PARAM_CHK(NULL == YT_DISPATCH(unit), CMM_ERR_NOT_INIT);
 352              		.loc 1 55 5 discriminator 1 view .LVU97
 353 0036 264B     		ldr	r3, .L49+12
 354 0038 1B78     		ldrb	r3, [r3]	@ zero_extendqisi2
 355 003a 012B     		cmp	r3, #1
 356 003c 01D8     		bhi	.L44
 357              	.LVL38:
 358              	.L28:
  55:../Switch/core/yt/yt_port_isolation.c ****     CMM_PARAM_CHK(NULL == YT_DISPATCH(unit), CMM_ERR_NOT_INIT);
 359              		.loc 1 55 5 discriminator 5 view .LVU98
  55:../Switch/core/yt/yt_port_isolation.c ****     CMM_PARAM_CHK(NULL == YT_DISPATCH(unit), CMM_ERR_NOT_INIT);
 360              		.loc 1 55 5 discriminator 5 view .LVU99
  55:../Switch/core/yt/yt_port_isolation.c ****     CMM_PARAM_CHK(NULL == YT_DISPATCH(unit), CMM_ERR_NOT_INIT);
 361              		.loc 1 55 5 discriminator 5 view .LVU100
 362 003e 0520     		movs	r0, #5
 363 0040 F8E7     		b	.L26
 364              	.LVL39:
 365              	.L44:
  55:../Switch/core/yt/yt_port_isolation.c ****     CMM_PARAM_CHK(NULL == YT_DISPATCH(unit), CMM_ERR_NOT_INIT);
 366              		.loc 1 55 5 discriminator 3 view .LVU101
 367              	.LBB7:
  55:../Switch/core/yt/yt_port_isolation.c ****     CMM_PARAM_CHK(NULL == YT_DISPATCH(unit), CMM_ERR_NOT_INIT);
 368              		.loc 1 55 5 discriminator 3 view .LVU102
 369 0042 244B     		ldr	r3, .L49+16
 370 0044 5A69     		ldr	r2, [r3, #20]
 371              	.LVL40:
  55:../Switch/core/yt/yt_port_isolation.c ****     CMM_PARAM_CHK(NULL == YT_DISPATCH(unit), CMM_ERR_NOT_INIT);
 372              		.loc 1 55 5 is_stmt 0 discriminator 3 view .LVU103
 373 0046 244B     		ldr	r3, .L49+20
 374 0048 9968     		ldr	r1, [r3, #8]
 375              	.LVL41:
  55:../Switch/core/yt/yt_port_isolation.c ****     CMM_PARAM_CHK(NULL == YT_DISPATCH(unit), CMM_ERR_NOT_INIT);
 376              		.loc 1 55 5 discriminator 3 view .LVU104
 377 004a 2448     		ldr	r0, .L49+24
 378              	.LVL42:
  55:../Switch/core/yt/yt_port_isolation.c ****     CMM_PARAM_CHK(NULL == YT_DISPATCH(unit), CMM_ERR_NOT_INIT);
 379              		.loc 1 55 5 discriminator 3 view .LVU105
 380 004c FFF7FEFF 		bl	osal_printf
 381              	.LVL43:
 382 0050 F5E7     		b	.L28
 383              	.LVL44:
 384              	.L41:
  55:../Switch/core/yt/yt_port_isolation.c ****     CMM_PARAM_CHK(NULL == YT_DISPATCH(unit), CMM_ERR_NOT_INIT);
 385              		.loc 1 55 5 discriminator 3 view .LVU106
 386              	.LBE7:
  56:../Switch/core/yt/yt_port_isolation.c ****     CMM_PARAM_CHK((!(YT_DISPATCH(unit)->is_inited)), CMM_ERR_NOT_INIT);
 387              		.loc 1 56 5 is_stmt 1 discriminator 1 view .LVU107
  56:../Switch/core/yt/yt_port_isolation.c ****     CMM_PARAM_CHK((!(YT_DISPATCH(unit)->is_inited)), CMM_ERR_NOT_INIT);
 388              		.loc 1 56 5 discriminator 1 view .LVU108
 389 0052 1F4B     		ldr	r3, .L49+12
 390 0054 1B78     		ldrb	r3, [r3]	@ zero_extendqisi2
 391 0056 012B     		cmp	r3, #1
 392 0058 01D8     		bhi	.L45
 393              	.LVL45:
 394              	.L31:
  56:../Switch/core/yt/yt_port_isolation.c ****     CMM_PARAM_CHK((!(YT_DISPATCH(unit)->is_inited)), CMM_ERR_NOT_INIT);
 395              		.loc 1 56 5 discriminator 5 view .LVU109
  56:../Switch/core/yt/yt_port_isolation.c ****     CMM_PARAM_CHK((!(YT_DISPATCH(unit)->is_inited)), CMM_ERR_NOT_INIT);
 396              		.loc 1 56 5 discriminator 5 view .LVU110
  56:../Switch/core/yt/yt_port_isolation.c ****     CMM_PARAM_CHK((!(YT_DISPATCH(unit)->is_inited)), CMM_ERR_NOT_INIT);
 397              		.loc 1 56 5 discriminator 5 view .LVU111
 398 005a 0420     		movs	r0, #4
 399 005c EAE7     		b	.L26
 400              	.LVL46:
 401              	.L45:
  56:../Switch/core/yt/yt_port_isolation.c ****     CMM_PARAM_CHK((!(YT_DISPATCH(unit)->is_inited)), CMM_ERR_NOT_INIT);
 402              		.loc 1 56 5 discriminator 3 view .LVU112
 403              	.LBB8:
  56:../Switch/core/yt/yt_port_isolation.c ****     CMM_PARAM_CHK((!(YT_DISPATCH(unit)->is_inited)), CMM_ERR_NOT_INIT);
 404              		.loc 1 56 5 discriminator 3 view .LVU113
 405 005e 1D4B     		ldr	r3, .L49+16
 406 0060 1A69     		ldr	r2, [r3, #16]
 407              	.LVL47:
  56:../Switch/core/yt/yt_port_isolation.c ****     CMM_PARAM_CHK((!(YT_DISPATCH(unit)->is_inited)), CMM_ERR_NOT_INIT);
 408              		.loc 1 56 5 is_stmt 0 discriminator 3 view .LVU114
 409 0062 1D4B     		ldr	r3, .L49+20
 410 0064 9968     		ldr	r1, [r3, #8]
 411              	.LVL48:
  56:../Switch/core/yt/yt_port_isolation.c ****     CMM_PARAM_CHK((!(YT_DISPATCH(unit)->is_inited)), CMM_ERR_NOT_INIT);
 412              		.loc 1 56 5 discriminator 3 view .LVU115
 413 0066 1D48     		ldr	r0, .L49+24
 414              	.LVL49:
  56:../Switch/core/yt/yt_port_isolation.c ****     CMM_PARAM_CHK((!(YT_DISPATCH(unit)->is_inited)), CMM_ERR_NOT_INIT);
 415              		.loc 1 56 5 discriminator 3 view .LVU116
 416 0068 FFF7FEFF 		bl	osal_printf
 417              	.LVL50:
 418 006c F5E7     		b	.L31
 419              	.LVL51:
 420              	.L42:
  56:../Switch/core/yt/yt_port_isolation.c ****     CMM_PARAM_CHK((!(YT_DISPATCH(unit)->is_inited)), CMM_ERR_NOT_INIT);
 421              		.loc 1 56 5 discriminator 3 view .LVU117
 422              	.LBE8:
  57:../Switch/core/yt/yt_port_isolation.c ****     CMM_PARAM_CHK((!(CMM_PORT_VALID(unit,port))), CMM_ERR_PORT);
 423              		.loc 1 57 5 is_stmt 1 discriminator 1 view .LVU118
  57:../Switch/core/yt/yt_port_isolation.c ****     CMM_PARAM_CHK((!(CMM_PORT_VALID(unit,port))), CMM_ERR_PORT);
 424              		.loc 1 57 5 discriminator 1 view .LVU119
 425 006e 184B     		ldr	r3, .L49+12
 426 0070 1B78     		ldrb	r3, [r3]	@ zero_extendqisi2
 427 0072 012B     		cmp	r3, #1
 428 0074 01D8     		bhi	.L46
 429              	.LVL52:
 430              	.L33:
  57:../Switch/core/yt/yt_port_isolation.c ****     CMM_PARAM_CHK((!(CMM_PORT_VALID(unit,port))), CMM_ERR_PORT);
 431              		.loc 1 57 5 discriminator 5 view .LVU120
  57:../Switch/core/yt/yt_port_isolation.c ****     CMM_PARAM_CHK((!(CMM_PORT_VALID(unit,port))), CMM_ERR_PORT);
 432              		.loc 1 57 5 discriminator 5 view .LVU121
  57:../Switch/core/yt/yt_port_isolation.c ****     CMM_PARAM_CHK((!(CMM_PORT_VALID(unit,port))), CMM_ERR_PORT);
 433              		.loc 1 57 5 discriminator 5 view .LVU122
 434 0076 0420     		movs	r0, #4
 435 0078 DCE7     		b	.L26
 436              	.LVL53:
 437              	.L46:
  57:../Switch/core/yt/yt_port_isolation.c ****     CMM_PARAM_CHK((!(CMM_PORT_VALID(unit,port))), CMM_ERR_PORT);
 438              		.loc 1 57 5 discriminator 3 view .LVU123
 439              	.LBB9:
  57:../Switch/core/yt/yt_port_isolation.c ****     CMM_PARAM_CHK((!(CMM_PORT_VALID(unit,port))), CMM_ERR_PORT);
 440              		.loc 1 57 5 discriminator 3 view .LVU124
 441 007a 164B     		ldr	r3, .L49+16
 442 007c 1A69     		ldr	r2, [r3, #16]
 443              	.LVL54:
  57:../Switch/core/yt/yt_port_isolation.c ****     CMM_PARAM_CHK((!(CMM_PORT_VALID(unit,port))), CMM_ERR_PORT);
 444              		.loc 1 57 5 is_stmt 0 discriminator 3 view .LVU125
 445 007e 164B     		ldr	r3, .L49+20
 446 0080 9968     		ldr	r1, [r3, #8]
 447              	.LVL55:
  57:../Switch/core/yt/yt_port_isolation.c ****     CMM_PARAM_CHK((!(CMM_PORT_VALID(unit,port))), CMM_ERR_PORT);
 448              		.loc 1 57 5 discriminator 3 view .LVU126
 449 0082 1648     		ldr	r0, .L49+24
 450 0084 FFF7FEFF 		bl	osal_printf
 451              	.LVL56:
 452 0088 F5E7     		b	.L33
 453              	.LVL57:
 454              	.L34:
  57:../Switch/core/yt/yt_port_isolation.c ****     CMM_PARAM_CHK((!(CMM_PORT_VALID(unit,port))), CMM_ERR_PORT);
 455              		.loc 1 57 5 discriminator 3 view .LVU127
 456              	.LBE9:
  58:../Switch/core/yt/yt_port_isolation.c ****     CMM_PARAM_CHK((NULL == pIso_portmask), CMM_ERR_NULL_POINT);
 457              		.loc 1 58 5 is_stmt 1 discriminator 3 view .LVU128
  58:../Switch/core/yt/yt_port_isolation.c ****     CMM_PARAM_CHK((NULL == pIso_portmask), CMM_ERR_NULL_POINT);
 458              		.loc 1 58 5 discriminator 3 view .LVU129
 459 008a 114B     		ldr	r3, .L49+12
 460 008c 1B78     		ldrb	r3, [r3]	@ zero_extendqisi2
 461 008e 012B     		cmp	r3, #1
 462 0090 01D8     		bhi	.L47
 463              	.LVL58:
 464              	.L36:
  58:../Switch/core/yt/yt_port_isolation.c ****     CMM_PARAM_CHK((NULL == pIso_portmask), CMM_ERR_NULL_POINT);
 465              		.loc 1 58 5 discriminator 7 view .LVU130
  58:../Switch/core/yt/yt_port_isolation.c ****     CMM_PARAM_CHK((NULL == pIso_portmask), CMM_ERR_NULL_POINT);
 466              		.loc 1 58 5 discriminator 7 view .LVU131
  58:../Switch/core/yt/yt_port_isolation.c ****     CMM_PARAM_CHK((NULL == pIso_portmask), CMM_ERR_NULL_POINT);
 467              		.loc 1 58 5 discriminator 7 view .LVU132
 468 0092 0E20     		movs	r0, #14
 469 0094 CEE7     		b	.L26
 470              	.LVL59:
 471              	.L47:
  58:../Switch/core/yt/yt_port_isolation.c ****     CMM_PARAM_CHK((NULL == pIso_portmask), CMM_ERR_NULL_POINT);
 472              		.loc 1 58 5 discriminator 5 view .LVU133
 473              	.LBB10:
  58:../Switch/core/yt/yt_port_isolation.c ****     CMM_PARAM_CHK((NULL == pIso_portmask), CMM_ERR_NULL_POINT);
 474              		.loc 1 58 5 discriminator 5 view .LVU134
 475 0096 0F4B     		ldr	r3, .L49+16
 476 0098 9A6B     		ldr	r2, [r3, #56]
 477              	.LVL60:
  58:../Switch/core/yt/yt_port_isolation.c ****     CMM_PARAM_CHK((NULL == pIso_portmask), CMM_ERR_NULL_POINT);
 478              		.loc 1 58 5 is_stmt 0 discriminator 5 view .LVU135
 479 009a 0F4B     		ldr	r3, .L49+20
 480 009c 9968     		ldr	r1, [r3, #8]
 481              	.LVL61:
  58:../Switch/core/yt/yt_port_isolation.c ****     CMM_PARAM_CHK((NULL == pIso_portmask), CMM_ERR_NULL_POINT);
 482              		.loc 1 58 5 discriminator 5 view .LVU136
 483 009e 0F48     		ldr	r0, .L49+24
 484 00a0 FFF7FEFF 		bl	osal_printf
 485              	.LVL62:
 486 00a4 F5E7     		b	.L36
 487              	.LVL63:
 488              	.L43:
  58:../Switch/core/yt/yt_port_isolation.c ****     CMM_PARAM_CHK((NULL == pIso_portmask), CMM_ERR_NULL_POINT);
 489              		.loc 1 58 5 discriminator 5 view .LVU137
 490              	.LBE10:
  59:../Switch/core/yt/yt_port_isolation.c **** 
 491              		.loc 1 59 5 is_stmt 1 discriminator 1 view .LVU138
  59:../Switch/core/yt/yt_port_isolation.c **** 
 492              		.loc 1 59 5 discriminator 1 view .LVU139
 493 00a6 0A4B     		ldr	r3, .L49+12
 494 00a8 1B78     		ldrb	r3, [r3]	@ zero_extendqisi2
 495 00aa 012B     		cmp	r3, #1
 496 00ac 01D8     		bhi	.L48
 497              	.LVL64:
 498              	.L38:
  59:../Switch/core/yt/yt_port_isolation.c **** 
 499              		.loc 1 59 5 discriminator 5 view .LVU140
  59:../Switch/core/yt/yt_port_isolation.c **** 
 500              		.loc 1 59 5 discriminator 5 view .LVU141
  59:../Switch/core/yt/yt_port_isolation.c **** 
 501              		.loc 1 59 5 discriminator 5 view .LVU142
 502 00ae 0220     		movs	r0, #2
 503 00b0 C0E7     		b	.L26
 504              	.LVL65:
 505              	.L48:
  59:../Switch/core/yt/yt_port_isolation.c **** 
 506              		.loc 1 59 5 discriminator 3 view .LVU143
 507              	.LBB11:
  59:../Switch/core/yt/yt_port_isolation.c **** 
 508              		.loc 1 59 5 discriminator 3 view .LVU144
 509 00b2 084B     		ldr	r3, .L49+16
 510 00b4 9A68     		ldr	r2, [r3, #8]
 511              	.LVL66:
  59:../Switch/core/yt/yt_port_isolation.c **** 
 512              		.loc 1 59 5 is_stmt 0 discriminator 3 view .LVU145
 513 00b6 084B     		ldr	r3, .L49+20
 514 00b8 9968     		ldr	r1, [r3, #8]
 515              	.LVL67:
  59:../Switch/core/yt/yt_port_isolation.c **** 
 516              		.loc 1 59 5 discriminator 3 view .LVU146
 517 00ba 0848     		ldr	r0, .L49+24
 518 00bc FFF7FEFF 		bl	osal_printf
 519              	.LVL68:
 520 00c0 F5E7     		b	.L38
 521              	.L50:
 522 00c2 00BF     		.align	2
 523              	.L49:
 524 00c4 00000000 		.word	gpfal_dispatch
 525 00c8 00000000 		.word	gcal_inited
 526 00cc 00000000 		.word	gpSwitchUnit
 527 00d0 00000000 		.word	yt_debug_level
 528 00d4 00000000 		.word	_yt_errmsg
 529 00d8 00000000 		.word	_yt_prompt_msg
 530 00dc 00000000 		.word	.LC0
 531              	.LBE11:
 532              		.cfi_endproc
 533              	.LFE4:
 535              		.text
 536              	.Letext0:
 537              		.file 2 "C:\\Users\\Dmitriy\\Desktop\\GD32F10x\\Switch\\common\\include/yt_types.h"
 538              		.file 3 "C:\\Users\\Dmitriy\\Desktop\\GD32F10x\\Switch\\common\\include/yt_error.h"
 539              		.file 4 "C:\\Users\\Dmitriy\\Desktop\\GD32F10x\\Switch\\core\\fal\\chipdef/chipdef.h"
 540              		.file 5 "C:\\Users\\Dmitriy\\Desktop\\GD32F10x\\Switch\\core\\cal/cal_bprofile.h"
 541              		.file 6 "C:\\Users\\Dmitriy\\Desktop\\GD32F10x\\Switch\\core\\cal/cal_mgm.h"
 542              		.file 7 "C:\\Users\\Dmitriy\\Desktop\\GD32F10x\\Switch\\include/yt_cmm.h"
 543              		.file 8 "C:\\Users\\Dmitriy\\Desktop\\GD32F10x\\Switch\\include/yt_vlan.h"
 544              		.file 9 "C:\\Users\\Dmitriy\\Desktop\\GD32F10x\\Switch\\include/yt_vlan_translate.h"
 545              		.file 10 "C:\\Users\\Dmitriy\\Desktop\\GD32F10x\\Switch\\include/yt_acl.h"
 546              		.file 11 "C:\\Users\\Dmitriy\\Desktop\\GD32F10x\\Switch\\include/yt_qos.h"
 547              		.file 12 "C:\\Users\\Dmitriy\\Desktop\\GD32F10x\\Switch\\include/yt_rate.h"
 548              		.file 13 "C:\\Users\\Dmitriy\\Desktop\\GD32F10x\\Switch\\include/yt_dos.h"
 549              		.file 14 "C:\\Users\\Dmitriy\\Desktop\\GD32F10x\\Switch\\include/yt_nic.h"
 550              		.file 15 "C:\\Users\\Dmitriy\\Desktop\\GD32F10x\\Switch\\include/yt_stp.h"
 551              		.file 16 "C:\\Users\\Dmitriy\\Desktop\\GD32F10x\\Switch\\include/yt_l2.h"
 552              		.file 17 "C:\\Users\\Dmitriy\\Desktop\\GD32F10x\\Switch\\include/yt_loopdetect.h"
 553              		.file 18 "C:\\Users\\Dmitriy\\Desktop\\GD32F10x\\Switch\\include/yt_multicast.h"
 554              		.file 19 "C:\\Users\\Dmitriy\\Desktop\\GD32F10x\\Switch\\include/yt_rma.h"
 555              		.file 20 "C:\\Users\\Dmitriy\\Desktop\\GD32F10x\\Switch\\include/yt_oam.h"
 556              		.file 21 "C:\\Users\\Dmitriy\\Desktop\\GD32F10x\\Switch\\include/yt_storm_ctrl.h"
 557              		.file 22 "C:\\Users\\Dmitriy\\Desktop\\GD32F10x\\Switch\\include/yt_port.h"
 558              		.file 23 "C:\\Users\\Dmitriy\\Desktop\\GD32F10x\\Switch\\include/yt_dot1x.h"
 559              		.file 24 "C:\\Users\\Dmitriy\\Desktop\\GD32F10x\\Switch\\include/yt_ctrlpkt.h"
 560              		.file 25 "C:\\Users\\Dmitriy\\Desktop\\GD32F10x\\Switch\\include/yt_stat.h"
 561              		.file 26 "C:\\Users\\Dmitriy\\Desktop\\GD32F10x\\Switch\\include/yt_interrupt.h"
 562              		.file 27 "C:\\Users\\Dmitriy\\Desktop\\GD32F10x\\Switch\\include/yt_led.h"
 563              		.file 28 "C:\\Users\\Dmitriy\\Desktop\\GD32F10x\\Switch\\include/yt_sys.h"
 564              		.file 29 "C:\\Users\\Dmitriy\\Desktop\\GD32F10x\\Switch\\include/yt_debug.h"
 565              		.file 30 "C:\\Users\\Dmitriy\\Desktop\\GD32F10x\\Switch\\core\\fal/fal_dispatch.h"
 566              		.file 31 "C:\\Users\\Dmitriy\\Desktop\\GD32F10x\\Switch\\core\\cal/cal_cmm.h"
DEFINED SYMBOLS
                            *ABS*:00000000 yt_port_isolation.c
C:\Users\Dmitriy\AppData\Local\Temp\ccFxvirf.s:19     .rodata.yt_port_isolation_set.str1.4:00000000 $d
C:\Users\Dmitriy\AppData\Local\Temp\ccFxvirf.s:23     .text.yt_port_isolation_set:00000000 $t
C:\Users\Dmitriy\AppData\Local\Temp\ccFxvirf.s:29     .text.yt_port_isolation_set:00000000 yt_port_isolation_set
C:\Users\Dmitriy\AppData\Local\Temp\ccFxvirf.s:273    .text.yt_port_isolation_set:000000d8 $d
C:\Users\Dmitriy\AppData\Local\Temp\ccFxvirf.s:285    .text.yt_port_isolation_get:00000000 $t
C:\Users\Dmitriy\AppData\Local\Temp\ccFxvirf.s:291    .text.yt_port_isolation_get:00000000 yt_port_isolation_get
C:\Users\Dmitriy\AppData\Local\Temp\ccFxvirf.s:524    .text.yt_port_isolation_get:000000c4 $d
                           .group:00000000 wm4.0.645242867a2c3890cfa09ec032a865e6
                           .group:00000000 wm4._newlib_version.h.4.6d111ab2e95434b664b53815e5c8ccba
                           .group:00000000 wm4.newlib.h.27.d4bf77c18f14f545101dac22f0b54118
                           .group:00000000 wm4.ieeefp.h.77.0ee3146e9d892bb10bc0066c30189af1
                           .group:00000000 wm4.features.h.22.7877b139107948f7dadcf3660cc79cfd
                           .group:00000000 wm4.config.h.224.10ee1ad185d877c6e334e6581faab44d
                           .group:00000000 wm4._ansi.h.31.de524f58584151836e90d8620a16f8e8
                           .group:00000000 wm4.stdio.h.31.7c0e28c411445f3f9c5b11accf882760
                           .group:00000000 wm4._default_types.h.6.959254cf5f09734ea7516c89e8bb21bd
                           .group:00000000 wm4.stddef.h.185.cbb642e1ccd385e8aa504b15cb7fb086
                           .group:00000000 wm4.cdefs.h.49.f93868eb904b9ca05b5c0257d31128ca
                           .group:00000000 wm4.stddef.h.39.0e5f0dabba1c666ccadf0408e0d47322
                           .group:00000000 wm4.stdarg.h.34.3a23a216c0c293b3d2ea2e89281481e6
                           .group:00000000 wm4._types.h.20.dd0d04dca3800a0d2a6129b87f3adbb2
                           .group:00000000 wm4.stddef.h.158.5f30652bb2ea05b142c1bbee9108c999
                           .group:00000000 wm4._types.h.127.3bdfe3ff8ea2d0985b03d9cbe93480e3
                           .group:00000000 wm4.reent.h.17.e292bf8b0bec6c96e131a54347145a30
                           .group:00000000 wm4.lock.h.2.1461d1fff82dffe8bfddc23307f6484f
                           .group:00000000 wm4.reent.h.77.89f7dde66c62b1f1dee32bdb6ab2d544
                           .group:00000000 wm4.stdio.h.67.0cf8a9c281ab0b348aef5c02e7e48825
                           .group:00000000 wm4.stdio.h.2.4aa87247282eca6c8f36f9de33d8df1a
                           .group:00000000 wm4.stdio.h.87.a1e20d2651f9bfb66e51bfbe849db00a
                           .group:00000000 wm4.string.h.8.c4b8571ce60dff2817f43fec8b86aecd
                           .group:00000000 wm4.stddef.h.158.bfed30416c9480cd13bc4a25427d538f
                           .group:00000000 wm4.stdbool.h.29.4a1c88fe569adb8d03217dd16982ca34
                           .group:00000000 wm4.malloc.h.4.62bd13b8107d5245f60bd92bb5994838
                           .group:00000000 wm4.malloc.h.152.f5d1d9a9aabeac59da0ef41ede16d2b0
                           .group:00000000 wm4.yt_types.h.31.64aa050cf4c68d28514ce99f5dc2ddb9
                           .group:00000000 wm4.yt_util.h.17.08ae57e3898b218a2bbe57b2147a81bd
                           .group:00000000 wm4.yt_lock.h.9.5d39f1aba4451d3b9b95aa39771489dc
                           .group:00000000 wm4.yt_error.h.38.039589275c83974021fd481937e9f4a7
                           .group:00000000 wm4.chipdef_tiger.h.10.ae557adb3508daebcdc97f8fb0dc9e1a
                           .group:00000000 wm4.phy_chipdef.h.9.9a1a2dbb46f5503e32a84083ab1dbc9f
                           .group:00000000 wm4.cal_bprofile.h.23.d6ecfc2230abc149b4da600a40b20e5b
                           .group:00000000 wm4.bprofile_YT9215_default_demo.h.15.13aa65ba4a73c41dc1ffa3c5f8dcfda3
                           .group:00000000 wm4.cal_cmm.h.46.eec47faa946e01877de19a2f99ee7710
                           .group:00000000 wm4.yt_cmm.h.12.5273de39c1b049d4c73c2c31caf670b1
                           .group:00000000 wm4.yt_vlan.h.17.4dbe63e648ff65010c51c5f8a737ac2d
                           .group:00000000 wm4.yt_acl.h.25.ad9531373d966dccc96222e31e0234b5
                           .group:00000000 wm4.yt_nic.h.17.4e5ceed38d9cfbd9b5db2d4b069b6961
                           .group:00000000 wm4.yt_loopdetect.h.17.4739c2e436a8e779d4d8c89037b81aea
                           .group:00000000 wm4.yt_multicast.h.17.9c1d51b153e5e1785468d9c0ad6414a4
                           .group:00000000 wm4.yt_port.h.17.f9740394ebf086646c9c567db1605abb
                           .group:00000000 wm4.yt_stat.h.17.f87caec2ee71e59f920ea3778bda3fad

UNDEFINED SYMBOLS
cal_ytportmask_isvalid
osal_printf
gpfal_dispatch
gcal_inited
gpSwitchUnit
yt_debug_level
_yt_errmsg
_yt_prompt_msg
