   1              		.cpu cortex-m3
   2              		.arch armv7-m
   3              		.fpu softvfp
   4              		.eabi_attribute 20, 1
   5              		.eabi_attribute 21, 1
   6              		.eabi_attribute 23, 3
   7              		.eabi_attribute 24, 1
   8              		.eabi_attribute 25, 1
   9              		.eabi_attribute 26, 1
  10              		.eabi_attribute 30, 1
  11              		.eabi_attribute 34, 1
  12              		.eabi_attribute 18, 4
  13              		.file	"yt_sensor.c"
  14              		.text
  15              	.Ltext0:
  16              		.cfi_sections	.debug_frame
  17              		.file 1 "../Switch/core/yt/yt_sensor.c"
  18              		.section	.rodata.yt_sensor_temp_enable_set.str1.4,"aMS",%progbits,1
  19              		.align	2
  20              	.LC0:
  21 0000 25732573 		.ascii	"%s%s\015\012\000"
  21      0D0A00
  22              		.section	.text.yt_sensor_temp_enable_set,"ax",%progbits
  23              		.align	1
  24              		.global	yt_sensor_temp_enable_set
  25              		.syntax unified
  26              		.thumb
  27              		.thumb_func
  29              	yt_sensor_temp_enable_set:
  30              	.LVL0:
  31              	.LFB3:
   1:../Switch/core/yt/yt_sensor.c **** /*******************************************************************************
   2:../Switch/core/yt/yt_sensor.c **** *                                                                              *
   3:../Switch/core/yt/yt_sensor.c **** *  Copyright (c), 2022, Motorcomm Electronic Technology Co.,Ltd.               *
   4:../Switch/core/yt/yt_sensor.c **** *  Motorcomm Confidential and Proprietary.                                     *
   5:../Switch/core/yt/yt_sensor.c **** *                                                                              *
   6:../Switch/core/yt/yt_sensor.c **** ********************************************************************************
   7:../Switch/core/yt/yt_sensor.c **** */
   8:../Switch/core/yt/yt_sensor.c **** /**
   9:../Switch/core/yt/yt_sensor.c **** ********************************************************************************
  10:../Switch/core/yt/yt_sensor.c **** * @file yt_sensor.c
  11:../Switch/core/yt/yt_sensor.c **** *
  12:../Switch/core/yt/yt_sensor.c **** * @brief x
  13:../Switch/core/yt/yt_sensor.c **** *
  14:../Switch/core/yt/yt_sensor.c **** ********************************************************************************
  15:../Switch/core/yt/yt_sensor.c **** */
  16:../Switch/core/yt/yt_sensor.c **** #include "yt_sensor.h"
  17:../Switch/core/yt/yt_sensor.c **** #include "fal_dispatch.h"
  18:../Switch/core/yt/yt_sensor.c **** 
  19:../Switch/core/yt/yt_sensor.c **** 
  20:../Switch/core/yt/yt_sensor.c **** /**
  21:../Switch/core/yt/yt_sensor.c ****  * @internal      yt_sensor_temp_enable_set
  22:../Switch/core/yt/yt_sensor.c ****  * @endinternal
  23:../Switch/core/yt/yt_sensor.c ****  *
  24:../Switch/core/yt/yt_sensor.c ****  * @brief         enable or disable temperature sensor
  25:../Switch/core/yt/yt_sensor.c ****  * @note          APPLICABLE DEVICES  -Tiger
  26:../Switch/core/yt/yt_sensor.c ****  * @param[in]     unit                -unit id
  27:../Switch/core/yt/yt_sensor.c ****  * @param[in]     enable              -enable or disable
  28:../Switch/core/yt/yt_sensor.c ****  * @retval        CMM_ERR_OK          -on success
  29:../Switch/core/yt/yt_sensor.c ****  * @retval        CMM_ERR_FAIL        -on fail
  30:../Switch/core/yt/yt_sensor.c ****  */
  31:../Switch/core/yt/yt_sensor.c **** yt_ret_t yt_sensor_temp_enable_set(yt_unit_t unit, yt_enable_t enable)
  32:../Switch/core/yt/yt_sensor.c **** {
  32              		.loc 1 32 1 view -0
  33              		.cfi_startproc
  34              		@ args = 0, pretend = 0, frame = 0
  35              		@ frame_needed = 0, uses_anonymous_args = 0
  36              		.loc 1 32 1 is_stmt 0 view .LVU1
  37 0000 08B5     		push	{r3, lr}
  38              		.cfi_def_cfa_offset 8
  39              		.cfi_offset 3, -8
  40              		.cfi_offset 14, -4
  33:../Switch/core/yt/yt_sensor.c ****     CMM_PARAM_CHK((YT_UNIT_NUM <= unit), CMM_ERR_INPUT);
  41              		.loc 1 33 5 is_stmt 1 view .LVU2
  42              		.loc 1 33 5 view .LVU3
  43 0002 68B9     		cbnz	r0, .L12
  44 0004 0246     		mov	r2, r0
  45              		.loc 1 33 5 discriminator 2 view .LVU4
  34:../Switch/core/yt/yt_sensor.c ****     CMM_PARAM_CHK(NULL == YT_DISPATCH(unit), CMM_ERR_NOT_INIT);
  46              		.loc 1 34 5 discriminator 2 view .LVU5
  47              		.loc 1 34 5 discriminator 2 view .LVU6
  48 0006 224B     		ldr	r3, .L20
  49 0008 53F82030 		ldr	r3, [r3, r0, lsl #2]
  50 000c B3B1     		cbz	r3, .L13
  51              		.loc 1 34 5 discriminator 2 view .LVU7
  35:../Switch/core/yt/yt_sensor.c ****     CMM_PARAM_CHK((!(YT_DISPATCH(unit)->is_inited)), CMM_ERR_NOT_INIT);
  52              		.loc 1 35 5 discriminator 2 view .LVU8
  53              		.loc 1 35 5 discriminator 2 view .LVU9
  54 000e 1878     		ldrb	r0, [r3]	@ zero_extendqisi2
  55              	.LVL1:
  56              		.loc 1 35 5 is_stmt 0 discriminator 2 view .LVU10
  57 0010 10B3     		cbz	r0, .L14
  58              		.loc 1 35 5 is_stmt 1 discriminator 2 view .LVU11
  36:../Switch/core/yt/yt_sensor.c ****     CMM_PARAM_CHK((YT_ENABLE < enable || YT_DISABLE > enable), CMM_ERR_INPUT);
  59              		.loc 1 36 5 discriminator 2 view .LVU12
  60              		.loc 1 36 5 discriminator 2 view .LVU13
  61 0012 0129     		cmp	r1, #1
  62 0014 2ED8     		bhi	.L15
  63              		.loc 1 36 5 discriminator 2 view .LVU14
  37:../Switch/core/yt/yt_sensor.c **** 
  38:../Switch/core/yt/yt_sensor.c ****     return YT_DISPATCH(unit)->sensor_temp_enable_set(unit, enable);
  64              		.loc 1 38 5 discriminator 2 view .LVU15
  65              		.loc 1 38 29 is_stmt 0 discriminator 2 view .LVU16
  66 0016 D3F8C836 		ldr	r3, [r3, #1736]
  67              		.loc 1 38 12 discriminator 2 view .LVU17
  68 001a 1046     		mov	r0, r2
  69 001c 9847     		blx	r3
  70              	.LVL2:
  71              	.L1:
  39:../Switch/core/yt/yt_sensor.c **** }
  72              		.loc 1 39 1 view .LVU18
  73 001e 08BD     		pop	{r3, pc}
  74              	.LVL3:
  75              	.L12:
  33:../Switch/core/yt/yt_sensor.c ****     CMM_PARAM_CHK(NULL == YT_DISPATCH(unit), CMM_ERR_NOT_INIT);
  76              		.loc 1 33 5 is_stmt 1 discriminator 1 view .LVU19
  33:../Switch/core/yt/yt_sensor.c ****     CMM_PARAM_CHK(NULL == YT_DISPATCH(unit), CMM_ERR_NOT_INIT);
  77              		.loc 1 33 5 discriminator 1 view .LVU20
  78 0020 1C4B     		ldr	r3, .L20+4
  79 0022 1B78     		ldrb	r3, [r3]	@ zero_extendqisi2
  80 0024 012B     		cmp	r3, #1
  81 0026 01D8     		bhi	.L16
  82              	.LVL4:
  83              	.L3:
  33:../Switch/core/yt/yt_sensor.c ****     CMM_PARAM_CHK(NULL == YT_DISPATCH(unit), CMM_ERR_NOT_INIT);
  84              		.loc 1 33 5 discriminator 5 view .LVU21
  33:../Switch/core/yt/yt_sensor.c ****     CMM_PARAM_CHK(NULL == YT_DISPATCH(unit), CMM_ERR_NOT_INIT);
  85              		.loc 1 33 5 discriminator 5 view .LVU22
  33:../Switch/core/yt/yt_sensor.c ****     CMM_PARAM_CHK(NULL == YT_DISPATCH(unit), CMM_ERR_NOT_INIT);
  86              		.loc 1 33 5 discriminator 5 view .LVU23
  87 0028 0520     		movs	r0, #5
  88 002a F8E7     		b	.L1
  89              	.LVL5:
  90              	.L16:
  33:../Switch/core/yt/yt_sensor.c ****     CMM_PARAM_CHK(NULL == YT_DISPATCH(unit), CMM_ERR_NOT_INIT);
  91              		.loc 1 33 5 discriminator 3 view .LVU24
  92              	.LBB2:
  33:../Switch/core/yt/yt_sensor.c ****     CMM_PARAM_CHK(NULL == YT_DISPATCH(unit), CMM_ERR_NOT_INIT);
  93              		.loc 1 33 5 discriminator 3 view .LVU25
  94 002c 1A4B     		ldr	r3, .L20+8
  95 002e 5A69     		ldr	r2, [r3, #20]
  96 0030 1A4B     		ldr	r3, .L20+12
  97 0032 9968     		ldr	r1, [r3, #8]
  98              	.LVL6:
  33:../Switch/core/yt/yt_sensor.c ****     CMM_PARAM_CHK(NULL == YT_DISPATCH(unit), CMM_ERR_NOT_INIT);
  99              		.loc 1 33 5 is_stmt 0 discriminator 3 view .LVU26
 100 0034 1A48     		ldr	r0, .L20+16
 101              	.LVL7:
  33:../Switch/core/yt/yt_sensor.c ****     CMM_PARAM_CHK(NULL == YT_DISPATCH(unit), CMM_ERR_NOT_INIT);
 102              		.loc 1 33 5 discriminator 3 view .LVU27
 103 0036 FFF7FEFF 		bl	osal_printf
 104              	.LVL8:
 105 003a F5E7     		b	.L3
 106              	.LVL9:
 107              	.L13:
  33:../Switch/core/yt/yt_sensor.c ****     CMM_PARAM_CHK(NULL == YT_DISPATCH(unit), CMM_ERR_NOT_INIT);
 108              		.loc 1 33 5 discriminator 3 view .LVU28
 109              	.LBE2:
  34:../Switch/core/yt/yt_sensor.c ****     CMM_PARAM_CHK((!(YT_DISPATCH(unit)->is_inited)), CMM_ERR_NOT_INIT);
 110              		.loc 1 34 5 is_stmt 1 discriminator 1 view .LVU29
  34:../Switch/core/yt/yt_sensor.c ****     CMM_PARAM_CHK((!(YT_DISPATCH(unit)->is_inited)), CMM_ERR_NOT_INIT);
 111              		.loc 1 34 5 discriminator 1 view .LVU30
 112 003c 154B     		ldr	r3, .L20+4
 113 003e 1B78     		ldrb	r3, [r3]	@ zero_extendqisi2
 114 0040 012B     		cmp	r3, #1
 115 0042 01D8     		bhi	.L17
 116              	.LVL10:
 117              	.L6:
  34:../Switch/core/yt/yt_sensor.c ****     CMM_PARAM_CHK((!(YT_DISPATCH(unit)->is_inited)), CMM_ERR_NOT_INIT);
 118              		.loc 1 34 5 discriminator 5 view .LVU31
  34:../Switch/core/yt/yt_sensor.c ****     CMM_PARAM_CHK((!(YT_DISPATCH(unit)->is_inited)), CMM_ERR_NOT_INIT);
 119              		.loc 1 34 5 discriminator 5 view .LVU32
  34:../Switch/core/yt/yt_sensor.c ****     CMM_PARAM_CHK((!(YT_DISPATCH(unit)->is_inited)), CMM_ERR_NOT_INIT);
 120              		.loc 1 34 5 discriminator 5 view .LVU33
 121 0044 0420     		movs	r0, #4
 122 0046 EAE7     		b	.L1
 123              	.LVL11:
 124              	.L17:
  34:../Switch/core/yt/yt_sensor.c ****     CMM_PARAM_CHK((!(YT_DISPATCH(unit)->is_inited)), CMM_ERR_NOT_INIT);
 125              		.loc 1 34 5 discriminator 3 view .LVU34
 126              	.LBB3:
  34:../Switch/core/yt/yt_sensor.c ****     CMM_PARAM_CHK((!(YT_DISPATCH(unit)->is_inited)), CMM_ERR_NOT_INIT);
 127              		.loc 1 34 5 discriminator 3 view .LVU35
 128 0048 134B     		ldr	r3, .L20+8
 129 004a 1A69     		ldr	r2, [r3, #16]
 130 004c 134B     		ldr	r3, .L20+12
 131 004e 9968     		ldr	r1, [r3, #8]
 132              	.LVL12:
  34:../Switch/core/yt/yt_sensor.c ****     CMM_PARAM_CHK((!(YT_DISPATCH(unit)->is_inited)), CMM_ERR_NOT_INIT);
 133              		.loc 1 34 5 is_stmt 0 discriminator 3 view .LVU36
 134 0050 1348     		ldr	r0, .L20+16
 135              	.LVL13:
  34:../Switch/core/yt/yt_sensor.c ****     CMM_PARAM_CHK((!(YT_DISPATCH(unit)->is_inited)), CMM_ERR_NOT_INIT);
 136              		.loc 1 34 5 discriminator 3 view .LVU37
 137 0052 FFF7FEFF 		bl	osal_printf
 138              	.LVL14:
 139 0056 F5E7     		b	.L6
 140              	.LVL15:
 141              	.L14:
  34:../Switch/core/yt/yt_sensor.c ****     CMM_PARAM_CHK((!(YT_DISPATCH(unit)->is_inited)), CMM_ERR_NOT_INIT);
 142              		.loc 1 34 5 discriminator 3 view .LVU38
 143              	.LBE3:
  35:../Switch/core/yt/yt_sensor.c ****     CMM_PARAM_CHK((YT_ENABLE < enable || YT_DISABLE > enable), CMM_ERR_INPUT);
 144              		.loc 1 35 5 is_stmt 1 discriminator 1 view .LVU39
  35:../Switch/core/yt/yt_sensor.c ****     CMM_PARAM_CHK((YT_ENABLE < enable || YT_DISABLE > enable), CMM_ERR_INPUT);
 145              		.loc 1 35 5 discriminator 1 view .LVU40
 146 0058 0E4B     		ldr	r3, .L20+4
 147 005a 1B78     		ldrb	r3, [r3]	@ zero_extendqisi2
 148 005c 012B     		cmp	r3, #1
 149 005e 01D8     		bhi	.L18
 150              	.LVL16:
 151              	.L8:
  35:../Switch/core/yt/yt_sensor.c ****     CMM_PARAM_CHK((YT_ENABLE < enable || YT_DISABLE > enable), CMM_ERR_INPUT);
 152              		.loc 1 35 5 discriminator 5 view .LVU41
  35:../Switch/core/yt/yt_sensor.c ****     CMM_PARAM_CHK((YT_ENABLE < enable || YT_DISABLE > enable), CMM_ERR_INPUT);
 153              		.loc 1 35 5 discriminator 5 view .LVU42
  35:../Switch/core/yt/yt_sensor.c ****     CMM_PARAM_CHK((YT_ENABLE < enable || YT_DISABLE > enable), CMM_ERR_INPUT);
 154              		.loc 1 35 5 discriminator 5 view .LVU43
 155 0060 0420     		movs	r0, #4
 156 0062 DCE7     		b	.L1
 157              	.LVL17:
 158              	.L18:
  35:../Switch/core/yt/yt_sensor.c ****     CMM_PARAM_CHK((YT_ENABLE < enable || YT_DISABLE > enable), CMM_ERR_INPUT);
 159              		.loc 1 35 5 discriminator 3 view .LVU44
 160              	.LBB4:
  35:../Switch/core/yt/yt_sensor.c ****     CMM_PARAM_CHK((YT_ENABLE < enable || YT_DISABLE > enable), CMM_ERR_INPUT);
 161              		.loc 1 35 5 discriminator 3 view .LVU45
 162 0064 0C4B     		ldr	r3, .L20+8
 163 0066 1A69     		ldr	r2, [r3, #16]
 164 0068 0C4B     		ldr	r3, .L20+12
 165 006a 9968     		ldr	r1, [r3, #8]
 166              	.LVL18:
  35:../Switch/core/yt/yt_sensor.c ****     CMM_PARAM_CHK((YT_ENABLE < enable || YT_DISABLE > enable), CMM_ERR_INPUT);
 167              		.loc 1 35 5 is_stmt 0 discriminator 3 view .LVU46
 168 006c 0C48     		ldr	r0, .L20+16
 169 006e FFF7FEFF 		bl	osal_printf
 170              	.LVL19:
 171 0072 F5E7     		b	.L8
 172              	.LVL20:
 173              	.L15:
  35:../Switch/core/yt/yt_sensor.c ****     CMM_PARAM_CHK((YT_ENABLE < enable || YT_DISABLE > enable), CMM_ERR_INPUT);
 174              		.loc 1 35 5 discriminator 3 view .LVU47
 175              	.LBE4:
  36:../Switch/core/yt/yt_sensor.c **** 
 176              		.loc 1 36 5 is_stmt 1 discriminator 1 view .LVU48
  36:../Switch/core/yt/yt_sensor.c **** 
 177              		.loc 1 36 5 discriminator 1 view .LVU49
 178 0074 074B     		ldr	r3, .L20+4
 179 0076 1B78     		ldrb	r3, [r3]	@ zero_extendqisi2
 180 0078 012B     		cmp	r3, #1
 181 007a 01D8     		bhi	.L19
 182              	.LVL21:
 183              	.L10:
  36:../Switch/core/yt/yt_sensor.c **** 
 184              		.loc 1 36 5 discriminator 5 view .LVU50
  36:../Switch/core/yt/yt_sensor.c **** 
 185              		.loc 1 36 5 discriminator 5 view .LVU51
  36:../Switch/core/yt/yt_sensor.c **** 
 186              		.loc 1 36 5 discriminator 5 view .LVU52
 187 007c 0520     		movs	r0, #5
 188 007e CEE7     		b	.L1
 189              	.LVL22:
 190              	.L19:
  36:../Switch/core/yt/yt_sensor.c **** 
 191              		.loc 1 36 5 discriminator 3 view .LVU53
 192              	.LBB5:
  36:../Switch/core/yt/yt_sensor.c **** 
 193              		.loc 1 36 5 discriminator 3 view .LVU54
 194 0080 054B     		ldr	r3, .L20+8
 195 0082 5A69     		ldr	r2, [r3, #20]
 196 0084 054B     		ldr	r3, .L20+12
 197 0086 9968     		ldr	r1, [r3, #8]
 198              	.LVL23:
  36:../Switch/core/yt/yt_sensor.c **** 
 199              		.loc 1 36 5 is_stmt 0 discriminator 3 view .LVU55
 200 0088 0548     		ldr	r0, .L20+16
 201 008a FFF7FEFF 		bl	osal_printf
 202              	.LVL24:
 203 008e F5E7     		b	.L10
 204              	.L21:
 205              		.align	2
 206              	.L20:
 207 0090 00000000 		.word	gpfal_dispatch
 208 0094 00000000 		.word	yt_debug_level
 209 0098 00000000 		.word	_yt_errmsg
 210 009c 00000000 		.word	_yt_prompt_msg
 211 00a0 00000000 		.word	.LC0
 212              	.LBE5:
 213              		.cfi_endproc
 214              	.LFE3:
 216              		.section	.text.yt_sensor_temp_enable_get,"ax",%progbits
 217              		.align	1
 218              		.global	yt_sensor_temp_enable_get
 219              		.syntax unified
 220              		.thumb
 221              		.thumb_func
 223              	yt_sensor_temp_enable_get:
 224              	.LVL25:
 225              	.LFB4:
  40:../Switch/core/yt/yt_sensor.c **** 
  41:../Switch/core/yt/yt_sensor.c **** /**
  42:../Switch/core/yt/yt_sensor.c ****  * @internal      yt_sensor_temp_enable_get
  43:../Switch/core/yt/yt_sensor.c ****  * @endinternal
  44:../Switch/core/yt/yt_sensor.c ****  *
  45:../Switch/core/yt/yt_sensor.c ****  * @brief         get enable status of temperature sensor
  46:../Switch/core/yt/yt_sensor.c ****  * @note          APPLICABLE DEVICES  -Tiger
  47:../Switch/core/yt/yt_sensor.c ****  * @param[in]     unit                -unit id
  48:../Switch/core/yt/yt_sensor.c ****  * @param[out]    pEnable             -enable or disable
  49:../Switch/core/yt/yt_sensor.c ****  * @retval        CMM_ERR_OK          -on success
  50:../Switch/core/yt/yt_sensor.c ****  * @retval        CMM_ERR_FAIL        -on fail
  51:../Switch/core/yt/yt_sensor.c ****  */
  52:../Switch/core/yt/yt_sensor.c **** yt_ret_t yt_sensor_temp_enable_get(yt_unit_t unit, yt_enable_t *pEnable)
  53:../Switch/core/yt/yt_sensor.c **** {
 226              		.loc 1 53 1 is_stmt 1 view -0
 227              		.cfi_startproc
 228              		@ args = 0, pretend = 0, frame = 0
 229              		@ frame_needed = 0, uses_anonymous_args = 0
 230              		.loc 1 53 1 is_stmt 0 view .LVU57
 231 0000 08B5     		push	{r3, lr}
 232              		.cfi_def_cfa_offset 8
 233              		.cfi_offset 3, -8
 234              		.cfi_offset 14, -4
  54:../Switch/core/yt/yt_sensor.c ****     CMM_PARAM_CHK((YT_UNIT_NUM <= unit), CMM_ERR_INPUT);
 235              		.loc 1 54 5 is_stmt 1 view .LVU58
 236              		.loc 1 54 5 view .LVU59
 237 0002 68B9     		cbnz	r0, .L33
 238 0004 0246     		mov	r2, r0
 239              		.loc 1 54 5 discriminator 2 view .LVU60
  55:../Switch/core/yt/yt_sensor.c ****     CMM_PARAM_CHK(NULL == YT_DISPATCH(unit), CMM_ERR_NOT_INIT);
 240              		.loc 1 55 5 discriminator 2 view .LVU61
 241              		.loc 1 55 5 discriminator 2 view .LVU62
 242 0006 224B     		ldr	r3, .L41
 243 0008 53F82030 		ldr	r3, [r3, r0, lsl #2]
 244 000c B3B1     		cbz	r3, .L34
 245              		.loc 1 55 5 discriminator 2 view .LVU63
  56:../Switch/core/yt/yt_sensor.c ****     CMM_PARAM_CHK((!(YT_DISPATCH(unit)->is_inited)), CMM_ERR_NOT_INIT);
 246              		.loc 1 56 5 discriminator 2 view .LVU64
 247              		.loc 1 56 5 discriminator 2 view .LVU65
 248 000e 1878     		ldrb	r0, [r3]	@ zero_extendqisi2
 249              	.LVL26:
 250              		.loc 1 56 5 is_stmt 0 discriminator 2 view .LVU66
 251 0010 10B3     		cbz	r0, .L35
 252              		.loc 1 56 5 is_stmt 1 discriminator 2 view .LVU67
  57:../Switch/core/yt/yt_sensor.c ****     CMM_PARAM_CHK((NULL == pEnable), CMM_ERR_NULL_POINT);
 253              		.loc 1 57 5 discriminator 2 view .LVU68
 254              		.loc 1 57 5 discriminator 2 view .LVU69
 255 0012 0029     		cmp	r1, #0
 256 0014 2ED0     		beq	.L36
 257              		.loc 1 57 5 discriminator 2 view .LVU70
  58:../Switch/core/yt/yt_sensor.c **** 
  59:../Switch/core/yt/yt_sensor.c ****     return YT_DISPATCH(unit)->sensor_temp_enable_get(unit, pEnable);
 258              		.loc 1 59 5 discriminator 2 view .LVU71
 259              		.loc 1 59 29 is_stmt 0 discriminator 2 view .LVU72
 260 0016 D3F8CC36 		ldr	r3, [r3, #1740]
 261              		.loc 1 59 12 discriminator 2 view .LVU73
 262 001a 1046     		mov	r0, r2
 263 001c 9847     		blx	r3
 264              	.LVL27:
 265              	.L22:
  60:../Switch/core/yt/yt_sensor.c **** }
 266              		.loc 1 60 1 view .LVU74
 267 001e 08BD     		pop	{r3, pc}
 268              	.LVL28:
 269              	.L33:
  54:../Switch/core/yt/yt_sensor.c ****     CMM_PARAM_CHK(NULL == YT_DISPATCH(unit), CMM_ERR_NOT_INIT);
 270              		.loc 1 54 5 is_stmt 1 discriminator 1 view .LVU75
  54:../Switch/core/yt/yt_sensor.c ****     CMM_PARAM_CHK(NULL == YT_DISPATCH(unit), CMM_ERR_NOT_INIT);
 271              		.loc 1 54 5 discriminator 1 view .LVU76
 272 0020 1C4B     		ldr	r3, .L41+4
 273 0022 1B78     		ldrb	r3, [r3]	@ zero_extendqisi2
 274 0024 012B     		cmp	r3, #1
 275 0026 01D8     		bhi	.L37
 276              	.LVL29:
 277              	.L24:
  54:../Switch/core/yt/yt_sensor.c ****     CMM_PARAM_CHK(NULL == YT_DISPATCH(unit), CMM_ERR_NOT_INIT);
 278              		.loc 1 54 5 discriminator 5 view .LVU77
  54:../Switch/core/yt/yt_sensor.c ****     CMM_PARAM_CHK(NULL == YT_DISPATCH(unit), CMM_ERR_NOT_INIT);
 279              		.loc 1 54 5 discriminator 5 view .LVU78
  54:../Switch/core/yt/yt_sensor.c ****     CMM_PARAM_CHK(NULL == YT_DISPATCH(unit), CMM_ERR_NOT_INIT);
 280              		.loc 1 54 5 discriminator 5 view .LVU79
 281 0028 0520     		movs	r0, #5
 282 002a F8E7     		b	.L22
 283              	.LVL30:
 284              	.L37:
  54:../Switch/core/yt/yt_sensor.c ****     CMM_PARAM_CHK(NULL == YT_DISPATCH(unit), CMM_ERR_NOT_INIT);
 285              		.loc 1 54 5 discriminator 3 view .LVU80
 286              	.LBB6:
  54:../Switch/core/yt/yt_sensor.c ****     CMM_PARAM_CHK(NULL == YT_DISPATCH(unit), CMM_ERR_NOT_INIT);
 287              		.loc 1 54 5 discriminator 3 view .LVU81
 288 002c 1A4B     		ldr	r3, .L41+8
 289 002e 5A69     		ldr	r2, [r3, #20]
 290 0030 1A4B     		ldr	r3, .L41+12
 291 0032 9968     		ldr	r1, [r3, #8]
 292              	.LVL31:
  54:../Switch/core/yt/yt_sensor.c ****     CMM_PARAM_CHK(NULL == YT_DISPATCH(unit), CMM_ERR_NOT_INIT);
 293              		.loc 1 54 5 is_stmt 0 discriminator 3 view .LVU82
 294 0034 1A48     		ldr	r0, .L41+16
 295              	.LVL32:
  54:../Switch/core/yt/yt_sensor.c ****     CMM_PARAM_CHK(NULL == YT_DISPATCH(unit), CMM_ERR_NOT_INIT);
 296              		.loc 1 54 5 discriminator 3 view .LVU83
 297 0036 FFF7FEFF 		bl	osal_printf
 298              	.LVL33:
 299 003a F5E7     		b	.L24
 300              	.LVL34:
 301              	.L34:
  54:../Switch/core/yt/yt_sensor.c ****     CMM_PARAM_CHK(NULL == YT_DISPATCH(unit), CMM_ERR_NOT_INIT);
 302              		.loc 1 54 5 discriminator 3 view .LVU84
 303              	.LBE6:
  55:../Switch/core/yt/yt_sensor.c ****     CMM_PARAM_CHK((!(YT_DISPATCH(unit)->is_inited)), CMM_ERR_NOT_INIT);
 304              		.loc 1 55 5 is_stmt 1 discriminator 1 view .LVU85
  55:../Switch/core/yt/yt_sensor.c ****     CMM_PARAM_CHK((!(YT_DISPATCH(unit)->is_inited)), CMM_ERR_NOT_INIT);
 305              		.loc 1 55 5 discriminator 1 view .LVU86
 306 003c 154B     		ldr	r3, .L41+4
 307 003e 1B78     		ldrb	r3, [r3]	@ zero_extendqisi2
 308 0040 012B     		cmp	r3, #1
 309 0042 01D8     		bhi	.L38
 310              	.LVL35:
 311              	.L27:
  55:../Switch/core/yt/yt_sensor.c ****     CMM_PARAM_CHK((!(YT_DISPATCH(unit)->is_inited)), CMM_ERR_NOT_INIT);
 312              		.loc 1 55 5 discriminator 5 view .LVU87
  55:../Switch/core/yt/yt_sensor.c ****     CMM_PARAM_CHK((!(YT_DISPATCH(unit)->is_inited)), CMM_ERR_NOT_INIT);
 313              		.loc 1 55 5 discriminator 5 view .LVU88
  55:../Switch/core/yt/yt_sensor.c ****     CMM_PARAM_CHK((!(YT_DISPATCH(unit)->is_inited)), CMM_ERR_NOT_INIT);
 314              		.loc 1 55 5 discriminator 5 view .LVU89
 315 0044 0420     		movs	r0, #4
 316 0046 EAE7     		b	.L22
 317              	.LVL36:
 318              	.L38:
  55:../Switch/core/yt/yt_sensor.c ****     CMM_PARAM_CHK((!(YT_DISPATCH(unit)->is_inited)), CMM_ERR_NOT_INIT);
 319              		.loc 1 55 5 discriminator 3 view .LVU90
 320              	.LBB7:
  55:../Switch/core/yt/yt_sensor.c ****     CMM_PARAM_CHK((!(YT_DISPATCH(unit)->is_inited)), CMM_ERR_NOT_INIT);
 321              		.loc 1 55 5 discriminator 3 view .LVU91
 322 0048 134B     		ldr	r3, .L41+8
 323 004a 1A69     		ldr	r2, [r3, #16]
 324 004c 134B     		ldr	r3, .L41+12
 325 004e 9968     		ldr	r1, [r3, #8]
 326              	.LVL37:
  55:../Switch/core/yt/yt_sensor.c ****     CMM_PARAM_CHK((!(YT_DISPATCH(unit)->is_inited)), CMM_ERR_NOT_INIT);
 327              		.loc 1 55 5 is_stmt 0 discriminator 3 view .LVU92
 328 0050 1348     		ldr	r0, .L41+16
 329              	.LVL38:
  55:../Switch/core/yt/yt_sensor.c ****     CMM_PARAM_CHK((!(YT_DISPATCH(unit)->is_inited)), CMM_ERR_NOT_INIT);
 330              		.loc 1 55 5 discriminator 3 view .LVU93
 331 0052 FFF7FEFF 		bl	osal_printf
 332              	.LVL39:
 333 0056 F5E7     		b	.L27
 334              	.LVL40:
 335              	.L35:
  55:../Switch/core/yt/yt_sensor.c ****     CMM_PARAM_CHK((!(YT_DISPATCH(unit)->is_inited)), CMM_ERR_NOT_INIT);
 336              		.loc 1 55 5 discriminator 3 view .LVU94
 337              	.LBE7:
  56:../Switch/core/yt/yt_sensor.c ****     CMM_PARAM_CHK((NULL == pEnable), CMM_ERR_NULL_POINT);
 338              		.loc 1 56 5 is_stmt 1 discriminator 1 view .LVU95
  56:../Switch/core/yt/yt_sensor.c ****     CMM_PARAM_CHK((NULL == pEnable), CMM_ERR_NULL_POINT);
 339              		.loc 1 56 5 discriminator 1 view .LVU96
 340 0058 0E4B     		ldr	r3, .L41+4
 341 005a 1B78     		ldrb	r3, [r3]	@ zero_extendqisi2
 342 005c 012B     		cmp	r3, #1
 343 005e 01D8     		bhi	.L39
 344              	.LVL41:
 345              	.L29:
  56:../Switch/core/yt/yt_sensor.c ****     CMM_PARAM_CHK((NULL == pEnable), CMM_ERR_NULL_POINT);
 346              		.loc 1 56 5 discriminator 5 view .LVU97
  56:../Switch/core/yt/yt_sensor.c ****     CMM_PARAM_CHK((NULL == pEnable), CMM_ERR_NULL_POINT);
 347              		.loc 1 56 5 discriminator 5 view .LVU98
  56:../Switch/core/yt/yt_sensor.c ****     CMM_PARAM_CHK((NULL == pEnable), CMM_ERR_NULL_POINT);
 348              		.loc 1 56 5 discriminator 5 view .LVU99
 349 0060 0420     		movs	r0, #4
 350 0062 DCE7     		b	.L22
 351              	.LVL42:
 352              	.L39:
  56:../Switch/core/yt/yt_sensor.c ****     CMM_PARAM_CHK((NULL == pEnable), CMM_ERR_NULL_POINT);
 353              		.loc 1 56 5 discriminator 3 view .LVU100
 354              	.LBB8:
  56:../Switch/core/yt/yt_sensor.c ****     CMM_PARAM_CHK((NULL == pEnable), CMM_ERR_NULL_POINT);
 355              		.loc 1 56 5 discriminator 3 view .LVU101
 356 0064 0C4B     		ldr	r3, .L41+8
 357 0066 1A69     		ldr	r2, [r3, #16]
 358 0068 0C4B     		ldr	r3, .L41+12
 359 006a 9968     		ldr	r1, [r3, #8]
 360              	.LVL43:
  56:../Switch/core/yt/yt_sensor.c ****     CMM_PARAM_CHK((NULL == pEnable), CMM_ERR_NULL_POINT);
 361              		.loc 1 56 5 is_stmt 0 discriminator 3 view .LVU102
 362 006c 0C48     		ldr	r0, .L41+16
 363 006e FFF7FEFF 		bl	osal_printf
 364              	.LVL44:
 365 0072 F5E7     		b	.L29
 366              	.LVL45:
 367              	.L36:
  56:../Switch/core/yt/yt_sensor.c ****     CMM_PARAM_CHK((NULL == pEnable), CMM_ERR_NULL_POINT);
 368              		.loc 1 56 5 discriminator 3 view .LVU103
 369              	.LBE8:
  57:../Switch/core/yt/yt_sensor.c **** 
 370              		.loc 1 57 5 is_stmt 1 discriminator 1 view .LVU104
  57:../Switch/core/yt/yt_sensor.c **** 
 371              		.loc 1 57 5 discriminator 1 view .LVU105
 372 0074 074B     		ldr	r3, .L41+4
 373 0076 1B78     		ldrb	r3, [r3]	@ zero_extendqisi2
 374 0078 012B     		cmp	r3, #1
 375 007a 01D8     		bhi	.L40
 376              	.LVL46:
 377              	.L31:
  57:../Switch/core/yt/yt_sensor.c **** 
 378              		.loc 1 57 5 discriminator 5 view .LVU106
  57:../Switch/core/yt/yt_sensor.c **** 
 379              		.loc 1 57 5 discriminator 5 view .LVU107
  57:../Switch/core/yt/yt_sensor.c **** 
 380              		.loc 1 57 5 discriminator 5 view .LVU108
 381 007c 0220     		movs	r0, #2
 382 007e CEE7     		b	.L22
 383              	.LVL47:
 384              	.L40:
  57:../Switch/core/yt/yt_sensor.c **** 
 385              		.loc 1 57 5 discriminator 3 view .LVU109
 386              	.LBB9:
  57:../Switch/core/yt/yt_sensor.c **** 
 387              		.loc 1 57 5 discriminator 3 view .LVU110
 388 0080 054B     		ldr	r3, .L41+8
 389 0082 9A68     		ldr	r2, [r3, #8]
 390 0084 054B     		ldr	r3, .L41+12
 391 0086 9968     		ldr	r1, [r3, #8]
 392              	.LVL48:
  57:../Switch/core/yt/yt_sensor.c **** 
 393              		.loc 1 57 5 is_stmt 0 discriminator 3 view .LVU111
 394 0088 0548     		ldr	r0, .L41+16
 395 008a FFF7FEFF 		bl	osal_printf
 396              	.LVL49:
 397 008e F5E7     		b	.L31
 398              	.L42:
 399              		.align	2
 400              	.L41:
 401 0090 00000000 		.word	gpfal_dispatch
 402 0094 00000000 		.word	yt_debug_level
 403 0098 00000000 		.word	_yt_errmsg
 404 009c 00000000 		.word	_yt_prompt_msg
 405 00a0 00000000 		.word	.LC0
 406              	.LBE9:
 407              		.cfi_endproc
 408              	.LFE4:
 410              		.section	.text.yt_sensor_temp_value_get,"ax",%progbits
 411              		.align	1
 412              		.global	yt_sensor_temp_value_get
 413              		.syntax unified
 414              		.thumb
 415              		.thumb_func
 417              	yt_sensor_temp_value_get:
 418              	.LVL50:
 419              	.LFB5:
  61:../Switch/core/yt/yt_sensor.c **** 
  62:../Switch/core/yt/yt_sensor.c **** /**
  63:../Switch/core/yt/yt_sensor.c ****  * @internal      yt_sensor_temp_value_get
  64:../Switch/core/yt/yt_sensor.c ****  * @endinternal
  65:../Switch/core/yt/yt_sensor.c ****  *
  66:../Switch/core/yt/yt_sensor.c ****  * @brief         get temperature value,in centigrade*100 unit.if negative is true,temp=-absoluteva
  67:../Switch/core/yt/yt_sensor.c ****  * @note          APPLICABLE DEVICES  -Tiger
  68:../Switch/core/yt/yt_sensor.c ****  * @param[in]     unit                -unit id
  69:../Switch/core/yt/yt_sensor.c ****  * @param[out]    pIsNegative         -negative flag
  70:../Switch/core/yt/yt_sensor.c ****  * @param[out]    pAbsoluteValue      -absolute value
  71:../Switch/core/yt/yt_sensor.c ****  * @retval        CMM_ERR_OK          -on success
  72:../Switch/core/yt/yt_sensor.c ****  * @retval        CMM_ERR_FAIL        -on fail
  73:../Switch/core/yt/yt_sensor.c ****  */
  74:../Switch/core/yt/yt_sensor.c **** yt_ret_t yt_sensor_temp_value_get(yt_unit_t unit, yt_bool_t *pIsNegative, uint16_t *pAbsoluteValue)
  75:../Switch/core/yt/yt_sensor.c **** {
 420              		.loc 1 75 1 is_stmt 1 view -0
 421              		.cfi_startproc
 422              		@ args = 0, pretend = 0, frame = 0
 423              		@ frame_needed = 0, uses_anonymous_args = 0
 424              		.loc 1 75 1 is_stmt 0 view .LVU113
 425 0000 08B5     		push	{r3, lr}
 426              		.cfi_def_cfa_offset 8
 427              		.cfi_offset 3, -8
 428              		.cfi_offset 14, -4
  76:../Switch/core/yt/yt_sensor.c ****     CMM_PARAM_CHK((YT_UNIT_NUM <= unit), CMM_ERR_INPUT);
 429              		.loc 1 76 5 is_stmt 1 view .LVU114
 430              		.loc 1 76 5 view .LVU115
 431 0002 78B9     		cbnz	r0, .L56
 432 0004 8446     		mov	ip, r0
 433              		.loc 1 76 5 discriminator 2 view .LVU116
  77:../Switch/core/yt/yt_sensor.c ****     CMM_PARAM_CHK(NULL == YT_DISPATCH(unit), CMM_ERR_NOT_INIT);
 434              		.loc 1 77 5 discriminator 2 view .LVU117
 435              		.loc 1 77 5 discriminator 2 view .LVU118
 436 0006 2A4B     		ldr	r3, .L66
 437 0008 53F82030 		ldr	r3, [r3, r0, lsl #2]
 438 000c C3B1     		cbz	r3, .L57
 439              		.loc 1 77 5 discriminator 2 view .LVU119
  78:../Switch/core/yt/yt_sensor.c ****     CMM_PARAM_CHK((!(YT_DISPATCH(unit)->is_inited)), CMM_ERR_NOT_INIT);
 440              		.loc 1 78 5 discriminator 2 view .LVU120
 441              		.loc 1 78 5 discriminator 2 view .LVU121
 442 000e 1878     		ldrb	r0, [r3]	@ zero_extendqisi2
 443              	.LVL51:
 444              		.loc 1 78 5 is_stmt 0 discriminator 2 view .LVU122
 445 0010 20B3     		cbz	r0, .L58
 446              		.loc 1 78 5 is_stmt 1 discriminator 2 view .LVU123
  79:../Switch/core/yt/yt_sensor.c ****     CMM_PARAM_CHK((NULL == pIsNegative), CMM_ERR_NULL_POINT);
 447              		.loc 1 79 5 discriminator 2 view .LVU124
 448              		.loc 1 79 5 discriminator 2 view .LVU125
 449 0012 0029     		cmp	r1, #0
 450 0014 30D0     		beq	.L59
 451              		.loc 1 79 5 discriminator 2 view .LVU126
  80:../Switch/core/yt/yt_sensor.c ****     CMM_PARAM_CHK((NULL == pAbsoluteValue), CMM_ERR_NULL_POINT);
 452              		.loc 1 80 5 discriminator 2 view .LVU127
 453              		.loc 1 80 5 discriminator 2 view .LVU128
 454 0016 002A     		cmp	r2, #0
 455 0018 3CD0     		beq	.L60
 456              		.loc 1 80 5 discriminator 2 view .LVU129
  81:../Switch/core/yt/yt_sensor.c **** 
  82:../Switch/core/yt/yt_sensor.c ****     return YT_DISPATCH(unit)->sensor_temp_value_get(unit, pIsNegative, pAbsoluteValue);
 457              		.loc 1 82 5 discriminator 2 view .LVU130
 458              		.loc 1 82 29 is_stmt 0 discriminator 2 view .LVU131
 459 001a D3F8D036 		ldr	r3, [r3, #1744]
 460              		.loc 1 82 12 discriminator 2 view .LVU132
 461 001e 6046     		mov	r0, ip
 462 0020 9847     		blx	r3
 463              	.LVL52:
 464              	.L43:
  83:../Switch/core/yt/yt_sensor.c **** }
 465              		.loc 1 83 1 view .LVU133
 466 0022 08BD     		pop	{r3, pc}
 467              	.LVL53:
 468              	.L56:
  76:../Switch/core/yt/yt_sensor.c ****     CMM_PARAM_CHK(NULL == YT_DISPATCH(unit), CMM_ERR_NOT_INIT);
 469              		.loc 1 76 5 is_stmt 1 discriminator 1 view .LVU134
  76:../Switch/core/yt/yt_sensor.c ****     CMM_PARAM_CHK(NULL == YT_DISPATCH(unit), CMM_ERR_NOT_INIT);
 470              		.loc 1 76 5 discriminator 1 view .LVU135
 471 0024 234B     		ldr	r3, .L66+4
 472 0026 1B78     		ldrb	r3, [r3]	@ zero_extendqisi2
 473 0028 012B     		cmp	r3, #1
 474 002a 01D8     		bhi	.L61
 475              	.LVL54:
 476              	.L45:
  76:../Switch/core/yt/yt_sensor.c ****     CMM_PARAM_CHK(NULL == YT_DISPATCH(unit), CMM_ERR_NOT_INIT);
 477              		.loc 1 76 5 discriminator 5 view .LVU136
  76:../Switch/core/yt/yt_sensor.c ****     CMM_PARAM_CHK(NULL == YT_DISPATCH(unit), CMM_ERR_NOT_INIT);
 478              		.loc 1 76 5 discriminator 5 view .LVU137
  76:../Switch/core/yt/yt_sensor.c ****     CMM_PARAM_CHK(NULL == YT_DISPATCH(unit), CMM_ERR_NOT_INIT);
 479              		.loc 1 76 5 discriminator 5 view .LVU138
 480 002c 0520     		movs	r0, #5
 481 002e F8E7     		b	.L43
 482              	.LVL55:
 483              	.L61:
  76:../Switch/core/yt/yt_sensor.c ****     CMM_PARAM_CHK(NULL == YT_DISPATCH(unit), CMM_ERR_NOT_INIT);
 484              		.loc 1 76 5 discriminator 3 view .LVU139
 485              	.LBB10:
  76:../Switch/core/yt/yt_sensor.c ****     CMM_PARAM_CHK(NULL == YT_DISPATCH(unit), CMM_ERR_NOT_INIT);
 486              		.loc 1 76 5 discriminator 3 view .LVU140
 487 0030 214B     		ldr	r3, .L66+8
 488 0032 5A69     		ldr	r2, [r3, #20]
 489              	.LVL56:
  76:../Switch/core/yt/yt_sensor.c ****     CMM_PARAM_CHK(NULL == YT_DISPATCH(unit), CMM_ERR_NOT_INIT);
 490              		.loc 1 76 5 is_stmt 0 discriminator 3 view .LVU141
 491 0034 214B     		ldr	r3, .L66+12
 492 0036 9968     		ldr	r1, [r3, #8]
 493              	.LVL57:
  76:../Switch/core/yt/yt_sensor.c ****     CMM_PARAM_CHK(NULL == YT_DISPATCH(unit), CMM_ERR_NOT_INIT);
 494              		.loc 1 76 5 discriminator 3 view .LVU142
 495 0038 2148     		ldr	r0, .L66+16
 496              	.LVL58:
  76:../Switch/core/yt/yt_sensor.c ****     CMM_PARAM_CHK(NULL == YT_DISPATCH(unit), CMM_ERR_NOT_INIT);
 497              		.loc 1 76 5 discriminator 3 view .LVU143
 498 003a FFF7FEFF 		bl	osal_printf
 499              	.LVL59:
 500 003e F5E7     		b	.L45
 501              	.LVL60:
 502              	.L57:
  76:../Switch/core/yt/yt_sensor.c ****     CMM_PARAM_CHK(NULL == YT_DISPATCH(unit), CMM_ERR_NOT_INIT);
 503              		.loc 1 76 5 discriminator 3 view .LVU144
 504              	.LBE10:
  77:../Switch/core/yt/yt_sensor.c ****     CMM_PARAM_CHK((!(YT_DISPATCH(unit)->is_inited)), CMM_ERR_NOT_INIT);
 505              		.loc 1 77 5 is_stmt 1 discriminator 1 view .LVU145
  77:../Switch/core/yt/yt_sensor.c ****     CMM_PARAM_CHK((!(YT_DISPATCH(unit)->is_inited)), CMM_ERR_NOT_INIT);
 506              		.loc 1 77 5 discriminator 1 view .LVU146
 507 0040 1C4B     		ldr	r3, .L66+4
 508 0042 1B78     		ldrb	r3, [r3]	@ zero_extendqisi2
 509 0044 012B     		cmp	r3, #1
 510 0046 01D8     		bhi	.L62
 511              	.LVL61:
 512              	.L48:
  77:../Switch/core/yt/yt_sensor.c ****     CMM_PARAM_CHK((!(YT_DISPATCH(unit)->is_inited)), CMM_ERR_NOT_INIT);
 513              		.loc 1 77 5 discriminator 5 view .LVU147
  77:../Switch/core/yt/yt_sensor.c ****     CMM_PARAM_CHK((!(YT_DISPATCH(unit)->is_inited)), CMM_ERR_NOT_INIT);
 514              		.loc 1 77 5 discriminator 5 view .LVU148
  77:../Switch/core/yt/yt_sensor.c ****     CMM_PARAM_CHK((!(YT_DISPATCH(unit)->is_inited)), CMM_ERR_NOT_INIT);
 515              		.loc 1 77 5 discriminator 5 view .LVU149
 516 0048 0420     		movs	r0, #4
 517 004a EAE7     		b	.L43
 518              	.LVL62:
 519              	.L62:
  77:../Switch/core/yt/yt_sensor.c ****     CMM_PARAM_CHK((!(YT_DISPATCH(unit)->is_inited)), CMM_ERR_NOT_INIT);
 520              		.loc 1 77 5 discriminator 3 view .LVU150
 521              	.LBB11:
  77:../Switch/core/yt/yt_sensor.c ****     CMM_PARAM_CHK((!(YT_DISPATCH(unit)->is_inited)), CMM_ERR_NOT_INIT);
 522              		.loc 1 77 5 discriminator 3 view .LVU151
 523 004c 1A4B     		ldr	r3, .L66+8
 524 004e 1A69     		ldr	r2, [r3, #16]
 525              	.LVL63:
  77:../Switch/core/yt/yt_sensor.c ****     CMM_PARAM_CHK((!(YT_DISPATCH(unit)->is_inited)), CMM_ERR_NOT_INIT);
 526              		.loc 1 77 5 is_stmt 0 discriminator 3 view .LVU152
 527 0050 1A4B     		ldr	r3, .L66+12
 528 0052 9968     		ldr	r1, [r3, #8]
 529              	.LVL64:
  77:../Switch/core/yt/yt_sensor.c ****     CMM_PARAM_CHK((!(YT_DISPATCH(unit)->is_inited)), CMM_ERR_NOT_INIT);
 530              		.loc 1 77 5 discriminator 3 view .LVU153
 531 0054 1A48     		ldr	r0, .L66+16
 532              	.LVL65:
  77:../Switch/core/yt/yt_sensor.c ****     CMM_PARAM_CHK((!(YT_DISPATCH(unit)->is_inited)), CMM_ERR_NOT_INIT);
 533              		.loc 1 77 5 discriminator 3 view .LVU154
 534 0056 FFF7FEFF 		bl	osal_printf
 535              	.LVL66:
 536 005a F5E7     		b	.L48
 537              	.LVL67:
 538              	.L58:
  77:../Switch/core/yt/yt_sensor.c ****     CMM_PARAM_CHK((!(YT_DISPATCH(unit)->is_inited)), CMM_ERR_NOT_INIT);
 539              		.loc 1 77 5 discriminator 3 view .LVU155
 540              	.LBE11:
  78:../Switch/core/yt/yt_sensor.c ****     CMM_PARAM_CHK((NULL == pIsNegative), CMM_ERR_NULL_POINT);
 541              		.loc 1 78 5 is_stmt 1 discriminator 1 view .LVU156
  78:../Switch/core/yt/yt_sensor.c ****     CMM_PARAM_CHK((NULL == pIsNegative), CMM_ERR_NULL_POINT);
 542              		.loc 1 78 5 discriminator 1 view .LVU157
 543 005c 154B     		ldr	r3, .L66+4
 544 005e 1B78     		ldrb	r3, [r3]	@ zero_extendqisi2
 545 0060 012B     		cmp	r3, #1
 546 0062 01D8     		bhi	.L63
 547              	.LVL68:
 548              	.L50:
  78:../Switch/core/yt/yt_sensor.c ****     CMM_PARAM_CHK((NULL == pIsNegative), CMM_ERR_NULL_POINT);
 549              		.loc 1 78 5 discriminator 5 view .LVU158
  78:../Switch/core/yt/yt_sensor.c ****     CMM_PARAM_CHK((NULL == pIsNegative), CMM_ERR_NULL_POINT);
 550              		.loc 1 78 5 discriminator 5 view .LVU159
  78:../Switch/core/yt/yt_sensor.c ****     CMM_PARAM_CHK((NULL == pIsNegative), CMM_ERR_NULL_POINT);
 551              		.loc 1 78 5 discriminator 5 view .LVU160
 552 0064 0420     		movs	r0, #4
 553 0066 DCE7     		b	.L43
 554              	.LVL69:
 555              	.L63:
  78:../Switch/core/yt/yt_sensor.c ****     CMM_PARAM_CHK((NULL == pIsNegative), CMM_ERR_NULL_POINT);
 556              		.loc 1 78 5 discriminator 3 view .LVU161
 557              	.LBB12:
  78:../Switch/core/yt/yt_sensor.c ****     CMM_PARAM_CHK((NULL == pIsNegative), CMM_ERR_NULL_POINT);
 558              		.loc 1 78 5 discriminator 3 view .LVU162
 559 0068 134B     		ldr	r3, .L66+8
 560 006a 1A69     		ldr	r2, [r3, #16]
 561              	.LVL70:
  78:../Switch/core/yt/yt_sensor.c ****     CMM_PARAM_CHK((NULL == pIsNegative), CMM_ERR_NULL_POINT);
 562              		.loc 1 78 5 is_stmt 0 discriminator 3 view .LVU163
 563 006c 134B     		ldr	r3, .L66+12
 564 006e 9968     		ldr	r1, [r3, #8]
 565              	.LVL71:
  78:../Switch/core/yt/yt_sensor.c ****     CMM_PARAM_CHK((NULL == pIsNegative), CMM_ERR_NULL_POINT);
 566              		.loc 1 78 5 discriminator 3 view .LVU164
 567 0070 1348     		ldr	r0, .L66+16
 568 0072 FFF7FEFF 		bl	osal_printf
 569              	.LVL72:
 570 0076 F5E7     		b	.L50
 571              	.LVL73:
 572              	.L59:
  78:../Switch/core/yt/yt_sensor.c ****     CMM_PARAM_CHK((NULL == pIsNegative), CMM_ERR_NULL_POINT);
 573              		.loc 1 78 5 discriminator 3 view .LVU165
 574              	.LBE12:
  79:../Switch/core/yt/yt_sensor.c ****     CMM_PARAM_CHK((NULL == pAbsoluteValue), CMM_ERR_NULL_POINT);
 575              		.loc 1 79 5 is_stmt 1 discriminator 1 view .LVU166
  79:../Switch/core/yt/yt_sensor.c ****     CMM_PARAM_CHK((NULL == pAbsoluteValue), CMM_ERR_NULL_POINT);
 576              		.loc 1 79 5 discriminator 1 view .LVU167
 577 0078 0E4B     		ldr	r3, .L66+4
 578 007a 1B78     		ldrb	r3, [r3]	@ zero_extendqisi2
 579 007c 012B     		cmp	r3, #1
 580 007e 01D8     		bhi	.L64
 581              	.LVL74:
 582              	.L52:
  79:../Switch/core/yt/yt_sensor.c ****     CMM_PARAM_CHK((NULL == pAbsoluteValue), CMM_ERR_NULL_POINT);
 583              		.loc 1 79 5 discriminator 5 view .LVU168
  79:../Switch/core/yt/yt_sensor.c ****     CMM_PARAM_CHK((NULL == pAbsoluteValue), CMM_ERR_NULL_POINT);
 584              		.loc 1 79 5 discriminator 5 view .LVU169
  79:../Switch/core/yt/yt_sensor.c ****     CMM_PARAM_CHK((NULL == pAbsoluteValue), CMM_ERR_NULL_POINT);
 585              		.loc 1 79 5 discriminator 5 view .LVU170
 586 0080 0220     		movs	r0, #2
 587 0082 CEE7     		b	.L43
 588              	.LVL75:
 589              	.L64:
  79:../Switch/core/yt/yt_sensor.c ****     CMM_PARAM_CHK((NULL == pAbsoluteValue), CMM_ERR_NULL_POINT);
 590              		.loc 1 79 5 discriminator 3 view .LVU171
 591              	.LBB13:
  79:../Switch/core/yt/yt_sensor.c ****     CMM_PARAM_CHK((NULL == pAbsoluteValue), CMM_ERR_NULL_POINT);
 592              		.loc 1 79 5 discriminator 3 view .LVU172
 593 0084 0C4B     		ldr	r3, .L66+8
 594 0086 9A68     		ldr	r2, [r3, #8]
 595              	.LVL76:
  79:../Switch/core/yt/yt_sensor.c ****     CMM_PARAM_CHK((NULL == pAbsoluteValue), CMM_ERR_NULL_POINT);
 596              		.loc 1 79 5 is_stmt 0 discriminator 3 view .LVU173
 597 0088 0C4B     		ldr	r3, .L66+12
 598 008a 9968     		ldr	r1, [r3, #8]
 599              	.LVL77:
  79:../Switch/core/yt/yt_sensor.c ****     CMM_PARAM_CHK((NULL == pAbsoluteValue), CMM_ERR_NULL_POINT);
 600              		.loc 1 79 5 discriminator 3 view .LVU174
 601 008c 0C48     		ldr	r0, .L66+16
 602 008e FFF7FEFF 		bl	osal_printf
 603              	.LVL78:
 604 0092 F5E7     		b	.L52
 605              	.LVL79:
 606              	.L60:
  79:../Switch/core/yt/yt_sensor.c ****     CMM_PARAM_CHK((NULL == pAbsoluteValue), CMM_ERR_NULL_POINT);
 607              		.loc 1 79 5 discriminator 3 view .LVU175
 608              	.LBE13:
  80:../Switch/core/yt/yt_sensor.c **** 
 609              		.loc 1 80 5 is_stmt 1 discriminator 1 view .LVU176
  80:../Switch/core/yt/yt_sensor.c **** 
 610              		.loc 1 80 5 discriminator 1 view .LVU177
 611 0094 074B     		ldr	r3, .L66+4
 612 0096 1B78     		ldrb	r3, [r3]	@ zero_extendqisi2
 613 0098 012B     		cmp	r3, #1
 614 009a 01D8     		bhi	.L65
 615              	.LVL80:
 616              	.L54:
  80:../Switch/core/yt/yt_sensor.c **** 
 617              		.loc 1 80 5 discriminator 5 view .LVU178
  80:../Switch/core/yt/yt_sensor.c **** 
 618              		.loc 1 80 5 discriminator 5 view .LVU179
  80:../Switch/core/yt/yt_sensor.c **** 
 619              		.loc 1 80 5 discriminator 5 view .LVU180
 620 009c 0220     		movs	r0, #2
 621 009e C0E7     		b	.L43
 622              	.LVL81:
 623              	.L65:
  80:../Switch/core/yt/yt_sensor.c **** 
 624              		.loc 1 80 5 discriminator 3 view .LVU181
 625              	.LBB14:
  80:../Switch/core/yt/yt_sensor.c **** 
 626              		.loc 1 80 5 discriminator 3 view .LVU182
 627 00a0 054B     		ldr	r3, .L66+8
 628 00a2 9A68     		ldr	r2, [r3, #8]
 629              	.LVL82:
  80:../Switch/core/yt/yt_sensor.c **** 
 630              		.loc 1 80 5 is_stmt 0 discriminator 3 view .LVU183
 631 00a4 054B     		ldr	r3, .L66+12
 632 00a6 9968     		ldr	r1, [r3, #8]
 633              	.LVL83:
  80:../Switch/core/yt/yt_sensor.c **** 
 634              		.loc 1 80 5 discriminator 3 view .LVU184
 635 00a8 0548     		ldr	r0, .L66+16
 636 00aa FFF7FEFF 		bl	osal_printf
 637              	.LVL84:
 638 00ae F5E7     		b	.L54
 639              	.L67:
 640              		.align	2
 641              	.L66:
 642 00b0 00000000 		.word	gpfal_dispatch
 643 00b4 00000000 		.word	yt_debug_level
 644 00b8 00000000 		.word	_yt_errmsg
 645 00bc 00000000 		.word	_yt_prompt_msg
 646 00c0 00000000 		.word	.LC0
 647              	.LBE14:
 648              		.cfi_endproc
 649              	.LFE5:
 651              		.text
 652              	.Letext0:
 653              		.file 2 "C:\\Users\\Dmitriy\\Desktop\\GD32F10x\\Switch\\common\\include/yt_types.h"
 654              		.file 3 "C:\\Users\\Dmitriy\\Desktop\\GD32F10x\\Switch\\common\\include/yt_error.h"
 655              		.file 4 "C:\\Users\\Dmitriy\\Desktop\\GD32F10x\\Switch\\core\\cal/cal_bprofile.h"
 656              		.file 5 "C:\\Users\\Dmitriy\\Desktop\\GD32F10x\\Switch\\include/yt_cmm.h"
 657              		.file 6 "C:\\Users\\Dmitriy\\Desktop\\GD32F10x\\Switch\\include/yt_vlan.h"
 658              		.file 7 "C:\\Users\\Dmitriy\\Desktop\\GD32F10x\\Switch\\include/yt_vlan_translate.h"
 659              		.file 8 "C:\\Users\\Dmitriy\\Desktop\\GD32F10x\\Switch\\include/yt_acl.h"
 660              		.file 9 "C:\\Users\\Dmitriy\\Desktop\\GD32F10x\\Switch\\include/yt_qos.h"
 661              		.file 10 "C:\\Users\\Dmitriy\\Desktop\\GD32F10x\\Switch\\include/yt_rate.h"
 662              		.file 11 "C:\\Users\\Dmitriy\\Desktop\\GD32F10x\\Switch\\include/yt_dos.h"
 663              		.file 12 "C:\\Users\\Dmitriy\\Desktop\\GD32F10x\\Switch\\include/yt_nic.h"
 664              		.file 13 "C:\\Users\\Dmitriy\\Desktop\\GD32F10x\\Switch\\include/yt_stp.h"
 665              		.file 14 "C:\\Users\\Dmitriy\\Desktop\\GD32F10x\\Switch\\include/yt_l2.h"
 666              		.file 15 "C:\\Users\\Dmitriy\\Desktop\\GD32F10x\\Switch\\include/yt_loopdetect.h"
 667              		.file 16 "C:\\Users\\Dmitriy\\Desktop\\GD32F10x\\Switch\\include/yt_multicast.h"
 668              		.file 17 "C:\\Users\\Dmitriy\\Desktop\\GD32F10x\\Switch\\include/yt_rma.h"
 669              		.file 18 "C:\\Users\\Dmitriy\\Desktop\\GD32F10x\\Switch\\include/yt_oam.h"
 670              		.file 19 "C:\\Users\\Dmitriy\\Desktop\\GD32F10x\\Switch\\include/yt_storm_ctrl.h"
 671              		.file 20 "C:\\Users\\Dmitriy\\Desktop\\GD32F10x\\Switch\\include/yt_port.h"
 672              		.file 21 "C:\\Users\\Dmitriy\\Desktop\\GD32F10x\\Switch\\include/yt_dot1x.h"
 673              		.file 22 "C:\\Users\\Dmitriy\\Desktop\\GD32F10x\\Switch\\include/yt_ctrlpkt.h"
 674              		.file 23 "C:\\Users\\Dmitriy\\Desktop\\GD32F10x\\Switch\\include/yt_stat.h"
 675              		.file 24 "C:\\Users\\Dmitriy\\Desktop\\GD32F10x\\Switch\\include/yt_interrupt.h"
 676              		.file 25 "C:\\Users\\Dmitriy\\Desktop\\GD32F10x\\Switch\\include/yt_led.h"
 677              		.file 26 "C:\\Users\\Dmitriy\\Desktop\\GD32F10x\\Switch\\include/yt_sys.h"
 678              		.file 27 "C:\\Users\\Dmitriy\\Desktop\\GD32F10x\\Switch\\include/yt_debug.h"
 679              		.file 28 "C:\\Users\\Dmitriy\\Desktop\\GD32F10x\\Switch\\core\\fal/fal_dispatch.h"
DEFINED SYMBOLS
                            *ABS*:00000000 yt_sensor.c
C:\Users\Dmitriy\AppData\Local\Temp\ccRf9Et0.s:19     .rodata.yt_sensor_temp_enable_set.str1.4:00000000 $d
C:\Users\Dmitriy\AppData\Local\Temp\ccRf9Et0.s:23     .text.yt_sensor_temp_enable_set:00000000 $t
C:\Users\Dmitriy\AppData\Local\Temp\ccRf9Et0.s:29     .text.yt_sensor_temp_enable_set:00000000 yt_sensor_temp_enable_set
C:\Users\Dmitriy\AppData\Local\Temp\ccRf9Et0.s:207    .text.yt_sensor_temp_enable_set:00000090 $d
C:\Users\Dmitriy\AppData\Local\Temp\ccRf9Et0.s:217    .text.yt_sensor_temp_enable_get:00000000 $t
C:\Users\Dmitriy\AppData\Local\Temp\ccRf9Et0.s:223    .text.yt_sensor_temp_enable_get:00000000 yt_sensor_temp_enable_get
C:\Users\Dmitriy\AppData\Local\Temp\ccRf9Et0.s:401    .text.yt_sensor_temp_enable_get:00000090 $d
C:\Users\Dmitriy\AppData\Local\Temp\ccRf9Et0.s:411    .text.yt_sensor_temp_value_get:00000000 $t
C:\Users\Dmitriy\AppData\Local\Temp\ccRf9Et0.s:417    .text.yt_sensor_temp_value_get:00000000 yt_sensor_temp_value_get
C:\Users\Dmitriy\AppData\Local\Temp\ccRf9Et0.s:642    .text.yt_sensor_temp_value_get:000000b0 $d
                           .group:00000000 wm4.0.645242867a2c3890cfa09ec032a865e6
                           .group:00000000 wm4._newlib_version.h.4.6d111ab2e95434b664b53815e5c8ccba
                           .group:00000000 wm4.newlib.h.27.d4bf77c18f14f545101dac22f0b54118
                           .group:00000000 wm4.ieeefp.h.77.0ee3146e9d892bb10bc0066c30189af1
                           .group:00000000 wm4.features.h.22.7877b139107948f7dadcf3660cc79cfd
                           .group:00000000 wm4.config.h.224.10ee1ad185d877c6e334e6581faab44d
                           .group:00000000 wm4._ansi.h.31.de524f58584151836e90d8620a16f8e8
                           .group:00000000 wm4.stdio.h.31.7c0e28c411445f3f9c5b11accf882760
                           .group:00000000 wm4._default_types.h.6.959254cf5f09734ea7516c89e8bb21bd
                           .group:00000000 wm4.stddef.h.185.cbb642e1ccd385e8aa504b15cb7fb086
                           .group:00000000 wm4.cdefs.h.49.f93868eb904b9ca05b5c0257d31128ca
                           .group:00000000 wm4.stddef.h.39.0e5f0dabba1c666ccadf0408e0d47322
                           .group:00000000 wm4.stdarg.h.34.3a23a216c0c293b3d2ea2e89281481e6
                           .group:00000000 wm4._types.h.20.dd0d04dca3800a0d2a6129b87f3adbb2
                           .group:00000000 wm4.stddef.h.158.5f30652bb2ea05b142c1bbee9108c999
                           .group:00000000 wm4._types.h.127.3bdfe3ff8ea2d0985b03d9cbe93480e3
                           .group:00000000 wm4.reent.h.17.e292bf8b0bec6c96e131a54347145a30
                           .group:00000000 wm4.lock.h.2.1461d1fff82dffe8bfddc23307f6484f
                           .group:00000000 wm4.reent.h.77.89f7dde66c62b1f1dee32bdb6ab2d544
                           .group:00000000 wm4.stdio.h.67.0cf8a9c281ab0b348aef5c02e7e48825
                           .group:00000000 wm4.stdio.h.2.4aa87247282eca6c8f36f9de33d8df1a
                           .group:00000000 wm4.stdio.h.87.a1e20d2651f9bfb66e51bfbe849db00a
                           .group:00000000 wm4.string.h.8.c4b8571ce60dff2817f43fec8b86aecd
                           .group:00000000 wm4.stddef.h.158.bfed30416c9480cd13bc4a25427d538f
                           .group:00000000 wm4.stdbool.h.29.4a1c88fe569adb8d03217dd16982ca34
                           .group:00000000 wm4.malloc.h.4.62bd13b8107d5245f60bd92bb5994838
                           .group:00000000 wm4.malloc.h.152.f5d1d9a9aabeac59da0ef41ede16d2b0
                           .group:00000000 wm4.yt_types.h.31.64aa050cf4c68d28514ce99f5dc2ddb9
                           .group:00000000 wm4.yt_util.h.17.08ae57e3898b218a2bbe57b2147a81bd
                           .group:00000000 wm4.yt_lock.h.9.5d39f1aba4451d3b9b95aa39771489dc
                           .group:00000000 wm4.yt_error.h.38.039589275c83974021fd481937e9f4a7
                           .group:00000000 wm4.chipdef_tiger.h.10.ae557adb3508daebcdc97f8fb0dc9e1a
                           .group:00000000 wm4.phy_chipdef.h.9.9a1a2dbb46f5503e32a84083ab1dbc9f
                           .group:00000000 wm4.cal_bprofile.h.23.d6ecfc2230abc149b4da600a40b20e5b
                           .group:00000000 wm4.bprofile_YT9215_default_demo.h.15.13aa65ba4a73c41dc1ffa3c5f8dcfda3
                           .group:00000000 wm4.cal_cmm.h.46.eec47faa946e01877de19a2f99ee7710
                           .group:00000000 wm4.yt_cmm.h.12.5273de39c1b049d4c73c2c31caf670b1
                           .group:00000000 wm4.yt_vlan.h.17.4dbe63e648ff65010c51c5f8a737ac2d
                           .group:00000000 wm4.yt_acl.h.25.ad9531373d966dccc96222e31e0234b5
                           .group:00000000 wm4.yt_nic.h.17.4e5ceed38d9cfbd9b5db2d4b069b6961
                           .group:00000000 wm4.yt_loopdetect.h.17.4739c2e436a8e779d4d8c89037b81aea
                           .group:00000000 wm4.yt_multicast.h.17.9c1d51b153e5e1785468d9c0ad6414a4
                           .group:00000000 wm4.yt_port.h.17.f9740394ebf086646c9c567db1605abb
                           .group:00000000 wm4.yt_stat.h.17.f87caec2ee71e59f920ea3778bda3fad

UNDEFINED SYMBOLS
osal_printf
gpfal_dispatch
yt_debug_level
_yt_errmsg
_yt_prompt_msg
