   1              		.cpu cortex-m3
   2              		.arch armv7-m
   3              		.fpu softvfp
   4              		.eabi_attribute 20, 1
   5              		.eabi_attribute 21, 1
   6              		.eabi_attribute 23, 3
   7              		.eabi_attribute 24, 1
   8              		.eabi_attribute 25, 1
   9              		.eabi_attribute 26, 1
  10              		.eabi_attribute 30, 1
  11              		.eabi_attribute 34, 1
  12              		.eabi_attribute 18, 4
  13              		.file	"phy_drv.c"
  14              		.text
  15              	.Ltext0:
  16              		.cfi_sections	.debug_frame
  17              		.file 1 "../Switch/core/drv/phy/phy_drv.c"
  18              		.section	.text.int_phy_mmd_reg_read,"ax",%progbits
  19              		.align	1
  20              		.global	int_phy_mmd_reg_read
  21              		.syntax unified
  22              		.thumb
  23              		.thumb_func
  25              	int_phy_mmd_reg_read:
  26              	.LVL0:
  27              	.LFB3:
   1:../Switch/core/drv/phy/phy_drv.c **** /*******************************************************************************
   2:../Switch/core/drv/phy/phy_drv.c **** *                                                                              *
   3:../Switch/core/drv/phy/phy_drv.c **** *  Copyright (c), 2022, Motorcomm Electronic Technology Co.,Ltd.               *
   4:../Switch/core/drv/phy/phy_drv.c **** *  Motorcomm Confidential and Proprietary.                                     *
   5:../Switch/core/drv/phy/phy_drv.c **** *                                                                              *
   6:../Switch/core/drv/phy/phy_drv.c **** ********************************************************************************
   7:../Switch/core/drv/phy/phy_drv.c **** */
   8:../Switch/core/drv/phy/phy_drv.c **** 
   9:../Switch/core/drv/phy/phy_drv.c **** #include "phy_drv.h"
  10:../Switch/core/drv/phy/phy_drv.c **** #include "hal_ctrl.h"
  11:../Switch/core/drv/phy/phy_drv.c **** #include "phy_int_yt861x.h"
  12:../Switch/core/drv/phy/phy_drv.c **** #include "phy_yt8531.h"
  13:../Switch/core/drv/phy/phy_drv.c **** #include "phy_int_serdes.h"
  14:../Switch/core/drv/phy/phy_drv.c **** 
  15:../Switch/core/drv/phy/phy_drv.c **** yt_phy_drv_t *gpPhyDrvList[] =
  16:../Switch/core/drv/phy/phy_drv.c **** {
  17:../Switch/core/drv/phy/phy_drv.c ****     [YT_PHY_MODEL_INT861X] = &int_yt861x_drv,
  18:../Switch/core/drv/phy/phy_drv.c **** #ifdef PHY_YT8531_INCLUDED
  19:../Switch/core/drv/phy/phy_drv.c ****     [YT_PHY_MODEL_8531] = &yt8531_drv,
  20:../Switch/core/drv/phy/phy_drv.c **** #else
  21:../Switch/core/drv/phy/phy_drv.c ****     [YT_PHY_MODEL_8531] = NULL,
  22:../Switch/core/drv/phy/phy_drv.c **** #endif
  23:../Switch/core/drv/phy/phy_drv.c ****     [YT_PHY_MODEL_INTSERDES] = &int_serdes_drv,
  24:../Switch/core/drv/phy/phy_drv.c **** };
  25:../Switch/core/drv/phy/phy_drv.c **** 
  26:../Switch/core/drv/phy/phy_drv.c **** yt_ret_t int_phy_mmd_reg_read(yt_unit_t unit, uint8_t phy_addr, uint8_t mmd_id, uint16_t regAddr, u
  27:../Switch/core/drv/phy/phy_drv.c **** {
  28              		.loc 1 27 1 view -0
  29              		.cfi_startproc
  30              		@ args = 4, pretend = 0, frame = 0
  31              		@ frame_needed = 0, uses_anonymous_args = 0
  32              		.loc 1 27 1 is_stmt 0 view .LVU1
  33 0000 2DE9F84F 		push	{r3, r4, r5, r6, r7, r8, r9, r10, fp, lr}
  34              		.cfi_def_cfa_offset 40
  35              		.cfi_offset 3, -40
  36              		.cfi_offset 4, -36
  37              		.cfi_offset 5, -32
  38              		.cfi_offset 6, -28
  39              		.cfi_offset 7, -24
  40              		.cfi_offset 8, -20
  41              		.cfi_offset 9, -16
  42              		.cfi_offset 10, -12
  43              		.cfi_offset 11, -8
  44              		.cfi_offset 14, -4
  45 0004 1646     		mov	r6, r2
  46 0006 9946     		mov	r9, r3
  47 0008 0A9F     		ldr	r7, [sp, #40]
  28:../Switch/core/drv/phy/phy_drv.c ****     if(HALSWDRV(unit) == NULL || pData == NULL)
  48              		.loc 1 28 5 is_stmt 1 view .LVU2
  49              		.loc 1 28 8 is_stmt 0 view .LVU3
  50 000a 7422     		movs	r2, #116
  51              	.LVL1:
  52              		.loc 1 28 8 view .LVU4
  53 000c 00FB02F2 		mul	r2, r0, r2
  54 0010 1B4B     		ldr	r3, .L6
  55              	.LVL2:
  56              		.loc 1 28 8 view .LVU5
  57 0012 9B58     		ldr	r3, [r3, r2]
  58              		.loc 1 28 7 view .LVU6
  59 0014 7BB3     		cbz	r3, .L3
  60 0016 0446     		mov	r4, r0
  61 0018 0D46     		mov	r5, r1
  62              		.loc 1 28 31 discriminator 1 view .LVU7
  63 001a 77B3     		cbz	r7, .L4
  29:../Switch/core/drv/phy/phy_drv.c ****     {
  30:../Switch/core/drv/phy/phy_drv.c ****         return CMM_ERR_FAIL;
  31:../Switch/core/drv/phy/phy_drv.c ****     }
  32:../Switch/core/drv/phy/phy_drv.c **** 
  33:../Switch/core/drv/phy/phy_drv.c ****     HALSWDRV_FUNC(unit)->switch_intif_write(unit, phy_addr, 0xd, mmd_id);
  64              		.loc 1 33 5 is_stmt 1 view .LVU8
  65 001c 5B68     		ldr	r3, [r3, #4]
  66              		.loc 1 33 24 is_stmt 0 view .LVU9
  67 001e D3F81080 		ldr	r8, [r3, #16]
  68              		.loc 1 33 5 view .LVU10
  69 0022 3346     		mov	r3, r6
  70 0024 0D22     		movs	r2, #13
  71 0026 C047     		blx	r8
  72              	.LVL3:
  34:../Switch/core/drv/phy/phy_drv.c ****     HALSWDRV_FUNC(unit)->switch_intif_write(unit, phy_addr, 0xe, regAddr);
  73              		.loc 1 34 5 is_stmt 1 view .LVU11
  74 0028 DFF854A0 		ldr	r10, .L6
  75 002c 4FF07408 		mov	r8, #116
  76 0030 08FB04F8 		mul	r8, r8, r4
  77 0034 5AF80830 		ldr	r3, [r10, r8]
  78 0038 5B68     		ldr	r3, [r3, #4]
  79              		.loc 1 34 24 is_stmt 0 view .LVU12
  80 003a D3F810B0 		ldr	fp, [r3, #16]
  81              		.loc 1 34 5 view .LVU13
  82 003e 4B46     		mov	r3, r9
  83 0040 0E22     		movs	r2, #14
  84 0042 2946     		mov	r1, r5
  85 0044 2046     		mov	r0, r4
  86 0046 D847     		blx	fp
  87              	.LVL4:
  35:../Switch/core/drv/phy/phy_drv.c ****     HALSWDRV_FUNC(unit)->switch_intif_write(unit, phy_addr, 0xd, 0x4000+mmd_id);
  88              		.loc 1 35 5 is_stmt 1 view .LVU14
  89 0048 5AF80830 		ldr	r3, [r10, r8]
  90 004c 5B68     		ldr	r3, [r3, #4]
  91              		.loc 1 35 24 is_stmt 0 view .LVU15
  92 004e D3F81090 		ldr	r9, [r3, #16]
  93              		.loc 1 35 5 view .LVU16
  94 0052 06F58043 		add	r3, r6, #16384
  95 0056 0D22     		movs	r2, #13
  96 0058 2946     		mov	r1, r5
  97 005a 2046     		mov	r0, r4
  98 005c C847     		blx	r9
  99              	.LVL5:
  36:../Switch/core/drv/phy/phy_drv.c ****     HALSWDRV_FUNC(unit)->switch_intif_read(unit, phy_addr, 0xe, pData);
 100              		.loc 1 36 5 is_stmt 1 view .LVU17
 101 005e 5AF80830 		ldr	r3, [r10, r8]
 102 0062 5B68     		ldr	r3, [r3, #4]
 103              		.loc 1 36 24 is_stmt 0 view .LVU18
 104 0064 DE68     		ldr	r6, [r3, #12]
 105              		.loc 1 36 5 view .LVU19
 106 0066 3B46     		mov	r3, r7
 107 0068 0E22     		movs	r2, #14
 108 006a 2946     		mov	r1, r5
 109 006c 2046     		mov	r0, r4
 110 006e B047     		blx	r6
 111              	.LVL6:
  37:../Switch/core/drv/phy/phy_drv.c **** 
  38:../Switch/core/drv/phy/phy_drv.c ****     return CMM_ERR_OK;
 112              		.loc 1 38 5 is_stmt 1 view .LVU20
 113              		.loc 1 38 12 is_stmt 0 view .LVU21
 114 0070 0020     		movs	r0, #0
 115              	.L1:
  39:../Switch/core/drv/phy/phy_drv.c **** }
 116              		.loc 1 39 1 view .LVU22
 117 0072 BDE8F88F 		pop	{r3, r4, r5, r6, r7, r8, r9, r10, fp, pc}
 118              	.LVL7:
 119              	.L3:
  30:../Switch/core/drv/phy/phy_drv.c ****     }
 120              		.loc 1 30 16 view .LVU23
 121 0076 0120     		movs	r0, #1
 122              	.LVL8:
  30:../Switch/core/drv/phy/phy_drv.c ****     }
 123              		.loc 1 30 16 view .LVU24
 124 0078 FBE7     		b	.L1
 125              	.LVL9:
 126              	.L4:
  30:../Switch/core/drv/phy/phy_drv.c ****     }
 127              		.loc 1 30 16 view .LVU25
 128 007a 0120     		movs	r0, #1
 129              	.LVL10:
  30:../Switch/core/drv/phy/phy_drv.c ****     }
 130              		.loc 1 30 16 view .LVU26
 131 007c F9E7     		b	.L1
 132              	.L7:
 133 007e 00BF     		.align	2
 134              	.L6:
 135 0080 00000000 		.word	gHalCtrl
 136              		.cfi_endproc
 137              	.LFE3:
 139              		.section	.text.int_phy_mmd_reg_write,"ax",%progbits
 140              		.align	1
 141              		.global	int_phy_mmd_reg_write
 142              		.syntax unified
 143              		.thumb
 144              		.thumb_func
 146              	int_phy_mmd_reg_write:
 147              	.LVL11:
 148              	.LFB4:
  40:../Switch/core/drv/phy/phy_drv.c **** 
  41:../Switch/core/drv/phy/phy_drv.c **** yt_ret_t int_phy_mmd_reg_write(yt_unit_t unit, uint8_t phy_addr, uint8_t mmd_id, uint16_t regAddr, 
  42:../Switch/core/drv/phy/phy_drv.c **** {
 149              		.loc 1 42 1 is_stmt 1 view -0
 150              		.cfi_startproc
 151              		@ args = 4, pretend = 0, frame = 0
 152              		@ frame_needed = 0, uses_anonymous_args = 0
 153              		.loc 1 42 1 is_stmt 0 view .LVU28
 154 0000 2DE9F047 		push	{r4, r5, r6, r7, r8, r9, r10, lr}
 155              		.cfi_def_cfa_offset 32
 156              		.cfi_offset 4, -32
 157              		.cfi_offset 5, -28
 158              		.cfi_offset 6, -24
 159              		.cfi_offset 7, -20
 160              		.cfi_offset 8, -16
 161              		.cfi_offset 9, -12
 162              		.cfi_offset 10, -8
 163              		.cfi_offset 14, -4
 164 0004 1746     		mov	r7, r2
 165 0006 9846     		mov	r8, r3
  43:../Switch/core/drv/phy/phy_drv.c ****     if(HALSWDRV(unit) == NULL)
 166              		.loc 1 43 5 is_stmt 1 view .LVU29
 167              		.loc 1 43 8 is_stmt 0 view .LVU30
 168 0008 7422     		movs	r2, #116
 169              	.LVL12:
 170              		.loc 1 43 8 view .LVU31
 171 000a 00FB02F2 		mul	r2, r0, r2
 172 000e 194B     		ldr	r3, .L12
 173              	.LVL13:
 174              		.loc 1 43 8 view .LVU32
 175 0010 9B58     		ldr	r3, [r3, r2]
 176              		.loc 1 43 7 view .LVU33
 177 0012 6BB3     		cbz	r3, .L10
 178 0014 0446     		mov	r4, r0
 179 0016 0D46     		mov	r5, r1
  44:../Switch/core/drv/phy/phy_drv.c ****     {
  45:../Switch/core/drv/phy/phy_drv.c ****         return CMM_ERR_FAIL;
  46:../Switch/core/drv/phy/phy_drv.c ****     }
  47:../Switch/core/drv/phy/phy_drv.c **** 
  48:../Switch/core/drv/phy/phy_drv.c ****     HALSWDRV_FUNC(unit)->switch_intif_write(unit, phy_addr, 0xd, mmd_id);
 180              		.loc 1 48 5 is_stmt 1 view .LVU34
 181 0018 5B68     		ldr	r3, [r3, #4]
 182              		.loc 1 48 24 is_stmt 0 view .LVU35
 183 001a 1E69     		ldr	r6, [r3, #16]
 184              		.loc 1 48 5 view .LVU36
 185 001c 3B46     		mov	r3, r7
 186 001e 0D22     		movs	r2, #13
 187 0020 B047     		blx	r6
 188              	.LVL14:
  49:../Switch/core/drv/phy/phy_drv.c ****     HALSWDRV_FUNC(unit)->switch_intif_write(unit, phy_addr, 0xe, regAddr);
 189              		.loc 1 49 5 is_stmt 1 view .LVU37
 190 0022 DFF85090 		ldr	r9, .L12
 191 0026 7426     		movs	r6, #116
 192 0028 04FB06F6 		mul	r6, r4, r6
 193 002c 59F80630 		ldr	r3, [r9, r6]
 194 0030 5B68     		ldr	r3, [r3, #4]
 195              		.loc 1 49 24 is_stmt 0 view .LVU38
 196 0032 D3F810A0 		ldr	r10, [r3, #16]
 197              		.loc 1 49 5 view .LVU39
 198 0036 4346     		mov	r3, r8
 199 0038 0E22     		movs	r2, #14
 200 003a 2946     		mov	r1, r5
 201 003c 2046     		mov	r0, r4
 202 003e D047     		blx	r10
 203              	.LVL15:
  50:../Switch/core/drv/phy/phy_drv.c ****     HALSWDRV_FUNC(unit)->switch_intif_write(unit, phy_addr, 0xd, 0x4000+mmd_id);
 204              		.loc 1 50 5 is_stmt 1 view .LVU40
 205 0040 59F80630 		ldr	r3, [r9, r6]
 206 0044 5B68     		ldr	r3, [r3, #4]
 207              		.loc 1 50 24 is_stmt 0 view .LVU41
 208 0046 D3F81080 		ldr	r8, [r3, #16]
 209              		.loc 1 50 5 view .LVU42
 210 004a 07F58043 		add	r3, r7, #16384
 211 004e 0D22     		movs	r2, #13
 212 0050 2946     		mov	r1, r5
 213 0052 2046     		mov	r0, r4
 214 0054 C047     		blx	r8
 215              	.LVL16:
  51:../Switch/core/drv/phy/phy_drv.c ****     HALSWDRV_FUNC(unit)->switch_intif_write(unit, phy_addr, 0xe, data);
 216              		.loc 1 51 5 is_stmt 1 view .LVU43
 217 0056 59F80630 		ldr	r3, [r9, r6]
 218 005a 5B68     		ldr	r3, [r3, #4]
 219              		.loc 1 51 24 is_stmt 0 view .LVU44
 220 005c 1E69     		ldr	r6, [r3, #16]
 221              		.loc 1 51 5 view .LVU45
 222 005e BDF82030 		ldrh	r3, [sp, #32]
 223 0062 0E22     		movs	r2, #14
 224 0064 2946     		mov	r1, r5
 225 0066 2046     		mov	r0, r4
 226 0068 B047     		blx	r6
 227              	.LVL17:
  52:../Switch/core/drv/phy/phy_drv.c **** 
  53:../Switch/core/drv/phy/phy_drv.c ****     return CMM_ERR_OK;
 228              		.loc 1 53 5 is_stmt 1 view .LVU46
 229              		.loc 1 53 12 is_stmt 0 view .LVU47
 230 006a 0020     		movs	r0, #0
 231              	.L8:
  54:../Switch/core/drv/phy/phy_drv.c **** }
 232              		.loc 1 54 1 view .LVU48
 233 006c BDE8F087 		pop	{r4, r5, r6, r7, r8, r9, r10, pc}
 234              	.LVL18:
 235              	.L10:
  45:../Switch/core/drv/phy/phy_drv.c ****     }
 236              		.loc 1 45 16 view .LVU49
 237 0070 0120     		movs	r0, #1
 238              	.LVL19:
  45:../Switch/core/drv/phy/phy_drv.c ****     }
 239              		.loc 1 45 16 view .LVU50
 240 0072 FBE7     		b	.L8
 241              	.L13:
 242              		.align	2
 243              	.L12:
 244 0074 00000000 		.word	gHalCtrl
 245              		.cfi_endproc
 246              	.LFE4:
 248              		.section	.text.int_phy_ext_reg_read,"ax",%progbits
 249              		.align	1
 250              		.global	int_phy_ext_reg_read
 251              		.syntax unified
 252              		.thumb
 253              		.thumb_func
 255              	int_phy_ext_reg_read:
 256              	.LVL20:
 257              	.LFB5:
  55:../Switch/core/drv/phy/phy_drv.c **** 
  56:../Switch/core/drv/phy/phy_drv.c **** yt_ret_t int_phy_ext_reg_read(yt_unit_t unit, uint8_t phy_addr, uint16_t regAddr, uint16_t *pData)
  57:../Switch/core/drv/phy/phy_drv.c **** {
 258              		.loc 1 57 1 is_stmt 1 view -0
 259              		.cfi_startproc
 260              		@ args = 0, pretend = 0, frame = 0
 261              		@ frame_needed = 0, uses_anonymous_args = 0
 262              		.loc 1 57 1 is_stmt 0 view .LVU52
 263 0000 F8B5     		push	{r3, r4, r5, r6, r7, lr}
 264              		.cfi_def_cfa_offset 24
 265              		.cfi_offset 3, -24
 266              		.cfi_offset 4, -20
 267              		.cfi_offset 5, -16
 268              		.cfi_offset 6, -12
 269              		.cfi_offset 7, -8
 270              		.cfi_offset 14, -4
 271 0002 0E46     		mov	r6, r1
 272 0004 1D46     		mov	r5, r3
  58:../Switch/core/drv/phy/phy_drv.c ****     if(HALSWDRV(unit) == NULL || pData == NULL)
 273              		.loc 1 58 5 is_stmt 1 view .LVU53
 274              		.loc 1 58 8 is_stmt 0 view .LVU54
 275 0006 7421     		movs	r1, #116
 276              	.LVL21:
 277              		.loc 1 58 8 view .LVU55
 278 0008 00FB01F1 		mul	r1, r0, r1
 279 000c 0E4B     		ldr	r3, .L19
 280              	.LVL22:
 281              		.loc 1 58 8 view .LVU56
 282 000e 5B58     		ldr	r3, [r3, r1]
 283              		.loc 1 58 7 view .LVU57
 284 0010 ABB1     		cbz	r3, .L16
 285 0012 0446     		mov	r4, r0
 286              		.loc 1 58 31 discriminator 1 view .LVU58
 287 0014 ADB1     		cbz	r5, .L17
  59:../Switch/core/drv/phy/phy_drv.c ****     {
  60:../Switch/core/drv/phy/phy_drv.c ****         return CMM_ERR_FAIL;
  61:../Switch/core/drv/phy/phy_drv.c ****     }
  62:../Switch/core/drv/phy/phy_drv.c **** 
  63:../Switch/core/drv/phy/phy_drv.c ****     HALSWDRV_FUNC(unit)->switch_intif_write(unit, phy_addr, 0x1e, regAddr);
 288              		.loc 1 63 5 is_stmt 1 view .LVU59
 289 0016 5B68     		ldr	r3, [r3, #4]
 290              		.loc 1 63 24 is_stmt 0 view .LVU60
 291 0018 1F69     		ldr	r7, [r3, #16]
 292              		.loc 1 63 5 view .LVU61
 293 001a 1346     		mov	r3, r2
 294 001c 1E22     		movs	r2, #30
 295              	.LVL23:
 296              		.loc 1 63 5 view .LVU62
 297 001e 3146     		mov	r1, r6
 298 0020 B847     		blx	r7
 299              	.LVL24:
  64:../Switch/core/drv/phy/phy_drv.c ****     HALSWDRV_FUNC(unit)->switch_intif_read(unit, phy_addr, 0x1f, pData);
 300              		.loc 1 64 5 is_stmt 1 view .LVU63
 301 0022 7423     		movs	r3, #116
 302 0024 04FB03F3 		mul	r3, r4, r3
 303 0028 074A     		ldr	r2, .L19
 304 002a D358     		ldr	r3, [r2, r3]
 305 002c 5B68     		ldr	r3, [r3, #4]
 306              		.loc 1 64 24 is_stmt 0 view .LVU64
 307 002e DF68     		ldr	r7, [r3, #12]
 308              		.loc 1 64 5 view .LVU65
 309 0030 2B46     		mov	r3, r5
 310 0032 1F22     		movs	r2, #31
 311 0034 3146     		mov	r1, r6
 312 0036 2046     		mov	r0, r4
 313 0038 B847     		blx	r7
 314              	.LVL25:
  65:../Switch/core/drv/phy/phy_drv.c **** 
  66:../Switch/core/drv/phy/phy_drv.c ****     return CMM_ERR_OK;
 315              		.loc 1 66 5 is_stmt 1 view .LVU66
 316              		.loc 1 66 12 is_stmt 0 view .LVU67
 317 003a 0020     		movs	r0, #0
 318              	.L14:
  67:../Switch/core/drv/phy/phy_drv.c **** }
 319              		.loc 1 67 1 view .LVU68
 320 003c F8BD     		pop	{r3, r4, r5, r6, r7, pc}
 321              	.LVL26:
 322              	.L16:
  60:../Switch/core/drv/phy/phy_drv.c ****     }
 323              		.loc 1 60 16 view .LVU69
 324 003e 0120     		movs	r0, #1
 325              	.LVL27:
  60:../Switch/core/drv/phy/phy_drv.c ****     }
 326              		.loc 1 60 16 view .LVU70
 327 0040 FCE7     		b	.L14
 328              	.LVL28:
 329              	.L17:
  60:../Switch/core/drv/phy/phy_drv.c ****     }
 330              		.loc 1 60 16 view .LVU71
 331 0042 0120     		movs	r0, #1
 332              	.LVL29:
  60:../Switch/core/drv/phy/phy_drv.c ****     }
 333              		.loc 1 60 16 view .LVU72
 334 0044 FAE7     		b	.L14
 335              	.L20:
 336 0046 00BF     		.align	2
 337              	.L19:
 338 0048 00000000 		.word	gHalCtrl
 339              		.cfi_endproc
 340              	.LFE5:
 342              		.section	.text.int_phy_ext_reg_write,"ax",%progbits
 343              		.align	1
 344              		.global	int_phy_ext_reg_write
 345              		.syntax unified
 346              		.thumb
 347              		.thumb_func
 349              	int_phy_ext_reg_write:
 350              	.LVL30:
 351              	.LFB6:
  68:../Switch/core/drv/phy/phy_drv.c **** 
  69:../Switch/core/drv/phy/phy_drv.c **** yt_ret_t int_phy_ext_reg_write(yt_unit_t unit, uint8_t phy_addr, uint16_t regAddr, uint16_t data)
  70:../Switch/core/drv/phy/phy_drv.c **** {
 352              		.loc 1 70 1 is_stmt 1 view -0
 353              		.cfi_startproc
 354              		@ args = 0, pretend = 0, frame = 0
 355              		@ frame_needed = 0, uses_anonymous_args = 0
 356              		.loc 1 70 1 is_stmt 0 view .LVU74
 357 0000 F8B5     		push	{r3, r4, r5, r6, r7, lr}
 358              		.cfi_def_cfa_offset 24
 359              		.cfi_offset 3, -24
 360              		.cfi_offset 4, -20
 361              		.cfi_offset 5, -16
 362              		.cfi_offset 6, -12
 363              		.cfi_offset 7, -8
 364              		.cfi_offset 14, -4
 365 0002 0D46     		mov	r5, r1
 366 0004 1E46     		mov	r6, r3
  71:../Switch/core/drv/phy/phy_drv.c ****     if(HALSWDRV(unit) == NULL)
 367              		.loc 1 71 5 is_stmt 1 view .LVU75
 368              		.loc 1 71 8 is_stmt 0 view .LVU76
 369 0006 7421     		movs	r1, #116
 370              	.LVL31:
 371              		.loc 1 71 8 view .LVU77
 372 0008 00FB01F1 		mul	r1, r0, r1
 373 000c 0C4B     		ldr	r3, .L25
 374              	.LVL32:
 375              		.loc 1 71 8 view .LVU78
 376 000e 5B58     		ldr	r3, [r3, r1]
 377              		.loc 1 71 7 view .LVU79
 378 0010 A3B1     		cbz	r3, .L23
 379 0012 0446     		mov	r4, r0
  72:../Switch/core/drv/phy/phy_drv.c ****     {
  73:../Switch/core/drv/phy/phy_drv.c ****         return CMM_ERR_FAIL;
  74:../Switch/core/drv/phy/phy_drv.c ****     }
  75:../Switch/core/drv/phy/phy_drv.c **** 
  76:../Switch/core/drv/phy/phy_drv.c ****     HALSWDRV_FUNC(unit)->switch_intif_write(unit, phy_addr, 0x1e, regAddr);
 380              		.loc 1 76 5 is_stmt 1 view .LVU80
 381 0014 5B68     		ldr	r3, [r3, #4]
 382              		.loc 1 76 24 is_stmt 0 view .LVU81
 383 0016 1F69     		ldr	r7, [r3, #16]
 384              		.loc 1 76 5 view .LVU82
 385 0018 1346     		mov	r3, r2
 386 001a 1E22     		movs	r2, #30
 387              	.LVL33:
 388              		.loc 1 76 5 view .LVU83
 389 001c 2946     		mov	r1, r5
 390 001e B847     		blx	r7
 391              	.LVL34:
  77:../Switch/core/drv/phy/phy_drv.c ****     HALSWDRV_FUNC(unit)->switch_intif_write(unit, phy_addr, 0x1f, data);
 392              		.loc 1 77 5 is_stmt 1 view .LVU84
 393 0020 7423     		movs	r3, #116
 394 0022 04FB03F3 		mul	r3, r4, r3
 395 0026 064A     		ldr	r2, .L25
 396 0028 D358     		ldr	r3, [r2, r3]
 397 002a 5B68     		ldr	r3, [r3, #4]
 398              		.loc 1 77 24 is_stmt 0 view .LVU85
 399 002c 1F69     		ldr	r7, [r3, #16]
 400              		.loc 1 77 5 view .LVU86
 401 002e 3346     		mov	r3, r6
 402 0030 1F22     		movs	r2, #31
 403 0032 2946     		mov	r1, r5
 404 0034 2046     		mov	r0, r4
 405 0036 B847     		blx	r7
 406              	.LVL35:
  78:../Switch/core/drv/phy/phy_drv.c **** 
  79:../Switch/core/drv/phy/phy_drv.c ****     return CMM_ERR_OK;
 407              		.loc 1 79 5 is_stmt 1 view .LVU87
 408              		.loc 1 79 12 is_stmt 0 view .LVU88
 409 0038 0020     		movs	r0, #0
 410              	.L21:
  80:../Switch/core/drv/phy/phy_drv.c **** }
 411              		.loc 1 80 1 view .LVU89
 412 003a F8BD     		pop	{r3, r4, r5, r6, r7, pc}
 413              	.LVL36:
 414              	.L23:
  73:../Switch/core/drv/phy/phy_drv.c ****     }
 415              		.loc 1 73 16 view .LVU90
 416 003c 0120     		movs	r0, #1
 417              	.LVL37:
  73:../Switch/core/drv/phy/phy_drv.c ****     }
 418              		.loc 1 73 16 view .LVU91
 419 003e FCE7     		b	.L21
 420              	.L26:
 421              		.align	2
 422              	.L25:
 423 0040 00000000 		.word	gHalCtrl
 424              		.cfi_endproc
 425              	.LFE6:
 427              		.section	.text.ext_phy_mmd_reg_read,"ax",%progbits
 428              		.align	1
 429              		.global	ext_phy_mmd_reg_read
 430              		.syntax unified
 431              		.thumb
 432              		.thumb_func
 434              	ext_phy_mmd_reg_read:
 435              	.LVL38:
 436              	.LFB7:
  81:../Switch/core/drv/phy/phy_drv.c **** 
  82:../Switch/core/drv/phy/phy_drv.c **** yt_ret_t ext_phy_mmd_reg_read(yt_unit_t unit, uint8_t phy_addr, uint8_t mmd_id, uint16_t regAddr, u
  83:../Switch/core/drv/phy/phy_drv.c **** {
 437              		.loc 1 83 1 is_stmt 1 view -0
 438              		.cfi_startproc
 439              		@ args = 4, pretend = 0, frame = 0
 440              		@ frame_needed = 0, uses_anonymous_args = 0
 441              		.loc 1 83 1 is_stmt 0 view .LVU93
 442 0000 2DE9F84F 		push	{r3, r4, r5, r6, r7, r8, r9, r10, fp, lr}
 443              		.cfi_def_cfa_offset 40
 444              		.cfi_offset 3, -40
 445              		.cfi_offset 4, -36
 446              		.cfi_offset 5, -32
 447              		.cfi_offset 6, -28
 448              		.cfi_offset 7, -24
 449              		.cfi_offset 8, -20
 450              		.cfi_offset 9, -16
 451              		.cfi_offset 10, -12
 452              		.cfi_offset 11, -8
 453              		.cfi_offset 14, -4
 454 0004 1646     		mov	r6, r2
 455 0006 9946     		mov	r9, r3
 456 0008 0A9F     		ldr	r7, [sp, #40]
  84:../Switch/core/drv/phy/phy_drv.c ****     if(HALSWDRV(unit) == NULL || pData == NULL)
 457              		.loc 1 84 5 is_stmt 1 view .LVU94
 458              		.loc 1 84 8 is_stmt 0 view .LVU95
 459 000a 7422     		movs	r2, #116
 460              	.LVL39:
 461              		.loc 1 84 8 view .LVU96
 462 000c 00FB02F2 		mul	r2, r0, r2
 463 0010 1B4B     		ldr	r3, .L32
 464              	.LVL40:
 465              		.loc 1 84 8 view .LVU97
 466 0012 9B58     		ldr	r3, [r3, r2]
 467              		.loc 1 84 7 view .LVU98
 468 0014 7BB3     		cbz	r3, .L29
 469 0016 0446     		mov	r4, r0
 470 0018 0D46     		mov	r5, r1
 471              		.loc 1 84 31 discriminator 1 view .LVU99
 472 001a 77B3     		cbz	r7, .L30
  85:../Switch/core/drv/phy/phy_drv.c ****     {
  86:../Switch/core/drv/phy/phy_drv.c ****         return CMM_ERR_FAIL;
  87:../Switch/core/drv/phy/phy_drv.c ****     }
  88:../Switch/core/drv/phy/phy_drv.c **** 
  89:../Switch/core/drv/phy/phy_drv.c ****     HALSWDRV_FUNC(unit)->switch_extif_write(unit, phy_addr, 0xd, mmd_id);
 473              		.loc 1 89 5 is_stmt 1 view .LVU100
 474 001c 5B68     		ldr	r3, [r3, #4]
 475              		.loc 1 89 24 is_stmt 0 view .LVU101
 476 001e D3F81880 		ldr	r8, [r3, #24]
 477              		.loc 1 89 5 view .LVU102
 478 0022 3346     		mov	r3, r6
 479 0024 0D22     		movs	r2, #13
 480 0026 C047     		blx	r8
 481              	.LVL41:
  90:../Switch/core/drv/phy/phy_drv.c ****     HALSWDRV_FUNC(unit)->switch_extif_write(unit, phy_addr, 0xe, regAddr);
 482              		.loc 1 90 5 is_stmt 1 view .LVU103
 483 0028 DFF854A0 		ldr	r10, .L32
 484 002c 4FF07408 		mov	r8, #116
 485 0030 08FB04F8 		mul	r8, r8, r4
 486 0034 5AF80830 		ldr	r3, [r10, r8]
 487 0038 5B68     		ldr	r3, [r3, #4]
 488              		.loc 1 90 24 is_stmt 0 view .LVU104
 489 003a D3F818B0 		ldr	fp, [r3, #24]
 490              		.loc 1 90 5 view .LVU105
 491 003e 4B46     		mov	r3, r9
 492 0040 0E22     		movs	r2, #14
 493 0042 2946     		mov	r1, r5
 494 0044 2046     		mov	r0, r4
 495 0046 D847     		blx	fp
 496              	.LVL42:
  91:../Switch/core/drv/phy/phy_drv.c ****     HALSWDRV_FUNC(unit)->switch_extif_write(unit, phy_addr, 0xd, 0x4000+mmd_id);
 497              		.loc 1 91 5 is_stmt 1 view .LVU106
 498 0048 5AF80830 		ldr	r3, [r10, r8]
 499 004c 5B68     		ldr	r3, [r3, #4]
 500              		.loc 1 91 24 is_stmt 0 view .LVU107
 501 004e D3F81890 		ldr	r9, [r3, #24]
 502              		.loc 1 91 5 view .LVU108
 503 0052 06F58043 		add	r3, r6, #16384
 504 0056 0D22     		movs	r2, #13
 505 0058 2946     		mov	r1, r5
 506 005a 2046     		mov	r0, r4
 507 005c C847     		blx	r9
 508              	.LVL43:
  92:../Switch/core/drv/phy/phy_drv.c ****     HALSWDRV_FUNC(unit)->switch_extif_read(unit, phy_addr, 0xe, pData);
 509              		.loc 1 92 5 is_stmt 1 view .LVU109
 510 005e 5AF80830 		ldr	r3, [r10, r8]
 511 0062 5B68     		ldr	r3, [r3, #4]
 512              		.loc 1 92 24 is_stmt 0 view .LVU110
 513 0064 5E69     		ldr	r6, [r3, #20]
 514              		.loc 1 92 5 view .LVU111
 515 0066 3B46     		mov	r3, r7
 516 0068 0E22     		movs	r2, #14
 517 006a 2946     		mov	r1, r5
 518 006c 2046     		mov	r0, r4
 519 006e B047     		blx	r6
 520              	.LVL44:
  93:../Switch/core/drv/phy/phy_drv.c **** 
  94:../Switch/core/drv/phy/phy_drv.c ****     return CMM_ERR_OK;
 521              		.loc 1 94 5 is_stmt 1 view .LVU112
 522              		.loc 1 94 12 is_stmt 0 view .LVU113
 523 0070 0020     		movs	r0, #0
 524              	.L27:
  95:../Switch/core/drv/phy/phy_drv.c **** }
 525              		.loc 1 95 1 view .LVU114
 526 0072 BDE8F88F 		pop	{r3, r4, r5, r6, r7, r8, r9, r10, fp, pc}
 527              	.LVL45:
 528              	.L29:
  86:../Switch/core/drv/phy/phy_drv.c ****     }
 529              		.loc 1 86 16 view .LVU115
 530 0076 0120     		movs	r0, #1
 531              	.LVL46:
  86:../Switch/core/drv/phy/phy_drv.c ****     }
 532              		.loc 1 86 16 view .LVU116
 533 0078 FBE7     		b	.L27
 534              	.LVL47:
 535              	.L30:
  86:../Switch/core/drv/phy/phy_drv.c ****     }
 536              		.loc 1 86 16 view .LVU117
 537 007a 0120     		movs	r0, #1
 538              	.LVL48:
  86:../Switch/core/drv/phy/phy_drv.c ****     }
 539              		.loc 1 86 16 view .LVU118
 540 007c F9E7     		b	.L27
 541              	.L33:
 542 007e 00BF     		.align	2
 543              	.L32:
 544 0080 00000000 		.word	gHalCtrl
 545              		.cfi_endproc
 546              	.LFE7:
 548              		.section	.text.ext_phy_mmd_reg_write,"ax",%progbits
 549              		.align	1
 550              		.global	ext_phy_mmd_reg_write
 551              		.syntax unified
 552              		.thumb
 553              		.thumb_func
 555              	ext_phy_mmd_reg_write:
 556              	.LVL49:
 557              	.LFB8:
  96:../Switch/core/drv/phy/phy_drv.c **** 
  97:../Switch/core/drv/phy/phy_drv.c **** yt_ret_t ext_phy_mmd_reg_write(yt_unit_t unit, uint8_t phy_addr, uint8_t mmd_id, uint16_t regAddr, 
  98:../Switch/core/drv/phy/phy_drv.c **** {
 558              		.loc 1 98 1 is_stmt 1 view -0
 559              		.cfi_startproc
 560              		@ args = 4, pretend = 0, frame = 0
 561              		@ frame_needed = 0, uses_anonymous_args = 0
 562              		.loc 1 98 1 is_stmt 0 view .LVU120
 563 0000 2DE9F047 		push	{r4, r5, r6, r7, r8, r9, r10, lr}
 564              		.cfi_def_cfa_offset 32
 565              		.cfi_offset 4, -32
 566              		.cfi_offset 5, -28
 567              		.cfi_offset 6, -24
 568              		.cfi_offset 7, -20
 569              		.cfi_offset 8, -16
 570              		.cfi_offset 9, -12
 571              		.cfi_offset 10, -8
 572              		.cfi_offset 14, -4
 573 0004 1746     		mov	r7, r2
 574 0006 9846     		mov	r8, r3
  99:../Switch/core/drv/phy/phy_drv.c ****     if(HALSWDRV(unit) == NULL)
 575              		.loc 1 99 5 is_stmt 1 view .LVU121
 576              		.loc 1 99 8 is_stmt 0 view .LVU122
 577 0008 7422     		movs	r2, #116
 578              	.LVL50:
 579              		.loc 1 99 8 view .LVU123
 580 000a 00FB02F2 		mul	r2, r0, r2
 581 000e 194B     		ldr	r3, .L38
 582              	.LVL51:
 583              		.loc 1 99 8 view .LVU124
 584 0010 9B58     		ldr	r3, [r3, r2]
 585              		.loc 1 99 7 view .LVU125
 586 0012 6BB3     		cbz	r3, .L36
 587 0014 0446     		mov	r4, r0
 588 0016 0D46     		mov	r5, r1
 100:../Switch/core/drv/phy/phy_drv.c ****     {
 101:../Switch/core/drv/phy/phy_drv.c ****         return CMM_ERR_FAIL;
 102:../Switch/core/drv/phy/phy_drv.c ****     }
 103:../Switch/core/drv/phy/phy_drv.c **** 
 104:../Switch/core/drv/phy/phy_drv.c ****     HALSWDRV_FUNC(unit)->switch_extif_write(unit, phy_addr, 0xd, mmd_id);
 589              		.loc 1 104 5 is_stmt 1 view .LVU126
 590 0018 5B68     		ldr	r3, [r3, #4]
 591              		.loc 1 104 24 is_stmt 0 view .LVU127
 592 001a 9E69     		ldr	r6, [r3, #24]
 593              		.loc 1 104 5 view .LVU128
 594 001c 3B46     		mov	r3, r7
 595 001e 0D22     		movs	r2, #13
 596 0020 B047     		blx	r6
 597              	.LVL52:
 105:../Switch/core/drv/phy/phy_drv.c ****     HALSWDRV_FUNC(unit)->switch_extif_write(unit, phy_addr, 0xe, regAddr);
 598              		.loc 1 105 5 is_stmt 1 view .LVU129
 599 0022 DFF85090 		ldr	r9, .L38
 600 0026 7426     		movs	r6, #116
 601 0028 04FB06F6 		mul	r6, r4, r6
 602 002c 59F80630 		ldr	r3, [r9, r6]
 603 0030 5B68     		ldr	r3, [r3, #4]
 604              		.loc 1 105 24 is_stmt 0 view .LVU130
 605 0032 D3F818A0 		ldr	r10, [r3, #24]
 606              		.loc 1 105 5 view .LVU131
 607 0036 4346     		mov	r3, r8
 608 0038 0E22     		movs	r2, #14
 609 003a 2946     		mov	r1, r5
 610 003c 2046     		mov	r0, r4
 611 003e D047     		blx	r10
 612              	.LVL53:
 106:../Switch/core/drv/phy/phy_drv.c ****     HALSWDRV_FUNC(unit)->switch_extif_write(unit, phy_addr, 0xd, 0x4000+mmd_id);
 613              		.loc 1 106 5 is_stmt 1 view .LVU132
 614 0040 59F80630 		ldr	r3, [r9, r6]
 615 0044 5B68     		ldr	r3, [r3, #4]
 616              		.loc 1 106 24 is_stmt 0 view .LVU133
 617 0046 D3F81880 		ldr	r8, [r3, #24]
 618              		.loc 1 106 5 view .LVU134
 619 004a 07F58043 		add	r3, r7, #16384
 620 004e 0D22     		movs	r2, #13
 621 0050 2946     		mov	r1, r5
 622 0052 2046     		mov	r0, r4
 623 0054 C047     		blx	r8
 624              	.LVL54:
 107:../Switch/core/drv/phy/phy_drv.c ****     HALSWDRV_FUNC(unit)->switch_extif_write(unit, phy_addr, 0xe, data);
 625              		.loc 1 107 5 is_stmt 1 view .LVU135
 626 0056 59F80630 		ldr	r3, [r9, r6]
 627 005a 5B68     		ldr	r3, [r3, #4]
 628              		.loc 1 107 24 is_stmt 0 view .LVU136
 629 005c 9E69     		ldr	r6, [r3, #24]
 630              		.loc 1 107 5 view .LVU137
 631 005e BDF82030 		ldrh	r3, [sp, #32]
 632 0062 0E22     		movs	r2, #14
 633 0064 2946     		mov	r1, r5
 634 0066 2046     		mov	r0, r4
 635 0068 B047     		blx	r6
 636              	.LVL55:
 108:../Switch/core/drv/phy/phy_drv.c **** 
 109:../Switch/core/drv/phy/phy_drv.c ****     return CMM_ERR_OK;
 637              		.loc 1 109 5 is_stmt 1 view .LVU138
 638              		.loc 1 109 12 is_stmt 0 view .LVU139
 639 006a 0020     		movs	r0, #0
 640              	.L34:
 110:../Switch/core/drv/phy/phy_drv.c **** }
 641              		.loc 1 110 1 view .LVU140
 642 006c BDE8F087 		pop	{r4, r5, r6, r7, r8, r9, r10, pc}
 643              	.LVL56:
 644              	.L36:
 101:../Switch/core/drv/phy/phy_drv.c ****     }
 645              		.loc 1 101 16 view .LVU141
 646 0070 0120     		movs	r0, #1
 647              	.LVL57:
 101:../Switch/core/drv/phy/phy_drv.c ****     }
 648              		.loc 1 101 16 view .LVU142
 649 0072 FBE7     		b	.L34
 650              	.L39:
 651              		.align	2
 652              	.L38:
 653 0074 00000000 		.word	gHalCtrl
 654              		.cfi_endproc
 655              	.LFE8:
 657              		.section	.text.ext_phy_ext_reg_read,"ax",%progbits
 658              		.align	1
 659              		.global	ext_phy_ext_reg_read
 660              		.syntax unified
 661              		.thumb
 662              		.thumb_func
 664              	ext_phy_ext_reg_read:
 665              	.LVL58:
 666              	.LFB9:
 111:../Switch/core/drv/phy/phy_drv.c **** 
 112:../Switch/core/drv/phy/phy_drv.c **** yt_ret_t ext_phy_ext_reg_read(yt_unit_t unit, uint8_t phy_addr, uint16_t regAddr, uint16_t *pData)
 113:../Switch/core/drv/phy/phy_drv.c **** {
 667              		.loc 1 113 1 is_stmt 1 view -0
 668              		.cfi_startproc
 669              		@ args = 0, pretend = 0, frame = 0
 670              		@ frame_needed = 0, uses_anonymous_args = 0
 671              		.loc 1 113 1 is_stmt 0 view .LVU144
 672 0000 F8B5     		push	{r3, r4, r5, r6, r7, lr}
 673              		.cfi_def_cfa_offset 24
 674              		.cfi_offset 3, -24
 675              		.cfi_offset 4, -20
 676              		.cfi_offset 5, -16
 677              		.cfi_offset 6, -12
 678              		.cfi_offset 7, -8
 679              		.cfi_offset 14, -4
 680 0002 0E46     		mov	r6, r1
 681 0004 1D46     		mov	r5, r3
 114:../Switch/core/drv/phy/phy_drv.c ****     if(HALSWDRV(unit) == NULL || pData == NULL)
 682              		.loc 1 114 5 is_stmt 1 view .LVU145
 683              		.loc 1 114 8 is_stmt 0 view .LVU146
 684 0006 7421     		movs	r1, #116
 685              	.LVL59:
 686              		.loc 1 114 8 view .LVU147
 687 0008 00FB01F1 		mul	r1, r0, r1
 688 000c 0E4B     		ldr	r3, .L45
 689              	.LVL60:
 690              		.loc 1 114 8 view .LVU148
 691 000e 5B58     		ldr	r3, [r3, r1]
 692              		.loc 1 114 7 view .LVU149
 693 0010 ABB1     		cbz	r3, .L42
 694 0012 0446     		mov	r4, r0
 695              		.loc 1 114 31 discriminator 1 view .LVU150
 696 0014 ADB1     		cbz	r5, .L43
 115:../Switch/core/drv/phy/phy_drv.c ****     {
 116:../Switch/core/drv/phy/phy_drv.c ****         return CMM_ERR_FAIL;
 117:../Switch/core/drv/phy/phy_drv.c ****     }
 118:../Switch/core/drv/phy/phy_drv.c **** 
 119:../Switch/core/drv/phy/phy_drv.c ****     HALSWDRV_FUNC(unit)->switch_extif_write(unit, phy_addr, 0x1e, regAddr);
 697              		.loc 1 119 5 is_stmt 1 view .LVU151
 698 0016 5B68     		ldr	r3, [r3, #4]
 699              		.loc 1 119 24 is_stmt 0 view .LVU152
 700 0018 9F69     		ldr	r7, [r3, #24]
 701              		.loc 1 119 5 view .LVU153
 702 001a 1346     		mov	r3, r2
 703 001c 1E22     		movs	r2, #30
 704              	.LVL61:
 705              		.loc 1 119 5 view .LVU154
 706 001e 3146     		mov	r1, r6
 707 0020 B847     		blx	r7
 708              	.LVL62:
 120:../Switch/core/drv/phy/phy_drv.c ****     HALSWDRV_FUNC(unit)->switch_extif_read(unit, phy_addr, 0x1f, pData);
 709              		.loc 1 120 5 is_stmt 1 view .LVU155
 710 0022 7423     		movs	r3, #116
 711 0024 04FB03F3 		mul	r3, r4, r3
 712 0028 074A     		ldr	r2, .L45
 713 002a D358     		ldr	r3, [r2, r3]
 714 002c 5B68     		ldr	r3, [r3, #4]
 715              		.loc 1 120 24 is_stmt 0 view .LVU156
 716 002e 5F69     		ldr	r7, [r3, #20]
 717              		.loc 1 120 5 view .LVU157
 718 0030 2B46     		mov	r3, r5
 719 0032 1F22     		movs	r2, #31
 720 0034 3146     		mov	r1, r6
 721 0036 2046     		mov	r0, r4
 722 0038 B847     		blx	r7
 723              	.LVL63:
 121:../Switch/core/drv/phy/phy_drv.c **** 
 122:../Switch/core/drv/phy/phy_drv.c ****     return CMM_ERR_OK;
 724              		.loc 1 122 5 is_stmt 1 view .LVU158
 725              		.loc 1 122 12 is_stmt 0 view .LVU159
 726 003a 0020     		movs	r0, #0
 727              	.L40:
 123:../Switch/core/drv/phy/phy_drv.c **** }
 728              		.loc 1 123 1 view .LVU160
 729 003c F8BD     		pop	{r3, r4, r5, r6, r7, pc}
 730              	.LVL64:
 731              	.L42:
 116:../Switch/core/drv/phy/phy_drv.c ****     }
 732              		.loc 1 116 16 view .LVU161
 733 003e 0120     		movs	r0, #1
 734              	.LVL65:
 116:../Switch/core/drv/phy/phy_drv.c ****     }
 735              		.loc 1 116 16 view .LVU162
 736 0040 FCE7     		b	.L40
 737              	.LVL66:
 738              	.L43:
 116:../Switch/core/drv/phy/phy_drv.c ****     }
 739              		.loc 1 116 16 view .LVU163
 740 0042 0120     		movs	r0, #1
 741              	.LVL67:
 116:../Switch/core/drv/phy/phy_drv.c ****     }
 742              		.loc 1 116 16 view .LVU164
 743 0044 FAE7     		b	.L40
 744              	.L46:
 745 0046 00BF     		.align	2
 746              	.L45:
 747 0048 00000000 		.word	gHalCtrl
 748              		.cfi_endproc
 749              	.LFE9:
 751              		.section	.text.ext_phy_ext_reg_write,"ax",%progbits
 752              		.align	1
 753              		.global	ext_phy_ext_reg_write
 754              		.syntax unified
 755              		.thumb
 756              		.thumb_func
 758              	ext_phy_ext_reg_write:
 759              	.LVL68:
 760              	.LFB10:
 124:../Switch/core/drv/phy/phy_drv.c **** 
 125:../Switch/core/drv/phy/phy_drv.c **** yt_ret_t ext_phy_ext_reg_write(yt_unit_t unit, uint8_t phy_addr, uint16_t regAddr, uint16_t data)
 126:../Switch/core/drv/phy/phy_drv.c **** {
 761              		.loc 1 126 1 is_stmt 1 view -0
 762              		.cfi_startproc
 763              		@ args = 0, pretend = 0, frame = 0
 764              		@ frame_needed = 0, uses_anonymous_args = 0
 765              		.loc 1 126 1 is_stmt 0 view .LVU166
 766 0000 F8B5     		push	{r3, r4, r5, r6, r7, lr}
 767              		.cfi_def_cfa_offset 24
 768              		.cfi_offset 3, -24
 769              		.cfi_offset 4, -20
 770              		.cfi_offset 5, -16
 771              		.cfi_offset 6, -12
 772              		.cfi_offset 7, -8
 773              		.cfi_offset 14, -4
 774 0002 0D46     		mov	r5, r1
 775 0004 1E46     		mov	r6, r3
 127:../Switch/core/drv/phy/phy_drv.c ****     if(HALSWDRV(unit) == NULL)
 776              		.loc 1 127 5 is_stmt 1 view .LVU167
 777              		.loc 1 127 8 is_stmt 0 view .LVU168
 778 0006 7421     		movs	r1, #116
 779              	.LVL69:
 780              		.loc 1 127 8 view .LVU169
 781 0008 00FB01F1 		mul	r1, r0, r1
 782 000c 0C4B     		ldr	r3, .L51
 783              	.LVL70:
 784              		.loc 1 127 8 view .LVU170
 785 000e 5B58     		ldr	r3, [r3, r1]
 786              		.loc 1 127 7 view .LVU171
 787 0010 A3B1     		cbz	r3, .L49
 788 0012 0446     		mov	r4, r0
 128:../Switch/core/drv/phy/phy_drv.c ****     {
 129:../Switch/core/drv/phy/phy_drv.c ****         return CMM_ERR_FAIL;
 130:../Switch/core/drv/phy/phy_drv.c ****     }
 131:../Switch/core/drv/phy/phy_drv.c **** 
 132:../Switch/core/drv/phy/phy_drv.c ****     HALSWDRV_FUNC(unit)->switch_extif_write(unit, phy_addr, 0x1e, regAddr);
 789              		.loc 1 132 5 is_stmt 1 view .LVU172
 790 0014 5B68     		ldr	r3, [r3, #4]
 791              		.loc 1 132 24 is_stmt 0 view .LVU173
 792 0016 9F69     		ldr	r7, [r3, #24]
 793              		.loc 1 132 5 view .LVU174
 794 0018 1346     		mov	r3, r2
 795 001a 1E22     		movs	r2, #30
 796              	.LVL71:
 797              		.loc 1 132 5 view .LVU175
 798 001c 2946     		mov	r1, r5
 799 001e B847     		blx	r7
 800              	.LVL72:
 133:../Switch/core/drv/phy/phy_drv.c ****     HALSWDRV_FUNC(unit)->switch_extif_write(unit, phy_addr, 0x1f, data);
 801              		.loc 1 133 5 is_stmt 1 view .LVU176
 802 0020 7423     		movs	r3, #116
 803 0022 04FB03F3 		mul	r3, r4, r3
 804 0026 064A     		ldr	r2, .L51
 805 0028 D358     		ldr	r3, [r2, r3]
 806 002a 5B68     		ldr	r3, [r3, #4]
 807              		.loc 1 133 24 is_stmt 0 view .LVU177
 808 002c 9F69     		ldr	r7, [r3, #24]
 809              		.loc 1 133 5 view .LVU178
 810 002e 3346     		mov	r3, r6
 811 0030 1F22     		movs	r2, #31
 812 0032 2946     		mov	r1, r5
 813 0034 2046     		mov	r0, r4
 814 0036 B847     		blx	r7
 815              	.LVL73:
 134:../Switch/core/drv/phy/phy_drv.c **** 
 135:../Switch/core/drv/phy/phy_drv.c ****     return CMM_ERR_OK;
 816              		.loc 1 135 5 is_stmt 1 view .LVU179
 817              		.loc 1 135 12 is_stmt 0 view .LVU180
 818 0038 0020     		movs	r0, #0
 819              	.L47:
 136:../Switch/core/drv/phy/phy_drv.c **** }...
 820              		.loc 1 136 1 view .LVU181
 821 003a F8BD     		pop	{r3, r4, r5, r6, r7, pc}
 822              	.LVL74:
 823              	.L49:
 129:../Switch/core/drv/phy/phy_drv.c ****         return CMM_ERR_FAIL;
 824              		.loc 1 129 16 view .LVU182
 825 003c 0120     		movs	r0, #1
 826              	.LVL75:
 129:../Switch/core/drv/phy/phy_drv.c ****         return CMM_ERR_FAIL;
 827              		.loc 1 129 16 view .LVU183
 828 003e FCE7     		b	.L47
 829              	.L52:
 830              		.align	2
 831              	.L51:
 832 0040 00000000 		.word	gHalCtrl
 833              		.cfi_endproc
 834              	.LFE10:
 836              		.global	gpPhyDrvList
 837              		.section	.data.gpPhyDrvList,"aw"
 838              		.align	2
 841              	gpPhyDrvList:
 842 0000 00000000 		.word	int_yt861x_drv
 843 0004 00000000 		.word	0
 844 0008 00000000 		.word	int_serdes_drv
 845              		.text
 846              	.Letext0:
 847              		.file 2 "C:\\Users\\Dmitriy\\Desktop\\GD32F10x\\Switch\\common\\include/yt_types.h"
 848              		.file 3 "../Switch/core/drv/phy/phy_chipdef.h"
 849              		.file 4 "C:\\Users\\Dmitriy\\Desktop\\GD32F10x\\Switch\\common\\include/yt_error.h"
 850              		.file 5 "C:\\Users\\Dmitriy\\Desktop\\GD32F10x\\Switch\\core\\fal\\chipdef/chipdef.h"
 851              		.file 6 "C:\\Users\\Dmitriy\\Desktop\\GD32F10x\\Switch\\include/yt_port.h"
 852              		.file 7 "C:\\Users\\Dmitriy\\Desktop\\GD32F10x\\Switch\\include/yt_debug.h"
 853              		.file 8 "../Switch/core/drv/phy/phy_drv.h"
 854              		.file 9 "C:\\Users\\Dmitriy\\Desktop\\GD32F10x\\Switch\\core\\drv\\mac/sw_drv.h"
 855              		.file 10 "C:\\Users\\Dmitriy\\Desktop\\GD32F10x\\Switch\\core\\hal/hal_ctrl.h"
 856              		.file 11 "../Switch/core/drv/phy/phy_int_yt861x.h"
 857              		.file 12 "../Switch/core/drv/phy/phy_int_serdes.h"
DEFINED SYMBOLS
                            *ABS*:00000000 phy_drv.c
C:\Users\Dmitriy\AppData\Local\Temp\ccUQSo3F.s:19     .text.int_phy_mmd_reg_read:00000000 $t
C:\Users\Dmitriy\AppData\Local\Temp\ccUQSo3F.s:25     .text.int_phy_mmd_reg_read:00000000 int_phy_mmd_reg_read
C:\Users\Dmitriy\AppData\Local\Temp\ccUQSo3F.s:135    .text.int_phy_mmd_reg_read:00000080 $d
C:\Users\Dmitriy\AppData\Local\Temp\ccUQSo3F.s:140    .text.int_phy_mmd_reg_write:00000000 $t
C:\Users\Dmitriy\AppData\Local\Temp\ccUQSo3F.s:146    .text.int_phy_mmd_reg_write:00000000 int_phy_mmd_reg_write
C:\Users\Dmitriy\AppData\Local\Temp\ccUQSo3F.s:244    .text.int_phy_mmd_reg_write:00000074 $d
C:\Users\Dmitriy\AppData\Local\Temp\ccUQSo3F.s:249    .text.int_phy_ext_reg_read:00000000 $t
C:\Users\Dmitriy\AppData\Local\Temp\ccUQSo3F.s:255    .text.int_phy_ext_reg_read:00000000 int_phy_ext_reg_read
C:\Users\Dmitriy\AppData\Local\Temp\ccUQSo3F.s:338    .text.int_phy_ext_reg_read:00000048 $d
C:\Users\Dmitriy\AppData\Local\Temp\ccUQSo3F.s:343    .text.int_phy_ext_reg_write:00000000 $t
C:\Users\Dmitriy\AppData\Local\Temp\ccUQSo3F.s:349    .text.int_phy_ext_reg_write:00000000 int_phy_ext_reg_write
C:\Users\Dmitriy\AppData\Local\Temp\ccUQSo3F.s:423    .text.int_phy_ext_reg_write:00000040 $d
C:\Users\Dmitriy\AppData\Local\Temp\ccUQSo3F.s:428    .text.ext_phy_mmd_reg_read:00000000 $t
C:\Users\Dmitriy\AppData\Local\Temp\ccUQSo3F.s:434    .text.ext_phy_mmd_reg_read:00000000 ext_phy_mmd_reg_read
C:\Users\Dmitriy\AppData\Local\Temp\ccUQSo3F.s:544    .text.ext_phy_mmd_reg_read:00000080 $d
C:\Users\Dmitriy\AppData\Local\Temp\ccUQSo3F.s:549    .text.ext_phy_mmd_reg_write:00000000 $t
C:\Users\Dmitriy\AppData\Local\Temp\ccUQSo3F.s:555    .text.ext_phy_mmd_reg_write:00000000 ext_phy_mmd_reg_write
C:\Users\Dmitriy\AppData\Local\Temp\ccUQSo3F.s:653    .text.ext_phy_mmd_reg_write:00000074 $d
C:\Users\Dmitriy\AppData\Local\Temp\ccUQSo3F.s:658    .text.ext_phy_ext_reg_read:00000000 $t
C:\Users\Dmitriy\AppData\Local\Temp\ccUQSo3F.s:664    .text.ext_phy_ext_reg_read:00000000 ext_phy_ext_reg_read
C:\Users\Dmitriy\AppData\Local\Temp\ccUQSo3F.s:747    .text.ext_phy_ext_reg_read:00000048 $d
C:\Users\Dmitriy\AppData\Local\Temp\ccUQSo3F.s:752    .text.ext_phy_ext_reg_write:00000000 $t
C:\Users\Dmitriy\AppData\Local\Temp\ccUQSo3F.s:758    .text.ext_phy_ext_reg_write:00000000 ext_phy_ext_reg_write
C:\Users\Dmitriy\AppData\Local\Temp\ccUQSo3F.s:832    .text.ext_phy_ext_reg_write:00000040 $d
C:\Users\Dmitriy\AppData\Local\Temp\ccUQSo3F.s:841    .data.gpPhyDrvList:00000000 gpPhyDrvList
C:\Users\Dmitriy\AppData\Local\Temp\ccUQSo3F.s:838    .data.gpPhyDrvList:00000000 $d
                           .group:00000000 wm4.0.353617a96a8f588ad8d04dd11dfc8225
                           .group:00000000 wm4._newlib_version.h.4.6d111ab2e95434b664b53815e5c8ccba
                           .group:00000000 wm4.newlib.h.27.d4bf77c18f14f545101dac22f0b54118
                           .group:00000000 wm4.ieeefp.h.77.0ee3146e9d892bb10bc0066c30189af1
                           .group:00000000 wm4.features.h.22.7877b139107948f7dadcf3660cc79cfd
                           .group:00000000 wm4.config.h.224.10ee1ad185d877c6e334e6581faab44d
                           .group:00000000 wm4._ansi.h.31.de524f58584151836e90d8620a16f8e8
                           .group:00000000 wm4.stdio.h.31.7c0e28c411445f3f9c5b11accf882760
                           .group:00000000 wm4._default_types.h.6.959254cf5f09734ea7516c89e8bb21bd
                           .group:00000000 wm4.stddef.h.185.cbb642e1ccd385e8aa504b15cb7fb086
                           .group:00000000 wm4.cdefs.h.49.f93868eb904b9ca05b5c0257d31128ca
                           .group:00000000 wm4.stddef.h.39.0e5f0dabba1c666ccadf0408e0d47322
                           .group:00000000 wm4.stdarg.h.34.3a23a216c0c293b3d2ea2e89281481e6
                           .group:00000000 wm4._types.h.20.dd0d04dca3800a0d2a6129b87f3adbb2
                           .group:00000000 wm4.stddef.h.158.5f30652bb2ea05b142c1bbee9108c999
                           .group:00000000 wm4._types.h.127.3bdfe3ff8ea2d0985b03d9cbe93480e3
                           .group:00000000 wm4.reent.h.17.e292bf8b0bec6c96e131a54347145a30
                           .group:00000000 wm4.lock.h.2.1461d1fff82dffe8bfddc23307f6484f
                           .group:00000000 wm4.reent.h.77.89f7dde66c62b1f1dee32bdb6ab2d544
                           .group:00000000 wm4.stdio.h.67.0cf8a9c281ab0b348aef5c02e7e48825
                           .group:00000000 wm4.stdio.h.2.4aa87247282eca6c8f36f9de33d8df1a
                           .group:00000000 wm4.stdio.h.87.a1e20d2651f9bfb66e51bfbe849db00a
                           .group:00000000 wm4.string.h.8.c4b8571ce60dff2817f43fec8b86aecd
                           .group:00000000 wm4.stddef.h.158.bfed30416c9480cd13bc4a25427d538f
                           .group:00000000 wm4.stdbool.h.29.4a1c88fe569adb8d03217dd16982ca34
                           .group:00000000 wm4.malloc.h.4.62bd13b8107d5245f60bd92bb5994838
                           .group:00000000 wm4.malloc.h.152.f5d1d9a9aabeac59da0ef41ede16d2b0
                           .group:00000000 wm4.yt_types.h.31.64aa050cf4c68d28514ce99f5dc2ddb9
                           .group:00000000 wm4.phy_chipdef.h.13.d8997a1748db1d6b2ba3a46740073a28
                           .group:00000000 wm4.yt_util.h.17.08ae57e3898b218a2bbe57b2147a81bd
                           .group:00000000 wm4.yt_lock.h.9.5d39f1aba4451d3b9b95aa39771489dc
                           .group:00000000 wm4.yt_error.h.38.039589275c83974021fd481937e9f4a7
                           .group:00000000 wm4.chipdef_tiger.h.10.ae557adb3508daebcdc97f8fb0dc9e1a
                           .group:00000000 wm4.cal_bprofile.h.23.d6ecfc2230abc149b4da600a40b20e5b
                           .group:00000000 wm4.bprofile_YT9215_default_demo.h.15.13aa65ba4a73c41dc1ffa3c5f8dcfda3
                           .group:00000000 wm4.cal_cmm.h.46.eec47faa946e01877de19a2f99ee7710
                           .group:00000000 wm4.yt_cmm.h.12.5273de39c1b049d4c73c2c31caf670b1
                           .group:00000000 wm4.yt_port.h.26.cd095c4f9e5cbf044bc6839a51827ee8
                           .group:00000000 wm4.hal_ctrl.h.25.367b449f63494da8a1fabadd8a862957

UNDEFINED SYMBOLS
gHalCtrl
int_yt861x_drv
int_serdes_drv
