   1              		.cpu cortex-m3
   2              		.arch armv7-m
   3              		.fpu softvfp
   4              		.eabi_attribute 20, 1
   5              		.eabi_attribute 21, 1
   6              		.eabi_attribute 23, 3
   7              		.eabi_attribute 24, 1
   8              		.eabi_attribute 25, 1
   9              		.eabi_attribute 26, 1
  10              		.eabi_attribute 30, 1
  11              		.eabi_attribute 34, 1
  12              		.eabi_attribute 18, 4
  13              		.file	"fal_dispatch.c"
  14              		.text
  15              	.Ltext0:
  16              		.cfi_sections	.debug_frame
  17              		.file 1 "../Switch/core/fal/fal_dispatch.c"
  18              		.section	.rodata.fal_dispatch_get.str1.4,"aMS",%progbits,1
  19              		.align	2
  20              	.LC0:
  21 0000 25732573 		.ascii	"%s%s\015\012\000"
  21      0D0A00
  22              		.section	.text.fal_dispatch_get,"ax",%progbits
  23              		.align	1
  24              		.global	fal_dispatch_get
  25              		.syntax unified
  26              		.thumb
  27              		.thumb_func
  29              	fal_dispatch_get:
  30              	.LVL0:
  31              	.LFB4:
   1:../Switch/core/fal/fal_dispatch.c **** /*******************************************************************************
   2:../Switch/core/fal/fal_dispatch.c **** *                                                                              *
   3:../Switch/core/fal/fal_dispatch.c **** *  Copyright (c), 2022, Motorcomm Electronic Technology Co.,Ltd.               *
   4:../Switch/core/fal/fal_dispatch.c **** *  Motorcomm Confidential and Proprietary.                                     *
   5:../Switch/core/fal/fal_dispatch.c **** *                                                                              *
   6:../Switch/core/fal/fal_dispatch.c **** ********************************************************************************
   7:../Switch/core/fal/fal_dispatch.c **** */
   8:../Switch/core/fal/fal_dispatch.c **** #include "yt_error.h"
   9:../Switch/core/fal/fal_dispatch.c **** //#include "osal_mem.h"
  10:../Switch/core/fal/fal_dispatch.c **** //#include "osal_print.h"
  11:../Switch/core/fal/fal_dispatch.c **** #include "yt_types.h"
  12:../Switch/core/fal/fal_dispatch.c **** #include "fal_dispatch.h"
  13:../Switch/core/fal/fal_dispatch.c **** #include "cal_mgm.h"
  14:../Switch/core/fal/fal_dispatch.c **** 
  15:../Switch/core/fal/fal_dispatch.c **** #ifdef SWITCH_SERIES_TIGER
  16:../Switch/core/fal/fal_dispatch.c **** #include "fal_tiger_dispatch.h"
  17:../Switch/core/fal/fal_dispatch.c **** #endif
  18:../Switch/core/fal/fal_dispatch.c **** 
  19:../Switch/core/fal/fal_dispatch.c **** 
  20:../Switch/core/fal/fal_dispatch.c **** fal_dispatch_info_t gfal_dispatch_info[] =
  21:../Switch/core/fal/fal_dispatch.c **** {
  22:../Switch/core/fal/fal_dispatch.c **** #ifdef SWITCH_SERIES_TIGER
  23:../Switch/core/fal/fal_dispatch.c ****     {YT_SW_ID_9215,  YT_SW_REV_A, &fal_tiger_dispatch},
  24:../Switch/core/fal/fal_dispatch.c ****     {YT_SW_ID_9218,  YT_SW_REV_A, &fal_tiger_dispatch},
  25:../Switch/core/fal/fal_dispatch.c **** #endif
  26:../Switch/core/fal/fal_dispatch.c **** };
  27:../Switch/core/fal/fal_dispatch.c **** 
  28:../Switch/core/fal/fal_dispatch.c **** fal_dispatch_t *gpfal_dispatch[YT_MAX_UNIT];
  29:../Switch/core/fal/fal_dispatch.c **** 
  30:../Switch/core/fal/fal_dispatch.c **** /*
  31:../Switch/core/fal/fal_dispatch.c ****  * Function Declaration
  32:../Switch/core/fal/fal_dispatch.c ****  */
  33:../Switch/core/fal/fal_dispatch.c **** 
  34:../Switch/core/fal/fal_dispatch.c **** uint32_t fal_dispatch_init(void)
  35:../Switch/core/fal/fal_dispatch.c **** {
  36:../Switch/core/fal/fal_dispatch.c ****     uint32_t i;
  37:../Switch/core/fal/fal_dispatch.c ****     cmm_err_t ret = CMM_ERR_OK;
  38:../Switch/core/fal/fal_dispatch.c ****     
  39:../Switch/core/fal/fal_dispatch.c ****     static uint8_t gdispatch_inited = FALSE;
  40:../Switch/core/fal/fal_dispatch.c ****     
  41:../Switch/core/fal/fal_dispatch.c ****     CMM_PARAM_CHK((TRUE == gdispatch_inited), CMM_ERR_OK);
  42:../Switch/core/fal/fal_dispatch.c ****     
  43:../Switch/core/fal/fal_dispatch.c ****     for(i = 0; YT_UNIT_NUM > i; i++)
  44:../Switch/core/fal/fal_dispatch.c ****     {
  45:../Switch/core/fal/fal_dispatch.c ****         CMM_ERR_CHK(fal_dispatch_get(&(gpfal_dispatch[i]), i), ret);
  46:../Switch/core/fal/fal_dispatch.c ****         gpfal_dispatch[i]->is_inited = TRUE;             
  47:../Switch/core/fal/fal_dispatch.c ****     }
  48:../Switch/core/fal/fal_dispatch.c **** 
  49:../Switch/core/fal/fal_dispatch.c ****     gdispatch_inited = TRUE;
  50:../Switch/core/fal/fal_dispatch.c ****    
  51:../Switch/core/fal/fal_dispatch.c ****     return CMM_ERR_OK;
  52:../Switch/core/fal/fal_dispatch.c **** }
  53:../Switch/core/fal/fal_dispatch.c **** 
  54:../Switch/core/fal/fal_dispatch.c **** uint32_t fal_dispatch_get(fal_dispatch_t **pdispatch, uint8_t unit)
  55:../Switch/core/fal/fal_dispatch.c **** {
  32              		.loc 1 55 1 view -0
  33              		.cfi_startproc
  34              		@ args = 0, pretend = 0, frame = 0
  35              		@ frame_needed = 0, uses_anonymous_args = 0
  36              		.loc 1 55 1 is_stmt 0 view .LVU1
  37 0000 08B5     		push	{r3, lr}
  38              		.cfi_def_cfa_offset 8
  39              		.cfi_offset 3, -8
  40              		.cfi_offset 14, -4
  56:../Switch/core/fal/fal_dispatch.c ****     uint32_t num = sizeof(gfal_dispatch_info) / sizeof(fal_dispatch_info_t);
  41              		.loc 1 56 5 is_stmt 1 view .LVU2
  42              	.LVL1:
  57:../Switch/core/fal/fal_dispatch.c ****     uint32_t i;
  43              		.loc 1 57 5 view .LVU3
  58:../Switch/core/fal/fal_dispatch.c ****     
  59:../Switch/core/fal/fal_dispatch.c ****     CMM_PARAM_CHK((YT_UNIT_NUM <= unit), CMM_ERR_INPUT);
  44              		.loc 1 59 5 view .LVU4
  45              		.loc 1 59 5 view .LVU5
  46 0002 89B9     		cbnz	r1, .L11
  47 0004 8C46     		mov	ip, r1
  48              		.loc 1 59 5 discriminator 2 view .LVU6
  60:../Switch/core/fal/fal_dispatch.c ****           
  61:../Switch/core/fal/fal_dispatch.c ****     CMM_PARAM_CHK((NULL == pdispatch), CMM_ERR_NULL_POINT);
  49              		.loc 1 61 5 discriminator 2 view .LVU7
  50              		.loc 1 61 5 discriminator 2 view .LVU8
  51 0006 E8B1     		cbz	r0, .L12
  62:../Switch/core/fal/fal_dispatch.c ****     
  63:../Switch/core/fal/fal_dispatch.c ****     for(i = 0; num > i; i++)
  52              		.loc 1 63 11 is_stmt 0 view .LVU9
  53 0008 0023     		movs	r3, #0
  54              	.LVL2:
  55              	.L5:
  56              		.loc 1 63 20 is_stmt 1 discriminator 1 view .LVU10
  57 000a 012B     		cmp	r3, #1
  58 000c 31D8     		bhi	.L13
  64:../Switch/core/fal/fal_dispatch.c ****     {
  65:../Switch/core/fal/fal_dispatch.c ****         if(gfal_dispatch_info[i].chip_id == UNITINFO(unit)->chip_id)
  59              		.loc 1 65 9 view .LVU11
  60              		.loc 1 65 33 is_stmt 0 view .LVU12
  61 000e 03EB4302 		add	r2, r3, r3, lsl #1
  62 0012 1949     		ldr	r1, .L17
  63 0014 51F82210 		ldr	r1, [r1, r2, lsl #2]
  64              		.loc 1 65 45 view .LVU13
  65 0018 184A     		ldr	r2, .L17+4
  66 001a 52F82C20 		ldr	r2, [r2, ip, lsl #2]
  67              		.loc 1 65 59 view .LVU14
  68 001e 1288     		ldrh	r2, [r2]
  69              		.loc 1 65 11 view .LVU15
  70 0020 9142     		cmp	r1, r2
  71 0022 1DD0     		beq	.L14
  63:../Switch/core/fal/fal_dispatch.c ****     {
  72              		.loc 1 63 26 is_stmt 1 discriminator 2 view .LVU16
  73 0024 0133     		adds	r3, r3, #1
  74              	.LVL3:
  63:../Switch/core/fal/fal_dispatch.c ****     {
  75              		.loc 1 63 26 is_stmt 0 discriminator 2 view .LVU17
  76 0026 F0E7     		b	.L5
  77              	.LVL4:
  78              	.L11:
  59:../Switch/core/fal/fal_dispatch.c ****           
  79              		.loc 1 59 5 is_stmt 1 discriminator 1 view .LVU18
  59:../Switch/core/fal/fal_dispatch.c ****           
  80              		.loc 1 59 5 discriminator 1 view .LVU19
  81 0028 154B     		ldr	r3, .L17+8
  82 002a 1B78     		ldrb	r3, [r3]	@ zero_extendqisi2
  83 002c 012B     		cmp	r3, #1
  84 002e 01D8     		bhi	.L15
  85              	.LVL5:
  86              	.L3:
  59:../Switch/core/fal/fal_dispatch.c ****           
  87              		.loc 1 59 5 discriminator 5 view .LVU20
  59:../Switch/core/fal/fal_dispatch.c ****           
  88              		.loc 1 59 5 discriminator 5 view .LVU21
  59:../Switch/core/fal/fal_dispatch.c ****           
  89              		.loc 1 59 5 discriminator 5 view .LVU22
  90 0030 0520     		movs	r0, #5
  91 0032 1FE0     		b	.L1
  92              	.LVL6:
  93              	.L15:
  59:../Switch/core/fal/fal_dispatch.c ****           
  94              		.loc 1 59 5 discriminator 3 view .LVU23
  95              	.LBB2:
  59:../Switch/core/fal/fal_dispatch.c ****           
  96              		.loc 1 59 5 discriminator 3 view .LVU24
  97 0034 134B     		ldr	r3, .L17+12
  98 0036 5A69     		ldr	r2, [r3, #20]
  99 0038 134B     		ldr	r3, .L17+16
 100 003a 9968     		ldr	r1, [r3, #8]
 101              	.LVL7:
  59:../Switch/core/fal/fal_dispatch.c ****           
 102              		.loc 1 59 5 is_stmt 0 discriminator 3 view .LVU25
 103 003c 1348     		ldr	r0, .L17+20
 104              	.LVL8:
  59:../Switch/core/fal/fal_dispatch.c ****           
 105              		.loc 1 59 5 discriminator 3 view .LVU26
 106 003e FFF7FEFF 		bl	osal_printf
 107              	.LVL9:
 108 0042 F5E7     		b	.L3
 109              	.LVL10:
 110              	.L12:
  59:../Switch/core/fal/fal_dispatch.c ****           
 111              		.loc 1 59 5 discriminator 3 view .LVU27
 112              	.LBE2:
  61:../Switch/core/fal/fal_dispatch.c ****     
 113              		.loc 1 61 5 is_stmt 1 discriminator 1 view .LVU28
  61:../Switch/core/fal/fal_dispatch.c ****     
 114              		.loc 1 61 5 discriminator 1 view .LVU29
 115 0044 0E4B     		ldr	r3, .L17+8
 116 0046 1B78     		ldrb	r3, [r3]	@ zero_extendqisi2
 117 0048 012B     		cmp	r3, #1
 118 004a 01D8     		bhi	.L16
 119              	.LVL11:
 120              	.L6:
  61:../Switch/core/fal/fal_dispatch.c ****     
 121              		.loc 1 61 5 discriminator 5 view .LVU30
  61:../Switch/core/fal/fal_dispatch.c ****     
 122              		.loc 1 61 5 discriminator 5 view .LVU31
  61:../Switch/core/fal/fal_dispatch.c ****     
 123              		.loc 1 61 5 discriminator 5 view .LVU32
 124 004c 0220     		movs	r0, #2
 125 004e 11E0     		b	.L1
 126              	.LVL12:
 127              	.L16:
  61:../Switch/core/fal/fal_dispatch.c ****     
 128              		.loc 1 61 5 discriminator 3 view .LVU33
 129              	.LBB3:
  61:../Switch/core/fal/fal_dispatch.c ****     
 130              		.loc 1 61 5 discriminator 3 view .LVU34
 131 0050 0C4B     		ldr	r3, .L17+12
 132 0052 9A68     		ldr	r2, [r3, #8]
 133 0054 0C4B     		ldr	r3, .L17+16
 134 0056 9968     		ldr	r1, [r3, #8]
 135              	.LVL13:
  61:../Switch/core/fal/fal_dispatch.c ****     
 136              		.loc 1 61 5 is_stmt 0 discriminator 3 view .LVU35
 137 0058 0C48     		ldr	r0, .L17+20
 138              	.LVL14:
  61:../Switch/core/fal/fal_dispatch.c ****     
 139              		.loc 1 61 5 discriminator 3 view .LVU36
 140 005a FFF7FEFF 		bl	osal_printf
 141              	.LVL15:
 142 005e F5E7     		b	.L6
 143              	.LVL16:
 144              	.L14:
  61:../Switch/core/fal/fal_dispatch.c ****     
 145              		.loc 1 61 5 discriminator 3 view .LVU37
 146              	.LBE3:
  66:../Switch/core/fal/fal_dispatch.c ****         {
  67:../Switch/core/fal/fal_dispatch.c ****             *pdispatch = gfal_dispatch_info[i].pdispatch;
 147              		.loc 1 67 13 is_stmt 1 view .LVU38
 148              		.loc 1 67 47 is_stmt 0 view .LVU39
 149 0060 03EB4303 		add	r3, r3, r3, lsl #1
 150              	.LVL17:
 151              		.loc 1 67 47 view .LVU40
 152 0064 044A     		ldr	r2, .L17
 153 0066 02EB8303 		add	r3, r2, r3, lsl #2
 154 006a 9B68     		ldr	r3, [r3, #8]
 155              		.loc 1 67 24 view .LVU41
 156 006c 0360     		str	r3, [r0]
  68:../Switch/core/fal/fal_dispatch.c ****             return CMM_ERR_OK;
 157              		.loc 1 68 13 is_stmt 1 view .LVU42
 158              		.loc 1 68 20 is_stmt 0 view .LVU43
 159 006e 0020     		movs	r0, #0
 160              	.LVL18:
 161              		.loc 1 68 20 view .LVU44
 162 0070 00E0     		b	.L1
 163              	.LVL19:
 164              	.L13:
  69:../Switch/core/fal/fal_dispatch.c ****         }
  70:../Switch/core/fal/fal_dispatch.c ****     }
  71:../Switch/core/fal/fal_dispatch.c ****    
  72:../Switch/core/fal/fal_dispatch.c ****     return CMM_ERR_FAIL;
 165              		.loc 1 72 12 view .LVU45
 166 0072 0120     		movs	r0, #1
 167              	.LVL20:
 168              	.L1:
  73:../Switch/core/fal/fal_dispatch.c **** }
 169              		.loc 1 73 1 view .LVU46
 170 0074 08BD     		pop	{r3, pc}
 171              	.L18:
 172 0076 00BF     		.align	2
 173              	.L17:
 174 0078 00000000 		.word	gfal_dispatch_info
 175 007c 00000000 		.word	gpSwitchUnit
 176 0080 00000000 		.word	yt_debug_level
 177 0084 00000000 		.word	_yt_errmsg
 178 0088 00000000 		.word	_yt_prompt_msg
 179 008c 00000000 		.word	.LC0
 180              		.cfi_endproc
 181              	.LFE4:
 183              		.section	.rodata.fal_dispatch_init.str1.4,"aMS",%progbits,1
 184              		.align	2
 185              	.LC1:
 186 0000 66616C5F 		.ascii	"fal_dispatch_get(&(gpfal_dispatch[i]), i)\000"
 186      64697370 
 186      61746368 
 186      5F676574 
 186      28262867 
 187 002a 0000     		.align	2
 188              	.LC2:
 189 002c 25732573 		.ascii	"%s%s of \"%s\" in %s\015\012\000"
 189      206F6620 
 189      22257322 
 189      20696E20 
 189      25730D0A 
 190              		.section	.text.fal_dispatch_init,"ax",%progbits
 191              		.align	1
 192              		.global	fal_dispatch_init
 193              		.syntax unified
 194              		.thumb
 195              		.thumb_func
 197              	fal_dispatch_init:
 198              	.LFB3:
  35:../Switch/core/fal/fal_dispatch.c ****     uint32_t i;
 199              		.loc 1 35 1 is_stmt 1 view -0
 200              		.cfi_startproc
 201              		@ args = 0, pretend = 0, frame = 0
 202              		@ frame_needed = 0, uses_anonymous_args = 0
 203 0000 30B5     		push	{r4, r5, lr}
 204              		.cfi_def_cfa_offset 12
 205              		.cfi_offset 4, -12
 206              		.cfi_offset 5, -8
 207              		.cfi_offset 14, -4
 208 0002 83B0     		sub	sp, sp, #12
 209              		.cfi_def_cfa_offset 24
  36:../Switch/core/fal/fal_dispatch.c ****     cmm_err_t ret = CMM_ERR_OK;
 210              		.loc 1 36 5 view .LVU48
  37:../Switch/core/fal/fal_dispatch.c ****     
 211              		.loc 1 37 5 view .LVU49
 212              	.LVL21:
  39:../Switch/core/fal/fal_dispatch.c ****     
 213              		.loc 1 39 5 view .LVU50
  41:../Switch/core/fal/fal_dispatch.c ****     
 214              		.loc 1 41 5 view .LVU51
  41:../Switch/core/fal/fal_dispatch.c ****     
 215              		.loc 1 41 5 view .LVU52
 216 0004 204B     		ldr	r3, .L32
 217 0006 1B78     		ldrb	r3, [r3]	@ zero_extendqisi2
 218 0008 012B     		cmp	r3, #1
 219 000a 07D0     		beq	.L28
  43:../Switch/core/fal/fal_dispatch.c ****     {
 220              		.loc 1 43 11 is_stmt 0 view .LVU53
 221 000c 0024     		movs	r4, #0
 222              	.LVL22:
 223              	.L20:
  43:../Switch/core/fal/fal_dispatch.c ****     {
 224              		.loc 1 43 28 is_stmt 1 discriminator 2 view .LVU54
 225 000e 9CB1     		cbz	r4, .L25
  49:../Switch/core/fal/fal_dispatch.c ****    
 226              		.loc 1 49 5 view .LVU55
  49:../Switch/core/fal/fal_dispatch.c ****    
 227              		.loc 1 49 22 is_stmt 0 view .LVU56
 228 0010 1D4B     		ldr	r3, .L32
 229 0012 0122     		movs	r2, #1
 230 0014 1A70     		strb	r2, [r3]
  51:../Switch/core/fal/fal_dispatch.c **** }
 231              		.loc 1 51 5 is_stmt 1 view .LVU57
  51:../Switch/core/fal/fal_dispatch.c **** }
 232              		.loc 1 51 12 is_stmt 0 view .LVU58
 233 0016 0020     		movs	r0, #0
 234              	.LVL23:
 235              	.L19:
  52:../Switch/core/fal/fal_dispatch.c **** 
 236              		.loc 1 52 1 view .LVU59
 237 0018 03B0     		add	sp, sp, #12
 238              		.cfi_remember_state
 239              		.cfi_def_cfa_offset 12
 240              		@ sp needed
 241 001a 30BD     		pop	{r4, r5, pc}
 242              	.LVL24:
 243              	.L28:
 244              		.cfi_restore_state
  41:../Switch/core/fal/fal_dispatch.c ****     
 245              		.loc 1 41 5 is_stmt 1 discriminator 1 view .LVU60
  41:../Switch/core/fal/fal_dispatch.c ****     
 246              		.loc 1 41 5 discriminator 1 view .LVU61
 247 001c 1B4B     		ldr	r3, .L32+4
 248 001e 1B78     		ldrb	r3, [r3]	@ zero_extendqisi2
 249 0020 012B     		cmp	r3, #1
 250 0022 01D8     		bhi	.L29
 251              	.L21:
  41:../Switch/core/fal/fal_dispatch.c ****     
 252              		.loc 1 41 5 discriminator 5 view .LVU62
  41:../Switch/core/fal/fal_dispatch.c ****     
 253              		.loc 1 41 5 discriminator 5 view .LVU63
  41:../Switch/core/fal/fal_dispatch.c ****     
 254              		.loc 1 41 5 discriminator 5 view .LVU64
 255 0024 0020     		movs	r0, #0
 256 0026 F7E7     		b	.L19
 257              	.L29:
  41:../Switch/core/fal/fal_dispatch.c ****     
 258              		.loc 1 41 5 discriminator 3 view .LVU65
 259              	.LBB4:
  41:../Switch/core/fal/fal_dispatch.c ****     
 260              		.loc 1 41 5 discriminator 3 view .LVU66
 261 0028 194B     		ldr	r3, .L32+8
 262 002a 1A68     		ldr	r2, [r3]
 263 002c 194B     		ldr	r3, .L32+12
 264 002e 9968     		ldr	r1, [r3, #8]
 265 0030 1948     		ldr	r0, .L32+16
 266 0032 FFF7FEFF 		bl	osal_printf
 267              	.LVL25:
 268 0036 F5E7     		b	.L21
 269              	.LVL26:
 270              	.L25:
  41:../Switch/core/fal/fal_dispatch.c ****     
 271              		.loc 1 41 5 is_stmt 0 discriminator 3 view .LVU67
 272              	.LBE4:
  45:../Switch/core/fal/fal_dispatch.c ****         gpfal_dispatch[i]->is_inited = TRUE;             
 273              		.loc 1 45 9 is_stmt 1 view .LVU68
  45:../Switch/core/fal/fal_dispatch.c ****         gpfal_dispatch[i]->is_inited = TRUE;             
 274              		.loc 1 45 9 view .LVU69
 275 0038 E1B2     		uxtb	r1, r4
 276 003a 1848     		ldr	r0, .L32+20
 277 003c 00EB8400 		add	r0, r0, r4, lsl #2
 278 0040 FFF7FEFF 		bl	fal_dispatch_get
 279              	.LVL27:
 280 0044 0546     		mov	r5, r0
 281              	.LVL28:
  45:../Switch/core/fal/fal_dispatch.c ****         gpfal_dispatch[i]->is_inited = TRUE;             
 282              		.loc 1 45 9 is_stmt 0 view .LVU70
 283 0046 10F0FF03 		ands	r3, r0, #255
 284 004a 06D1     		bne	.L30
  45:../Switch/core/fal/fal_dispatch.c ****         gpfal_dispatch[i]->is_inited = TRUE;             
 285              		.loc 1 45 9 is_stmt 1 discriminator 2 view .LVU71
  46:../Switch/core/fal/fal_dispatch.c ****     }
 286              		.loc 1 46 9 discriminator 2 view .LVU72
  46:../Switch/core/fal/fal_dispatch.c ****     }
 287              		.loc 1 46 23 is_stmt 0 discriminator 2 view .LVU73
 288 004c 134B     		ldr	r3, .L32+20
 289 004e 53F82430 		ldr	r3, [r3, r4, lsl #2]
  46:../Switch/core/fal/fal_dispatch.c ****     }
 290              		.loc 1 46 38 discriminator 2 view .LVU74
 291 0052 0122     		movs	r2, #1
 292 0054 1A70     		strb	r2, [r3]
  43:../Switch/core/fal/fal_dispatch.c ****     {
 293              		.loc 1 43 34 is_stmt 1 discriminator 2 view .LVU75
 294 0056 1444     		add	r4, r4, r2
 295              	.LVL29:
  43:../Switch/core/fal/fal_dispatch.c ****     {
 296              		.loc 1 43 34 is_stmt 0 discriminator 2 view .LVU76
 297 0058 D9E7     		b	.L20
 298              	.L30:
  45:../Switch/core/fal/fal_dispatch.c ****         gpfal_dispatch[i]->is_inited = TRUE;             
 299              		.loc 1 45 9 is_stmt 1 discriminator 1 view .LVU77
  45:../Switch/core/fal/fal_dispatch.c ****         gpfal_dispatch[i]->is_inited = TRUE;             
 300              		.loc 1 45 9 discriminator 1 view .LVU78
 301 005a 0C4A     		ldr	r2, .L32+4
 302 005c 1278     		ldrb	r2, [r2]	@ zero_extendqisi2
 303 005e 012A     		cmp	r2, #1
 304 0060 01D8     		bhi	.L31
 305              	.LVL30:
 306              	.L24:
  45:../Switch/core/fal/fal_dispatch.c ****         gpfal_dispatch[i]->is_inited = TRUE;             
 307              		.loc 1 45 9 discriminator 5 view .LVU79
  45:../Switch/core/fal/fal_dispatch.c ****         gpfal_dispatch[i]->is_inited = TRUE;             
 308              		.loc 1 45 9 discriminator 5 view .LVU80
  45:../Switch/core/fal/fal_dispatch.c ****         gpfal_dispatch[i]->is_inited = TRUE;             
 309              		.loc 1 45 9 discriminator 5 view .LVU81
 310 0062 E8B2     		uxtb	r0, r5
 311 0064 D8E7     		b	.L19
 312              	.LVL31:
 313              	.L31:
  45:../Switch/core/fal/fal_dispatch.c ****         gpfal_dispatch[i]->is_inited = TRUE;             
 314              		.loc 1 45 9 discriminator 3 view .LVU82
 315              	.LBB5:
  45:../Switch/core/fal/fal_dispatch.c ****         gpfal_dispatch[i]->is_inited = TRUE;             
 316              		.loc 1 45 9 discriminator 3 view .LVU83
 317 0066 142B     		cmp	r3, #20
 318 0068 28BF     		it	cs
 319 006a 1423     		movcs	r3, #20
 320 006c 1A46     		mov	r2, r3
 321 006e 0C4B     		ldr	r3, .L32+24
 322 0070 0093     		str	r3, [sp]
 323 0072 0C4B     		ldr	r3, .L32+28
 324 0074 0649     		ldr	r1, .L32+8
 325 0076 51F82220 		ldr	r2, [r1, r2, lsl #2]
 326 007a 0649     		ldr	r1, .L32+12
 327 007c 8968     		ldr	r1, [r1, #8]
 328 007e 0A48     		ldr	r0, .L32+32
 329              	.LVL32:
  45:../Switch/core/fal/fal_dispatch.c ****         gpfal_dispatch[i]->is_inited = TRUE;             
 330              		.loc 1 45 9 is_stmt 0 discriminator 3 view .LVU84
 331 0080 FFF7FEFF 		bl	osal_printf
 332              	.LVL33:
 333 0084 EDE7     		b	.L24
 334              	.L33:
 335 0086 00BF     		.align	2
 336              	.L32:
 337 0088 00000000 		.word	gdispatch_inited.1
 338 008c 00000000 		.word	yt_debug_level
 339 0090 00000000 		.word	_yt_errmsg
 340 0094 00000000 		.word	_yt_prompt_msg
 341 0098 00000000 		.word	.LC0
 342 009c 00000000 		.word	gpfal_dispatch
 343 00a0 00000000 		.word	__FUNCTION__.0
 344 00a4 00000000 		.word	.LC1
 345 00a8 2C000000 		.word	.LC2
 346              	.LBE5:
 347              		.cfi_endproc
 348              	.LFE3:
 350              		.section	.text.fal_func_unavailable,"ax",%progbits
 351              		.align	1
 352              		.global	fal_func_unavailable
 353              		.syntax unified
 354              		.thumb
 355              		.thumb_func
 357              	fal_func_unavailable:
 358              	.LFB5:
  74:../Switch/core/fal/fal_dispatch.c **** 
  75:../Switch/core/fal/fal_dispatch.c **** yt_ret_t fal_func_unavailable(void)
  76:../Switch/core/fal/fal_dispatch.c **** {
 359              		.loc 1 76 1 is_stmt 1 view -0
 360              		.cfi_startproc
 361              		@ args = 0, pretend = 0, frame = 0
 362              		@ frame_needed = 0, uses_anonymous_args = 0
 363              		@ link register save eliminated.
  77:../Switch/core/fal/fal_dispatch.c ****     return CMM_ERR_NOT_SUPPORT;
 364              		.loc 1 77 5 view .LVU86
  78:../Switch/core/fal/fal_dispatch.c **** }
 365              		.loc 1 78 1 is_stmt 0 view .LVU87
 366 0000 0320     		movs	r0, #3
 367 0002 7047     		bx	lr
 368              		.cfi_endproc
 369              	.LFE5:
 371              		.section	.rodata.__FUNCTION__.0,"a"
 372              		.align	2
 375              	__FUNCTION__.0:
 376 0000 66616C5F 		.ascii	"fal_dispatch_init\000"
 376      64697370 
 376      61746368 
 376      5F696E69 
 376      7400
 377              		.section	.bss.gdispatch_inited.1,"aw",%nobits
 380              	gdispatch_inited.1:
 381 0000 00       		.space	1
 382              		.global	gpfal_dispatch
 383              		.section	.bss.gpfal_dispatch,"aw",%nobits
 384              		.align	2
 387              	gpfal_dispatch:
 388 0000 00000000 		.space	12
 388      00000000 
 388      00000000 
 389              		.global	gfal_dispatch_info
 390              		.section	.data.gfal_dispatch_info,"aw"
 391              		.align	2
 394              	gfal_dispatch_info:
 395 0000 02900000 		.word	36866
 396 0004 01000000 		.word	1
 397 0008 00000000 		.word	fal_tiger_dispatch
 398 000c 01900000 		.word	36865
 399 0010 01000000 		.word	1
 400 0014 00000000 		.word	fal_tiger_dispatch
 401              		.text
 402              	.Letext0:
 403              		.file 2 "C:\\Users\\Dmitriy\\Desktop\\GD32F10x\\Switch\\common\\include/yt_types.h"
 404              		.file 3 "C:\\Users\\Dmitriy\\Desktop\\GD32F10x\\Switch\\common\\include/yt_error.h"
 405              		.file 4 "C:\\Users\\Dmitriy\\Desktop\\GD32F10x\\Switch\\core\\fal\\chipdef/chipdef.h"
 406              		.file 5 "C:\\Users\\Dmitriy\\Desktop\\GD32F10x\\Switch\\core\\cal/cal_bprofile.h"
 407              		.file 6 "C:\\Users\\Dmitriy\\Desktop\\GD32F10x\\Switch\\include/yt_cmm.h"
 408              		.file 7 "C:\\Users\\Dmitriy\\Desktop\\GD32F10x\\Switch\\include/yt_vlan.h"
 409              		.file 8 "C:\\Users\\Dmitriy\\Desktop\\GD32F10x\\Switch\\include/yt_vlan_translate.h"
 410              		.file 9 "C:\\Users\\Dmitriy\\Desktop\\GD32F10x\\Switch\\include/yt_acl.h"
 411              		.file 10 "C:\\Users\\Dmitriy\\Desktop\\GD32F10x\\Switch\\include/yt_qos.h"
 412              		.file 11 "C:\\Users\\Dmitriy\\Desktop\\GD32F10x\\Switch\\include/yt_rate.h"
 413              		.file 12 "C:\\Users\\Dmitriy\\Desktop\\GD32F10x\\Switch\\include/yt_dos.h"
 414              		.file 13 "C:\\Users\\Dmitriy\\Desktop\\GD32F10x\\Switch\\include/yt_nic.h"
 415              		.file 14 "C:\\Users\\Dmitriy\\Desktop\\GD32F10x\\Switch\\include/yt_stp.h"
 416              		.file 15 "C:\\Users\\Dmitriy\\Desktop\\GD32F10x\\Switch\\include/yt_l2.h"
 417              		.file 16 "C:\\Users\\Dmitriy\\Desktop\\GD32F10x\\Switch\\include/yt_loopdetect.h"
 418              		.file 17 "C:\\Users\\Dmitriy\\Desktop\\GD32F10x\\Switch\\include/yt_multicast.h"
 419              		.file 18 "C:\\Users\\Dmitriy\\Desktop\\GD32F10x\\Switch\\include/yt_rma.h"
 420              		.file 19 "C:\\Users\\Dmitriy\\Desktop\\GD32F10x\\Switch\\include/yt_oam.h"
 421              		.file 20 "C:\\Users\\Dmitriy\\Desktop\\GD32F10x\\Switch\\include/yt_storm_ctrl.h"
 422              		.file 21 "C:\\Users\\Dmitriy\\Desktop\\GD32F10x\\Switch\\include/yt_port.h"
 423              		.file 22 "C:\\Users\\Dmitriy\\Desktop\\GD32F10x\\Switch\\include/yt_dot1x.h"
 424              		.file 23 "C:\\Users\\Dmitriy\\Desktop\\GD32F10x\\Switch\\include/yt_ctrlpkt.h"
 425              		.file 24 "C:\\Users\\Dmitriy\\Desktop\\GD32F10x\\Switch\\include/yt_stat.h"
 426              		.file 25 "C:\\Users\\Dmitriy\\Desktop\\GD32F10x\\Switch\\include/yt_interrupt.h"
 427              		.file 26 "C:\\Users\\Dmitriy\\Desktop\\GD32F10x\\Switch\\include/yt_led.h"
 428              		.file 27 "C:\\Users\\Dmitriy\\Desktop\\GD32F10x\\Switch\\include/yt_sys.h"
 429              		.file 28 "C:\\Users\\Dmitriy\\Desktop\\GD32F10x\\Switch\\include/yt_debug.h"
 430              		.file 29 "../Switch/core/fal/fal_dispatch.h"
 431              		.file 30 "C:\\Users\\Dmitriy\\Desktop\\GD32F10x\\Switch\\core\\fal\\tiger/fal_tiger_dispatch.h"
DEFINED SYMBOLS
                            *ABS*:00000000 fal_dispatch.c
C:\Users\Dmitriy\AppData\Local\Temp\ccxnsznU.s:19     .rodata.fal_dispatch_get.str1.4:00000000 $d
C:\Users\Dmitriy\AppData\Local\Temp\ccxnsznU.s:23     .text.fal_dispatch_get:00000000 $t
C:\Users\Dmitriy\AppData\Local\Temp\ccxnsznU.s:29     .text.fal_dispatch_get:00000000 fal_dispatch_get
C:\Users\Dmitriy\AppData\Local\Temp\ccxnsznU.s:174    .text.fal_dispatch_get:00000078 $d
C:\Users\Dmitriy\AppData\Local\Temp\ccxnsznU.s:394    .data.gfal_dispatch_info:00000000 gfal_dispatch_info
C:\Users\Dmitriy\AppData\Local\Temp\ccxnsznU.s:184    .rodata.fal_dispatch_init.str1.4:00000000 $d
C:\Users\Dmitriy\AppData\Local\Temp\ccxnsznU.s:191    .text.fal_dispatch_init:00000000 $t
C:\Users\Dmitriy\AppData\Local\Temp\ccxnsznU.s:197    .text.fal_dispatch_init:00000000 fal_dispatch_init
C:\Users\Dmitriy\AppData\Local\Temp\ccxnsznU.s:337    .text.fal_dispatch_init:00000088 $d
C:\Users\Dmitriy\AppData\Local\Temp\ccxnsznU.s:380    .bss.gdispatch_inited.1:00000000 gdispatch_inited.1
C:\Users\Dmitriy\AppData\Local\Temp\ccxnsznU.s:387    .bss.gpfal_dispatch:00000000 gpfal_dispatch
C:\Users\Dmitriy\AppData\Local\Temp\ccxnsznU.s:375    .rodata.__FUNCTION__.0:00000000 __FUNCTION__.0
C:\Users\Dmitriy\AppData\Local\Temp\ccxnsznU.s:351    .text.fal_func_unavailable:00000000 $t
C:\Users\Dmitriy\AppData\Local\Temp\ccxnsznU.s:357    .text.fal_func_unavailable:00000000 fal_func_unavailable
C:\Users\Dmitriy\AppData\Local\Temp\ccxnsznU.s:372    .rodata.__FUNCTION__.0:00000000 $d
C:\Users\Dmitriy\AppData\Local\Temp\ccxnsznU.s:381    .bss.gdispatch_inited.1:00000000 $d
C:\Users\Dmitriy\AppData\Local\Temp\ccxnsznU.s:384    .bss.gpfal_dispatch:00000000 $d
C:\Users\Dmitriy\AppData\Local\Temp\ccxnsznU.s:391    .data.gfal_dispatch_info:00000000 $d
                           .group:00000000 wm4.0.353617a96a8f588ad8d04dd11dfc8225
                           .group:00000000 wm4._newlib_version.h.4.6d111ab2e95434b664b53815e5c8ccba
                           .group:00000000 wm4.newlib.h.27.d4bf77c18f14f545101dac22f0b54118
                           .group:00000000 wm4.ieeefp.h.77.0ee3146e9d892bb10bc0066c30189af1
                           .group:00000000 wm4.features.h.22.7877b139107948f7dadcf3660cc79cfd
                           .group:00000000 wm4.config.h.224.10ee1ad185d877c6e334e6581faab44d
                           .group:00000000 wm4._ansi.h.31.de524f58584151836e90d8620a16f8e8
                           .group:00000000 wm4.stdio.h.31.7c0e28c411445f3f9c5b11accf882760
                           .group:00000000 wm4._default_types.h.6.959254cf5f09734ea7516c89e8bb21bd
                           .group:00000000 wm4.stddef.h.185.cbb642e1ccd385e8aa504b15cb7fb086
                           .group:00000000 wm4.cdefs.h.49.f93868eb904b9ca05b5c0257d31128ca
                           .group:00000000 wm4.stddef.h.39.0e5f0dabba1c666ccadf0408e0d47322
                           .group:00000000 wm4.stdarg.h.34.3a23a216c0c293b3d2ea2e89281481e6
                           .group:00000000 wm4._types.h.20.dd0d04dca3800a0d2a6129b87f3adbb2
                           .group:00000000 wm4.stddef.h.158.5f30652bb2ea05b142c1bbee9108c999
                           .group:00000000 wm4._types.h.127.3bdfe3ff8ea2d0985b03d9cbe93480e3
                           .group:00000000 wm4.reent.h.17.e292bf8b0bec6c96e131a54347145a30
                           .group:00000000 wm4.lock.h.2.1461d1fff82dffe8bfddc23307f6484f
                           .group:00000000 wm4.reent.h.77.89f7dde66c62b1f1dee32bdb6ab2d544
                           .group:00000000 wm4.stdio.h.67.0cf8a9c281ab0b348aef5c02e7e48825
                           .group:00000000 wm4.stdio.h.2.4aa87247282eca6c8f36f9de33d8df1a
                           .group:00000000 wm4.stdio.h.87.a1e20d2651f9bfb66e51bfbe849db00a
                           .group:00000000 wm4.string.h.8.c4b8571ce60dff2817f43fec8b86aecd
                           .group:00000000 wm4.stddef.h.158.bfed30416c9480cd13bc4a25427d538f
                           .group:00000000 wm4.stdbool.h.29.4a1c88fe569adb8d03217dd16982ca34
                           .group:00000000 wm4.malloc.h.4.62bd13b8107d5245f60bd92bb5994838
                           .group:00000000 wm4.malloc.h.152.f5d1d9a9aabeac59da0ef41ede16d2b0
                           .group:00000000 wm4.yt_types.h.31.64aa050cf4c68d28514ce99f5dc2ddb9
                           .group:00000000 wm4.yt_lock.h.9.5d39f1aba4451d3b9b95aa39771489dc
                           .group:00000000 wm4.yt_error.h.38.039589275c83974021fd481937e9f4a7
                           .group:00000000 wm4.yt_util.h.17.08ae57e3898b218a2bbe57b2147a81bd
                           .group:00000000 wm4.chipdef_tiger.h.10.ae557adb3508daebcdc97f8fb0dc9e1a
                           .group:00000000 wm4.phy_chipdef.h.9.9a1a2dbb46f5503e32a84083ab1dbc9f
                           .group:00000000 wm4.cal_bprofile.h.23.d6ecfc2230abc149b4da600a40b20e5b
                           .group:00000000 wm4.bprofile_YT9215_default_demo.h.15.13aa65ba4a73c41dc1ffa3c5f8dcfda3
                           .group:00000000 wm4.cal_cmm.h.46.eec47faa946e01877de19a2f99ee7710
                           .group:00000000 wm4.yt_cmm.h.12.5273de39c1b049d4c73c2c31caf670b1
                           .group:00000000 wm4.yt_vlan.h.27.cbfc53d6b95550ade50fea715c623f6e
                           .group:00000000 wm4.yt_acl.h.25.ad9531373d966dccc96222e31e0234b5
                           .group:00000000 wm4.yt_nic.h.17.4e5ceed38d9cfbd9b5db2d4b069b6961
                           .group:00000000 wm4.yt_loopdetect.h.17.4739c2e436a8e779d4d8c89037b81aea
                           .group:00000000 wm4.yt_multicast.h.17.9c1d51b153e5e1785468d9c0ad6414a4
                           .group:00000000 wm4.yt_port.h.17.f9740394ebf086646c9c567db1605abb
                           .group:00000000 wm4.yt_stat.h.17.f87caec2ee71e59f920ea3778bda3fad

UNDEFINED SYMBOLS
osal_printf
gpSwitchUnit
yt_debug_level
_yt_errmsg
_yt_prompt_msg
fal_tiger_dispatch
