   1              		.cpu cortex-m3
   2              		.arch armv7-m
   3              		.fpu softvfp
   4              		.eabi_attribute 20, 1
   5              		.eabi_attribute 21, 1
   6              		.eabi_attribute 23, 3
   7              		.eabi_attribute 24, 1
   8              		.eabi_attribute 25, 1
   9              		.eabi_attribute 26, 1
  10              		.eabi_attribute 30, 1
  11              		.eabi_attribute 34, 1
  12              		.eabi_attribute 18, 4
  13              		.file	"trace.c"
  14              		.text
  15              	.Ltext0:
  16              		.cfi_sections	.debug_frame
  17              		.file 1 "../system/src/diag/trace.c"
  18              		.section	.text.trace_printf,"ax",%progbits
  19              		.align	1
  20              		.global	trace_printf
  21              		.syntax unified
  22              		.thumb
  23              		.thumb_func
  25              	trace_printf:
  26              	.LVL0:
  27              	.LFB3:
   1:../system/src/diag/trace.c **** /*
   2:../system/src/diag/trace.c ****  * This file is part of the µOS++ distribution.
   3:../system/src/diag/trace.c ****  *   (https://github.com/micro-os-plus)
   4:../system/src/diag/trace.c ****  * Copyright (c) 2014 Liviu Ionescu.
   5:../system/src/diag/trace.c ****  *
   6:../system/src/diag/trace.c ****  * Permission is hereby granted, free of charge, to any person
   7:../system/src/diag/trace.c ****  * obtaining a copy of this software and associated documentation
   8:../system/src/diag/trace.c ****  * files (the "Software"), to deal in the Software without
   9:../system/src/diag/trace.c ****  * restriction, including without limitation the rights to use,
  10:../system/src/diag/trace.c ****  * copy, modify, merge, publish, distribute, sublicense, and/or
  11:../system/src/diag/trace.c ****  * sell copies of the Software, and to permit persons to whom
  12:../system/src/diag/trace.c ****  * the Software is furnished to do so, subject to the following
  13:../system/src/diag/trace.c ****  * conditions:
  14:../system/src/diag/trace.c ****  *
  15:../system/src/diag/trace.c ****  * The above copyright notice and this permission notice shall be
  16:../system/src/diag/trace.c ****  * included in all copies or substantial portions of the Software.
  17:../system/src/diag/trace.c ****  *
  18:../system/src/diag/trace.c ****  * THE SOFTWARE IS PROVIDED "AS IS", WITHOUT WARRANTY OF ANY KIND,
  19:../system/src/diag/trace.c ****  * EXPRESS OR IMPLIED, INCLUDING BUT NOT LIMITED TO THE WARRANTIES
  20:../system/src/diag/trace.c ****  * OF MERCHANTABILITY, FITNESS FOR A PARTICULAR PURPOSE AND
  21:../system/src/diag/trace.c ****  * NONINFRINGEMENT. IN NO EVENT SHALL THE AUTHORS OR COPYRIGHT
  22:../system/src/diag/trace.c ****  * HOLDERS BE LIABLE FOR ANY CLAIM, DAMAGES OR OTHER LIABILITY,
  23:../system/src/diag/trace.c ****  * WHETHER IN AN ACTION OF CONTRACT, TORT OR OTHERWISE, ARISING
  24:../system/src/diag/trace.c ****  * FROM, OUT OF OR IN CONNECTION WITH THE SOFTWARE OR THE USE OR
  25:../system/src/diag/trace.c ****  * OTHER DEALINGS IN THE SOFTWARE.
  26:../system/src/diag/trace.c ****  */
  27:../system/src/diag/trace.c **** 
  28:../system/src/diag/trace.c **** // ----------------------------------------------------------------------------
  29:../system/src/diag/trace.c **** 
  30:../system/src/diag/trace.c **** #if defined(TRACE)
  31:../system/src/diag/trace.c **** 
  32:../system/src/diag/trace.c **** #include <stdio.h>
  33:../system/src/diag/trace.c **** #include <stdarg.h>
  34:../system/src/diag/trace.c **** #include "diag/trace.h"
  35:../system/src/diag/trace.c **** #include "string.h"
  36:../system/src/diag/trace.c **** 
  37:../system/src/diag/trace.c **** #ifndef OS_INTEGER_TRACE_PRINTF_TMP_ARRAY_SIZE
  38:../system/src/diag/trace.c **** #define OS_INTEGER_TRACE_PRINTF_TMP_ARRAY_SIZE (128)
  39:../system/src/diag/trace.c **** #endif
  40:../system/src/diag/trace.c **** 
  41:../system/src/diag/trace.c **** // ----------------------------------------------------------------------------
  42:../system/src/diag/trace.c **** 
  43:../system/src/diag/trace.c **** int
  44:../system/src/diag/trace.c **** trace_printf(const char* format, ...)
  45:../system/src/diag/trace.c **** {
  28              		.loc 1 45 1 view -0
  29              		.cfi_startproc
  30              		@ args = 4, pretend = 16, frame = 8
  31              		@ frame_needed = 0, uses_anonymous_args = 1
  32              		.loc 1 45 1 is_stmt 0 view .LVU1
  33 0000 0FB4     		push	{r0, r1, r2, r3}
  34              		.cfi_def_cfa_offset 16
  35              		.cfi_offset 0, -16
  36              		.cfi_offset 1, -12
  37              		.cfi_offset 2, -8
  38              		.cfi_offset 3, -4
  39 0002 00B5     		push	{lr}
  40              		.cfi_def_cfa_offset 20
  41              		.cfi_offset 14, -20
  42 0004 83B0     		sub	sp, sp, #12
  43              		.cfi_def_cfa_offset 32
  44 0006 04AB     		add	r3, sp, #16
  45 0008 53F8042B 		ldr	r2, [r3], #4
  46:../system/src/diag/trace.c ****   int ret;
  46              		.loc 1 46 3 is_stmt 1 view .LVU2
  47:../system/src/diag/trace.c ****   va_list ap;
  47              		.loc 1 47 3 view .LVU3
  48:../system/src/diag/trace.c **** 
  49:../system/src/diag/trace.c ****   va_start (ap, format);
  48              		.loc 1 49 3 view .LVU4
  49 000c 0193     		str	r3, [sp, #4]
  50:../system/src/diag/trace.c **** 
  51:../system/src/diag/trace.c ****   // TODO: rewrite it to no longer use newlib, it is way too heavy
  52:../system/src/diag/trace.c **** 
  53:../system/src/diag/trace.c ****   static char buf[OS_INTEGER_TRACE_PRINTF_TMP_ARRAY_SIZE];
  50              		.loc 1 53 3 view .LVU5
  54:../system/src/diag/trace.c **** 
  55:../system/src/diag/trace.c ****   // Print to the local buffer
  56:../system/src/diag/trace.c ****   ret = vsnprintf (buf, sizeof(buf), format, ap);
  51              		.loc 1 56 3 view .LVU6
  52              		.loc 1 56 9 is_stmt 0 view .LVU7
  53 000e 8021     		movs	r1, #128
  54 0010 0748     		ldr	r0, .L5
  55 0012 FFF7FEFF 		bl	vsnprintf
  56              	.LVL1:
  57:../system/src/diag/trace.c ****   if (ret > 0)
  57              		.loc 1 57 3 is_stmt 1 view .LVU8
  58              		.loc 1 57 6 is_stmt 0 view .LVU9
  59 0016 0028     		cmp	r0, #0
  60              		.loc 1 57 6 view .LVU10
  61 0018 04DC     		bgt	.L4
  62              	.L1:
  58:../system/src/diag/trace.c ****     {
  59:../system/src/diag/trace.c ****       // Transfer the buffer to the device
  60:../system/src/diag/trace.c ****       ret = trace_write (buf, (size_t)ret);
  61:../system/src/diag/trace.c ****     }
  62:../system/src/diag/trace.c **** 
  63:../system/src/diag/trace.c ****   va_end (ap);
  64:../system/src/diag/trace.c ****   return ret;
  65:../system/src/diag/trace.c **** }
  63              		.loc 1 65 1 view .LVU11
  64 001a 03B0     		add	sp, sp, #12
  65              		.cfi_remember_state
  66              		.cfi_def_cfa_offset 20
  67              		@ sp needed
  68 001c 5DF804EB 		ldr	lr, [sp], #4
  69              		.cfi_restore 14
  70              		.cfi_def_cfa_offset 16
  71 0020 04B0     		add	sp, sp, #16
  72              		.cfi_restore 3
  73              		.cfi_restore 2
  74              		.cfi_restore 1
  75              		.cfi_restore 0
  76              		.cfi_def_cfa_offset 0
  77 0022 7047     		bx	lr
  78              	.L4:
  79              		.cfi_restore_state
  60:../system/src/diag/trace.c ****     }
  80              		.loc 1 60 7 is_stmt 1 view .LVU12
  60:../system/src/diag/trace.c ****     }
  81              		.loc 1 60 13 is_stmt 0 view .LVU13
  82 0024 0146     		mov	r1, r0
  83 0026 0248     		ldr	r0, .L5
  84              	.LVL2:
  60:../system/src/diag/trace.c ****     }
  85              		.loc 1 60 13 view .LVU14
  86 0028 FFF7FEFF 		bl	trace_write
  87              	.LVL3:
  63:../system/src/diag/trace.c ****   return ret;
  88              		.loc 1 63 3 is_stmt 1 view .LVU15
  64:../system/src/diag/trace.c **** }
  89              		.loc 1 64 3 view .LVU16
  64:../system/src/diag/trace.c **** }
  90              		.loc 1 64 10 is_stmt 0 view .LVU17
  91 002c F5E7     		b	.L1
  92              	.L6:
  93 002e 00BF     		.align	2
  94              	.L5:
  95 0030 00000000 		.word	buf.0
  96              		.cfi_endproc
  97              	.LFE3:
  99              		.section	.rodata.trace_puts.str1.4,"aMS",%progbits,1
 100              		.align	2
 101              	.LC0:
 102 0000 0A00     		.ascii	"\012\000"
 103              		.section	.text.trace_puts,"ax",%progbits
 104              		.align	1
 105              		.global	trace_puts
 106              		.syntax unified
 107              		.thumb
 108              		.thumb_func
 110              	trace_puts:
 111              	.LVL4:
 112              	.LFB4:
  66:../system/src/diag/trace.c **** 
  67:../system/src/diag/trace.c **** int
  68:../system/src/diag/trace.c **** trace_puts(const char *s)
  69:../system/src/diag/trace.c **** {
 113              		.loc 1 69 1 is_stmt 1 view -0
 114              		.cfi_startproc
 115              		@ args = 0, pretend = 0, frame = 0
 116              		@ frame_needed = 0, uses_anonymous_args = 0
 117              		.loc 1 69 1 is_stmt 0 view .LVU19
 118 0000 10B5     		push	{r4, lr}
 119              		.cfi_def_cfa_offset 8
 120              		.cfi_offset 4, -8
 121              		.cfi_offset 14, -4
 122 0002 0446     		mov	r4, r0
  70:../system/src/diag/trace.c ****   trace_write(s, strlen(s));
 123              		.loc 1 70 3 is_stmt 1 view .LVU20
 124 0004 FFF7FEFF 		bl	strlen
 125              	.LVL5:
 126              		.loc 1 70 3 is_stmt 0 view .LVU21
 127 0008 0146     		mov	r1, r0
 128 000a 2046     		mov	r0, r4
 129 000c FFF7FEFF 		bl	trace_write
 130              	.LVL6:
  71:../system/src/diag/trace.c ****   return trace_write("\n", 1);
 131              		.loc 1 71 3 is_stmt 1 view .LVU22
 132              		.loc 1 71 10 is_stmt 0 view .LVU23
 133 0010 0121     		movs	r1, #1
 134 0012 0248     		ldr	r0, .L9
 135 0014 FFF7FEFF 		bl	trace_write
 136              	.LVL7:
  72:../system/src/diag/trace.c **** }
 137              		.loc 1 72 1 view .LVU24
 138 0018 10BD     		pop	{r4, pc}
 139              	.LVL8:
 140              	.L10:
 141              		.loc 1 72 1 view .LVU25
 142 001a 00BF     		.align	2
 143              	.L9:
 144 001c 00000000 		.word	.LC0
 145              		.cfi_endproc
 146              	.LFE4:
 148              		.section	.text.trace_putchar,"ax",%progbits
 149              		.align	1
 150              		.global	trace_putchar
 151              		.syntax unified
 152              		.thumb
 153              		.thumb_func
 155              	trace_putchar:
 156              	.LVL9:
 157              	.LFB5:
  73:../system/src/diag/trace.c **** 
  74:../system/src/diag/trace.c **** int
  75:../system/src/diag/trace.c **** trace_putchar(int c)
  76:../system/src/diag/trace.c **** {
 158              		.loc 1 76 1 is_stmt 1 view -0
 159              		.cfi_startproc
 160              		@ args = 0, pretend = 0, frame = 8
 161              		@ frame_needed = 0, uses_anonymous_args = 0
 162              		.loc 1 76 1 is_stmt 0 view .LVU27
 163 0000 00B5     		push	{lr}
 164              		.cfi_def_cfa_offset 4
 165              		.cfi_offset 14, -4
 166 0002 83B0     		sub	sp, sp, #12
 167              		.cfi_def_cfa_offset 16
 168 0004 0190     		str	r0, [sp, #4]
  77:../system/src/diag/trace.c ****   trace_write((const char*)&c, 1);
 169              		.loc 1 77 3 is_stmt 1 view .LVU28
 170 0006 0121     		movs	r1, #1
 171 0008 01A8     		add	r0, sp, #4
 172              	.LVL10:
 173              		.loc 1 77 3 is_stmt 0 view .LVU29
 174 000a FFF7FEFF 		bl	trace_write
 175              	.LVL11:
  78:../system/src/diag/trace.c ****   return c;
 176              		.loc 1 78 3 is_stmt 1 view .LVU30
  79:../system/src/diag/trace.c **** }
 177              		.loc 1 79 1 is_stmt 0 view .LVU31
 178 000e 0198     		ldr	r0, [sp, #4]
 179 0010 03B0     		add	sp, sp, #12
 180              		.cfi_def_cfa_offset 4
 181              		@ sp needed
 182 0012 5DF804FB 		ldr	pc, [sp], #4
 183              		.cfi_endproc
 184              	.LFE5:
 186              		.section	.rodata.trace_dump_args.str1.4,"aMS",%progbits,1
 187              		.align	2
 188              	.LC1:
 189 0000 6D61696E 		.ascii	"main(argc=%d, argv=[\000"
 189      28617267 
 189      633D2564 
 189      2C206172 
 189      67763D5B 
 190 0015 000000   		.align	2
 191              	.LC2:
 192 0018 2C2000   		.ascii	", \000"
 193 001b 00       		.align	2
 194              	.LC3:
 195 001c 22257322 		.ascii	"\"%s\"\000"
 195      00
 196 0021 000000   		.align	2
 197              	.LC4:
 198 0024 5D293B0A 		.ascii	"]);\012\000"
 198      00
 199              		.section	.text.trace_dump_args,"ax",%progbits
 200              		.align	1
 201              		.global	trace_dump_args
 202              		.syntax unified
 203              		.thumb
 204              		.thumb_func
 206              	trace_dump_args:
 207              	.LVL12:
 208              	.LFB6:
  80:../system/src/diag/trace.c **** 
  81:../system/src/diag/trace.c **** void
  82:../system/src/diag/trace.c **** trace_dump_args(int argc, char* argv[])
  83:../system/src/diag/trace.c **** {
 209              		.loc 1 83 1 is_stmt 1 view -0
 210              		.cfi_startproc
 211              		@ args = 0, pretend = 0, frame = 0
 212              		@ frame_needed = 0, uses_anonymous_args = 0
 213              		.loc 1 83 1 is_stmt 0 view .LVU33
 214 0000 70B5     		push	{r4, r5, r6, lr}
 215              		.cfi_def_cfa_offset 16
 216              		.cfi_offset 4, -16
 217              		.cfi_offset 5, -12
 218              		.cfi_offset 6, -8
 219              		.cfi_offset 14, -4
 220 0002 0546     		mov	r5, r0
 221 0004 0E46     		mov	r6, r1
  84:../system/src/diag/trace.c ****   trace_printf("main(argc=%d, argv=[", argc);
 222              		.loc 1 84 3 is_stmt 1 view .LVU34
 223 0006 0146     		mov	r1, r0
 224              	.LVL13:
 225              		.loc 1 84 3 is_stmt 0 view .LVU35
 226 0008 0B48     		ldr	r0, .L19
 227              	.LVL14:
 228              		.loc 1 84 3 view .LVU36
 229 000a FFF7FEFF 		bl	trace_printf
 230              	.LVL15:
  85:../system/src/diag/trace.c ****   for (int i = 0; i < argc; ++i)
 231              		.loc 1 85 3 is_stmt 1 view .LVU37
 232              	.LBB2:
 233              		.loc 1 85 8 view .LVU38
 234              		.loc 1 85 12 is_stmt 0 view .LVU39
 235 000e 0024     		movs	r4, #0
 236              		.loc 1 85 3 view .LVU40
 237 0010 05E0     		b	.L14
 238              	.LVL16:
 239              	.L15:
  86:../system/src/diag/trace.c ****     {
  87:../system/src/diag/trace.c ****       if (i != 0)
  88:../system/src/diag/trace.c ****         {
  89:../system/src/diag/trace.c ****           trace_printf(", ");
  90:../system/src/diag/trace.c ****         }
  91:../system/src/diag/trace.c ****       trace_printf("\"%s\"", argv[i]);
 240              		.loc 1 91 7 is_stmt 1 discriminator 2 view .LVU41
 241 0012 56F82410 		ldr	r1, [r6, r4, lsl #2]
 242 0016 0948     		ldr	r0, .L19+4
 243 0018 FFF7FEFF 		bl	trace_printf
 244              	.LVL17:
  85:../system/src/diag/trace.c ****   for (int i = 0; i < argc; ++i)
 245              		.loc 1 85 29 discriminator 2 view .LVU42
 246 001c 0134     		adds	r4, r4, #1
 247              	.LVL18:
 248              	.L14:
  85:../system/src/diag/trace.c ****   for (int i = 0; i < argc; ++i)
 249              		.loc 1 85 21 discriminator 1 view .LVU43
 250 001e AC42     		cmp	r4, r5
 251 0020 05DA     		bge	.L18
  87:../system/src/diag/trace.c ****         {
 252              		.loc 1 87 7 view .LVU44
  87:../system/src/diag/trace.c ****         {
 253              		.loc 1 87 10 is_stmt 0 view .LVU45
 254 0022 002C     		cmp	r4, #0
 255 0024 F5D0     		beq	.L15
  89:../system/src/diag/trace.c ****         }
 256              		.loc 1 89 11 is_stmt 1 view .LVU46
 257 0026 0648     		ldr	r0, .L19+8
 258 0028 FFF7FEFF 		bl	trace_printf
 259              	.LVL19:
 260 002c F1E7     		b	.L15
 261              	.L18:
 262              	.LBE2:
  92:../system/src/diag/trace.c ****     }
  93:../system/src/diag/trace.c ****   trace_printf("]);\n");
 263              		.loc 1 93 3 view .LVU47
 264 002e 0548     		ldr	r0, .L19+12
 265 0030 FFF7FEFF 		bl	trace_printf
 266              	.LVL20:
  94:../system/src/diag/trace.c **** }
 267              		.loc 1 94 1 is_stmt 0 view .LVU48
 268 0034 70BD     		pop	{r4, r5, r6, pc}
 269              	.LVL21:
 270              	.L20:
 271              		.loc 1 94 1 view .LVU49
 272 0036 00BF     		.align	2
 273              	.L19:
 274 0038 00000000 		.word	.LC1
 275 003c 1C000000 		.word	.LC3
 276 0040 18000000 		.word	.LC2
 277 0044 24000000 		.word	.LC4
 278              		.cfi_endproc
 279              	.LFE6:
 281              		.section	.bss.buf.0,"aw",%nobits
 282              		.align	2
 285              	buf.0:
 286 0000 00000000 		.space	128
 286      00000000 
 286      00000000 
 286      00000000 
 286      00000000 
 287              		.text
 288              	.Letext0:
 289              		.file 2 "c:\\users\\dmitriy\\appdata\\roaming\\xpacks\\@xpack-dev-tools\\arm-none-eabi-gcc\\12.3.1
 290              		.file 3 "c:\\users\\dmitriy\\appdata\\roaming\\xpacks\\@xpack-dev-tools\\arm-none-eabi-gcc\\12.3.1
 291              		.file 4 "c:\\users\\dmitriy\\appdata\\roaming\\xpacks\\@xpack-dev-tools\\arm-none-eabi-gcc\\12.3.1
 292              		.file 5 "c:\\users\\dmitriy\\appdata\\roaming\\xpacks\\@xpack-dev-tools\\arm-none-eabi-gcc\\12.3.1
 293              		.file 6 "c:\\users\\dmitriy\\appdata\\roaming\\xpacks\\@xpack-dev-tools\\arm-none-eabi-gcc\\12.3.1
 294              		.file 7 "../system/inc/diag/trace.h"
 295              		.file 8 "<built-in>"
DEFINED SYMBOLS
                            *ABS*:00000000 trace.c
C:\Users\Dmitriy\AppData\Local\Temp\cc9zJYFc.s:19     .text.trace_printf:00000000 $t
C:\Users\Dmitriy\AppData\Local\Temp\cc9zJYFc.s:25     .text.trace_printf:00000000 trace_printf
C:\Users\Dmitriy\AppData\Local\Temp\cc9zJYFc.s:95     .text.trace_printf:00000030 $d
C:\Users\Dmitriy\AppData\Local\Temp\cc9zJYFc.s:285    .bss.buf.0:00000000 buf.0
C:\Users\Dmitriy\AppData\Local\Temp\cc9zJYFc.s:100    .rodata.trace_puts.str1.4:00000000 $d
C:\Users\Dmitriy\AppData\Local\Temp\cc9zJYFc.s:104    .text.trace_puts:00000000 $t
C:\Users\Dmitriy\AppData\Local\Temp\cc9zJYFc.s:110    .text.trace_puts:00000000 trace_puts
C:\Users\Dmitriy\AppData\Local\Temp\cc9zJYFc.s:144    .text.trace_puts:0000001c $d
C:\Users\Dmitriy\AppData\Local\Temp\cc9zJYFc.s:149    .text.trace_putchar:00000000 $t
C:\Users\Dmitriy\AppData\Local\Temp\cc9zJYFc.s:155    .text.trace_putchar:00000000 trace_putchar
C:\Users\Dmitriy\AppData\Local\Temp\cc9zJYFc.s:187    .rodata.trace_dump_args.str1.4:00000000 $d
C:\Users\Dmitriy\AppData\Local\Temp\cc9zJYFc.s:200    .text.trace_dump_args:00000000 $t
C:\Users\Dmitriy\AppData\Local\Temp\cc9zJYFc.s:206    .text.trace_dump_args:00000000 trace_dump_args
C:\Users\Dmitriy\AppData\Local\Temp\cc9zJYFc.s:274    .text.trace_dump_args:00000038 $d
C:\Users\Dmitriy\AppData\Local\Temp\cc9zJYFc.s:282    .bss.buf.0:00000000 $d
                           .group:00000000 wm4.0.3ac34e011645c1b8d95761511e5c0518
                           .group:00000000 wm4._newlib_version.h.4.6d111ab2e95434b664b53815e5c8ccba
                           .group:00000000 wm4.newlib.h.27.d4bf77c18f14f545101dac22f0b54118
                           .group:00000000 wm4.ieeefp.h.77.0ee3146e9d892bb10bc0066c30189af1
                           .group:00000000 wm4.features.h.22.7877b139107948f7dadcf3660cc79cfd
                           .group:00000000 wm4.config.h.224.10ee1ad185d877c6e334e6581faab44d
                           .group:00000000 wm4._ansi.h.31.de524f58584151836e90d8620a16f8e8
                           .group:00000000 wm4.stdio.h.31.7c0e28c411445f3f9c5b11accf882760
                           .group:00000000 wm4._default_types.h.6.959254cf5f09734ea7516c89e8bb21bd
                           .group:00000000 wm4.stddef.h.185.cbb642e1ccd385e8aa504b15cb7fb086
                           .group:00000000 wm4.cdefs.h.49.f93868eb904b9ca05b5c0257d31128ca
                           .group:00000000 wm4.stddef.h.39.0e5f0dabba1c666ccadf0408e0d47322
                           .group:00000000 wm4.stdarg.h.34.3a23a216c0c293b3d2ea2e89281481e6
                           .group:00000000 wm4._types.h.20.dd0d04dca3800a0d2a6129b87f3adbb2
                           .group:00000000 wm4.stddef.h.158.5f30652bb2ea05b142c1bbee9108c999
                           .group:00000000 wm4._types.h.127.3bdfe3ff8ea2d0985b03d9cbe93480e3
                           .group:00000000 wm4.reent.h.17.e292bf8b0bec6c96e131a54347145a30
                           .group:00000000 wm4.lock.h.2.1461d1fff82dffe8bfddc23307f6484f
                           .group:00000000 wm4.reent.h.77.89f7dde66c62b1f1dee32bdb6ab2d544
                           .group:00000000 wm4.stdio.h.67.0cf8a9c281ab0b348aef5c02e7e48825
                           .group:00000000 wm4.stdio.h.2.4aa87247282eca6c8f36f9de33d8df1a
                           .group:00000000 wm4.stdio.h.87.a1e20d2651f9bfb66e51bfbe849db00a
                           .group:00000000 wm4.stdarg.h.31.3fa7b8f6daaa31edd1696c08c77f2a73
                           .group:00000000 wm4.unistd.h.2.39165d5b7784d1815ef4b0c4be6df560
                           .group:00000000 wm4.types.h.40.8b6acba56cefbb11746718204edc8f5e
                           .group:00000000 wm4._stdint.h.10.c24fa3af3bc1706662bb5593a907e841
                           .group:00000000 wm4._endian.h.31.65a10590763c3dde1ac4a7f66d7d4891
                           .group:00000000 wm4.endian.h.9.49f3a4695c1b61e8a0808de3c4a106cb
                           .group:00000000 wm4._timeval.h.32.bec3221fa7a9bb0bdde696c9c57e47d2
                           .group:00000000 wm4.timespec.h.41.d855182eb0e690443ab8651bcedca6e1
                           .group:00000000 wm4.select.h.19.8f92964f85316d866d3bb193a38b5ac3
                           .group:00000000 wm4.types.h.51.5ecfc21b937ad2a3fcc45d8f305131a2
                           .group:00000000 wm4.sched.h.22.c60982713a5c428609783c78f9c78d95
                           .group:00000000 wm4._pthreadtypes.h.36.fcee9961c35163dde6267ef772ad1972
                           .group:00000000 wm4.stddef.h.158.bfed30416c9480cd13bc4a25427d538f
                           .group:00000000 wm4.unistd.h.160.695186b56110851f30a6820c3f9a9999
                           .group:00000000 wm4.string.h.8.c4b8571ce60dff2817f43fec8b86aecd

UNDEFINED SYMBOLS
vsnprintf
trace_write
strlen
