   1              		.cpu cortex-m3
   2              		.arch armv7-m
   3              		.fpu softvfp
   4              		.eabi_attribute 20, 1
   5              		.eabi_attribute 21, 1
   6              		.eabi_attribute 23, 3
   7              		.eabi_attribute 24, 1
   8              		.eabi_attribute 25, 1
   9              		.eabi_attribute 26, 1
  10              		.eabi_attribute 30, 1
  11              		.eabi_attribute 34, 1
  12              		.eabi_attribute 18, 4
  13              		.file	"gd32f10x_crc.c"
  14              		.text
  15              	.Ltext0:
  16              		.cfi_sections	.debug_frame
  17              		.file 1 "../system/src/gd32f10x/gd32f10x_crc.c"
  18              		.section	.text.crc_deinit,"ax",%progbits
  19              		.align	1
  20              		.global	crc_deinit
  21              		.syntax unified
  22              		.thumb
  23              		.thumb_func
  25              	crc_deinit:
  26              	.LFB56:
   1:../system/src/gd32f10x/gd32f10x_crc.c **** /*!
   2:../system/src/gd32f10x/gd32f10x_crc.c ****     \file  gd32f10x_crc.c
   3:../system/src/gd32f10x/gd32f10x_crc.c ****     \brief CRC driver
   4:../system/src/gd32f10x/gd32f10x_crc.c ****     
   5:../system/src/gd32f10x/gd32f10x_crc.c ****     \version 2014-12-26, V1.0.0, firmware for GD32F10x
   6:../system/src/gd32f10x/gd32f10x_crc.c ****     \version 2017-06-20, V2.0.0, firmware for GD32F10x
   7:../system/src/gd32f10x/gd32f10x_crc.c ****     \version 2018-07-31, V2.1.0, firmware for GD32F10x
   8:../system/src/gd32f10x/gd32f10x_crc.c ****     \version 2020-09-30, V2.2.0, firmware for GD32F10x
   9:../system/src/gd32f10x/gd32f10x_crc.c **** */
  10:../system/src/gd32f10x/gd32f10x_crc.c **** 
  11:../system/src/gd32f10x/gd32f10x_crc.c **** /*
  12:../system/src/gd32f10x/gd32f10x_crc.c ****     Copyright (c) 2020, GigaDevice Semiconductor Inc.
  13:../system/src/gd32f10x/gd32f10x_crc.c **** 
  14:../system/src/gd32f10x/gd32f10x_crc.c ****     Redistribution and use in source and binary forms, with or without modification, 
  15:../system/src/gd32f10x/gd32f10x_crc.c **** are permitted provided that the following conditions are met:
  16:../system/src/gd32f10x/gd32f10x_crc.c **** 
  17:../system/src/gd32f10x/gd32f10x_crc.c ****     1. Redistributions of source code must retain the above copyright notice, this 
  18:../system/src/gd32f10x/gd32f10x_crc.c ****        list of conditions and the following disclaimer.
  19:../system/src/gd32f10x/gd32f10x_crc.c ****     2. Redistributions in binary form must reproduce the above copyright notice, 
  20:../system/src/gd32f10x/gd32f10x_crc.c ****        this list of conditions and the following disclaimer in the documentation 
  21:../system/src/gd32f10x/gd32f10x_crc.c ****        and/or other materials provided with the distribution.
  22:../system/src/gd32f10x/gd32f10x_crc.c ****     3. Neither the name of the copyright holder nor the names of its contributors 
  23:../system/src/gd32f10x/gd32f10x_crc.c ****        may be used to endorse or promote products derived from this software without 
  24:../system/src/gd32f10x/gd32f10x_crc.c ****        specific prior written permission.
  25:../system/src/gd32f10x/gd32f10x_crc.c **** 
  26:../system/src/gd32f10x/gd32f10x_crc.c ****     THIS SOFTWARE IS PROVIDED BY THE COPYRIGHT HOLDERS AND CONTRIBUTORS "AS IS" 
  27:../system/src/gd32f10x/gd32f10x_crc.c **** AND ANY EXPRESS OR IMPLIED WARRANTIES, INCLUDING, BUT NOT LIMITED TO, THE IMPLIED 
  28:../system/src/gd32f10x/gd32f10x_crc.c **** WARRANTIES OF MERCHANTABILITY AND FITNESS FOR A PARTICULAR PURPOSE ARE DISCLAIMED. 
  29:../system/src/gd32f10x/gd32f10x_crc.c **** IN NO EVENT SHALL THE COPYRIGHT HOLDER OR CONTRIBUTORS BE LIABLE FOR ANY DIRECT, 
  30:../system/src/gd32f10x/gd32f10x_crc.c **** INDIRECT, INCIDENTAL, SPECIAL, EXEMPLARY, OR CONSEQUENTIAL DAMAGES (INCLUDING, BUT 
  31:../system/src/gd32f10x/gd32f10x_crc.c **** NOT LIMITED TO, PROCUREMENT OF SUBSTITUTE GOODS OR SERVICES; LOSS OF USE, DATA, OR 
  32:../system/src/gd32f10x/gd32f10x_crc.c **** PROFITS; OR BUSINESS INTERRUPTION) HOWEVER CAUSED AND ON ANY THEORY OF LIABILITY, 
  33:../system/src/gd32f10x/gd32f10x_crc.c **** WHETHER IN CONTRACT, STRICT LIABILITY, OR TORT (INCLUDING NEGLIGENCE OR OTHERWISE) 
  34:../system/src/gd32f10x/gd32f10x_crc.c **** ARISING IN ANY WAY OUT OF THE USE OF THIS SOFTWARE, EVEN IF ADVISED OF THE POSSIBILITY 
  35:../system/src/gd32f10x/gd32f10x_crc.c **** OF SUCH DAMAGE.
  36:../system/src/gd32f10x/gd32f10x_crc.c **** */
  37:../system/src/gd32f10x/gd32f10x_crc.c **** 
  38:../system/src/gd32f10x/gd32f10x_crc.c **** #include "gd32f10x_crc.h"
  39:../system/src/gd32f10x/gd32f10x_crc.c **** 
  40:../system/src/gd32f10x/gd32f10x_crc.c **** #define CRC_DATA_RESET_VALUE      ((uint32_t)0xFFFFFFFFU)
  41:../system/src/gd32f10x/gd32f10x_crc.c **** #define CRC_FDATA_RESET_VALUE     ((uint32_t)0x00000000U)
  42:../system/src/gd32f10x/gd32f10x_crc.c **** 
  43:../system/src/gd32f10x/gd32f10x_crc.c **** /*!
  44:../system/src/gd32f10x/gd32f10x_crc.c ****     \brief      deinit CRC calculation unit
  45:../system/src/gd32f10x/gd32f10x_crc.c ****     \param[in]  none
  46:../system/src/gd32f10x/gd32f10x_crc.c ****     \param[out] none
  47:../system/src/gd32f10x/gd32f10x_crc.c ****     \retval     none
  48:../system/src/gd32f10x/gd32f10x_crc.c **** */
  49:../system/src/gd32f10x/gd32f10x_crc.c **** void crc_deinit(void)
  50:../system/src/gd32f10x/gd32f10x_crc.c **** {
  27              		.loc 1 50 1 view -0
  28              		.cfi_startproc
  29              		@ args = 0, pretend = 0, frame = 0
  30              		@ frame_needed = 0, uses_anonymous_args = 0
  31              		@ link register save eliminated.
  51:../system/src/gd32f10x/gd32f10x_crc.c ****     CRC_DATA  = CRC_DATA_RESET_VALUE;
  32              		.loc 1 51 5 view .LVU1
  33              		.loc 1 51 15 is_stmt 0 view .LVU2
  34 0000 044B     		ldr	r3, .L2
  35 0002 4FF0FF32 		mov	r2, #-1
  36 0006 1A60     		str	r2, [r3]
  52:../system/src/gd32f10x/gd32f10x_crc.c ****     CRC_FDATA = CRC_FDATA_RESET_VALUE;
  37              		.loc 1 52 5 is_stmt 1 view .LVU3
  38              		.loc 1 52 15 is_stmt 0 view .LVU4
  39 0008 0022     		movs	r2, #0
  40 000a 5A60     		str	r2, [r3, #4]
  53:../system/src/gd32f10x/gd32f10x_crc.c ****     CRC_CTL   = (uint32_t)CRC_CTL_RST;
  41              		.loc 1 53 5 is_stmt 1 view .LVU5
  42              		.loc 1 53 15 is_stmt 0 view .LVU6
  43 000c 0122     		movs	r2, #1
  44 000e 9A60     		str	r2, [r3, #8]
  54:../system/src/gd32f10x/gd32f10x_crc.c **** }
  45              		.loc 1 54 1 view .LVU7
  46 0010 7047     		bx	lr
  47              	.L3:
  48 0012 00BF     		.align	2
  49              	.L2:
  50 0014 00300240 		.word	1073885184
  51              		.cfi_endproc
  52              	.LFE56:
  54              		.section	.text.crc_data_register_reset,"ax",%progbits
  55              		.align	1
  56              		.global	crc_data_register_reset
  57              		.syntax unified
  58              		.thumb
  59              		.thumb_func
  61              	crc_data_register_reset:
  62              	.LFB57:
  55:../system/src/gd32f10x/gd32f10x_crc.c **** 
  56:../system/src/gd32f10x/gd32f10x_crc.c **** /*!
  57:../system/src/gd32f10x/gd32f10x_crc.c ****     \brief      reset data register to the value of initializaiton data register
  58:../system/src/gd32f10x/gd32f10x_crc.c ****     \param[in]  none
  59:../system/src/gd32f10x/gd32f10x_crc.c ****     \param[out] none
  60:../system/src/gd32f10x/gd32f10x_crc.c ****     \retval     none
  61:../system/src/gd32f10x/gd32f10x_crc.c **** */
  62:../system/src/gd32f10x/gd32f10x_crc.c **** void crc_data_register_reset(void)
  63:../system/src/gd32f10x/gd32f10x_crc.c **** {
  63              		.loc 1 63 1 is_stmt 1 view -0
  64              		.cfi_startproc
  65              		@ args = 0, pretend = 0, frame = 0
  66              		@ frame_needed = 0, uses_anonymous_args = 0
  67              		@ link register save eliminated.
  64:../system/src/gd32f10x/gd32f10x_crc.c ****     CRC_CTL |= (uint32_t)CRC_CTL_RST;
  68              		.loc 1 64 5 view .LVU9
  69 0000 024A     		ldr	r2, .L5
  70 0002 9368     		ldr	r3, [r2, #8]
  71              		.loc 1 64 13 is_stmt 0 view .LVU10
  72 0004 43F00103 		orr	r3, r3, #1
  73 0008 9360     		str	r3, [r2, #8]
  65:../system/src/gd32f10x/gd32f10x_crc.c **** }
  74              		.loc 1 65 1 view .LVU11
  75 000a 7047     		bx	lr
  76              	.L6:
  77              		.align	2
  78              	.L5:
  79 000c 00300240 		.word	1073885184
  80              		.cfi_endproc
  81              	.LFE57:
  83              		.section	.text.crc_data_register_read,"ax",%progbits
  84              		.align	1
  85              		.global	crc_data_register_read
  86              		.syntax unified
  87              		.thumb
  88              		.thumb_func
  90              	crc_data_register_read:
  91              	.LFB58:
  66:../system/src/gd32f10x/gd32f10x_crc.c **** 
  67:../system/src/gd32f10x/gd32f10x_crc.c **** /*!
  68:../system/src/gd32f10x/gd32f10x_crc.c ****     \brief      read the value of the data register 
  69:../system/src/gd32f10x/gd32f10x_crc.c ****     \param[in]  none
  70:../system/src/gd32f10x/gd32f10x_crc.c ****     \param[out] none
  71:../system/src/gd32f10x/gd32f10x_crc.c ****     \retval     32-bit value of the data register
  72:../system/src/gd32f10x/gd32f10x_crc.c **** */
  73:../system/src/gd32f10x/gd32f10x_crc.c **** uint32_t crc_data_register_read(void)
  74:../system/src/gd32f10x/gd32f10x_crc.c **** {
  92              		.loc 1 74 1 is_stmt 1 view -0
  93              		.cfi_startproc
  94              		@ args = 0, pretend = 0, frame = 0
  95              		@ frame_needed = 0, uses_anonymous_args = 0
  96              		@ link register save eliminated.
  75:../system/src/gd32f10x/gd32f10x_crc.c ****     uint32_t data;
  97              		.loc 1 75 5 view .LVU13
  76:../system/src/gd32f10x/gd32f10x_crc.c ****     data = CRC_DATA;
  98              		.loc 1 76 5 view .LVU14
  99              		.loc 1 76 10 is_stmt 0 view .LVU15
 100 0000 014B     		ldr	r3, .L8
 101 0002 1868     		ldr	r0, [r3]
 102              	.LVL0:
  77:../system/src/gd32f10x/gd32f10x_crc.c ****     return (data);
 103              		.loc 1 77 5 is_stmt 1 view .LVU16
  78:../system/src/gd32f10x/gd32f10x_crc.c **** }
 104              		.loc 1 78 1 is_stmt 0 view .LVU17
 105 0004 7047     		bx	lr
 106              	.L9:
 107 0006 00BF     		.align	2
 108              	.L8:
 109 0008 00300240 		.word	1073885184
 110              		.cfi_endproc
 111              	.LFE58:
 113              		.section	.text.crc_free_data_register_read,"ax",%progbits
 114              		.align	1
 115              		.global	crc_free_data_register_read
 116              		.syntax unified
 117              		.thumb
 118              		.thumb_func
 120              	crc_free_data_register_read:
 121              	.LFB59:
  79:../system/src/gd32f10x/gd32f10x_crc.c **** 
  80:../system/src/gd32f10x/gd32f10x_crc.c **** /*!
  81:../system/src/gd32f10x/gd32f10x_crc.c ****     \brief      read the value of the free data register
  82:../system/src/gd32f10x/gd32f10x_crc.c ****     \param[in]  none
  83:../system/src/gd32f10x/gd32f10x_crc.c ****     \param[out] none
  84:../system/src/gd32f10x/gd32f10x_crc.c ****     \retval     8-bit value of the free data register
  85:../system/src/gd32f10x/gd32f10x_crc.c **** */
  86:../system/src/gd32f10x/gd32f10x_crc.c **** uint8_t crc_free_data_register_read(void)
  87:../system/src/gd32f10x/gd32f10x_crc.c **** {
 122              		.loc 1 87 1 is_stmt 1 view -0
 123              		.cfi_startproc
 124              		@ args = 0, pretend = 0, frame = 0
 125              		@ frame_needed = 0, uses_anonymous_args = 0
 126              		@ link register save eliminated.
  88:../system/src/gd32f10x/gd32f10x_crc.c ****     uint8_t fdata;
 127              		.loc 1 88 5 view .LVU19
  89:../system/src/gd32f10x/gd32f10x_crc.c ****     fdata = (uint8_t)CRC_FDATA;
 128              		.loc 1 89 5 view .LVU20
 129              		.loc 1 89 22 is_stmt 0 view .LVU21
 130 0000 014B     		ldr	r3, .L11
 131 0002 5868     		ldr	r0, [r3, #4]
 132              	.LVL1:
  90:../system/src/gd32f10x/gd32f10x_crc.c ****     return (fdata);
 133              		.loc 1 90 5 is_stmt 1 view .LVU22
  91:../system/src/gd32f10x/gd32f10x_crc.c **** }
 134              		.loc 1 91 1 is_stmt 0 view .LVU23
 135 0004 C0B2     		uxtb	r0, r0
 136              		.loc 1 91 1 view .LVU24
 137 0006 7047     		bx	lr
 138              	.L12:
 139              		.align	2
 140              	.L11:
 141 0008 00300240 		.word	1073885184
 142              		.cfi_endproc
 143              	.LFE59:
 145              		.section	.text.crc_free_data_register_write,"ax",%progbits
 146              		.align	1
 147              		.global	crc_free_data_register_write
 148              		.syntax unified
 149              		.thumb
 150              		.thumb_func
 152              	crc_free_data_register_write:
 153              	.LVL2:
 154              	.LFB60:
  92:../system/src/gd32f10x/gd32f10x_crc.c **** 
  93:../system/src/gd32f10x/gd32f10x_crc.c **** /*!
  94:../system/src/gd32f10x/gd32f10x_crc.c ****     \brief      write data to the free data register
  95:../system/src/gd32f10x/gd32f10x_crc.c ****     \param[in]  free_data: specify 8-bit data
  96:../system/src/gd32f10x/gd32f10x_crc.c ****     \param[out] none
  97:../system/src/gd32f10x/gd32f10x_crc.c ****     \retval     none
  98:../system/src/gd32f10x/gd32f10x_crc.c **** */
  99:../system/src/gd32f10x/gd32f10x_crc.c **** void crc_free_data_register_write(uint8_t free_data)
 100:../system/src/gd32f10x/gd32f10x_crc.c **** {
 155              		.loc 1 100 1 is_stmt 1 view -0
 156              		.cfi_startproc
 157              		@ args = 0, pretend = 0, frame = 0
 158              		@ frame_needed = 0, uses_anonymous_args = 0
 159              		@ link register save eliminated.
 101:../system/src/gd32f10x/gd32f10x_crc.c ****     CRC_FDATA = (uint32_t)free_data;
 160              		.loc 1 101 5 view .LVU26
 161              		.loc 1 101 15 is_stmt 0 view .LVU27
 162 0000 014B     		ldr	r3, .L14
 163 0002 5860     		str	r0, [r3, #4]
 102:../system/src/gd32f10x/gd32f10x_crc.c **** }
 164              		.loc 1 102 1 view .LVU28
 165 0004 7047     		bx	lr
 166              	.L15:
 167 0006 00BF     		.align	2
 168              	.L14:
 169 0008 00300240 		.word	1073885184
 170              		.cfi_endproc
 171              	.LFE60:
 173              		.section	.text.crc_single_data_calculate,"ax",%progbits
 174              		.align	1
 175              		.global	crc_single_data_calculate
 176              		.syntax unified
 177              		.thumb
 178              		.thumb_func
 180              	crc_single_data_calculate:
 181              	.LVL3:
 182              	.LFB61:
 103:../system/src/gd32f10x/gd32f10x_crc.c **** 
 104:../system/src/gd32f10x/gd32f10x_crc.c **** /*!
 105:../system/src/gd32f10x/gd32f10x_crc.c ****     \brief      calculate the CRC value of a 32-bit data
 106:../system/src/gd32f10x/gd32f10x_crc.c ****     \param[in]  sdata: specified 32-bit data
 107:../system/src/gd32f10x/gd32f10x_crc.c ****     \param[out] none
 108:../system/src/gd32f10x/gd32f10x_crc.c ****     \retval     32-bit value calculated by CRC
 109:../system/src/gd32f10x/gd32f10x_crc.c **** */
 110:../system/src/gd32f10x/gd32f10x_crc.c **** uint32_t crc_single_data_calculate(uint32_t sdata)
 111:../system/src/gd32f10x/gd32f10x_crc.c **** {
 183              		.loc 1 111 1 is_stmt 1 view -0
 184              		.cfi_startproc
 185              		@ args = 0, pretend = 0, frame = 0
 186              		@ frame_needed = 0, uses_anonymous_args = 0
 187              		@ link register save eliminated.
 112:../system/src/gd32f10x/gd32f10x_crc.c ****     CRC_DATA = sdata;
 188              		.loc 1 112 5 view .LVU30
 189              		.loc 1 112 14 is_stmt 0 view .LVU31
 190 0000 014B     		ldr	r3, .L17
 191 0002 1860     		str	r0, [r3]
 113:../system/src/gd32f10x/gd32f10x_crc.c ****     return (CRC_DATA);
 192              		.loc 1 113 5 is_stmt 1 view .LVU32
 193              		.loc 1 113 13 is_stmt 0 view .LVU33
 194 0004 1868     		ldr	r0, [r3]
 195              	.LVL4:
 114:../system/src/gd32f10x/gd32f10x_crc.c **** }
 196              		.loc 1 114 1 view .LVU34
 197 0006 7047     		bx	lr
 198              	.L18:
 199              		.align	2
 200              	.L17:
 201 0008 00300240 		.word	1073885184
 202              		.cfi_endproc
 203              	.LFE61:
 205              		.section	.text.crc_block_data_calculate,"ax",%progbits
 206              		.align	1
 207              		.global	crc_block_data_calculate
 208              		.syntax unified
 209              		.thumb
 210              		.thumb_func
 212              	crc_block_data_calculate:
 213              	.LVL5:
 214              	.LFB62:
 115:../system/src/gd32f10x/gd32f10x_crc.c **** 
 116:../system/src/gd32f10x/gd32f10x_crc.c **** /*!
 117:../system/src/gd32f10x/gd32f10x_crc.c ****     \brief      calculate the CRC value of an array of 32-bit values
 118:../system/src/gd32f10x/gd32f10x_crc.c ****     \param[in]  array: pointer to an array of 32-bit values
 119:../system/src/gd32f10x/gd32f10x_crc.c ****     \param[in]  size: size of the array
 120:../system/src/gd32f10x/gd32f10x_crc.c ****     \param[out] none
 121:../system/src/gd32f10x/gd32f10x_crc.c ****     \retval     32-bit value calculated by CRC
 122:../system/src/gd32f10x/gd32f10x_crc.c **** */
 123:../system/src/gd32f10x/gd32f10x_crc.c **** uint32_t crc_block_data_calculate(uint32_t array[], uint32_t size)
 124:../system/src/gd32f10x/gd32f10x_crc.c **** {
 215              		.loc 1 124 1 is_stmt 1 view -0
 216              		.cfi_startproc
 217              		@ args = 0, pretend = 0, frame = 0
 218              		@ frame_needed = 0, uses_anonymous_args = 0
 219              		@ link register save eliminated.
 125:../system/src/gd32f10x/gd32f10x_crc.c ****     uint32_t index;
 220              		.loc 1 125 5 view .LVU36
 126:../system/src/gd32f10x/gd32f10x_crc.c ****     for(index = 0U; index < size; index++){
 221              		.loc 1 126 5 view .LVU37
 222              		.loc 1 126 15 is_stmt 0 view .LVU38
 223 0000 0023     		movs	r3, #0
 224              		.loc 1 126 5 view .LVU39
 225 0002 05E0     		b	.L20
 226              	.LVL6:
 227              	.L21:
 127:../system/src/gd32f10x/gd32f10x_crc.c ****         CRC_DATA = array[index];
 228              		.loc 1 127 9 is_stmt 1 discriminator 3 view .LVU40
 229              		.loc 1 127 18 is_stmt 0 discriminator 3 view .LVU41
 230 0004 054A     		ldr	r2, .L22
 231 0006 50F823C0 		ldr	ip, [r0, r3, lsl #2]
 232 000a C2F800C0 		str	ip, [r2]
 126:../system/src/gd32f10x/gd32f10x_crc.c ****     for(index = 0U; index < size; index++){
 233              		.loc 1 126 40 is_stmt 1 discriminator 3 view .LVU42
 234 000e 0133     		adds	r3, r3, #1
 235              	.LVL7:
 236              	.L20:
 126:../system/src/gd32f10x/gd32f10x_crc.c ****     for(index = 0U; index < size; index++){
 237              		.loc 1 126 27 discriminator 1 view .LVU43
 238 0010 8B42     		cmp	r3, r1
 239 0012 F7D3     		bcc	.L21
 128:../system/src/gd32f10x/gd32f10x_crc.c ****     }
 129:../system/src/gd32f10x/gd32f10x_crc.c ****     return (CRC_DATA);
 240              		.loc 1 129 5 view .LVU44
 241              		.loc 1 129 13 is_stmt 0 view .LVU45
 242 0014 014B     		ldr	r3, .L22
 243              	.LVL8:
 244              		.loc 1 129 13 view .LVU46
 245 0016 1868     		ldr	r0, [r3]
 246              	.LVL9:
 130:../system/src/gd32f10x/gd32f10x_crc.c **** }
 247              		.loc 1 130 1 view .LVU47
 248 0018 7047     		bx	lr
 249              	.L23:
 250 001a 00BF     		.align	2
 251              	.L22:
 252 001c 00300240 		.word	1073885184
 253              		.cfi_endproc
 254              	.LFE62:
 256              		.text
 257              	.Letext0:
 258              		.file 2 "c:\\users\\dmitriy\\appdata\\roaming\\xpacks\\@xpack-dev-tools\\arm-none-eabi-gcc\\12.3.1
DEFINED SYMBOLS
                            *ABS*:00000000 gd32f10x_crc.c
C:\Users\Dmitriy\AppData\Local\Temp\ccgfS8Rh.s:19     .text.crc_deinit:00000000 $t
C:\Users\Dmitriy\AppData\Local\Temp\ccgfS8Rh.s:25     .text.crc_deinit:00000000 crc_deinit
C:\Users\Dmitriy\AppData\Local\Temp\ccgfS8Rh.s:50     .text.crc_deinit:00000014 $d
C:\Users\Dmitriy\AppData\Local\Temp\ccgfS8Rh.s:55     .text.crc_data_register_reset:00000000 $t
C:\Users\Dmitriy\AppData\Local\Temp\ccgfS8Rh.s:61     .text.crc_data_register_reset:00000000 crc_data_register_reset
C:\Users\Dmitriy\AppData\Local\Temp\ccgfS8Rh.s:79     .text.crc_data_register_reset:0000000c $d
C:\Users\Dmitriy\AppData\Local\Temp\ccgfS8Rh.s:84     .text.crc_data_register_read:00000000 $t
C:\Users\Dmitriy\AppData\Local\Temp\ccgfS8Rh.s:90     .text.crc_data_register_read:00000000 crc_data_register_read
C:\Users\Dmitriy\AppData\Local\Temp\ccgfS8Rh.s:109    .text.crc_data_register_read:00000008 $d
C:\Users\Dmitriy\AppData\Local\Temp\ccgfS8Rh.s:114    .text.crc_free_data_register_read:00000000 $t
C:\Users\Dmitriy\AppData\Local\Temp\ccgfS8Rh.s:120    .text.crc_free_data_register_read:00000000 crc_free_data_register_read
C:\Users\Dmitriy\AppData\Local\Temp\ccgfS8Rh.s:141    .text.crc_free_data_register_read:00000008 $d
C:\Users\Dmitriy\AppData\Local\Temp\ccgfS8Rh.s:146    .text.crc_free_data_register_write:00000000 $t
C:\Users\Dmitriy\AppData\Local\Temp\ccgfS8Rh.s:152    .text.crc_free_data_register_write:00000000 crc_free_data_register_write
C:\Users\Dmitriy\AppData\Local\Temp\ccgfS8Rh.s:169    .text.crc_free_data_register_write:00000008 $d
C:\Users\Dmitriy\AppData\Local\Temp\ccgfS8Rh.s:174    .text.crc_single_data_calculate:00000000 $t
C:\Users\Dmitriy\AppData\Local\Temp\ccgfS8Rh.s:180    .text.crc_single_data_calculate:00000000 crc_single_data_calculate
C:\Users\Dmitriy\AppData\Local\Temp\ccgfS8Rh.s:201    .text.crc_single_data_calculate:00000008 $d
C:\Users\Dmitriy\AppData\Local\Temp\ccgfS8Rh.s:206    .text.crc_block_data_calculate:00000000 $t
C:\Users\Dmitriy\AppData\Local\Temp\ccgfS8Rh.s:212    .text.crc_block_data_calculate:00000000 crc_block_data_calculate
C:\Users\Dmitriy\AppData\Local\Temp\ccgfS8Rh.s:252    .text.crc_block_data_calculate:0000001c $d
                           .group:00000000 wm4.0.3ac34e011645c1b8d95761511e5c0518
                           .group:00000000 wm4.gd32f10x.h.39.34aa79a68d44b3fc31805fff8eeec626
                           .group:00000000 wm4.core_cm3.h.47.f403a0b1a9e3f5bd328e41f4fa5fc23b
                           .group:00000000 wm4.stdintgcc.h.29.6d480f4ba0f60596e88234283d42444f
                           .group:00000000 wm4.core_cmInstr.h.39.c66a1c911732cf6be44e58f2bee25308
                           .group:00000000 wm4.core_cm3.h.155.db3dfdf4b365cc230a717221b218ddd5
                           .group:00000000 wm4.gd32f10x.h.320.528bbe72ec64ad23b6e5473e267247b4
                           .group:00000000 wm4.gd32f10x_adc.h.44.619483e99e32c90a5f7c6ed512bbf95b
                           .group:00000000 wm4.gd32f10x_bkp.h.39.4da6e92b74c7310fa25e26e16145cf9d
                           .group:00000000 wm4.gd32f10x_can.h.41.99143e9b2de50f71c3392eea2d9e706b
                           .group:00000000 wm4.gd32f10x_dac.h.39.a3dd044652013a67f3cc1bbd4333b1f5
                           .group:00000000 wm4.gd32f10x_dma.h.40.e0e420e6b56a4398ac3aa49fe3f1eb37
                           .group:00000000 wm4.ieeefp.h.77.0ee3146e9d892bb10bc0066c30189af1
                           .group:00000000 wm4._newlib_version.h.4.6d111ab2e95434b664b53815e5c8ccba
                           .group:00000000 wm4.newlib.h.27.d4bf77c18f14f545101dac22f0b54118
                           .group:00000000 wm4.features.h.22.7877b139107948f7dadcf3660cc79cfd
                           .group:00000000 wm4.config.h.224.10ee1ad185d877c6e334e6581faab44d
                           .group:00000000 wm4._ansi.h.31.de524f58584151836e90d8620a16f8e8
                           .group:00000000 wm4.stdlib.h.13.4ed386f5c1a80d71e72172885d946ef2
                           .group:00000000 wm4.stddef.h.185.882514a1a6169ceba9142f401cbe27c6
                           .group:00000000 wm4.stddef.h.39.f07083f9b666a9e5c52a336c758fdd72
                           .group:00000000 wm4._types.h.20.dd0d04dca3800a0d2a6129b87f3adbb2
                           .group:00000000 wm4.stddef.h.158.5f30652bb2ea05b142c1bbee9108c999
                           .group:00000000 wm4._default_types.h.6.959254cf5f09734ea7516c89e8bb21bd
                           .group:00000000 wm4._types.h.127.3bdfe3ff8ea2d0985b03d9cbe93480e3
                           .group:00000000 wm4.reent.h.17.e292bf8b0bec6c96e131a54347145a30
                           .group:00000000 wm4.lock.h.2.1461d1fff82dffe8bfddc23307f6484f
                           .group:00000000 wm4.reent.h.77.89f7dde66c62b1f1dee32bdb6ab2d544
                           .group:00000000 wm4.cdefs.h.49.f93868eb904b9ca05b5c0257d31128ca
                           .group:00000000 wm4.alloca.h.8.dfc0c703c47ec3e69746825b17d9e66d
                           .group:00000000 wm4.stdlib.h.56.f4862cfbf4363a1db01842d5bdf72c18
                           .group:00000000 wm4.gd32f10x_enet.h.44.638fb20a727f17a9f45c8bef0e4dc155
                           .group:00000000 wm4.gd32f10x_exmc.h.39.cd31f13ab884fb77a3b2d0dd19135c79
                           .group:00000000 wm4.gd32f10x_exti.h.39.f641ba5efef75aed967e0eca0d908b22
                           .group:00000000 wm4.gd32f10x_fmc.h.39.7e6aa836f91030dd1ff3782a069962bf
                           .group:00000000 wm4.gd32f10x_gpio.h.39.80b4d0c5aa2b4bb9a76b4f0ed7eb4f37
                           .group:00000000 wm4.gd32f10x_i2c.h.40.8897e5891a1cbe807de60657ffffdeb4
                           .group:00000000 wm4.gd32f10x_fwdgt.h.39.98d7bcc523d52c51b47267d3aa630510
                           .group:00000000 wm4.gd32f10x_dbg.h.40.7f011e3bfaf652db4fef79974773282c
                           .group:00000000 wm4.gd32f10x_misc.h.39.02269a148ed2e3625e137e1efd69eb5b
                           .group:00000000 wm4.gd32f10x_pmu.h.39.74926372d4607639ac6680132fe98aa1
                           .group:00000000 wm4.gd32f10x_rcu.h.39.8a90a017c64bad5f5bd02c211060734d
                           .group:00000000 wm4.gd32f10x_rtc.h.39.8a002d392eec882fcd681ea51f1c73a0
                           .group:00000000 wm4.gd32f10x_sdio.h.39.f2faa8e3b059e0ddee4e4ee996fe3269
                           .group:00000000 wm4.gd32f10x_spi.h.39.902664de8fc67c732b453548a8b810bf
                           .group:00000000 wm4.gd32f10x_timer.h.39.bb5f06befe0b01a2e83ec1dec4ea7722
                           .group:00000000 wm4.gd32f10x_usart.h.39.77325e272b5abf9a7b4cf37f2c34644a
                           .group:00000000 wm4.gd32f10x_wwdgt.h.39.3fa1c00ac1b6c8ed1fb1e9f65bb3835a
                           .group:00000000 wm4.gd32f10x_crc.h.44.8847763e73b8c177cf18ff14eeb33333

NO UNDEFINED SYMBOLS
