   1              		.cpu cortex-m3
   2              		.arch armv7-m
   3              		.fpu softvfp
   4              		.eabi_attribute 20, 1
   5              		.eabi_attribute 21, 1
   6              		.eabi_attribute 23, 3
   7              		.eabi_attribute 24, 1
   8              		.eabi_attribute 25, 1
   9              		.eabi_attribute 26, 1
  10              		.eabi_attribute 30, 1
  11              		.eabi_attribute 34, 1
  12              		.eabi_attribute 18, 4
  13              		.file	"gd32f10x_fwdgt.c"
  14              		.text
  15              	.Ltext0:
  16              		.cfi_sections	.debug_frame
  17              		.file 1 "../system/src/gd32f10x/gd32f10x_fwdgt.c"
  18              		.section	.text.fwdgt_write_enable,"ax",%progbits
  19              		.align	1
  20              		.global	fwdgt_write_enable
  21              		.syntax unified
  22              		.thumb
  23              		.thumb_func
  25              	fwdgt_write_enable:
  26              	.LFB56:
   1:../system/src/gd32f10x/gd32f10x_fwdgt.c **** /*!
   2:../system/src/gd32f10x/gd32f10x_fwdgt.c ****     \file    gd32f10x_fwdgt.c
   3:../system/src/gd32f10x/gd32f10x_fwdgt.c ****     \brief   FWDGT driver
   4:../system/src/gd32f10x/gd32f10x_fwdgt.c ****        
   5:../system/src/gd32f10x/gd32f10x_fwdgt.c ****     \version 2014-12-26, V1.0.0, firmware for GD32F10x
   6:../system/src/gd32f10x/gd32f10x_fwdgt.c ****     \version 2017-06-20, V2.0.0, firmware for GD32F10x
   7:../system/src/gd32f10x/gd32f10x_fwdgt.c ****     \version 2018-07-31, V2.1.0, firmware for GD32F10x
   8:../system/src/gd32f10x/gd32f10x_fwdgt.c ****     \version 2020-09-30, V2.2.0, firmware for GD32F10x
   9:../system/src/gd32f10x/gd32f10x_fwdgt.c **** */
  10:../system/src/gd32f10x/gd32f10x_fwdgt.c **** 
  11:../system/src/gd32f10x/gd32f10x_fwdgt.c **** /*
  12:../system/src/gd32f10x/gd32f10x_fwdgt.c ****     Copyright (c) 2020, GigaDevice Semiconductor Inc.
  13:../system/src/gd32f10x/gd32f10x_fwdgt.c **** 
  14:../system/src/gd32f10x/gd32f10x_fwdgt.c ****     Redistribution and use in source and binary forms, with or without modification, 
  15:../system/src/gd32f10x/gd32f10x_fwdgt.c **** are permitted provided that the following conditions are met:
  16:../system/src/gd32f10x/gd32f10x_fwdgt.c **** 
  17:../system/src/gd32f10x/gd32f10x_fwdgt.c ****     1. Redistributions of source code must retain the above copyright notice, this 
  18:../system/src/gd32f10x/gd32f10x_fwdgt.c ****        list of conditions and the following disclaimer.
  19:../system/src/gd32f10x/gd32f10x_fwdgt.c ****     2. Redistributions in binary form must reproduce the above copyright notice, 
  20:../system/src/gd32f10x/gd32f10x_fwdgt.c ****        this list of conditions and the following disclaimer in the documentation 
  21:../system/src/gd32f10x/gd32f10x_fwdgt.c ****        and/or other materials provided with the distribution.
  22:../system/src/gd32f10x/gd32f10x_fwdgt.c ****     3. Neither the name of the copyright holder nor the names of its contributors 
  23:../system/src/gd32f10x/gd32f10x_fwdgt.c ****        may be used to endorse or promote products derived from this software without 
  24:../system/src/gd32f10x/gd32f10x_fwdgt.c ****        specific prior written permission.
  25:../system/src/gd32f10x/gd32f10x_fwdgt.c **** 
  26:../system/src/gd32f10x/gd32f10x_fwdgt.c ****     THIS SOFTWARE IS PROVIDED BY THE COPYRIGHT HOLDERS AND CONTRIBUTORS "AS IS" 
  27:../system/src/gd32f10x/gd32f10x_fwdgt.c **** AND ANY EXPRESS OR IMPLIED WARRANTIES, INCLUDING, BUT NOT LIMITED TO, THE IMPLIED 
  28:../system/src/gd32f10x/gd32f10x_fwdgt.c **** WARRANTIES OF MERCHANTABILITY AND FITNESS FOR A PARTICULAR PURPOSE ARE DISCLAIMED. 
  29:../system/src/gd32f10x/gd32f10x_fwdgt.c **** IN NO EVENT SHALL THE COPYRIGHT HOLDER OR CONTRIBUTORS BE LIABLE FOR ANY DIRECT, 
  30:../system/src/gd32f10x/gd32f10x_fwdgt.c **** INDIRECT, INCIDENTAL, SPECIAL, EXEMPLARY, OR CONSEQUENTIAL DAMAGES (INCLUDING, BUT 
  31:../system/src/gd32f10x/gd32f10x_fwdgt.c **** NOT LIMITED TO, PROCUREMENT OF SUBSTITUTE GOODS OR SERVICES; LOSS OF USE, DATA, OR 
  32:../system/src/gd32f10x/gd32f10x_fwdgt.c **** PROFITS; OR BUSINESS INTERRUPTION) HOWEVER CAUSED AND ON ANY THEORY OF LIABILITY, 
  33:../system/src/gd32f10x/gd32f10x_fwdgt.c **** WHETHER IN CONTRACT, STRICT LIABILITY, OR TORT (INCLUDING NEGLIGENCE OR OTHERWISE) 
  34:../system/src/gd32f10x/gd32f10x_fwdgt.c **** ARISING IN ANY WAY OUT OF THE USE OF THIS SOFTWARE, EVEN IF ADVISED OF THE POSSIBILITY 
  35:../system/src/gd32f10x/gd32f10x_fwdgt.c **** OF SUCH DAMAGE.
  36:../system/src/gd32f10x/gd32f10x_fwdgt.c **** */
  37:../system/src/gd32f10x/gd32f10x_fwdgt.c **** 
  38:../system/src/gd32f10x/gd32f10x_fwdgt.c **** #include "gd32f10x_fwdgt.h"
  39:../system/src/gd32f10x/gd32f10x_fwdgt.c **** 
  40:../system/src/gd32f10x/gd32f10x_fwdgt.c **** /*!
  41:../system/src/gd32f10x/gd32f10x_fwdgt.c ****     \brief      enable write access to FWDGT_PSC and FWDGT_RLD
  42:../system/src/gd32f10x/gd32f10x_fwdgt.c ****     \param[in]  none
  43:../system/src/gd32f10x/gd32f10x_fwdgt.c ****     \param[out] none
  44:../system/src/gd32f10x/gd32f10x_fwdgt.c ****     \retval     none
  45:../system/src/gd32f10x/gd32f10x_fwdgt.c **** */
  46:../system/src/gd32f10x/gd32f10x_fwdgt.c **** void fwdgt_write_enable(void)
  47:../system/src/gd32f10x/gd32f10x_fwdgt.c **** {
  27              		.loc 1 47 1 view -0
  28              		.cfi_startproc
  29              		@ args = 0, pretend = 0, frame = 0
  30              		@ frame_needed = 0, uses_anonymous_args = 0
  31              		@ link register save eliminated.
  48:../system/src/gd32f10x/gd32f10x_fwdgt.c ****     FWDGT_CTL = FWDGT_WRITEACCESS_ENABLE;
  32              		.loc 1 48 5 view .LVU1
  33              		.loc 1 48 15 is_stmt 0 view .LVU2
  34 0000 024B     		ldr	r3, .L2
  35 0002 45F25552 		movw	r2, #21845
  36 0006 1A60     		str	r2, [r3]
  49:../system/src/gd32f10x/gd32f10x_fwdgt.c **** }
  37              		.loc 1 49 1 view .LVU3
  38 0008 7047     		bx	lr
  39              	.L3:
  40 000a 00BF     		.align	2
  41              	.L2:
  42 000c 00300040 		.word	1073754112
  43              		.cfi_endproc
  44              	.LFE56:
  46              		.section	.text.fwdgt_write_disable,"ax",%progbits
  47              		.align	1
  48              		.global	fwdgt_write_disable
  49              		.syntax unified
  50              		.thumb
  51              		.thumb_func
  53              	fwdgt_write_disable:
  54              	.LFB57:
  50:../system/src/gd32f10x/gd32f10x_fwdgt.c **** 
  51:../system/src/gd32f10x/gd32f10x_fwdgt.c **** /*!
  52:../system/src/gd32f10x/gd32f10x_fwdgt.c ****     \brief      disable write access to FWDGT_PSC and FWDGT_RLD
  53:../system/src/gd32f10x/gd32f10x_fwdgt.c ****     \param[in]  none
  54:../system/src/gd32f10x/gd32f10x_fwdgt.c ****     \param[out] none
  55:../system/src/gd32f10x/gd32f10x_fwdgt.c ****     \retval     none
  56:../system/src/gd32f10x/gd32f10x_fwdgt.c **** */
  57:../system/src/gd32f10x/gd32f10x_fwdgt.c **** void fwdgt_write_disable(void)
  58:../system/src/gd32f10x/gd32f10x_fwdgt.c **** {
  55              		.loc 1 58 1 is_stmt 1 view -0
  56              		.cfi_startproc
  57              		@ args = 0, pretend = 0, frame = 0
  58              		@ frame_needed = 0, uses_anonymous_args = 0
  59              		@ link register save eliminated.
  59:../system/src/gd32f10x/gd32f10x_fwdgt.c ****     FWDGT_CTL = FWDGT_WRITEACCESS_DISABLE;
  60              		.loc 1 59 5 view .LVU5
  61              		.loc 1 59 15 is_stmt 0 view .LVU6
  62 0000 014B     		ldr	r3, .L5
  63 0002 0022     		movs	r2, #0
  64 0004 1A60     		str	r2, [r3]
  60:../system/src/gd32f10x/gd32f10x_fwdgt.c **** }
  65              		.loc 1 60 1 view .LVU7
  66 0006 7047     		bx	lr
  67              	.L6:
  68              		.align	2
  69              	.L5:
  70 0008 00300040 		.word	1073754112
  71              		.cfi_endproc
  72              	.LFE57:
  74              		.section	.text.fwdgt_enable,"ax",%progbits
  75              		.align	1
  76              		.global	fwdgt_enable
  77              		.syntax unified
  78              		.thumb
  79              		.thumb_func
  81              	fwdgt_enable:
  82              	.LFB58:
  61:../system/src/gd32f10x/gd32f10x_fwdgt.c **** 
  62:../system/src/gd32f10x/gd32f10x_fwdgt.c **** /*!
  63:../system/src/gd32f10x/gd32f10x_fwdgt.c ****     \brief      start the free watchdog timer counter
  64:../system/src/gd32f10x/gd32f10x_fwdgt.c ****     \param[in]  none
  65:../system/src/gd32f10x/gd32f10x_fwdgt.c ****     \param[out] none
  66:../system/src/gd32f10x/gd32f10x_fwdgt.c ****     \retval     none
  67:../system/src/gd32f10x/gd32f10x_fwdgt.c **** */
  68:../system/src/gd32f10x/gd32f10x_fwdgt.c **** void fwdgt_enable(void)
  69:../system/src/gd32f10x/gd32f10x_fwdgt.c **** {
  83              		.loc 1 69 1 is_stmt 1 view -0
  84              		.cfi_startproc
  85              		@ args = 0, pretend = 0, frame = 0
  86              		@ frame_needed = 0, uses_anonymous_args = 0
  87              		@ link register save eliminated.
  70:../system/src/gd32f10x/gd32f10x_fwdgt.c ****     FWDGT_CTL = FWDGT_KEY_ENABLE;
  88              		.loc 1 70 5 view .LVU9
  89              		.loc 1 70 15 is_stmt 0 view .LVU10
  90 0000 024B     		ldr	r3, .L8
  91 0002 4CF6CC42 		movw	r2, #52428
  92 0006 1A60     		str	r2, [r3]
  71:../system/src/gd32f10x/gd32f10x_fwdgt.c **** }
  93              		.loc 1 71 1 view .LVU11
  94 0008 7047     		bx	lr
  95              	.L9:
  96 000a 00BF     		.align	2
  97              	.L8:
  98 000c 00300040 		.word	1073754112
  99              		.cfi_endproc
 100              	.LFE58:
 102              		.section	.text.fwdgt_prescaler_value_config,"ax",%progbits
 103              		.align	1
 104              		.global	fwdgt_prescaler_value_config
 105              		.syntax unified
 106              		.thumb
 107              		.thumb_func
 109              	fwdgt_prescaler_value_config:
 110              	.LVL0:
 111              	.LFB59:
  72:../system/src/gd32f10x/gd32f10x_fwdgt.c **** 
  73:../system/src/gd32f10x/gd32f10x_fwdgt.c **** /*!
  74:../system/src/gd32f10x/gd32f10x_fwdgt.c ****     \brief      configure the free watchdog timer counter prescaler value
  75:../system/src/gd32f10x/gd32f10x_fwdgt.c ****     \param[in]  prescaler_value: specify prescaler value
  76:../system/src/gd32f10x/gd32f10x_fwdgt.c ****                 only one parameter can be selected which is shown as below:
  77:../system/src/gd32f10x/gd32f10x_fwdgt.c ****       \arg        FWDGT_PSC_DIV4: FWDGT prescaler set to 4
  78:../system/src/gd32f10x/gd32f10x_fwdgt.c ****       \arg        FWDGT_PSC_DIV8: FWDGT prescaler set to 8
  79:../system/src/gd32f10x/gd32f10x_fwdgt.c ****       \arg        FWDGT_PSC_DIV16: FWDGT prescaler set to 16
  80:../system/src/gd32f10x/gd32f10x_fwdgt.c ****       \arg        FWDGT_PSC_DIV32: FWDGT prescaler set to 32
  81:../system/src/gd32f10x/gd32f10x_fwdgt.c ****       \arg        FWDGT_PSC_DIV64: FWDGT prescaler set to 64
  82:../system/src/gd32f10x/gd32f10x_fwdgt.c ****       \arg        FWDGT_PSC_DIV128: FWDGT prescaler set to 128
  83:../system/src/gd32f10x/gd32f10x_fwdgt.c ****       \arg        FWDGT_PSC_DIV256: FWDGT prescaler set to 256
  84:../system/src/gd32f10x/gd32f10x_fwdgt.c ****     \param[out] none
  85:../system/src/gd32f10x/gd32f10x_fwdgt.c ****     \retval     ErrStatus: ERROR or SUCCESS
  86:../system/src/gd32f10x/gd32f10x_fwdgt.c **** */
  87:../system/src/gd32f10x/gd32f10x_fwdgt.c **** ErrStatus fwdgt_prescaler_value_config(uint16_t prescaler_value)
  88:../system/src/gd32f10x/gd32f10x_fwdgt.c **** {
 112              		.loc 1 88 1 is_stmt 1 view -0
 113              		.cfi_startproc
 114              		@ args = 0, pretend = 0, frame = 0
 115              		@ frame_needed = 0, uses_anonymous_args = 0
 116              		@ link register save eliminated.
  89:../system/src/gd32f10x/gd32f10x_fwdgt.c ****     uint32_t timeout = FWDGT_PSC_TIMEOUT;
 117              		.loc 1 89 5 view .LVU13
  90:../system/src/gd32f10x/gd32f10x_fwdgt.c ****     uint32_t flag_status = RESET;
 118              		.loc 1 90 5 view .LVU14
  91:../system/src/gd32f10x/gd32f10x_fwdgt.c ****   
  92:../system/src/gd32f10x/gd32f10x_fwdgt.c ****     /* enable write access to FWDGT_PSC */
  93:../system/src/gd32f10x/gd32f10x_fwdgt.c ****     FWDGT_CTL = FWDGT_WRITEACCESS_ENABLE;
 119              		.loc 1 93 5 view .LVU15
 120              		.loc 1 93 15 is_stmt 0 view .LVU16
 121 0000 094B     		ldr	r3, .L15
 122 0002 45F25552 		movw	r2, #21845
 123 0006 1A60     		str	r2, [r3]
  89:../system/src/gd32f10x/gd32f10x_fwdgt.c ****     uint32_t flag_status = RESET;
 124              		.loc 1 89 14 view .LVU17
 125 0008 084A     		ldr	r2, .L15+4
 126              	.LVL1:
 127              	.L12:
  94:../system/src/gd32f10x/gd32f10x_fwdgt.c ****   
  95:../system/src/gd32f10x/gd32f10x_fwdgt.c ****     /* wait until the PUD flag to be reset */
  96:../system/src/gd32f10x/gd32f10x_fwdgt.c ****     do{
 128              		.loc 1 96 5 is_stmt 1 discriminator 2 view .LVU18
  97:../system/src/gd32f10x/gd32f10x_fwdgt.c ****         flag_status = FWDGT_STAT & FWDGT_STAT_PUD;
 129              		.loc 1 97 9 discriminator 2 view .LVU19
 130              		.loc 1 97 23 is_stmt 0 discriminator 2 view .LVU20
 131 000a 074B     		ldr	r3, .L15
 132 000c DB68     		ldr	r3, [r3, #12]
 133              		.loc 1 97 21 discriminator 2 view .LVU21
 134 000e 03F00103 		and	r3, r3, #1
 135              	.LVL2:
  98:../system/src/gd32f10x/gd32f10x_fwdgt.c ****     }while((--timeout > 0U) && ((uint32_t)RESET != flag_status));
 136              		.loc 1 98 29 is_stmt 1 discriminator 2 view .LVU22
 137              		.loc 1 98 29 is_stmt 0 discriminator 2 view .LVU23
 138 0012 013A     		subs	r2, r2, #1
 139              	.LVL3:
 140              		.loc 1 98 29 discriminator 2 view .LVU24
 141 0014 01D0     		beq	.L11
 142              		.loc 1 98 29 discriminator 1 view .LVU25
 143 0016 002B     		cmp	r3, #0
 144 0018 F7D1     		bne	.L12
 145              	.L11:
  99:../system/src/gd32f10x/gd32f10x_fwdgt.c ****     
 100:../system/src/gd32f10x/gd32f10x_fwdgt.c ****     if ((uint32_t)RESET != flag_status){
 146              		.loc 1 100 5 is_stmt 1 view .LVU26
 147              		.loc 1 100 8 is_stmt 0 view .LVU27
 148 001a 1BB9     		cbnz	r3, .L14
 101:../system/src/gd32f10x/gd32f10x_fwdgt.c ****         return ERROR;
 102:../system/src/gd32f10x/gd32f10x_fwdgt.c ****     }
 103:../system/src/gd32f10x/gd32f10x_fwdgt.c ****     
 104:../system/src/gd32f10x/gd32f10x_fwdgt.c ****     /* configure FWDGT */
 105:../system/src/gd32f10x/gd32f10x_fwdgt.c ****     FWDGT_PSC = (uint32_t)prescaler_value; 
 149              		.loc 1 105 5 is_stmt 1 view .LVU28
 150              		.loc 1 105 15 is_stmt 0 view .LVU29
 151 001c 024B     		ldr	r3, .L15
 152              	.LVL4:
 153              		.loc 1 105 15 view .LVU30
 154 001e 5860     		str	r0, [r3, #4]
 106:../system/src/gd32f10x/gd32f10x_fwdgt.c **** 
 107:../system/src/gd32f10x/gd32f10x_fwdgt.c ****     return SUCCESS;
 155              		.loc 1 107 5 is_stmt 1 view .LVU31
 156              		.loc 1 107 12 is_stmt 0 view .LVU32
 157 0020 0120     		movs	r0, #1
 158              	.LVL5:
 159              		.loc 1 107 12 view .LVU33
 160 0022 7047     		bx	lr
 161              	.LVL6:
 162              	.L14:
 101:../system/src/gd32f10x/gd32f10x_fwdgt.c ****         return ERROR;
 163              		.loc 1 101 16 view .LVU34
 164 0024 0020     		movs	r0, #0
 165              	.LVL7:
 108:../system/src/gd32f10x/gd32f10x_fwdgt.c **** }
 166              		.loc 1 108 1 view .LVU35
 167 0026 7047     		bx	lr
 168              	.L16:
 169              		.align	2
 170              	.L15:
 171 0028 00300040 		.word	1073754112
 172 002c FFFF0F00 		.word	1048575
 173              		.cfi_endproc
 174              	.LFE59:
 176              		.section	.text.fwdgt_reload_value_config,"ax",%progbits
 177              		.align	1
 178              		.global	fwdgt_reload_value_config
 179              		.syntax unified
 180              		.thumb
 181              		.thumb_func
 183              	fwdgt_reload_value_config:
 184              	.LVL8:
 185              	.LFB60:
 109:../system/src/gd32f10x/gd32f10x_fwdgt.c **** 
 110:../system/src/gd32f10x/gd32f10x_fwdgt.c **** /*!
 111:../system/src/gd32f10x/gd32f10x_fwdgt.c ****     \brief      configure the free watchdog timer counter reload value
 112:../system/src/gd32f10x/gd32f10x_fwdgt.c ****     \param[in]  reload_value: specify reload value(0x0000 - 0x0FFF)
 113:../system/src/gd32f10x/gd32f10x_fwdgt.c ****     \param[out] none
 114:../system/src/gd32f10x/gd32f10x_fwdgt.c ****     \retval     ErrStatus: ERROR or SUCCESS
 115:../system/src/gd32f10x/gd32f10x_fwdgt.c **** */
 116:../system/src/gd32f10x/gd32f10x_fwdgt.c **** ErrStatus fwdgt_reload_value_config(uint16_t reload_value)
 117:../system/src/gd32f10x/gd32f10x_fwdgt.c **** {
 186              		.loc 1 117 1 is_stmt 1 view -0
 187              		.cfi_startproc
 188              		@ args = 0, pretend = 0, frame = 0
 189              		@ frame_needed = 0, uses_anonymous_args = 0
 190              		@ link register save eliminated.
 118:../system/src/gd32f10x/gd32f10x_fwdgt.c ****     uint32_t timeout = FWDGT_RLD_TIMEOUT;
 191              		.loc 1 118 5 view .LVU37
 119:../system/src/gd32f10x/gd32f10x_fwdgt.c ****     uint32_t flag_status = RESET;
 192              		.loc 1 119 5 view .LVU38
 120:../system/src/gd32f10x/gd32f10x_fwdgt.c ****   
 121:../system/src/gd32f10x/gd32f10x_fwdgt.c ****     /* enable write access to FWDGT_RLD */
 122:../system/src/gd32f10x/gd32f10x_fwdgt.c ****     FWDGT_CTL = FWDGT_WRITEACCESS_ENABLE;
 193              		.loc 1 122 5 view .LVU39
 194              		.loc 1 122 15 is_stmt 0 view .LVU40
 195 0000 0A4B     		ldr	r3, .L22
 196 0002 45F25552 		movw	r2, #21845
 197 0006 1A60     		str	r2, [r3]
 118:../system/src/gd32f10x/gd32f10x_fwdgt.c ****     uint32_t flag_status = RESET;
 198              		.loc 1 118 14 view .LVU41
 199 0008 094A     		ldr	r2, .L22+4
 200              	.LVL9:
 201              	.L19:
 123:../system/src/gd32f10x/gd32f10x_fwdgt.c ****   
 124:../system/src/gd32f10x/gd32f10x_fwdgt.c ****     /* wait until the RUD flag to be reset */
 125:../system/src/gd32f10x/gd32f10x_fwdgt.c ****     do{
 202              		.loc 1 125 5 is_stmt 1 discriminator 2 view .LVU42
 126:../system/src/gd32f10x/gd32f10x_fwdgt.c ****         flag_status = FWDGT_STAT & FWDGT_STAT_RUD;
 203              		.loc 1 126 9 discriminator 2 view .LVU43
 204              		.loc 1 126 23 is_stmt 0 discriminator 2 view .LVU44
 205 000a 084B     		ldr	r3, .L22
 206 000c DB68     		ldr	r3, [r3, #12]
 207              		.loc 1 126 21 discriminator 2 view .LVU45
 208 000e 03F00203 		and	r3, r3, #2
 209              	.LVL10:
 127:../system/src/gd32f10x/gd32f10x_fwdgt.c ****     }while((--timeout > 0U) && ((uint32_t)RESET != flag_status));
 210              		.loc 1 127 29 is_stmt 1 discriminator 2 view .LVU46
 211              		.loc 1 127 29 is_stmt 0 discriminator 2 view .LVU47
 212 0012 013A     		subs	r2, r2, #1
 213              	.LVL11:
 214              		.loc 1 127 29 discriminator 2 view .LVU48
 215 0014 01D0     		beq	.L18
 216              		.loc 1 127 29 discriminator 1 view .LVU49
 217 0016 002B     		cmp	r3, #0
 218 0018 F7D1     		bne	.L19
 219              	.L18:
 128:../system/src/gd32f10x/gd32f10x_fwdgt.c ****    
 129:../system/src/gd32f10x/gd32f10x_fwdgt.c ****     if ((uint32_t)RESET != flag_status){
 220              		.loc 1 129 5 is_stmt 1 view .LVU50
 221              		.loc 1 129 8 is_stmt 0 view .LVU51
 222 001a 2BB9     		cbnz	r3, .L21
 130:../system/src/gd32f10x/gd32f10x_fwdgt.c ****         return ERROR;
 131:../system/src/gd32f10x/gd32f10x_fwdgt.c ****     }
 132:../system/src/gd32f10x/gd32f10x_fwdgt.c ****     
 133:../system/src/gd32f10x/gd32f10x_fwdgt.c ****     FWDGT_RLD = RLD_RLD(reload_value);
 223              		.loc 1 133 5 is_stmt 1 view .LVU52
 224              		.loc 1 133 17 is_stmt 0 view .LVU53
 225 001c C0F30B00 		ubfx	r0, r0, #0, #12
 226              	.LVL12:
 227              		.loc 1 133 15 view .LVU54
 228 0020 024B     		ldr	r3, .L22
 229              	.LVL13:
 230              		.loc 1 133 15 view .LVU55
 231 0022 9860     		str	r0, [r3, #8]
 134:../system/src/gd32f10x/gd32f10x_fwdgt.c **** 
 135:../system/src/gd32f10x/gd32f10x_fwdgt.c ****     return SUCCESS;
 232              		.loc 1 135 5 is_stmt 1 view .LVU56
 233              		.loc 1 135 12 is_stmt 0 view .LVU57
 234 0024 0120     		movs	r0, #1
 235 0026 7047     		bx	lr
 236              	.LVL14:
 237              	.L21:
 130:../system/src/gd32f10x/gd32f10x_fwdgt.c ****         return ERROR;
 238              		.loc 1 130 16 view .LVU58
 239 0028 0020     		movs	r0, #0
 240              	.LVL15:
 136:../system/src/gd32f10x/gd32f10x_fwdgt.c **** }
 241              		.loc 1 136 1 view .LVU59
 242 002a 7047     		bx	lr
 243              	.L23:
 244              		.align	2
 245              	.L22:
 246 002c 00300040 		.word	1073754112
 247 0030 FFFF0F00 		.word	1048575
 248              		.cfi_endproc
 249              	.LFE60:
 251              		.section	.text.fwdgt_counter_reload,"ax",%progbits
 252              		.align	1
 253              		.global	fwdgt_counter_reload
 254              		.syntax unified
 255              		.thumb
 256              		.thumb_func
 258              	fwdgt_counter_reload:
 259              	.LFB61:
 137:../system/src/gd32f10x/gd32f10x_fwdgt.c **** 
 138:../system/src/gd32f10x/gd32f10x_fwdgt.c **** /*!
 139:../system/src/gd32f10x/gd32f10x_fwdgt.c ****     \brief      reload the counter of FWDGT
 140:../system/src/gd32f10x/gd32f10x_fwdgt.c ****     \param[in]  none
 141:../system/src/gd32f10x/gd32f10x_fwdgt.c ****     \param[out] none
 142:../system/src/gd32f10x/gd32f10x_fwdgt.c ****     \retval     none
 143:../system/src/gd32f10x/gd32f10x_fwdgt.c **** */
 144:../system/src/gd32f10x/gd32f10x_fwdgt.c **** void fwdgt_counter_reload(void)
 145:../system/src/gd32f10x/gd32f10x_fwdgt.c **** {
 260              		.loc 1 145 1 is_stmt 1 view -0
 261              		.cfi_startproc
 262              		@ args = 0, pretend = 0, frame = 0
 263              		@ frame_needed = 0, uses_anonymous_args = 0
 264              		@ link register save eliminated.
 146:../system/src/gd32f10x/gd32f10x_fwdgt.c ****     FWDGT_CTL = FWDGT_KEY_RELOAD;
 265              		.loc 1 146 5 view .LVU61
 266              		.loc 1 146 15 is_stmt 0 view .LVU62
 267 0000 024B     		ldr	r3, .L25
 268 0002 4AF6AA22 		movw	r2, #43690
 269 0006 1A60     		str	r2, [r3]
 147:../system/src/gd32f10x/gd32f10x_fwdgt.c **** }
 270              		.loc 1 147 1 view .LVU63
 271 0008 7047     		bx	lr
 272              	.L26:
 273 000a 00BF     		.align	2
 274              	.L25:
 275 000c 00300040 		.word	1073754112
 276              		.cfi_endproc
 277              	.LFE61:
 279              		.section	.text.fwdgt_config,"ax",%progbits
 280              		.align	1
 281              		.global	fwdgt_config
 282              		.syntax unified
 283              		.thumb
 284              		.thumb_func
 286              	fwdgt_config:
 287              	.LVL16:
 288              	.LFB62:
 148:../system/src/gd32f10x/gd32f10x_fwdgt.c **** 
 149:../system/src/gd32f10x/gd32f10x_fwdgt.c **** /*!
 150:../system/src/gd32f10x/gd32f10x_fwdgt.c ****     \brief      configure counter reload value, and prescaler divider value
 151:../system/src/gd32f10x/gd32f10x_fwdgt.c ****     \param[in]  reload_value: specify reload value(0x0000 - 0x0FFF)
 152:../system/src/gd32f10x/gd32f10x_fwdgt.c ****     \param[in]  prescaler_div: FWDGT prescaler value
 153:../system/src/gd32f10x/gd32f10x_fwdgt.c ****                 only one parameter can be selected which is shown as below:
 154:../system/src/gd32f10x/gd32f10x_fwdgt.c ****       \arg        FWDGT_PSC_DIV4: FWDGT prescaler set to 4
 155:../system/src/gd32f10x/gd32f10x_fwdgt.c ****       \arg        FWDGT_PSC_DIV8: FWDGT prescaler set to 8
 156:../system/src/gd32f10x/gd32f10x_fwdgt.c ****       \arg        FWDGT_PSC_DIV16: FWDGT prescaler set to 16
 157:../system/src/gd32f10x/gd32f10x_fwdgt.c ****       \arg        FWDGT_PSC_DIV32: FWDGT prescaler set to 32
 158:../system/src/gd32f10x/gd32f10x_fwdgt.c ****       \arg        FWDGT_PSC_DIV64: FWDGT prescaler set to 64
 159:../system/src/gd32f10x/gd32f10x_fwdgt.c ****       \arg        FWDGT_PSC_DIV128: FWDGT prescaler set to 128
 160:../system/src/gd32f10x/gd32f10x_fwdgt.c ****       \arg        FWDGT_PSC_DIV256: FWDGT prescaler set to 256
 161:../system/src/gd32f10x/gd32f10x_fwdgt.c ****     \param[out] none
 162:../system/src/gd32f10x/gd32f10x_fwdgt.c ****     \retval     ErrStatus: ERROR or SUCCESS
 163:../system/src/gd32f10x/gd32f10x_fwdgt.c **** */
 164:../system/src/gd32f10x/gd32f10x_fwdgt.c **** ErrStatus fwdgt_config(uint16_t reload_value, uint8_t prescaler_div)
 165:../system/src/gd32f10x/gd32f10x_fwdgt.c **** {
 289              		.loc 1 165 1 is_stmt 1 view -0
 290              		.cfi_startproc
 291              		@ args = 0, pretend = 0, frame = 0
 292              		@ frame_needed = 0, uses_anonymous_args = 0
 293              		@ link register save eliminated.
 166:../system/src/gd32f10x/gd32f10x_fwdgt.c ****     uint32_t timeout = FWDGT_PSC_TIMEOUT;
 294              		.loc 1 166 5 view .LVU65
 167:../system/src/gd32f10x/gd32f10x_fwdgt.c ****     uint32_t flag_status = RESET;
 295              		.loc 1 167 5 view .LVU66
 168:../system/src/gd32f10x/gd32f10x_fwdgt.c ****   
 169:../system/src/gd32f10x/gd32f10x_fwdgt.c ****     /* enable write access to FWDGT_PSC,and FWDGT_RLD */
 170:../system/src/gd32f10x/gd32f10x_fwdgt.c ****     FWDGT_CTL = FWDGT_WRITEACCESS_ENABLE;
 296              		.loc 1 170 5 view .LVU67
 297              		.loc 1 170 15 is_stmt 0 view .LVU68
 298 0000 134B     		ldr	r3, .L35
 299 0002 45F25552 		movw	r2, #21845
 300 0006 1A60     		str	r2, [r3]
 166:../system/src/gd32f10x/gd32f10x_fwdgt.c ****     uint32_t flag_status = RESET;
 301              		.loc 1 166 14 view .LVU69
 302 0008 124A     		ldr	r2, .L35+4
 303              	.LVL17:
 304              	.L29:
 171:../system/src/gd32f10x/gd32f10x_fwdgt.c ****     /* wait until the PUD flag to be reset */
 172:../system/src/gd32f10x/gd32f10x_fwdgt.c ****     do{
 305              		.loc 1 172 5 is_stmt 1 discriminator 2 view .LVU70
 173:../system/src/gd32f10x/gd32f10x_fwdgt.c ****        flag_status = FWDGT_STAT & FWDGT_STAT_PUD;
 306              		.loc 1 173 8 discriminator 2 view .LVU71
 307              		.loc 1 173 22 is_stmt 0 discriminator 2 view .LVU72
 308 000a 114B     		ldr	r3, .L35
 309 000c DB68     		ldr	r3, [r3, #12]
 310              		.loc 1 173 20 discriminator 2 view .LVU73
 311 000e 03F00103 		and	r3, r3, #1
 312              	.LVL18:
 174:../system/src/gd32f10x/gd32f10x_fwdgt.c ****     }while((--timeout > 0U) && ((uint32_t)RESET != flag_status));
 313              		.loc 1 174 29 is_stmt 1 discriminator 2 view .LVU74
 314              		.loc 1 174 29 is_stmt 0 discriminator 2 view .LVU75
 315 0012 013A     		subs	r2, r2, #1
 316              	.LVL19:
 317              		.loc 1 174 29 discriminator 2 view .LVU76
 318 0014 01D0     		beq	.L28
 319              		.loc 1 174 29 discriminator 1 view .LVU77
 320 0016 002B     		cmp	r3, #0
 321 0018 F7D1     		bne	.L29
 322              	.L28:
 175:../system/src/gd32f10x/gd32f10x_fwdgt.c ****     
 176:../system/src/gd32f10x/gd32f10x_fwdgt.c ****     if((uint32_t)RESET != flag_status){
 323              		.loc 1 176 5 is_stmt 1 view .LVU78
 324              		.loc 1 176 7 is_stmt 0 view .LVU79
 325 001a A3B9     		cbnz	r3, .L33
 177:../system/src/gd32f10x/gd32f10x_fwdgt.c ****         return ERROR;
 178:../system/src/gd32f10x/gd32f10x_fwdgt.c ****     }
 179:../system/src/gd32f10x/gd32f10x_fwdgt.c ****     /* configure FWDGT */
 180:../system/src/gd32f10x/gd32f10x_fwdgt.c ****     FWDGT_PSC = (uint32_t)prescaler_div;
 326              		.loc 1 180 5 is_stmt 1 view .LVU80
 327              		.loc 1 180 15 is_stmt 0 view .LVU81
 328 001c 0C4B     		ldr	r3, .L35
 329              	.LVL20:
 330              		.loc 1 180 15 view .LVU82
 331 001e 5960     		str	r1, [r3, #4]
 181:../system/src/gd32f10x/gd32f10x_fwdgt.c **** 
 182:../system/src/gd32f10x/gd32f10x_fwdgt.c ****     timeout = FWDGT_RLD_TIMEOUT;
 332              		.loc 1 182 5 is_stmt 1 view .LVU83
 333              	.LVL21:
 334              		.loc 1 182 13 is_stmt 0 view .LVU84
 335 0020 0C4A     		ldr	r2, .L35+4
 336              	.LVL22:
 337              	.L32:
 183:../system/src/gd32f10x/gd32f10x_fwdgt.c ****     /* wait until the RUD flag to be reset */
 184:../system/src/gd32f10x/gd32f10x_fwdgt.c ****     do{
 338              		.loc 1 184 5 is_stmt 1 discriminator 2 view .LVU85
 185:../system/src/gd32f10x/gd32f10x_fwdgt.c ****        flag_status = FWDGT_STAT & FWDGT_STAT_RUD;
 339              		.loc 1 185 8 discriminator 2 view .LVU86
 340              		.loc 1 185 22 is_stmt 0 discriminator 2 view .LVU87
 341 0022 0B4B     		ldr	r3, .L35
 342 0024 DB68     		ldr	r3, [r3, #12]
 343              		.loc 1 185 20 discriminator 2 view .LVU88
 344 0026 03F00203 		and	r3, r3, #2
 345              	.LVL23:
 186:../system/src/gd32f10x/gd32f10x_fwdgt.c ****     }while((--timeout > 0U) && ((uint32_t)RESET != flag_status));
 346              		.loc 1 186 29 is_stmt 1 discriminator 2 view .LVU89
 347              		.loc 1 186 29 is_stmt 0 discriminator 2 view .LVU90
 348 002a 013A     		subs	r2, r2, #1
 349              	.LVL24:
 350              		.loc 1 186 29 discriminator 2 view .LVU91
 351 002c 01D0     		beq	.L31
 352              		.loc 1 186 29 discriminator 1 view .LVU92
 353 002e 002B     		cmp	r3, #0
 354 0030 F7D1     		bne	.L32
 355              	.L31:
 187:../system/src/gd32f10x/gd32f10x_fwdgt.c ****    
 188:../system/src/gd32f10x/gd32f10x_fwdgt.c ****     if((uint32_t)RESET != flag_status){
 356              		.loc 1 188 5 is_stmt 1 view .LVU93
 357              		.loc 1 188 7 is_stmt 0 view .LVU94
 358 0032 53B9     		cbnz	r3, .L34
 189:../system/src/gd32f10x/gd32f10x_fwdgt.c ****         return ERROR;
 190:../system/src/gd32f10x/gd32f10x_fwdgt.c ****     }
 191:../system/src/gd32f10x/gd32f10x_fwdgt.c ****     FWDGT_RLD = RLD_RLD(reload_value);
 359              		.loc 1 191 5 is_stmt 1 view .LVU95
 360              		.loc 1 191 17 is_stmt 0 view .LVU96
 361 0034 C0F30B00 		ubfx	r0, r0, #0, #12
 362              	.LVL25:
 363              		.loc 1 191 15 view .LVU97
 364 0038 054B     		ldr	r3, .L35
 365              	.LVL26:
 366              		.loc 1 191 15 view .LVU98
 367 003a 9860     		str	r0, [r3, #8]
 192:../system/src/gd32f10x/gd32f10x_fwdgt.c ****     /* reload the counter */
 193:../system/src/gd32f10x/gd32f10x_fwdgt.c ****     FWDGT_CTL = FWDGT_KEY_RELOAD;
 368              		.loc 1 193 5 is_stmt 1 view .LVU99
 369              		.loc 1 193 15 is_stmt 0 view .LVU100
 370 003c 4AF6AA22 		movw	r2, #43690
 371              	.LVL27:
 372              		.loc 1 193 15 view .LVU101
 373 0040 1A60     		str	r2, [r3]
 194:../system/src/gd32f10x/gd32f10x_fwdgt.c **** 
 195:../system/src/gd32f10x/gd32f10x_fwdgt.c ****     return SUCCESS;
 374              		.loc 1 195 5 is_stmt 1 view .LVU102
 375              		.loc 1 195 12 is_stmt 0 view .LVU103
 376 0042 0120     		movs	r0, #1
 377 0044 7047     		bx	lr
 378              	.LVL28:
 379              	.L33:
 177:../system/src/gd32f10x/gd32f10x_fwdgt.c ****     }
 380              		.loc 1 177 16 view .LVU104
 381 0046 0020     		movs	r0, #0
 382              	.LVL29:
 177:../system/src/gd32f10x/gd32f10x_fwdgt.c ****     }
 383              		.loc 1 177 16 view .LVU105
 384 0048 7047     		bx	lr
 385              	.LVL30:
 386              	.L34:
 189:../system/src/gd32f10x/gd32f10x_fwdgt.c ****     }
 387              		.loc 1 189 16 view .LVU106
 388 004a 0020     		movs	r0, #0
 389              	.LVL31:
 196:../system/src/gd32f10x/gd32f10x_fwdgt.c **** }
 390              		.loc 1 196 1 view .LVU107
 391 004c 7047     		bx	lr
 392              	.L36:
 393 004e 00BF     		.align	2
 394              	.L35:
 395 0050 00300040 		.word	1073754112
 396 0054 FFFF0F00 		.word	1048575
 397              		.cfi_endproc
 398              	.LFE62:
 400              		.section	.text.fwdgt_flag_get,"ax",%progbits
 401              		.align	1
 402              		.global	fwdgt_flag_get
 403              		.syntax unified
 404              		.thumb
 405              		.thumb_func
 407              	fwdgt_flag_get:
 408              	.LVL32:
 409              	.LFB63:
 197:../system/src/gd32f10x/gd32f10x_fwdgt.c **** 
 198:../system/src/gd32f10x/gd32f10x_fwdgt.c **** /*!
 199:../system/src/gd32f10x/gd32f10x_fwdgt.c ****     \brief      get flag state of FWDGT
 200:../system/src/gd32f10x/gd32f10x_fwdgt.c ****     \param[in]  flag: flag to get 
 201:../system/src/gd32f10x/gd32f10x_fwdgt.c ****                 only one parameter can be selected which is shown as below:
 202:../system/src/gd32f10x/gd32f10x_fwdgt.c ****       \arg        FWDGT_FLAG_PUD: a write operation to FWDGT_PSC register is on going
 203:../system/src/gd32f10x/gd32f10x_fwdgt.c ****       \arg        FWDGT_FLAG_RUD: a write operation to FWDGT_RLD register is on going
 204:../system/src/gd32f10x/gd32f10x_fwdgt.c ****     \param[out] none
 205:../system/src/gd32f10x/gd32f10x_fwdgt.c ****     \retval     FlagStatus: SET or RESET
 206:../system/src/gd32f10x/gd32f10x_fwdgt.c **** */
 207:../system/src/gd32f10x/gd32f10x_fwdgt.c **** FlagStatus fwdgt_flag_get(uint16_t flag)
 208:../system/src/gd32f10x/gd32f10x_fwdgt.c **** {
 410              		.loc 1 208 1 is_stmt 1 view -0
 411              		.cfi_startproc
 412              		@ args = 0, pretend = 0, frame = 0
 413              		@ frame_needed = 0, uses_anonymous_args = 0
 414              		@ link register save eliminated.
 209:../system/src/gd32f10x/gd32f10x_fwdgt.c ****     if(FWDGT_STAT & flag){
 415              		.loc 1 209 5 view .LVU109
 416              		.loc 1 209 8 is_stmt 0 view .LVU110
 417 0000 034B     		ldr	r3, .L40
 418 0002 DB68     		ldr	r3, [r3, #12]
 419              		.loc 1 209 7 view .LVU111
 420 0004 1842     		tst	r0, r3
 421 0006 01D1     		bne	.L39
 210:../system/src/gd32f10x/gd32f10x_fwdgt.c ****         return SET;
 211:../system/src/gd32f10x/gd32f10x_fwdgt.c ****     }
 212:../system/src/gd32f10x/gd32f10x_fwdgt.c ****     
 213:../system/src/gd32f10x/gd32f10x_fwdgt.c ****     return RESET;
 422              		.loc 1 213 12 view .LVU112
 423 0008 0020     		movs	r0, #0
 424              	.LVL33:
 425              		.loc 1 213 12 view .LVU113
 426 000a 7047     		bx	lr
 427              	.LVL34:
 428              	.L39:
 210:../system/src/gd32f10x/gd32f10x_fwdgt.c ****         return SET;
 429              		.loc 1 210 16 view .LVU114
 430 000c 0120     		movs	r0, #1
 431              	.LVL35:
 214:../system/src/gd32f10x/gd32f10x_fwdgt.c **** }
 432              		.loc 1 214 1 view .LVU115
 433 000e 7047     		bx	lr
 434              	.L41:
 435              		.align	2
 436              	.L40:
 437 0010 00300040 		.word	1073754112
 438              		.cfi_endproc
 439              	.LFE63:
 441              		.text
 442              	.Letext0:
 443              		.file 2 "c:\\users\\dmitriy\\appdata\\roaming\\xpacks\\@xpack-dev-tools\\arm-none-eabi-gcc\\12.3.1
 444              		.file 3 "../system/inc/cmsis/gd32f10x.h"
DEFINED SYMBOLS
                            *ABS*:00000000 gd32f10x_fwdgt.c
C:\Users\Dmitriy\AppData\Local\Temp\ccuj6NOg.s:19     .text.fwdgt_write_enable:00000000 $t
C:\Users\Dmitriy\AppData\Local\Temp\ccuj6NOg.s:25     .text.fwdgt_write_enable:00000000 fwdgt_write_enable
C:\Users\Dmitriy\AppData\Local\Temp\ccuj6NOg.s:42     .text.fwdgt_write_enable:0000000c $d
C:\Users\Dmitriy\AppData\Local\Temp\ccuj6NOg.s:47     .text.fwdgt_write_disable:00000000 $t
C:\Users\Dmitriy\AppData\Local\Temp\ccuj6NOg.s:53     .text.fwdgt_write_disable:00000000 fwdgt_write_disable
C:\Users\Dmitriy\AppData\Local\Temp\ccuj6NOg.s:70     .text.fwdgt_write_disable:00000008 $d
C:\Users\Dmitriy\AppData\Local\Temp\ccuj6NOg.s:75     .text.fwdgt_enable:00000000 $t
C:\Users\Dmitriy\AppData\Local\Temp\ccuj6NOg.s:81     .text.fwdgt_enable:00000000 fwdgt_enable
C:\Users\Dmitriy\AppData\Local\Temp\ccuj6NOg.s:98     .text.fwdgt_enable:0000000c $d
C:\Users\Dmitriy\AppData\Local\Temp\ccuj6NOg.s:103    .text.fwdgt_prescaler_value_config:00000000 $t
C:\Users\Dmitriy\AppData\Local\Temp\ccuj6NOg.s:109    .text.fwdgt_prescaler_value_config:00000000 fwdgt_prescaler_value_config
C:\Users\Dmitriy\AppData\Local\Temp\ccuj6NOg.s:171    .text.fwdgt_prescaler_value_config:00000028 $d
C:\Users\Dmitriy\AppData\Local\Temp\ccuj6NOg.s:177    .text.fwdgt_reload_value_config:00000000 $t
C:\Users\Dmitriy\AppData\Local\Temp\ccuj6NOg.s:183    .text.fwdgt_reload_value_config:00000000 fwdgt_reload_value_config
C:\Users\Dmitriy\AppData\Local\Temp\ccuj6NOg.s:246    .text.fwdgt_reload_value_config:0000002c $d
C:\Users\Dmitriy\AppData\Local\Temp\ccuj6NOg.s:252    .text.fwdgt_counter_reload:00000000 $t
C:\Users\Dmitriy\AppData\Local\Temp\ccuj6NOg.s:258    .text.fwdgt_counter_reload:00000000 fwdgt_counter_reload
C:\Users\Dmitriy\AppData\Local\Temp\ccuj6NOg.s:275    .text.fwdgt_counter_reload:0000000c $d
C:\Users\Dmitriy\AppData\Local\Temp\ccuj6NOg.s:280    .text.fwdgt_config:00000000 $t
C:\Users\Dmitriy\AppData\Local\Temp\ccuj6NOg.s:286    .text.fwdgt_config:00000000 fwdgt_config
C:\Users\Dmitriy\AppData\Local\Temp\ccuj6NOg.s:395    .text.fwdgt_config:00000050 $d
C:\Users\Dmitriy\AppData\Local\Temp\ccuj6NOg.s:401    .text.fwdgt_flag_get:00000000 $t
C:\Users\Dmitriy\AppData\Local\Temp\ccuj6NOg.s:407    .text.fwdgt_flag_get:00000000 fwdgt_flag_get
C:\Users\Dmitriy\AppData\Local\Temp\ccuj6NOg.s:437    .text.fwdgt_flag_get:00000010 $d
                           .group:00000000 wm4.0.3ac34e011645c1b8d95761511e5c0518
                           .group:00000000 wm4.gd32f10x.h.39.34aa79a68d44b3fc31805fff8eeec626
                           .group:00000000 wm4.core_cm3.h.47.f403a0b1a9e3f5bd328e41f4fa5fc23b
                           .group:00000000 wm4.stdintgcc.h.29.6d480f4ba0f60596e88234283d42444f
                           .group:00000000 wm4.core_cmInstr.h.39.c66a1c911732cf6be44e58f2bee25308
                           .group:00000000 wm4.core_cm3.h.155.db3dfdf4b365cc230a717221b218ddd5
                           .group:00000000 wm4.gd32f10x.h.320.528bbe72ec64ad23b6e5473e267247b4
                           .group:00000000 wm4.gd32f10x_adc.h.44.619483e99e32c90a5f7c6ed512bbf95b
                           .group:00000000 wm4.gd32f10x_bkp.h.39.4da6e92b74c7310fa25e26e16145cf9d
                           .group:00000000 wm4.gd32f10x_can.h.41.99143e9b2de50f71c3392eea2d9e706b
                           .group:00000000 wm4.gd32f10x_crc.h.39.4c0c7ace19ba22146d7643de7dde24e0
                           .group:00000000 wm4.gd32f10x_dac.h.39.a3dd044652013a67f3cc1bbd4333b1f5
                           .group:00000000 wm4.gd32f10x_dma.h.40.e0e420e6b56a4398ac3aa49fe3f1eb37
                           .group:00000000 wm4.ieeefp.h.77.0ee3146e9d892bb10bc0066c30189af1
                           .group:00000000 wm4._newlib_version.h.4.6d111ab2e95434b664b53815e5c8ccba
                           .group:00000000 wm4.newlib.h.27.d4bf77c18f14f545101dac22f0b54118
                           .group:00000000 wm4.features.h.22.7877b139107948f7dadcf3660cc79cfd
                           .group:00000000 wm4.config.h.224.10ee1ad185d877c6e334e6581faab44d
                           .group:00000000 wm4._ansi.h.31.de524f58584151836e90d8620a16f8e8
                           .group:00000000 wm4.stdlib.h.13.4ed386f5c1a80d71e72172885d946ef2
                           .group:00000000 wm4.stddef.h.185.882514a1a6169ceba9142f401cbe27c6
                           .group:00000000 wm4.stddef.h.39.f07083f9b666a9e5c52a336c758fdd72
                           .group:00000000 wm4._types.h.20.dd0d04dca3800a0d2a6129b87f3adbb2
                           .group:00000000 wm4.stddef.h.158.5f30652bb2ea05b142c1bbee9108c999
                           .group:00000000 wm4._default_types.h.6.959254cf5f09734ea7516c89e8bb21bd
                           .group:00000000 wm4._types.h.127.3bdfe3ff8ea2d0985b03d9cbe93480e3
                           .group:00000000 wm4.reent.h.17.e292bf8b0bec6c96e131a54347145a30
                           .group:00000000 wm4.lock.h.2.1461d1fff82dffe8bfddc23307f6484f
                           .group:00000000 wm4.reent.h.77.89f7dde66c62b1f1dee32bdb6ab2d544
                           .group:00000000 wm4.cdefs.h.49.f93868eb904b9ca05b5c0257d31128ca
                           .group:00000000 wm4.alloca.h.8.dfc0c703c47ec3e69746825b17d9e66d
                           .group:00000000 wm4.stdlib.h.56.f4862cfbf4363a1db01842d5bdf72c18
                           .group:00000000 wm4.gd32f10x_enet.h.44.638fb20a727f17a9f45c8bef0e4dc155
                           .group:00000000 wm4.gd32f10x_exmc.h.39.cd31f13ab884fb77a3b2d0dd19135c79
                           .group:00000000 wm4.gd32f10x_exti.h.39.f641ba5efef75aed967e0eca0d908b22
                           .group:00000000 wm4.gd32f10x_fmc.h.39.7e6aa836f91030dd1ff3782a069962bf
                           .group:00000000 wm4.gd32f10x_gpio.h.39.80b4d0c5aa2b4bb9a76b4f0ed7eb4f37
                           .group:00000000 wm4.gd32f10x_i2c.h.40.8897e5891a1cbe807de60657ffffdeb4
                           .group:00000000 wm4.gd32f10x_dbg.h.40.7f011e3bfaf652db4fef79974773282c
                           .group:00000000 wm4.gd32f10x_misc.h.39.02269a148ed2e3625e137e1efd69eb5b
                           .group:00000000 wm4.gd32f10x_pmu.h.39.74926372d4607639ac6680132fe98aa1
                           .group:00000000 wm4.gd32f10x_rcu.h.39.8a90a017c64bad5f5bd02c211060734d
                           .group:00000000 wm4.gd32f10x_rtc.h.39.8a002d392eec882fcd681ea51f1c73a0
                           .group:00000000 wm4.gd32f10x_sdio.h.39.f2faa8e3b059e0ddee4e4ee996fe3269
                           .group:00000000 wm4.gd32f10x_spi.h.39.902664de8fc67c732b453548a8b810bf
                           .group:00000000 wm4.gd32f10x_timer.h.39.bb5f06befe0b01a2e83ec1dec4ea7722
                           .group:00000000 wm4.gd32f10x_usart.h.39.77325e272b5abf9a7b4cf37f2c34644a
                           .group:00000000 wm4.gd32f10x_wwdgt.h.39.3fa1c00ac1b6c8ed1fb1e9f65bb3835a
                           .group:00000000 wm4.gd32f10x_fwdgt.h.44.2360b55a26402e0b651be70249122339

NO UNDEFINED SYMBOLS
