   1              		.cpu cortex-m3
   2              		.arch armv7-m
   3              		.fpu softvfp
   4              		.eabi_attribute 20, 1
   5              		.eabi_attribute 21, 1
   6              		.eabi_attribute 23, 3
   7              		.eabi_attribute 24, 1
   8              		.eabi_attribute 25, 1
   9              		.eabi_attribute 26, 1
  10              		.eabi_attribute 30, 1
  11              		.eabi_attribute 34, 1
  12              		.eabi_attribute 18, 4
  13              		.file	"spi.c"
  14              		.text
  15              	.Ltext0:
  16              		.cfi_sections	.debug_frame
  17              		.file 1 "../switch_sdk/core/drv/sw_ctrl/ctrlif/spi.c"
  18              		.section	.rodata.spi_switch_write.str1.4,"aMS",%progbits,1
  19              		.align	2
  20              	.LC0:
  21 0000 25732573 		.ascii	"%s%s\015\012\000"
  21      0D0A00
  22 0007 00       		.align	2
  23              	.LC1:
  24 0008 28282867 		.ascii	"(((gpSwitchUnit[unit]->sw_access).controller).spi_c"
  24      70537769 
  24      74636855 
  24      6E69745B 
  24      756E6974 
  25 003b 6F6E7472 		.ascii	"ontroller).spi_write(addr, sizeof(addr), value, siz"
  25      6F6C6C65 
  25      72292E73 
  25      70695F77 
  25      72697465 
  26 006e 656F6628 		.ascii	"eof(value))\000"
  26      76616C75 
  26      65292900 
  27 007a 0000     		.align	2
  28              	.LC2:
  29 007c 25732573 		.ascii	"%s%s of \"%s\" in %s\015\012\000"
  29      206F6620 
  29      22257322 
  29      20696E20 
  29      25730D0A 
  30              		.section	.text.spi_switch_write,"ax",%progbits
  31              		.align	1
  32              		.global	spi_switch_write
  33              		.syntax unified
  34              		.thumb
  35              		.thumb_func
  37              	spi_switch_write:
  38              	.LVL0:
  39              	.LFB3:
   1:../switch_sdk/core/drv/sw_ctrl/ctrlif/spi.c **** /*******************************************************************************
   2:../switch_sdk/core/drv/sw_ctrl/ctrlif/spi.c **** *                                                                              *
   3:../switch_sdk/core/drv/sw_ctrl/ctrlif/spi.c **** *  Copyright (c), 2022, Motorcomm Electronic Technology Co.,Ltd.               *
   4:../switch_sdk/core/drv/sw_ctrl/ctrlif/spi.c **** *  Motorcomm Confidential and Proprietary.                                     *
   5:../switch_sdk/core/drv/sw_ctrl/ctrlif/spi.c **** *                                                                              *
   6:../switch_sdk/core/drv/sw_ctrl/ctrlif/spi.c **** ********************************************************************************
   7:../switch_sdk/core/drv/sw_ctrl/ctrlif/spi.c **** */
   8:../switch_sdk/core/drv/sw_ctrl/ctrlif/spi.c **** #include "yt_error.h"
   9:../switch_sdk/core/drv/sw_ctrl/ctrlif/spi.c **** #include "yt_util.h"
  10:../switch_sdk/core/drv/sw_ctrl/ctrlif/spi.c **** #include "spi.h"
  11:../switch_sdk/core/drv/sw_ctrl/ctrlif/spi.c **** #include "ctrlif.h"
  12:../switch_sdk/core/drv/sw_ctrl/ctrlif/spi.c **** 
  13:../switch_sdk/core/drv/sw_ctrl/ctrlif/spi.c **** uint32_t spi_switch_write(uint8_t unit, uint32_t regAddr, uint32_t regValue)
  14:../switch_sdk/core/drv/sw_ctrl/ctrlif/spi.c **** {
  40              		.loc 1 14 1 view -0
  41              		.cfi_startproc
  42              		@ args = 0, pretend = 0, frame = 8
  43              		@ frame_needed = 0, uses_anonymous_args = 0
  44              		.loc 1 14 1 is_stmt 0 view .LVU1
  45 0000 70B5     		push	{r4, r5, r6, lr}
  46              		.cfi_def_cfa_offset 16
  47              		.cfi_offset 4, -16
  48              		.cfi_offset 5, -12
  49              		.cfi_offset 6, -8
  50              		.cfi_offset 14, -4
  51 0002 84B0     		sub	sp, sp, #16
  52              		.cfi_def_cfa_offset 32
  53 0004 0446     		mov	r4, r0
  15:../switch_sdk/core/drv/sw_ctrl/ctrlif/spi.c ****     uint8_t addr[UINT32_BYTES_NUM];
  54              		.loc 1 15 5 is_stmt 1 view .LVU2
  16:../switch_sdk/core/drv/sw_ctrl/ctrlif/spi.c ****     uint8_t value[UINT32_BYTES_NUM];
  55              		.loc 1 16 5 view .LVU3
  17:../switch_sdk/core/drv/sw_ctrl/ctrlif/spi.c ****     int32_t ret;
  56              		.loc 1 17 5 view .LVU4
  18:../switch_sdk/core/drv/sw_ctrl/ctrlif/spi.c **** 
  19:../switch_sdk/core/drv/sw_ctrl/ctrlif/spi.c ****     CMM_PARAM_CHK(NULL == SWITCH_SPI_CONTROLLER_ON_UNIT(unit).spi_write, CMM_ERR_NOT_INIT);
  57              		.loc 1 19 5 view .LVU5
  58              		.loc 1 19 5 view .LVU6
  59 0006 234B     		ldr	r3, .L12
  60 0008 53F82030 		ldr	r3, [r3, r0, lsl #2]
  61 000c 9B68     		ldr	r3, [r3, #8]
  62 000e EBB1     		cbz	r3, .L8
  63 0010 0846     		mov	r0, r1
  64              	.LVL1:
  65              		.loc 1 19 5 is_stmt 0 view .LVU7
  66 0012 1546     		mov	r5, r2
  67              		.loc 1 19 5 is_stmt 1 discriminator 2 view .LVU8
  20:../switch_sdk/core/drv/sw_ctrl/ctrlif/spi.c **** 
  21:../switch_sdk/core/drv/sw_ctrl/ctrlif/spi.c ****     word_to_bytes(regAddr, addr, sizeof(addr), 1, 1);
  68              		.loc 1 21 5 discriminator 2 view .LVU9
  69 0014 0126     		movs	r6, #1
  70 0016 0096     		str	r6, [sp]
  71 0018 3346     		mov	r3, r6
  72 001a 0422     		movs	r2, #4
  73              	.LVL2:
  74              		.loc 1 21 5 is_stmt 0 discriminator 2 view .LVU10
  75 001c 03A9     		add	r1, sp, #12
  76              	.LVL3:
  77              		.loc 1 21 5 discriminator 2 view .LVU11
  78 001e FFF7FEFF 		bl	word_to_bytes
  79              	.LVL4:
  22:../switch_sdk/core/drv/sw_ctrl/ctrlif/spi.c ****     word_to_bytes(regValue, value, sizeof(value), 0, 1);
  80              		.loc 1 22 5 is_stmt 1 discriminator 2 view .LVU12
  81 0022 0096     		str	r6, [sp]
  82 0024 0023     		movs	r3, #0
  83 0026 0422     		movs	r2, #4
  84 0028 02A9     		add	r1, sp, #8
  85 002a 2846     		mov	r0, r5
  86 002c FFF7FEFF 		bl	word_to_bytes
  87              	.LVL5:
  23:../switch_sdk/core/drv/sw_ctrl/ctrlif/spi.c ****     CMM_ERR_CHK(SWITCH_SPI_CONTROLLER_ON_UNIT(unit).spi_write(addr, sizeof(addr), value, sizeof(val
  88              		.loc 1 23 5 discriminator 2 view .LVU13
  89              		.loc 1 23 5 discriminator 2 view .LVU14
  90 0030 184B     		ldr	r3, .L12
  91 0032 53F82430 		ldr	r3, [r3, r4, lsl #2]
  92 0036 9C68     		ldr	r4, [r3, #8]
  93 0038 0423     		movs	r3, #4
  94 003a 02AA     		add	r2, sp, #8
  95 003c 1946     		mov	r1, r3
  96 003e 03A8     		add	r0, sp, #12
  97 0040 A047     		blx	r4
  98              	.LVL6:
  99              		.loc 1 23 5 is_stmt 0 discriminator 2 view .LVU15
 100 0042 0446     		mov	r4, r0
 101 0044 80B9     		cbnz	r0, .L9
  24:../switch_sdk/core/drv/sw_ctrl/ctrlif/spi.c **** 
  25:../switch_sdk/core/drv/sw_ctrl/ctrlif/spi.c ****     return CMM_ERR_OK;
 102              		.loc 1 25 12 view .LVU16
 103 0046 0020     		movs	r0, #0
 104              	.LVL7:
 105              	.L1:
  26:../switch_sdk/core/drv/sw_ctrl/ctrlif/spi.c **** }
 106              		.loc 1 26 1 view .LVU17
 107 0048 04B0     		add	sp, sp, #16
 108              		.cfi_remember_state
 109              		.cfi_def_cfa_offset 16
 110              		@ sp needed
 111 004a 70BD     		pop	{r4, r5, r6, pc}
 112              	.LVL8:
 113              	.L8:
 114              		.cfi_restore_state
  19:../switch_sdk/core/drv/sw_ctrl/ctrlif/spi.c **** 
 115              		.loc 1 19 5 is_stmt 1 discriminator 1 view .LVU18
  19:../switch_sdk/core/drv/sw_ctrl/ctrlif/spi.c **** 
 116              		.loc 1 19 5 discriminator 1 view .LVU19
 117 004c 124B     		ldr	r3, .L12+4
 118 004e 1B78     		ldrb	r3, [r3]	@ zero_extendqisi2
 119 0050 012B     		cmp	r3, #1
 120 0052 01D8     		bhi	.L10
 121              	.LVL9:
 122              	.L3:
  19:../switch_sdk/core/drv/sw_ctrl/ctrlif/spi.c **** 
 123              		.loc 1 19 5 discriminator 5 view .LVU20
  19:../switch_sdk/core/drv/sw_ctrl/ctrlif/spi.c **** 
 124              		.loc 1 19 5 discriminator 5 view .LVU21
  19:../switch_sdk/core/drv/sw_ctrl/ctrlif/spi.c **** 
 125              		.loc 1 19 5 discriminator 5 view .LVU22
 126 0054 0420     		movs	r0, #4
 127 0056 F7E7     		b	.L1
 128              	.LVL10:
 129              	.L10:
  19:../switch_sdk/core/drv/sw_ctrl/ctrlif/spi.c **** 
 130              		.loc 1 19 5 discriminator 3 view .LVU23
 131              	.LBB2:
  19:../switch_sdk/core/drv/sw_ctrl/ctrlif/spi.c **** 
 132              		.loc 1 19 5 discriminator 3 view .LVU24
 133 0058 104B     		ldr	r3, .L12+8
 134 005a 1A69     		ldr	r2, [r3, #16]
 135              	.LVL11:
  19:../switch_sdk/core/drv/sw_ctrl/ctrlif/spi.c **** 
 136              		.loc 1 19 5 is_stmt 0 discriminator 3 view .LVU25
 137 005c 104B     		ldr	r3, .L12+12
 138 005e 9968     		ldr	r1, [r3, #8]
 139              	.LVL12:
  19:../switch_sdk/core/drv/sw_ctrl/ctrlif/spi.c **** 
 140              		.loc 1 19 5 discriminator 3 view .LVU26
 141 0060 1048     		ldr	r0, .L12+16
 142              	.LVL13:
  19:../switch_sdk/core/drv/sw_ctrl/ctrlif/spi.c **** 
 143              		.loc 1 19 5 discriminator 3 view .LVU27
 144 0062 FFF7FEFF 		bl	osal_printf
 145              	.LVL14:
 146 0066 F5E7     		b	.L3
 147              	.LVL15:
 148              	.L9:
  19:../switch_sdk/core/drv/sw_ctrl/ctrlif/spi.c **** 
 149              		.loc 1 19 5 discriminator 3 view .LVU28
 150              	.LBE2:
  23:../switch_sdk/core/drv/sw_ctrl/ctrlif/spi.c **** 
 151              		.loc 1 23 5 is_stmt 1 discriminator 1 view .LVU29
  23:../switch_sdk/core/drv/sw_ctrl/ctrlif/spi.c **** 
 152              		.loc 1 23 5 discriminator 1 view .LVU30
 153 0068 0B4B     		ldr	r3, .L12+4
 154 006a 1B78     		ldrb	r3, [r3]	@ zero_extendqisi2
 155 006c B342     		cmp	r3, r6
 156 006e 01D8     		bhi	.L11
 157              	.LVL16:
 158              	.L5:
  23:../switch_sdk/core/drv/sw_ctrl/ctrlif/spi.c **** 
 159              		.loc 1 23 5 discriminator 5 view .LVU31
  23:../switch_sdk/core/drv/sw_ctrl/ctrlif/spi.c **** 
 160              		.loc 1 23 5 discriminator 5 view .LVU32
  23:../switch_sdk/core/drv/sw_ctrl/ctrlif/spi.c **** 
 161              		.loc 1 23 5 discriminator 5 view .LVU33
 162 0070 2046     		mov	r0, r4
 163 0072 E9E7     		b	.L1
 164              	.LVL17:
 165              	.L11:
  23:../switch_sdk/core/drv/sw_ctrl/ctrlif/spi.c **** 
 166              		.loc 1 23 5 discriminator 3 view .LVU34
 167              	.LBB3:
  23:../switch_sdk/core/drv/sw_ctrl/ctrlif/spi.c **** 
 168              		.loc 1 23 5 discriminator 3 view .LVU35
 169 0074 0146     		mov	r1, r0
 170 0076 1428     		cmp	r0, #20
 171 0078 A8BF     		it	ge
 172 007a 1421     		movge	r1, #20
 173 007c 0A4B     		ldr	r3, .L12+20
 174 007e 0093     		str	r3, [sp]
 175 0080 0A4B     		ldr	r3, .L12+24
 176 0082 064A     		ldr	r2, .L12+8
 177 0084 52F82120 		ldr	r2, [r2, r1, lsl #2]
 178 0088 0549     		ldr	r1, .L12+12
 179 008a 8968     		ldr	r1, [r1, #8]
 180 008c 0848     		ldr	r0, .L12+28
 181              	.LVL18:
  23:../switch_sdk/core/drv/sw_ctrl/ctrlif/spi.c **** 
 182              		.loc 1 23 5 is_stmt 0 discriminator 3 view .LVU36
 183 008e FFF7FEFF 		bl	osal_printf
 184              	.LVL19:
 185 0092 EDE7     		b	.L5
 186              	.L13:
 187              		.align	2
 188              	.L12:
 189 0094 00000000 		.word	gpSwitchUnit
 190 0098 00000000 		.word	yt_debug_level
 191 009c 00000000 		.word	_yt_errmsg
 192 00a0 00000000 		.word	_yt_prompt_msg
 193 00a4 00000000 		.word	.LC0
 194 00a8 00000000 		.word	__FUNCTION__.1
 195 00ac 08000000 		.word	.LC1
 196 00b0 7C000000 		.word	.LC2
 197              	.LBE3:
 198              		.cfi_endproc
 199              	.LFE3:
 201              		.section	.rodata.spi_switch_read.str1.4,"aMS",%progbits,1
 202              		.align	2
 203              	.LC3:
 204 0000 28282867 		.ascii	"(((gpSwitchUnit[unit]->sw_access).controller).spi_c"
 204      70537769 
 204      74636855 
 204      6E69745B 
 204      756E6974 
 205 0033 6F6E7472 		.ascii	"ontroller).spi_read(addr, sizeof(addr), value, size"
 205      6F6C6C65 
 205      72292E73 
 205      70695F72 
 205      65616428 
 206 0066 6F662876 		.ascii	"of(value))\000"
 206      616C7565 
 206      292900
 207 0071 000000   		.align	2
 208              	.LC4:
 209 0074 62797465 		.ascii	"bytes_to_word(value, sizeof(value), pRegValue, 1)\000"
 209      735F746F 
 209      5F776F72 
 209      64287661 
 209      6C75652C 
 210              		.section	.text.spi_switch_read,"ax",%progbits
 211              		.align	1
 212              		.global	spi_switch_read
 213              		.syntax unified
 214              		.thumb
 215              		.thumb_func
 217              	spi_switch_read:
 218              	.LVL20:
 219              	.LFB4:
  27:../switch_sdk/core/drv/sw_ctrl/ctrlif/spi.c **** 
  28:../switch_sdk/core/drv/sw_ctrl/ctrlif/spi.c **** uint32_t spi_switch_read(uint8_t unit, uint32_t regAddr, uint32_t *pRegValue)
  29:../switch_sdk/core/drv/sw_ctrl/ctrlif/spi.c **** {
 220              		.loc 1 29 1 is_stmt 1 view -0
 221              		.cfi_startproc
 222              		@ args = 0, pretend = 0, frame = 8
 223              		@ frame_needed = 0, uses_anonymous_args = 0
 224              		.loc 1 29 1 is_stmt 0 view .LVU38
 225 0000 30B5     		push	{r4, r5, lr}
 226              		.cfi_def_cfa_offset 12
 227              		.cfi_offset 4, -12
 228              		.cfi_offset 5, -8
 229              		.cfi_offset 14, -4
 230 0002 85B0     		sub	sp, sp, #20
 231              		.cfi_def_cfa_offset 32
  30:../switch_sdk/core/drv/sw_ctrl/ctrlif/spi.c ****     uint8_t addr[UINT32_BYTES_NUM] = {0};
 232              		.loc 1 30 5 is_stmt 1 view .LVU39
 233              		.loc 1 30 13 is_stmt 0 view .LVU40
 234 0004 0023     		movs	r3, #0
 235 0006 0393     		str	r3, [sp, #12]
  31:../switch_sdk/core/drv/sw_ctrl/ctrlif/spi.c ****     uint8_t value[UINT32_BYTES_NUM] = {0};
 236              		.loc 1 31 5 is_stmt 1 view .LVU41
 237              		.loc 1 31 13 is_stmt 0 view .LVU42
 238 0008 0293     		str	r3, [sp, #8]
  32:../switch_sdk/core/drv/sw_ctrl/ctrlif/spi.c ****     int32_t ret;
 239              		.loc 1 32 5 is_stmt 1 view .LVU43
  33:../switch_sdk/core/drv/sw_ctrl/ctrlif/spi.c **** 
  34:../switch_sdk/core/drv/sw_ctrl/ctrlif/spi.c ****     CMM_PARAM_CHK(NULL == pRegValue, CMM_ERR_NULL_POINT);
 240              		.loc 1 34 5 view .LVU44
 241              		.loc 1 34 5 view .LVU45
 242 000a 02B3     		cbz	r2, .L25
 243 000c 0446     		mov	r4, r0
 244 000e 0846     		mov	r0, r1
 245              	.LVL21:
 246              		.loc 1 34 5 is_stmt 0 view .LVU46
 247 0010 1546     		mov	r5, r2
 248              		.loc 1 34 5 is_stmt 1 discriminator 2 view .LVU47
  35:../switch_sdk/core/drv/sw_ctrl/ctrlif/spi.c ****     CMM_PARAM_CHK(NULL == SWITCH_SPI_CONTROLLER_ON_UNIT(unit).spi_read, CMM_ERR_NOT_INIT);
 249              		.loc 1 35 5 discriminator 2 view .LVU48
 250              		.loc 1 35 5 discriminator 2 view .LVU49
 251 0012 354B     		ldr	r3, .L32
 252 0014 53F82430 		ldr	r3, [r3, r4, lsl #2]
 253 0018 DB68     		ldr	r3, [r3, #12]
 254 001a 33B3     		cbz	r3, .L26
 255              		.loc 1 35 5 discriminator 2 view .LVU50
  36:../switch_sdk/core/drv/sw_ctrl/ctrlif/spi.c **** 
  37:../switch_sdk/core/drv/sw_ctrl/ctrlif/spi.c ****     word_to_bytes(regAddr, addr, sizeof(addr), 1, 1);
 256              		.loc 1 37 5 discriminator 2 view .LVU51
 257 001c 0123     		movs	r3, #1
 258 001e 0093     		str	r3, [sp]
 259 0020 0422     		movs	r2, #4
 260              	.LVL22:
 261              		.loc 1 37 5 is_stmt 0 discriminator 2 view .LVU52
 262 0022 03A9     		add	r1, sp, #12
 263              	.LVL23:
 264              		.loc 1 37 5 discriminator 2 view .LVU53
 265 0024 FFF7FEFF 		bl	word_to_bytes
 266              	.LVL24:
  38:../switch_sdk/core/drv/sw_ctrl/ctrlif/spi.c ****     CMM_ERR_CHK(SWITCH_SPI_CONTROLLER_ON_UNIT(unit).spi_read(addr, sizeof(addr), value, sizeof(valu
 267              		.loc 1 38 5 is_stmt 1 discriminator 2 view .LVU54
 268              		.loc 1 38 5 discriminator 2 view .LVU55
 269 0028 2F4B     		ldr	r3, .L32
 270 002a 53F82430 		ldr	r3, [r3, r4, lsl #2]
 271 002e DC68     		ldr	r4, [r3, #12]
 272 0030 0423     		movs	r3, #4
 273 0032 02AA     		add	r2, sp, #8
 274 0034 1946     		mov	r1, r3
 275 0036 03A8     		add	r0, sp, #12
 276 0038 A047     		blx	r4
 277              	.LVL25:
 278              		.loc 1 38 5 is_stmt 0 discriminator 2 view .LVU56
 279 003a 0446     		mov	r4, r0
 280 003c 0028     		cmp	r0, #0
 281 003e 32D0     		beq	.L20
 282              		.loc 1 38 5 is_stmt 1 discriminator 1 view .LVU57
 283              		.loc 1 38 5 discriminator 1 view .LVU58
 284 0040 2A4B     		ldr	r3, .L32+4
 285 0042 1B78     		ldrb	r3, [r3]	@ zero_extendqisi2
 286 0044 012B     		cmp	r3, #1
 287 0046 1ED8     		bhi	.L27
 288              	.LVL26:
 289              	.L21:
 290              		.loc 1 38 5 discriminator 5 view .LVU59
 291              		.loc 1 38 5 discriminator 5 view .LVU60
 292              		.loc 1 38 5 discriminator 5 view .LVU61
 293 0048 2046     		mov	r0, r4
 294              	.LVL27:
 295              	.L14:
  39:../switch_sdk/core/drv/sw_ctrl/ctrlif/spi.c ****     CMM_ERR_CHK(bytes_to_word(value, sizeof(value), pRegValue, 1), ret);
  40:../switch_sdk/core/drv/sw_ctrl/ctrlif/spi.c **** 
  41:../switch_sdk/core/drv/sw_ctrl/ctrlif/spi.c ****     return CMM_ERR_OK;
  42:../switch_sdk/core/drv/sw_ctrl/ctrlif/spi.c **** }
 296              		.loc 1 42 1 is_stmt 0 view .LVU62
 297 004a 05B0     		add	sp, sp, #20
 298              		.cfi_remember_state
 299              		.cfi_def_cfa_offset 12
 300              		@ sp needed
 301 004c 30BD     		pop	{r4, r5, pc}
 302              	.LVL28:
 303              	.L25:
 304              		.cfi_restore_state
  34:../switch_sdk/core/drv/sw_ctrl/ctrlif/spi.c ****     CMM_PARAM_CHK(NULL == SWITCH_SPI_CONTROLLER_ON_UNIT(unit).spi_read, CMM_ERR_NOT_INIT);
 305              		.loc 1 34 5 is_stmt 1 discriminator 1 view .LVU63
  34:../switch_sdk/core/drv/sw_ctrl/ctrlif/spi.c ****     CMM_PARAM_CHK(NULL == SWITCH_SPI_CONTROLLER_ON_UNIT(unit).spi_read, CMM_ERR_NOT_INIT);
 306              		.loc 1 34 5 discriminator 1 view .LVU64
 307 004e 274B     		ldr	r3, .L32+4
 308 0050 1B78     		ldrb	r3, [r3]	@ zero_extendqisi2
 309 0052 012B     		cmp	r3, #1
 310 0054 01D8     		bhi	.L28
 311              	.LVL29:
 312              	.L16:
  34:../switch_sdk/core/drv/sw_ctrl/ctrlif/spi.c ****     CMM_PARAM_CHK(NULL == SWITCH_SPI_CONTROLLER_ON_UNIT(unit).spi_read, CMM_ERR_NOT_INIT);
 313              		.loc 1 34 5 discriminator 5 view .LVU65
  34:../switch_sdk/core/drv/sw_ctrl/ctrlif/spi.c ****     CMM_PARAM_CHK(NULL == SWITCH_SPI_CONTROLLER_ON_UNIT(unit).spi_read, CMM_ERR_NOT_INIT);
 314              		.loc 1 34 5 discriminator 5 view .LVU66
  34:../switch_sdk/core/drv/sw_ctrl/ctrlif/spi.c ****     CMM_PARAM_CHK(NULL == SWITCH_SPI_CONTROLLER_ON_UNIT(unit).spi_read, CMM_ERR_NOT_INIT);
 315              		.loc 1 34 5 discriminator 5 view .LVU67
 316 0056 0220     		movs	r0, #2
 317 0058 F7E7     		b	.L14
 318              	.LVL30:
 319              	.L28:
  34:../switch_sdk/core/drv/sw_ctrl/ctrlif/spi.c ****     CMM_PARAM_CHK(NULL == SWITCH_SPI_CONTROLLER_ON_UNIT(unit).spi_read, CMM_ERR_NOT_INIT);
 320              		.loc 1 34 5 discriminator 3 view .LVU68
 321              	.LBB4:
  34:../switch_sdk/core/drv/sw_ctrl/ctrlif/spi.c ****     CMM_PARAM_CHK(NULL == SWITCH_SPI_CONTROLLER_ON_UNIT(unit).spi_read, CMM_ERR_NOT_INIT);
 322              		.loc 1 34 5 discriminator 3 view .LVU69
 323 005a 254B     		ldr	r3, .L32+8
 324 005c 9A68     		ldr	r2, [r3, #8]
 325              	.LVL31:
  34:../switch_sdk/core/drv/sw_ctrl/ctrlif/spi.c ****     CMM_PARAM_CHK(NULL == SWITCH_SPI_CONTROLLER_ON_UNIT(unit).spi_read, CMM_ERR_NOT_INIT);
 326              		.loc 1 34 5 is_stmt 0 discriminator 3 view .LVU70
 327 005e 254B     		ldr	r3, .L32+12
 328 0060 9968     		ldr	r1, [r3, #8]
 329              	.LVL32:
  34:../switch_sdk/core/drv/sw_ctrl/ctrlif/spi.c ****     CMM_PARAM_CHK(NULL == SWITCH_SPI_CONTROLLER_ON_UNIT(unit).spi_read, CMM_ERR_NOT_INIT);
 330              		.loc 1 34 5 discriminator 3 view .LVU71
 331 0062 2548     		ldr	r0, .L32+16
 332              	.LVL33:
  34:../switch_sdk/core/drv/sw_ctrl/ctrlif/spi.c ****     CMM_PARAM_CHK(NULL == SWITCH_SPI_CONTROLLER_ON_UNIT(unit).spi_read, CMM_ERR_NOT_INIT);
 333              		.loc 1 34 5 discriminator 3 view .LVU72
 334 0064 FFF7FEFF 		bl	osal_printf
 335              	.LVL34:
 336 0068 F5E7     		b	.L16
 337              	.LVL35:
 338              	.L26:
  34:../switch_sdk/core/drv/sw_ctrl/ctrlif/spi.c ****     CMM_PARAM_CHK(NULL == SWITCH_SPI_CONTROLLER_ON_UNIT(unit).spi_read, CMM_ERR_NOT_INIT);
 339              		.loc 1 34 5 discriminator 3 view .LVU73
 340              	.LBE4:
  35:../switch_sdk/core/drv/sw_ctrl/ctrlif/spi.c **** 
 341              		.loc 1 35 5 is_stmt 1 discriminator 1 view .LVU74
  35:../switch_sdk/core/drv/sw_ctrl/ctrlif/spi.c **** 
 342              		.loc 1 35 5 discriminator 1 view .LVU75
 343 006a 204B     		ldr	r3, .L32+4
 344 006c 1B78     		ldrb	r3, [r3]	@ zero_extendqisi2
 345 006e 012B     		cmp	r3, #1
 346 0070 01D8     		bhi	.L29
 347              	.LVL36:
 348              	.L19:
  35:../switch_sdk/core/drv/sw_ctrl/ctrlif/spi.c **** 
 349              		.loc 1 35 5 discriminator 5 view .LVU76
  35:../switch_sdk/core/drv/sw_ctrl/ctrlif/spi.c **** 
 350              		.loc 1 35 5 discriminator 5 view .LVU77
  35:../switch_sdk/core/drv/sw_ctrl/ctrlif/spi.c **** 
 351              		.loc 1 35 5 discriminator 5 view .LVU78
 352 0072 0420     		movs	r0, #4
 353 0074 E9E7     		b	.L14
 354              	.LVL37:
 355              	.L29:
  35:../switch_sdk/core/drv/sw_ctrl/ctrlif/spi.c **** 
 356              		.loc 1 35 5 discriminator 3 view .LVU79
 357              	.LBB5:
  35:../switch_sdk/core/drv/sw_ctrl/ctrlif/spi.c **** 
 358              		.loc 1 35 5 discriminator 3 view .LVU80
 359 0076 1E4B     		ldr	r3, .L32+8
 360 0078 1A69     		ldr	r2, [r3, #16]
 361              	.LVL38:
  35:../switch_sdk/core/drv/sw_ctrl/ctrlif/spi.c **** 
 362              		.loc 1 35 5 is_stmt 0 discriminator 3 view .LVU81
 363 007a 1E4B     		ldr	r3, .L32+12
 364 007c 9968     		ldr	r1, [r3, #8]
 365 007e 1E48     		ldr	r0, .L32+16
 366              	.LVL39:
  35:../switch_sdk/core/drv/sw_ctrl/ctrlif/spi.c **** 
 367              		.loc 1 35 5 discriminator 3 view .LVU82
 368 0080 FFF7FEFF 		bl	osal_printf
 369              	.LVL40:
 370 0084 F5E7     		b	.L19
 371              	.LVL41:
 372              	.L27:
  35:../switch_sdk/core/drv/sw_ctrl/ctrlif/spi.c **** 
 373              		.loc 1 35 5 discriminator 3 view .LVU83
 374              	.LBE5:
  38:../switch_sdk/core/drv/sw_ctrl/ctrlif/spi.c ****     CMM_ERR_CHK(bytes_to_word(value, sizeof(value), pRegValue, 1), ret);
 375              		.loc 1 38 5 is_stmt 1 discriminator 3 view .LVU84
 376              	.LBB6:
  38:../switch_sdk/core/drv/sw_ctrl/ctrlif/spi.c ****     CMM_ERR_CHK(bytes_to_word(value, sizeof(value), pRegValue, 1), ret);
 377              		.loc 1 38 5 discriminator 3 view .LVU85
 378 0086 0146     		mov	r1, r0
 379 0088 1428     		cmp	r0, #20
 380 008a A8BF     		it	ge
 381 008c 1421     		movge	r1, #20
 382 008e 1B4B     		ldr	r3, .L32+20
 383 0090 0093     		str	r3, [sp]
 384 0092 1B4B     		ldr	r3, .L32+24
 385 0094 164A     		ldr	r2, .L32+8
 386 0096 52F82120 		ldr	r2, [r2, r1, lsl #2]
 387 009a 1649     		ldr	r1, .L32+12
 388 009c 8968     		ldr	r1, [r1, #8]
 389 009e 1948     		ldr	r0, .L32+28
 390              	.LVL42:
  38:../switch_sdk/core/drv/sw_ctrl/ctrlif/spi.c ****     CMM_ERR_CHK(bytes_to_word(value, sizeof(value), pRegValue, 1), ret);
 391              		.loc 1 38 5 is_stmt 0 discriminator 3 view .LVU86
 392 00a0 FFF7FEFF 		bl	osal_printf
 393              	.LVL43:
 394 00a4 D0E7     		b	.L21
 395              	.LVL44:
 396              	.L20:
  38:../switch_sdk/core/drv/sw_ctrl/ctrlif/spi.c ****     CMM_ERR_CHK(bytes_to_word(value, sizeof(value), pRegValue, 1), ret);
 397              		.loc 1 38 5 discriminator 3 view .LVU87
 398              	.LBE6:
  38:../switch_sdk/core/drv/sw_ctrl/ctrlif/spi.c ****     CMM_ERR_CHK(bytes_to_word(value, sizeof(value), pRegValue, 1), ret);
 399              		.loc 1 38 5 is_stmt 1 discriminator 2 view .LVU88
  39:../switch_sdk/core/drv/sw_ctrl/ctrlif/spi.c **** 
 400              		.loc 1 39 5 discriminator 2 view .LVU89
  39:../switch_sdk/core/drv/sw_ctrl/ctrlif/spi.c **** 
 401              		.loc 1 39 5 discriminator 2 view .LVU90
 402 00a6 0123     		movs	r3, #1
 403 00a8 2A46     		mov	r2, r5
 404 00aa 0421     		movs	r1, #4
 405 00ac 02A8     		add	r0, sp, #8
 406              	.LVL45:
  39:../switch_sdk/core/drv/sw_ctrl/ctrlif/spi.c **** 
 407              		.loc 1 39 5 is_stmt 0 discriminator 2 view .LVU91
 408 00ae FFF7FEFF 		bl	bytes_to_word
 409              	.LVL46:
  39:../switch_sdk/core/drv/sw_ctrl/ctrlif/spi.c **** 
 410              		.loc 1 39 5 discriminator 2 view .LVU92
 411 00b2 0446     		mov	r4, r0
 412 00b4 08B9     		cbnz	r0, .L30
  41:../switch_sdk/core/drv/sw_ctrl/ctrlif/spi.c **** }
 413              		.loc 1 41 12 view .LVU93
 414 00b6 0020     		movs	r0, #0
 415              	.LVL47:
  41:../switch_sdk/core/drv/sw_ctrl/ctrlif/spi.c **** }
 416              		.loc 1 41 12 view .LVU94
 417 00b8 C7E7     		b	.L14
 418              	.LVL48:
 419              	.L30:
  39:../switch_sdk/core/drv/sw_ctrl/ctrlif/spi.c **** 
 420              		.loc 1 39 5 is_stmt 1 discriminator 1 view .LVU95
  39:../switch_sdk/core/drv/sw_ctrl/ctrlif/spi.c **** 
 421              		.loc 1 39 5 discriminator 1 view .LVU96
 422 00ba 0C4B     		ldr	r3, .L32+4
 423 00bc 1B78     		ldrb	r3, [r3]	@ zero_extendqisi2
 424 00be 012B     		cmp	r3, #1
 425 00c0 01D8     		bhi	.L31
 426              	.LVL49:
 427              	.L22:
  39:../switch_sdk/core/drv/sw_ctrl/ctrlif/spi.c **** 
 428              		.loc 1 39 5 discriminator 5 view .LVU97
  39:../switch_sdk/core/drv/sw_ctrl/ctrlif/spi.c **** 
 429              		.loc 1 39 5 discriminator 5 view .LVU98
  39:../switch_sdk/core/drv/sw_ctrl/ctrlif/spi.c **** 
 430              		.loc 1 39 5 discriminator 5 view .LVU99
 431 00c2 2046     		mov	r0, r4
 432 00c4 C1E7     		b	.L14
 433              	.LVL50:
 434              	.L31:
  39:../switch_sdk/core/drv/sw_ctrl/ctrlif/spi.c **** 
 435              		.loc 1 39 5 discriminator 3 view .LVU100
 436              	.LBB7:
  39:../switch_sdk/core/drv/sw_ctrl/ctrlif/spi.c **** 
 437              		.loc 1 39 5 discriminator 3 view .LVU101
 438 00c6 0146     		mov	r1, r0
 439 00c8 1428     		cmp	r0, #20
 440 00ca A8BF     		it	ge
 441 00cc 1421     		movge	r1, #20
 442 00ce 0B4B     		ldr	r3, .L32+20
 443 00d0 0093     		str	r3, [sp]
 444 00d2 0D4B     		ldr	r3, .L32+32
 445 00d4 064A     		ldr	r2, .L32+8
 446 00d6 52F82120 		ldr	r2, [r2, r1, lsl #2]
 447 00da 0649     		ldr	r1, .L32+12
 448 00dc 8968     		ldr	r1, [r1, #8]
 449 00de 0948     		ldr	r0, .L32+28
 450              	.LVL51:
  39:../switch_sdk/core/drv/sw_ctrl/ctrlif/spi.c **** 
 451              		.loc 1 39 5 is_stmt 0 discriminator 3 view .LVU102
 452 00e0 FFF7FEFF 		bl	osal_printf
 453              	.LVL52:
 454 00e4 EDE7     		b	.L22
 455              	.L33:
 456 00e6 00BF     		.align	2
 457              	.L32:
 458 00e8 00000000 		.word	gpSwitchUnit
 459 00ec 00000000 		.word	yt_debug_level
 460 00f0 00000000 		.word	_yt_errmsg
 461 00f4 00000000 		.word	_yt_prompt_msg
 462 00f8 00000000 		.word	.LC0
 463 00fc 00000000 		.word	__FUNCTION__.0
 464 0100 00000000 		.word	.LC3
 465 0104 7C000000 		.word	.LC2
 466 0108 74000000 		.word	.LC4
 467              	.LBE7:
 468              		.cfi_endproc
 469              	.LFE4:
 471              		.section	.rodata.__FUNCTION__.0,"a"
 472              		.align	2
 475              	__FUNCTION__.0:
 476 0000 7370695F 		.ascii	"spi_switch_read\000"
 476      73776974 
 476      63685F72 
 476      65616400 
 477              		.section	.rodata.__FUNCTION__.1,"a"
 478              		.align	2
 481              	__FUNCTION__.1:
 482 0000 7370695F 		.ascii	"spi_switch_write\000"
 482      73776974 
 482      63685F77 
 482      72697465 
 482      00
 483              		.text
 484              	.Letext0:
 485              		.file 2 "C:\\Users\\Dmitriy\\Desktop\\GD32F10x\\switch_sdk\\common\\include/yt_types.h"
 486              		.file 3 "C:\\Users\\Dmitriy\\Desktop\\GD32F10x\\switch_sdk\\common\\include/yt_error.h"
 487              		.file 4 "C:\\Users\\Dmitriy\\Desktop\\GD32F10x\\switch_sdk\\core\\fal\\chipdef/chipdef.h"
 488              		.file 5 "C:\\Users\\Dmitriy\\Desktop\\GD32F10x\\switch_sdk\\core\\cal/cal_bprofile.h"
 489              		.file 6 "../switch_sdk/core/drv/sw_ctrl/ctrlif/ctrlif.h"
DEFINED SYMBOLS
                            *ABS*:00000000 spi.c
C:\Users\Dmitriy\AppData\Local\Temp\ccv3Cz0z.s:19     .rodata.spi_switch_write.str1.4:00000000 $d
C:\Users\Dmitriy\AppData\Local\Temp\ccv3Cz0z.s:31     .text.spi_switch_write:00000000 $t
C:\Users\Dmitriy\AppData\Local\Temp\ccv3Cz0z.s:37     .text.spi_switch_write:00000000 spi_switch_write
C:\Users\Dmitriy\AppData\Local\Temp\ccv3Cz0z.s:189    .text.spi_switch_write:00000094 $d
C:\Users\Dmitriy\AppData\Local\Temp\ccv3Cz0z.s:481    .rodata.__FUNCTION__.1:00000000 __FUNCTION__.1
C:\Users\Dmitriy\AppData\Local\Temp\ccv3Cz0z.s:202    .rodata.spi_switch_read.str1.4:00000000 $d
C:\Users\Dmitriy\AppData\Local\Temp\ccv3Cz0z.s:211    .text.spi_switch_read:00000000 $t
C:\Users\Dmitriy\AppData\Local\Temp\ccv3Cz0z.s:217    .text.spi_switch_read:00000000 spi_switch_read
C:\Users\Dmitriy\AppData\Local\Temp\ccv3Cz0z.s:458    .text.spi_switch_read:000000e8 $d
C:\Users\Dmitriy\AppData\Local\Temp\ccv3Cz0z.s:475    .rodata.__FUNCTION__.0:00000000 __FUNCTION__.0
C:\Users\Dmitriy\AppData\Local\Temp\ccv3Cz0z.s:472    .rodata.__FUNCTION__.0:00000000 $d
C:\Users\Dmitriy\AppData\Local\Temp\ccv3Cz0z.s:478    .rodata.__FUNCTION__.1:00000000 $d
                           .group:00000000 wm4.0.3ac34e011645c1b8d95761511e5c0518
                           .group:00000000 wm4._newlib_version.h.4.6d111ab2e95434b664b53815e5c8ccba
                           .group:00000000 wm4.newlib.h.27.d4bf77c18f14f545101dac22f0b54118
                           .group:00000000 wm4.ieeefp.h.77.0ee3146e9d892bb10bc0066c30189af1
                           .group:00000000 wm4.features.h.22.7877b139107948f7dadcf3660cc79cfd
                           .group:00000000 wm4.config.h.224.10ee1ad185d877c6e334e6581faab44d
                           .group:00000000 wm4._ansi.h.31.de524f58584151836e90d8620a16f8e8
                           .group:00000000 wm4.stdio.h.31.7c0e28c411445f3f9c5b11accf882760
                           .group:00000000 wm4._default_types.h.6.959254cf5f09734ea7516c89e8bb21bd
                           .group:00000000 wm4.stddef.h.185.cbb642e1ccd385e8aa504b15cb7fb086
                           .group:00000000 wm4.cdefs.h.49.f93868eb904b9ca05b5c0257d31128ca
                           .group:00000000 wm4.stddef.h.39.0e5f0dabba1c666ccadf0408e0d47322
                           .group:00000000 wm4.stdarg.h.34.3a23a216c0c293b3d2ea2e89281481e6
                           .group:00000000 wm4._types.h.20.dd0d04dca3800a0d2a6129b87f3adbb2
                           .group:00000000 wm4.stddef.h.158.5f30652bb2ea05b142c1bbee9108c999
                           .group:00000000 wm4._types.h.127.3bdfe3ff8ea2d0985b03d9cbe93480e3
                           .group:00000000 wm4.reent.h.17.e292bf8b0bec6c96e131a54347145a30
                           .group:00000000 wm4.lock.h.2.1461d1fff82dffe8bfddc23307f6484f
                           .group:00000000 wm4.reent.h.77.89f7dde66c62b1f1dee32bdb6ab2d544
                           .group:00000000 wm4.stdio.h.67.0cf8a9c281ab0b348aef5c02e7e48825
                           .group:00000000 wm4.stdio.h.2.4aa87247282eca6c8f36f9de33d8df1a
                           .group:00000000 wm4.stdio.h.87.a1e20d2651f9bfb66e51bfbe849db00a
                           .group:00000000 wm4.string.h.8.c4b8571ce60dff2817f43fec8b86aecd
                           .group:00000000 wm4.stddef.h.158.bfed30416c9480cd13bc4a25427d538f
                           .group:00000000 wm4.stdbool.h.29.4a1c88fe569adb8d03217dd16982ca34
                           .group:00000000 wm4.malloc.h.4.62bd13b8107d5245f60bd92bb5994838
                           .group:00000000 wm4.malloc.h.152.f5d1d9a9aabeac59da0ef41ede16d2b0
                           .group:00000000 wm4.yt_types.h.31.64aa050cf4c68d28514ce99f5dc2ddb9
                           .group:00000000 wm4.yt_lock.h.9.ec67e8f6d308980d310512269a06d32b
                           .group:00000000 wm4.yt_error.h.38.7d21fcd141776eb0b18825b154fad62e
                           .group:00000000 wm4.yt_util.h.17.08ae57e3898b218a2bbe57b2147a81bd
                           .group:00000000 wm4.chipdef_tiger.h.10.ae557adb3508daebcdc97f8fb0dc9e1a
                           .group:00000000 wm4.phy_chipdef.h.9.9a1a2dbb46f5503e32a84083ab1dbc9f
                           .group:00000000 wm4.cal_bprofile.h.23.d6ecfc2230abc149b4da600a40b20e5b
                           .group:00000000 wm4.bprofile_YT9215_default_demo.h.15.13aa65ba4a73c41dc1ffa3c5f8dcfda3
                           .group:00000000 wm4.cal_cmm.h.46.d022146a9e55e93d62d578a666b2c2f5
                           .group:00000000 wm4.ctrlif.h.14.25b89f4f4e1c2d9a4d8cc002d2533731

UNDEFINED SYMBOLS
word_to_bytes
osal_printf
gpSwitchUnit
yt_debug_level
_yt_errmsg
_yt_prompt_msg
bytes_to_word
