   1              		.cpu cortex-m3
   2              		.arch armv7-m
   3              		.fpu softvfp
   4              		.eabi_attribute 20, 1
   5              		.eabi_attribute 21, 1
   6              		.eabi_attribute 23, 3
   7              		.eabi_attribute 24, 1
   8              		.eabi_attribute 25, 1
   9              		.eabi_attribute 26, 1
  10              		.eabi_attribute 30, 1
  11              		.eabi_attribute 34, 1
  12              		.eabi_attribute 18, 4
  13              		.file	"yt_mirror.c"
  14              		.text
  15              	.Ltext0:
  16              		.cfi_sections	.debug_frame
  17              		.file 1 "../switch_sdk/core/yt/yt_mirror.c"
  18              		.section	.rodata.yt_mirror_port_set.str1.4,"aMS",%progbits,1
  19              		.align	2
  20              	.LC0:
  21 0000 25732573 		.ascii	"%s%s\015\012\000"
  21      0D0A00
  22              		.section	.text.yt_mirror_port_set,"ax",%progbits
  23              		.align	1
  24              		.global	yt_mirror_port_set
  25              		.syntax unified
  26              		.thumb
  27              		.thumb_func
  29              	yt_mirror_port_set:
  30              	.LVL0:
  31              	.LFB3:
   1:../switch_sdk/core/yt/yt_mirror.c **** /*******************************************************************************
   2:../switch_sdk/core/yt/yt_mirror.c **** *                                                                              *
   3:../switch_sdk/core/yt/yt_mirror.c **** *  Copyright (c), 2022, Motorcomm Electronic Technology Co.,Ltd.               *
   4:../switch_sdk/core/yt/yt_mirror.c **** *  Motorcomm Confidential and Proprietary.                                     *
   5:../switch_sdk/core/yt/yt_mirror.c **** *                                                                              *
   6:../switch_sdk/core/yt/yt_mirror.c **** ********************************************************************************
   7:../switch_sdk/core/yt/yt_mirror.c **** */
   8:../switch_sdk/core/yt/yt_mirror.c **** /**
   9:../switch_sdk/core/yt/yt_mirror.c **** ********************************************************************************
  10:../switch_sdk/core/yt/yt_mirror.c **** * @file yt_mirror.c
  11:../switch_sdk/core/yt/yt_mirror.c **** *
  12:../switch_sdk/core/yt/yt_mirror.c **** * @brief x
  13:../switch_sdk/core/yt/yt_mirror.c **** *
  14:../switch_sdk/core/yt/yt_mirror.c **** ********************************************************************************
  15:../switch_sdk/core/yt/yt_mirror.c **** */
  16:../switch_sdk/core/yt/yt_mirror.c **** #include "yt_mirror.h"
  17:../switch_sdk/core/yt/yt_mirror.c **** #include "fal_dispatch.h"
  18:../switch_sdk/core/yt/yt_mirror.c **** 
  19:../switch_sdk/core/yt/yt_mirror.c **** 
  20:../switch_sdk/core/yt/yt_mirror.c **** /**
  21:../switch_sdk/core/yt/yt_mirror.c ****  * @internal      yt_mirror_port_set
  22:../switch_sdk/core/yt/yt_mirror.c ****  * @endinternal
  23:../switch_sdk/core/yt/yt_mirror.c ****  *
  24:../switch_sdk/core/yt/yt_mirror.c ****  * @brief         Description
  25:../switch_sdk/core/yt/yt_mirror.c ****  * @param[in]     unit                -unit id
  26:../switch_sdk/core/yt/yt_mirror.c ****  * @param[in]     target_port         -port num
  27:../switch_sdk/core/yt/yt_mirror.c ****  * @param[in]     rx_portmask         -port bit mask
  28:../switch_sdk/core/yt/yt_mirror.c ****  * @param[in]     tx_portmask         -port bit mask
  29:../switch_sdk/core/yt/yt_mirror.c ****  * @retval        CMM_ERR_OK          -on success
  30:../switch_sdk/core/yt/yt_mirror.c ****  * @retval        CMM_ERR_FAIL        -on fail
  31:../switch_sdk/core/yt/yt_mirror.c ****  */
  32:../switch_sdk/core/yt/yt_mirror.c **** yt_ret_t yt_mirror_port_set(yt_unit_t unit, yt_port_t target_port, yt_port_mask_t rx_portmask, yt_p
  33:../switch_sdk/core/yt/yt_mirror.c **** {
  32              		.loc 1 33 1 view -0
  33              		.cfi_startproc
  34              		@ args = 0, pretend = 0, frame = 8
  35              		@ frame_needed = 0, uses_anonymous_args = 0
  36              		.loc 1 33 1 is_stmt 0 view .LVU1
  37 0000 70B5     		push	{r4, r5, r6, lr}
  38              		.cfi_def_cfa_offset 16
  39              		.cfi_offset 4, -16
  40              		.cfi_offset 5, -12
  41              		.cfi_offset 6, -8
  42              		.cfi_offset 14, -4
  43 0002 82B0     		sub	sp, sp, #8
  44              		.cfi_def_cfa_offset 24
  45 0004 0192     		str	r2, [sp, #4]
  46 0006 0093     		str	r3, [sp]
  34:../switch_sdk/core/yt/yt_mirror.c ****     yt_bool_t isEnable = FALSE;
  47              		.loc 1 34 5 is_stmt 1 view .LVU2
  48              	.LVL1:
  35:../switch_sdk/core/yt/yt_mirror.c **** 
  36:../switch_sdk/core/yt/yt_mirror.c ****     CMM_PARAM_CHK((YT_UNIT_NUM <= unit), CMM_ERR_INPUT);
  49              		.loc 1 36 5 view .LVU3
  50              		.loc 1 36 5 view .LVU4
  51 0008 0028     		cmp	r0, #0
  52 000a 3DD1     		bne	.L24
  53 000c 0D46     		mov	r5, r1
  54 000e 0446     		mov	r4, r0
  55              		.loc 1 36 5 discriminator 2 view .LVU5
  37:../switch_sdk/core/yt/yt_mirror.c ****     CMM_PARAM_CHK(NULL == YT_DISPATCH(unit), CMM_ERR_NOT_INIT);
  56              		.loc 1 37 5 discriminator 2 view .LVU6
  57              		.loc 1 37 5 discriminator 2 view .LVU7
  58 0010 5B4B     		ldr	r3, .L38
  59 0012 53F82030 		ldr	r3, [r3, r0, lsl #2]
  60 0016 002B     		cmp	r3, #0
  61 0018 44D0     		beq	.L25
  62              		.loc 1 37 5 discriminator 2 view .LVU8
  38:../switch_sdk/core/yt/yt_mirror.c ****     CMM_PARAM_CHK((!(YT_DISPATCH(unit)->is_inited)), CMM_ERR_NOT_INIT);
  63              		.loc 1 38 5 discriminator 2 view .LVU9
  64              		.loc 1 38 5 discriminator 2 view .LVU10
  65 001a 1B78     		ldrb	r3, [r3]	@ zero_extendqisi2
  66 001c 002B     		cmp	r3, #0
  67 001e 4FD0     		beq	.L26
  68              		.loc 1 38 5 discriminator 2 view .LVU11
  39:../switch_sdk/core/yt/yt_mirror.c ****     CMM_PARAM_CHK((!(CMM_PORT_VALID(unit,target_port))), CMM_ERR_PORT);
  69              		.loc 1 39 5 discriminator 2 view .LVU12
  70              		.loc 1 39 5 discriminator 2 view .LVU13
  71 0020 584B     		ldr	r3, .L38+4
  72 0022 1B78     		ldrb	r3, [r3]	@ zero_extendqisi2
  73 0024 002B     		cmp	r3, #0
  74 0026 59D0     		beq	.L9
  75 0028 574B     		ldr	r3, .L38+8
  76 002a 53F82030 		ldr	r3, [r3, r0, lsl #2]
  77 002e 1B7D     		ldrb	r3, [r3, #20]	@ zero_extendqisi2
  78 0030 8B42     		cmp	r3, r1
  79 0032 53D9     		bls	.L9
  80              		.loc 1 39 5 discriminator 4 view .LVU14
  40:../switch_sdk/core/yt/yt_mirror.c ****     CMM_PARAM_CHK((!(CMM_PLIST_VALID(unit,rx_portmask))), CMM_ERR_PORTLIST);
  81              		.loc 1 40 5 discriminator 4 view .LVU15
  82              		.loc 1 40 5 discriminator 4 view .LVU16
  83 0034 0022     		movs	r2, #0
  84 0036 0199     		ldr	r1, [sp, #4]
  85              	.LVL2:
  86              		.loc 1 40 5 is_stmt 0 discriminator 4 view .LVU17
  87 0038 FFF7FEFF 		bl	cal_ytportmask_isvalid
  88              	.LVL3:
  89              		.loc 1 40 5 discriminator 4 view .LVU18
  90 003c 0028     		cmp	r0, #0
  91 003e 5CD1     		bne	.L27
  92              		.loc 1 40 5 is_stmt 1 discriminator 2 view .LVU19
  41:../switch_sdk/core/yt/yt_mirror.c ****     CMM_PARAM_CHK((!(CMM_PLIST_VALID(unit,tx_portmask))), CMM_ERR_PORTLIST);
  93              		.loc 1 41 5 discriminator 2 view .LVU20
  94              		.loc 1 41 5 discriminator 2 view .LVU21
  95 0040 0022     		movs	r2, #0
  96 0042 0099     		ldr	r1, [sp]
  97 0044 2046     		mov	r0, r4
  98 0046 FFF7FEFF 		bl	cal_ytportmask_isvalid
  99              	.LVL4:
 100 004a 0028     		cmp	r0, #0
 101 004c 63D1     		bne	.L28
 102              		.loc 1 41 5 discriminator 2 view .LVU22
  42:../switch_sdk/core/yt/yt_mirror.c **** 
  43:../switch_sdk/core/yt/yt_mirror.c ****     /* rx/tx port shouldn't contain target port itself */
  44:../switch_sdk/core/yt/yt_mirror.c ****     CMM_IS_MEMBER_PORT(rx_portmask, target_port, isEnable);
 103              		.loc 1 44 5 discriminator 2 view .LVU23
 104              	.LBB2:
 105              		.loc 1 44 5 discriminator 2 view .LVU24
 106              		.loc 1 44 5 discriminator 2 view .LVU25
 107              		.loc 1 44 5 discriminator 2 view .LVU26
 108 004e 6B09     		lsrs	r3, r5, #5
 109 0050 C5F34712 		ubfx	r2, r5, #5, #8
 110              	.LVL5:
 111              		.loc 1 44 5 discriminator 2 view .LVU27
 112 0054 05F01F00 		and	r0, r5, #31
 113              	.LVL6:
 114              		.loc 1 44 5 discriminator 2 view .LVU28
 115 0058 4AB9     		cbnz	r2, .L16
 116              		.loc 1 44 5 is_stmt 0 discriminator 1 view .LVU29
 117 005a D9B2     		uxtb	r1, r3
 118 005c 02AE     		add	r6, sp, #8
 119 005e 06EB8101 		add	r1, r6, r1, lsl #2
 120 0062 51F8046C 		ldr	r6, [r1, #-4]
 121 0066 0121     		movs	r1, #1
 122 0068 8140     		lsls	r1, r1, r0
 123 006a 0E42     		tst	r6, r1
 124 006c 61D1     		bne	.L29
 125              	.L16:
 126              		.loc 1 44 5 is_stmt 1 view .LVU30
 127              		.loc 1 44 5 is_stmt 0 view .LVU31
 128              	.LBE2:
 129              		.loc 1 44 5 is_stmt 1 view .LVU32
  45:../switch_sdk/core/yt/yt_mirror.c ****     CMM_PARAM_CHK((TRUE == isEnable), CMM_ERR_PORTLIST);
 130              		.loc 1 45 5 view .LVU33
 131              		.loc 1 45 5 view .LVU34
 132              		.loc 1 45 5 view .LVU35
  46:../switch_sdk/core/yt/yt_mirror.c ****     CMM_IS_MEMBER_PORT(tx_portmask, target_port, isEnable);
 133              		.loc 1 46 5 view .LVU36
 134              	.LBB3:
 135              		.loc 1 46 5 view .LVU37
 136              		.loc 1 46 5 view .LVU38
 137              		.loc 1 46 5 view .LVU39
 138              	.LVL7:
 139              		.loc 1 46 5 view .LVU40
 140              		.loc 1 46 5 view .LVU41
 141 006e 002A     		cmp	r2, #0
 142 0070 6DD0     		beq	.L19
 143              	.LVL8:
 144              	.L20:
 145              		.loc 1 46 5 view .LVU42
 146              		.loc 1 46 5 is_stmt 0 view .LVU43
 147              	.LBE3:
 148              		.loc 1 46 5 is_stmt 1 view .LVU44
  47:../switch_sdk/core/yt/yt_mirror.c ****     CMM_PARAM_CHK((TRUE == isEnable), CMM_ERR_PORTLIST);
 149              		.loc 1 47 5 view .LVU45
 150              		.loc 1 47 5 view .LVU46
 151              		.loc 1 47 5 view .LVU47
  48:../switch_sdk/core/yt/yt_mirror.c **** 
  49:../switch_sdk/core/yt/yt_mirror.c ****     return YT_DISPATCH(unit)->mirror_port_set(unit, target_port, rx_portmask, tx_portmask);
 152              		.loc 1 49 5 view .LVU48
 153              		.loc 1 49 12 is_stmt 0 view .LVU49
 154 0072 434B     		ldr	r3, .L38
 155 0074 53F82430 		ldr	r3, [r3, r4, lsl #2]
 156              		.loc 1 49 29 view .LVU50
 157 0078 D3F81065 		ldr	r6, [r3, #1296]
 158              		.loc 1 49 12 view .LVU51
 159 007c 009B     		ldr	r3, [sp]
 160 007e 019A     		ldr	r2, [sp, #4]
 161 0080 2946     		mov	r1, r5
 162 0082 2046     		mov	r0, r4
 163              	.LVL9:
 164              		.loc 1 49 12 view .LVU52
 165 0084 B047     		blx	r6
 166              	.LVL10:
 167 0086 2EE0     		b	.L1
 168              	.LVL11:
 169              	.L24:
  36:../switch_sdk/core/yt/yt_mirror.c ****     CMM_PARAM_CHK(NULL == YT_DISPATCH(unit), CMM_ERR_NOT_INIT);
 170              		.loc 1 36 5 is_stmt 1 discriminator 1 view .LVU53
  36:../switch_sdk/core/yt/yt_mirror.c ****     CMM_PARAM_CHK(NULL == YT_DISPATCH(unit), CMM_ERR_NOT_INIT);
 171              		.loc 1 36 5 discriminator 1 view .LVU54
 172 0088 404B     		ldr	r3, .L38+12
 173 008a 1B78     		ldrb	r3, [r3]	@ zero_extendqisi2
 174 008c 012B     		cmp	r3, #1
 175 008e 01D8     		bhi	.L30
 176              	.LVL12:
 177              	.L3:
  36:../switch_sdk/core/yt/yt_mirror.c ****     CMM_PARAM_CHK(NULL == YT_DISPATCH(unit), CMM_ERR_NOT_INIT);
 178              		.loc 1 36 5 discriminator 5 view .LVU55
  36:../switch_sdk/core/yt/yt_mirror.c ****     CMM_PARAM_CHK(NULL == YT_DISPATCH(unit), CMM_ERR_NOT_INIT);
 179              		.loc 1 36 5 discriminator 5 view .LVU56
  36:../switch_sdk/core/yt/yt_mirror.c ****     CMM_PARAM_CHK(NULL == YT_DISPATCH(unit), CMM_ERR_NOT_INIT);
 180              		.loc 1 36 5 discriminator 5 view .LVU57
 181 0090 0520     		movs	r0, #5
 182 0092 28E0     		b	.L1
 183              	.LVL13:
 184              	.L30:
  36:../switch_sdk/core/yt/yt_mirror.c ****     CMM_PARAM_CHK(NULL == YT_DISPATCH(unit), CMM_ERR_NOT_INIT);
 185              		.loc 1 36 5 discriminator 3 view .LVU58
 186              	.LBB4:
  36:../switch_sdk/core/yt/yt_mirror.c ****     CMM_PARAM_CHK(NULL == YT_DISPATCH(unit), CMM_ERR_NOT_INIT);
 187              		.loc 1 36 5 discriminator 3 view .LVU59
 188 0094 3E4B     		ldr	r3, .L38+16
 189 0096 5A69     		ldr	r2, [r3, #20]
 190 0098 3E4B     		ldr	r3, .L38+20
 191 009a 9968     		ldr	r1, [r3, #8]
 192              	.LVL14:
  36:../switch_sdk/core/yt/yt_mirror.c ****     CMM_PARAM_CHK(NULL == YT_DISPATCH(unit), CMM_ERR_NOT_INIT);
 193              		.loc 1 36 5 is_stmt 0 discriminator 3 view .LVU60
 194 009c 3E48     		ldr	r0, .L38+24
 195              	.LVL15:
  36:../switch_sdk/core/yt/yt_mirror.c ****     CMM_PARAM_CHK(NULL == YT_DISPATCH(unit), CMM_ERR_NOT_INIT);
 196              		.loc 1 36 5 discriminator 3 view .LVU61
 197 009e FFF7FEFF 		bl	osal_printf
 198              	.LVL16:
 199 00a2 F5E7     		b	.L3
 200              	.LVL17:
 201              	.L25:
  36:../switch_sdk/core/yt/yt_mirror.c ****     CMM_PARAM_CHK(NULL == YT_DISPATCH(unit), CMM_ERR_NOT_INIT);
 202              		.loc 1 36 5 discriminator 3 view .LVU62
 203              	.LBE4:
  37:../switch_sdk/core/yt/yt_mirror.c ****     CMM_PARAM_CHK((!(YT_DISPATCH(unit)->is_inited)), CMM_ERR_NOT_INIT);
 204              		.loc 1 37 5 is_stmt 1 discriminator 1 view .LVU63
  37:../switch_sdk/core/yt/yt_mirror.c ****     CMM_PARAM_CHK((!(YT_DISPATCH(unit)->is_inited)), CMM_ERR_NOT_INIT);
 205              		.loc 1 37 5 discriminator 1 view .LVU64
 206 00a4 394B     		ldr	r3, .L38+12
 207 00a6 1B78     		ldrb	r3, [r3]	@ zero_extendqisi2
 208 00a8 012B     		cmp	r3, #1
 209 00aa 01D8     		bhi	.L31
 210              	.LVL18:
 211              	.L6:
  37:../switch_sdk/core/yt/yt_mirror.c ****     CMM_PARAM_CHK((!(YT_DISPATCH(unit)->is_inited)), CMM_ERR_NOT_INIT);
 212              		.loc 1 37 5 discriminator 5 view .LVU65
  37:../switch_sdk/core/yt/yt_mirror.c ****     CMM_PARAM_CHK((!(YT_DISPATCH(unit)->is_inited)), CMM_ERR_NOT_INIT);
 213              		.loc 1 37 5 discriminator 5 view .LVU66
  37:../switch_sdk/core/yt/yt_mirror.c ****     CMM_PARAM_CHK((!(YT_DISPATCH(unit)->is_inited)), CMM_ERR_NOT_INIT);
 214              		.loc 1 37 5 discriminator 5 view .LVU67
 215 00ac 0420     		movs	r0, #4
 216 00ae 1AE0     		b	.L1
 217              	.LVL19:
 218              	.L31:
  37:../switch_sdk/core/yt/yt_mirror.c ****     CMM_PARAM_CHK((!(YT_DISPATCH(unit)->is_inited)), CMM_ERR_NOT_INIT);
 219              		.loc 1 37 5 discriminator 3 view .LVU68
 220              	.LBB5:
  37:../switch_sdk/core/yt/yt_mirror.c ****     CMM_PARAM_CHK((!(YT_DISPATCH(unit)->is_inited)), CMM_ERR_NOT_INIT);
 221              		.loc 1 37 5 discriminator 3 view .LVU69
 222 00b0 374B     		ldr	r3, .L38+16
 223 00b2 1A69     		ldr	r2, [r3, #16]
 224 00b4 374B     		ldr	r3, .L38+20
 225 00b6 9968     		ldr	r1, [r3, #8]
 226              	.LVL20:
  37:../switch_sdk/core/yt/yt_mirror.c ****     CMM_PARAM_CHK((!(YT_DISPATCH(unit)->is_inited)), CMM_ERR_NOT_INIT);
 227              		.loc 1 37 5 is_stmt 0 discriminator 3 view .LVU70
 228 00b8 3748     		ldr	r0, .L38+24
 229              	.LVL21:
  37:../switch_sdk/core/yt/yt_mirror.c ****     CMM_PARAM_CHK((!(YT_DISPATCH(unit)->is_inited)), CMM_ERR_NOT_INIT);
 230              		.loc 1 37 5 discriminator 3 view .LVU71
 231 00ba FFF7FEFF 		bl	osal_printf
 232              	.LVL22:
 233 00be F5E7     		b	.L6
 234              	.LVL23:
 235              	.L26:
  37:../switch_sdk/core/yt/yt_mirror.c ****     CMM_PARAM_CHK((!(YT_DISPATCH(unit)->is_inited)), CMM_ERR_NOT_INIT);
 236              		.loc 1 37 5 discriminator 3 view .LVU72
 237              	.LBE5:
  38:../switch_sdk/core/yt/yt_mirror.c ****     CMM_PARAM_CHK((!(CMM_PORT_VALID(unit,target_port))), CMM_ERR_PORT);
 238              		.loc 1 38 5 is_stmt 1 discriminator 1 view .LVU73
  38:../switch_sdk/core/yt/yt_mirror.c ****     CMM_PARAM_CHK((!(CMM_PORT_VALID(unit,target_port))), CMM_ERR_PORT);
 239              		.loc 1 38 5 discriminator 1 view .LVU74
 240 00c0 324B     		ldr	r3, .L38+12
 241 00c2 1B78     		ldrb	r3, [r3]	@ zero_extendqisi2
 242 00c4 012B     		cmp	r3, #1
 243 00c6 01D8     		bhi	.L32
 244              	.LVL24:
 245              	.L8:
  38:../switch_sdk/core/yt/yt_mirror.c ****     CMM_PARAM_CHK((!(CMM_PORT_VALID(unit,target_port))), CMM_ERR_PORT);
 246              		.loc 1 38 5 discriminator 5 view .LVU75
  38:../switch_sdk/core/yt/yt_mirror.c ****     CMM_PARAM_CHK((!(CMM_PORT_VALID(unit,target_port))), CMM_ERR_PORT);
 247              		.loc 1 38 5 discriminator 5 view .LVU76
  38:../switch_sdk/core/yt/yt_mirror.c ****     CMM_PARAM_CHK((!(CMM_PORT_VALID(unit,target_port))), CMM_ERR_PORT);
 248              		.loc 1 38 5 discriminator 5 view .LVU77
 249 00c8 0420     		movs	r0, #4
 250 00ca 0CE0     		b	.L1
 251              	.LVL25:
 252              	.L32:
  38:../switch_sdk/core/yt/yt_mirror.c ****     CMM_PARAM_CHK((!(CMM_PORT_VALID(unit,target_port))), CMM_ERR_PORT);
 253              		.loc 1 38 5 discriminator 3 view .LVU78
 254              	.LBB6:
  38:../switch_sdk/core/yt/yt_mirror.c ****     CMM_PARAM_CHK((!(CMM_PORT_VALID(unit,target_port))), CMM_ERR_PORT);
 255              		.loc 1 38 5 discriminator 3 view .LVU79
 256 00cc 304B     		ldr	r3, .L38+16
 257 00ce 1A69     		ldr	r2, [r3, #16]
 258 00d0 304B     		ldr	r3, .L38+20
 259 00d2 9968     		ldr	r1, [r3, #8]
 260              	.LVL26:
  38:../switch_sdk/core/yt/yt_mirror.c ****     CMM_PARAM_CHK((!(CMM_PORT_VALID(unit,target_port))), CMM_ERR_PORT);
 261              		.loc 1 38 5 is_stmt 0 discriminator 3 view .LVU80
 262 00d4 3048     		ldr	r0, .L38+24
 263              	.LVL27:
  38:../switch_sdk/core/yt/yt_mirror.c ****     CMM_PARAM_CHK((!(CMM_PORT_VALID(unit,target_port))), CMM_ERR_PORT);
 264              		.loc 1 38 5 discriminator 3 view .LVU81
 265 00d6 FFF7FEFF 		bl	osal_printf
 266              	.LVL28:
 267 00da F5E7     		b	.L8
 268              	.LVL29:
 269              	.L9:
  38:../switch_sdk/core/yt/yt_mirror.c ****     CMM_PARAM_CHK((!(CMM_PORT_VALID(unit,target_port))), CMM_ERR_PORT);
 270              		.loc 1 38 5 discriminator 3 view .LVU82
 271              	.LBE6:
  39:../switch_sdk/core/yt/yt_mirror.c ****     CMM_PARAM_CHK((!(CMM_PLIST_VALID(unit,rx_portmask))), CMM_ERR_PORTLIST);
 272              		.loc 1 39 5 is_stmt 1 discriminator 3 view .LVU83
  39:../switch_sdk/core/yt/yt_mirror.c ****     CMM_PARAM_CHK((!(CMM_PLIST_VALID(unit,rx_portmask))), CMM_ERR_PORTLIST);
 273              		.loc 1 39 5 discriminator 3 view .LVU84
 274 00dc 2B4B     		ldr	r3, .L38+12
 275 00de 1B78     		ldrb	r3, [r3]	@ zero_extendqisi2
 276 00e0 012B     		cmp	r3, #1
 277 00e2 02D8     		bhi	.L33
 278              	.LVL30:
 279              	.L11:
  39:../switch_sdk/core/yt/yt_mirror.c ****     CMM_PARAM_CHK((!(CMM_PLIST_VALID(unit,rx_portmask))), CMM_ERR_PORTLIST);
 280              		.loc 1 39 5 discriminator 7 view .LVU85
  39:../switch_sdk/core/yt/yt_mirror.c ****     CMM_PARAM_CHK((!(CMM_PLIST_VALID(unit,rx_portmask))), CMM_ERR_PORTLIST);
 281              		.loc 1 39 5 discriminator 7 view .LVU86
  39:../switch_sdk/core/yt/yt_mirror.c ****     CMM_PARAM_CHK((!(CMM_PLIST_VALID(unit,rx_portmask))), CMM_ERR_PORTLIST);
 282              		.loc 1 39 5 discriminator 7 view .LVU87
 283 00e4 0E20     		movs	r0, #14
 284              	.LVL31:
 285              	.L1:
  50:../switch_sdk/core/yt/yt_mirror.c **** }
 286              		.loc 1 50 1 is_stmt 0 view .LVU88
 287 00e6 02B0     		add	sp, sp, #8
 288              		.cfi_remember_state
 289              		.cfi_def_cfa_offset 16
 290              		@ sp needed
 291 00e8 70BD     		pop	{r4, r5, r6, pc}
 292              	.LVL32:
 293              	.L33:
 294              		.cfi_restore_state
  39:../switch_sdk/core/yt/yt_mirror.c ****     CMM_PARAM_CHK((!(CMM_PLIST_VALID(unit,rx_portmask))), CMM_ERR_PORTLIST);
 295              		.loc 1 39 5 is_stmt 1 discriminator 5 view .LVU89
 296              	.LBB7:
  39:../switch_sdk/core/yt/yt_mirror.c ****     CMM_PARAM_CHK((!(CMM_PLIST_VALID(unit,rx_portmask))), CMM_ERR_PORTLIST);
 297              		.loc 1 39 5 discriminator 5 view .LVU90
 298 00ea 294B     		ldr	r3, .L38+16
 299 00ec 9A6B     		ldr	r2, [r3, #56]
 300 00ee 294B     		ldr	r3, .L38+20
 301 00f0 9968     		ldr	r1, [r3, #8]
 302              	.LVL33:
  39:../switch_sdk/core/yt/yt_mirror.c ****     CMM_PARAM_CHK((!(CMM_PLIST_VALID(unit,rx_portmask))), CMM_ERR_PORTLIST);
 303              		.loc 1 39 5 is_stmt 0 discriminator 5 view .LVU91
 304 00f2 2948     		ldr	r0, .L38+24
 305              	.LVL34:
  39:../switch_sdk/core/yt/yt_mirror.c ****     CMM_PARAM_CHK((!(CMM_PLIST_VALID(unit,rx_portmask))), CMM_ERR_PORTLIST);
 306              		.loc 1 39 5 discriminator 5 view .LVU92
 307 00f4 FFF7FEFF 		bl	osal_printf
 308              	.LVL35:
 309 00f8 F4E7     		b	.L11
 310              	.L27:
 311              	.LBE7:
  40:../switch_sdk/core/yt/yt_mirror.c ****     CMM_PARAM_CHK((!(CMM_PLIST_VALID(unit,tx_portmask))), CMM_ERR_PORTLIST);
 312              		.loc 1 40 5 is_stmt 1 discriminator 1 view .LVU93
  40:../switch_sdk/core/yt/yt_mirror.c ****     CMM_PARAM_CHK((!(CMM_PLIST_VALID(unit,tx_portmask))), CMM_ERR_PORTLIST);
 313              		.loc 1 40 5 discriminator 1 view .LVU94
 314 00fa 244B     		ldr	r3, .L38+12
 315 00fc 1B78     		ldrb	r3, [r3]	@ zero_extendqisi2
 316 00fe 012B     		cmp	r3, #1
 317 0100 01D8     		bhi	.L34
 318              	.L13:
  40:../switch_sdk/core/yt/yt_mirror.c ****     CMM_PARAM_CHK((!(CMM_PLIST_VALID(unit,tx_portmask))), CMM_ERR_PORTLIST);
 319              		.loc 1 40 5 discriminator 5 view .LVU95
  40:../switch_sdk/core/yt/yt_mirror.c ****     CMM_PARAM_CHK((!(CMM_PLIST_VALID(unit,tx_portmask))), CMM_ERR_PORTLIST);
 320              		.loc 1 40 5 discriminator 5 view .LVU96
  40:../switch_sdk/core/yt/yt_mirror.c ****     CMM_PARAM_CHK((!(CMM_PLIST_VALID(unit,tx_portmask))), CMM_ERR_PORTLIST);
 321              		.loc 1 40 5 discriminator 5 view .LVU97
 322 0102 0F20     		movs	r0, #15
 323 0104 EFE7     		b	.L1
 324              	.L34:
  40:../switch_sdk/core/yt/yt_mirror.c ****     CMM_PARAM_CHK((!(CMM_PLIST_VALID(unit,tx_portmask))), CMM_ERR_PORTLIST);
 325              		.loc 1 40 5 discriminator 3 view .LVU98
 326              	.LBB8:
  40:../switch_sdk/core/yt/yt_mirror.c ****     CMM_PARAM_CHK((!(CMM_PLIST_VALID(unit,tx_portmask))), CMM_ERR_PORTLIST);
 327              		.loc 1 40 5 discriminator 3 view .LVU99
 328 0106 224B     		ldr	r3, .L38+16
 329 0108 DA6B     		ldr	r2, [r3, #60]
 330 010a 224B     		ldr	r3, .L38+20
 331 010c 9968     		ldr	r1, [r3, #8]
 332 010e 2248     		ldr	r0, .L38+24
 333 0110 FFF7FEFF 		bl	osal_printf
 334              	.LVL36:
 335 0114 F5E7     		b	.L13
 336              	.L28:
 337              	.LBE8:
  41:../switch_sdk/core/yt/yt_mirror.c **** 
 338              		.loc 1 41 5 discriminator 1 view .LVU100
  41:../switch_sdk/core/yt/yt_mirror.c **** 
 339              		.loc 1 41 5 discriminator 1 view .LVU101
 340 0116 1D4B     		ldr	r3, .L38+12
 341 0118 1B78     		ldrb	r3, [r3]	@ zero_extendqisi2
 342 011a 012B     		cmp	r3, #1
 343 011c 01D8     		bhi	.L35
 344              	.L15:
  41:../switch_sdk/core/yt/yt_mirror.c **** 
 345              		.loc 1 41 5 discriminator 5 view .LVU102
  41:../switch_sdk/core/yt/yt_mirror.c **** 
 346              		.loc 1 41 5 discriminator 5 view .LVU103
  41:../switch_sdk/core/yt/yt_mirror.c **** 
 347              		.loc 1 41 5 discriminator 5 view .LVU104
 348 011e 0F20     		movs	r0, #15
 349 0120 E1E7     		b	.L1
 350              	.L35:
  41:../switch_sdk/core/yt/yt_mirror.c **** 
 351              		.loc 1 41 5 discriminator 3 view .LVU105
 352              	.LBB9:
  41:../switch_sdk/core/yt/yt_mirror.c **** 
 353              		.loc 1 41 5 discriminator 3 view .LVU106
 354 0122 1B4B     		ldr	r3, .L38+16
 355 0124 DA6B     		ldr	r2, [r3, #60]
 356 0126 1B4B     		ldr	r3, .L38+20
 357 0128 9968     		ldr	r1, [r3, #8]
 358 012a 1B48     		ldr	r0, .L38+24
 359 012c FFF7FEFF 		bl	osal_printf
 360              	.LVL37:
 361 0130 F5E7     		b	.L15
 362              	.LVL38:
 363              	.L29:
  41:../switch_sdk/core/yt/yt_mirror.c **** 
 364              		.loc 1 41 5 is_stmt 0 discriminator 3 view .LVU107
 365              	.LBE9:
  44:../switch_sdk/core/yt/yt_mirror.c ****     CMM_PARAM_CHK((TRUE == isEnable), CMM_ERR_PORTLIST);
 366              		.loc 1 44 5 is_stmt 1 view .LVU108
  45:../switch_sdk/core/yt/yt_mirror.c ****     CMM_IS_MEMBER_PORT(tx_portmask, target_port, isEnable);
 367              		.loc 1 45 5 view .LVU109
  45:../switch_sdk/core/yt/yt_mirror.c ****     CMM_IS_MEMBER_PORT(tx_portmask, target_port, isEnable);
 368              		.loc 1 45 5 view .LVU110
  45:../switch_sdk/core/yt/yt_mirror.c ****     CMM_IS_MEMBER_PORT(tx_portmask, target_port, isEnable);
 369              		.loc 1 45 5 view .LVU111
  45:../switch_sdk/core/yt/yt_mirror.c ****     CMM_IS_MEMBER_PORT(tx_portmask, target_port, isEnable);
 370              		.loc 1 45 5 view .LVU112
 371 0132 164B     		ldr	r3, .L38+12
 372 0134 1B78     		ldrb	r3, [r3]	@ zero_extendqisi2
 373 0136 012B     		cmp	r3, #1
 374 0138 01D8     		bhi	.L36
 375              	.LVL39:
 376              	.L18:
  45:../switch_sdk/core/yt/yt_mirror.c ****     CMM_IS_MEMBER_PORT(tx_portmask, target_port, isEnable);
 377              		.loc 1 45 5 discriminator 5 view .LVU113
  45:../switch_sdk/core/yt/yt_mirror.c ****     CMM_IS_MEMBER_PORT(tx_portmask, target_port, isEnable);
 378              		.loc 1 45 5 discriminator 5 view .LVU114
  45:../switch_sdk/core/yt/yt_mirror.c ****     CMM_IS_MEMBER_PORT(tx_portmask, target_port, isEnable);
 379              		.loc 1 45 5 discriminator 5 view .LVU115
 380 013a 0F20     		movs	r0, #15
 381 013c D3E7     		b	.L1
 382              	.LVL40:
 383              	.L36:
  45:../switch_sdk/core/yt/yt_mirror.c ****     CMM_IS_MEMBER_PORT(tx_portmask, target_port, isEnable);
 384              		.loc 1 45 5 discriminator 3 view .LVU116
 385              	.LBB10:
  45:../switch_sdk/core/yt/yt_mirror.c ****     CMM_IS_MEMBER_PORT(tx_portmask, target_port, isEnable);
 386              		.loc 1 45 5 discriminator 3 view .LVU117
 387 013e 144B     		ldr	r3, .L38+16
 388 0140 DA6B     		ldr	r2, [r3, #60]
 389              	.LVL41:
  45:../switch_sdk/core/yt/yt_mirror.c ****     CMM_IS_MEMBER_PORT(tx_portmask, target_port, isEnable);
 390              		.loc 1 45 5 is_stmt 0 discriminator 3 view .LVU118
 391 0142 144B     		ldr	r3, .L38+20
 392 0144 9968     		ldr	r1, [r3, #8]
 393 0146 1448     		ldr	r0, .L38+24
 394              	.LVL42:
  45:../switch_sdk/core/yt/yt_mirror.c ****     CMM_IS_MEMBER_PORT(tx_portmask, target_port, isEnable);
 395              		.loc 1 45 5 discriminator 3 view .LVU119
 396 0148 FFF7FEFF 		bl	osal_printf
 397              	.LVL43:
 398 014c F5E7     		b	.L18
 399              	.LVL44:
 400              	.L19:
  45:../switch_sdk/core/yt/yt_mirror.c ****     CMM_IS_MEMBER_PORT(tx_portmask, target_port, isEnable);
 401              		.loc 1 45 5 discriminator 3 view .LVU120
 402              	.LBE10:
 403              	.LBB11:
  46:../switch_sdk/core/yt/yt_mirror.c ****     CMM_PARAM_CHK((TRUE == isEnable), CMM_ERR_PORTLIST);
 404              		.loc 1 46 5 discriminator 1 view .LVU121
 405 014e DBB2     		uxtb	r3, r3
 406 0150 02AA     		add	r2, sp, #8
 407              	.LVL45:
  46:../switch_sdk/core/yt/yt_mirror.c ****     CMM_PARAM_CHK((TRUE == isEnable), CMM_ERR_PORTLIST);
 408              		.loc 1 46 5 discriminator 1 view .LVU122
 409 0152 02EB8303 		add	r3, r2, r3, lsl #2
 410 0156 53F8082C 		ldr	r2, [r3, #-8]
 411 015a 0123     		movs	r3, #1
 412 015c 8340     		lsls	r3, r3, r0
 413 015e 1A42     		tst	r2, r3
 414 0160 87D0     		beq	.L20
 415              	.LVL46:
  46:../switch_sdk/core/yt/yt_mirror.c ****     CMM_PARAM_CHK((TRUE == isEnable), CMM_ERR_PORTLIST);
 416              		.loc 1 46 5 discriminator 1 view .LVU123
 417              	.LBE11:
  46:../switch_sdk/core/yt/yt_mirror.c ****     CMM_PARAM_CHK((TRUE == isEnable), CMM_ERR_PORTLIST);
 418              		.loc 1 46 5 is_stmt 1 view .LVU124
  47:../switch_sdk/core/yt/yt_mirror.c **** 
 419              		.loc 1 47 5 view .LVU125
  47:../switch_sdk/core/yt/yt_mirror.c **** 
 420              		.loc 1 47 5 view .LVU126
  47:../switch_sdk/core/yt/yt_mirror.c **** 
 421              		.loc 1 47 5 view .LVU127
  47:../switch_sdk/core/yt/yt_mirror.c **** 
 422              		.loc 1 47 5 view .LVU128
 423 0162 0A4B     		ldr	r3, .L38+12
 424 0164 1B78     		ldrb	r3, [r3]	@ zero_extendqisi2
 425 0166 012B     		cmp	r3, #1
 426 0168 01D8     		bhi	.L37
 427              	.LVL47:
 428              	.L22:
  47:../switch_sdk/core/yt/yt_mirror.c **** 
 429              		.loc 1 47 5 discriminator 5 view .LVU129
  47:../switch_sdk/core/yt/yt_mirror.c **** 
 430              		.loc 1 47 5 discriminator 5 view .LVU130
  47:../switch_sdk/core/yt/yt_mirror.c **** 
 431              		.loc 1 47 5 discriminator 5 view .LVU131
 432 016a 0F20     		movs	r0, #15
 433 016c BBE7     		b	.L1
 434              	.LVL48:
 435              	.L37:
  47:../switch_sdk/core/yt/yt_mirror.c **** 
 436              		.loc 1 47 5 discriminator 3 view .LVU132
 437              	.LBB12:
  47:../switch_sdk/core/yt/yt_mirror.c **** 
 438              		.loc 1 47 5 discriminator 3 view .LVU133
 439 016e 084B     		ldr	r3, .L38+16
 440 0170 DA6B     		ldr	r2, [r3, #60]
 441 0172 084B     		ldr	r3, .L38+20
 442 0174 9968     		ldr	r1, [r3, #8]
 443 0176 0848     		ldr	r0, .L38+24
 444              	.LVL49:
  47:../switch_sdk/core/yt/yt_mirror.c **** 
 445              		.loc 1 47 5 is_stmt 0 discriminator 3 view .LVU134
 446 0178 FFF7FEFF 		bl	osal_printf
 447              	.LVL50:
 448 017c F5E7     		b	.L22
 449              	.L39:
 450 017e 00BF     		.align	2
 451              	.L38:
 452 0180 00000000 		.word	gpfal_dispatch
 453 0184 00000000 		.word	gcal_inited
 454 0188 00000000 		.word	gpSwitchUnit
 455 018c 00000000 		.word	yt_debug_level
 456 0190 00000000 		.word	_yt_errmsg
 457 0194 00000000 		.word	_yt_prompt_msg
 458 0198 00000000 		.word	.LC0
 459              	.LBE12:
 460              		.cfi_endproc
 461              	.LFE3:
 463              		.section	.text.yt_mirror_port_get,"ax",%progbits
 464              		.align	1
 465              		.global	yt_mirror_port_get
 466              		.syntax unified
 467              		.thumb
 468              		.thumb_func
 470              	yt_mirror_port_get:
 471              	.LVL51:
 472              	.LFB4:
  51:../switch_sdk/core/yt/yt_mirror.c **** 
  52:../switch_sdk/core/yt/yt_mirror.c **** /**
  53:../switch_sdk/core/yt/yt_mirror.c ****  * @internal      yt_mirror_port_get
  54:../switch_sdk/core/yt/yt_mirror.c ****  * @endinternal
  55:../switch_sdk/core/yt/yt_mirror.c ****  *
  56:../switch_sdk/core/yt/yt_mirror.c ****  * @brief         Description
  57:../switch_sdk/core/yt/yt_mirror.c ****  * @param[in]     unit                -unit id
  58:../switch_sdk/core/yt/yt_mirror.c ****  * @param[out]    p_target_port       -port num
  59:../switch_sdk/core/yt/yt_mirror.c ****  * @param[out]    p_rx_portmask       -port bit mask
  60:../switch_sdk/core/yt/yt_mirror.c ****  * @param[out]    p_tx_portmask       -port bit mask
  61:../switch_sdk/core/yt/yt_mirror.c ****  * @retval        CMM_ERR_OK          -on success
  62:../switch_sdk/core/yt/yt_mirror.c ****  * @retval        CMM_ERR_FAIL        -on fail
  63:../switch_sdk/core/yt/yt_mirror.c ****  */
  64:../switch_sdk/core/yt/yt_mirror.c **** yt_ret_t yt_mirror_port_get(yt_unit_t unit, yt_port_t *p_target_port, yt_port_mask_t *p_rx_portmask
  65:../switch_sdk/core/yt/yt_mirror.c **** {
 473              		.loc 1 65 1 is_stmt 1 view -0
 474              		.cfi_startproc
 475              		@ args = 0, pretend = 0, frame = 0
 476              		@ frame_needed = 0, uses_anonymous_args = 0
 477              		.loc 1 65 1 is_stmt 0 view .LVU136
 478 0000 10B5     		push	{r4, lr}
 479              		.cfi_def_cfa_offset 8
 480              		.cfi_offset 4, -8
 481              		.cfi_offset 14, -4
  66:../switch_sdk/core/yt/yt_mirror.c ****     CMM_PARAM_CHK((YT_UNIT_NUM <= unit), CMM_ERR_INPUT);
 482              		.loc 1 66 5 is_stmt 1 view .LVU137
 483              		.loc 1 66 5 view .LVU138
 484 0002 88B9     		cbnz	r0, .L55
 485 0004 8446     		mov	ip, r0
 486              		.loc 1 66 5 discriminator 2 view .LVU139
  67:../switch_sdk/core/yt/yt_mirror.c ****     CMM_PARAM_CHK(NULL == YT_DISPATCH(unit), CMM_ERR_NOT_INIT);
 487              		.loc 1 67 5 discriminator 2 view .LVU140
 488              		.loc 1 67 5 discriminator 2 view .LVU141
 489 0006 3248     		ldr	r0, .L67
 490              	.LVL52:
 491              		.loc 1 67 5 is_stmt 0 discriminator 2 view .LVU142
 492 0008 50F82C40 		ldr	r4, [r0, ip, lsl #2]
 493 000c D4B1     		cbz	r4, .L56
 494              		.loc 1 67 5 is_stmt 1 discriminator 2 view .LVU143
  68:../switch_sdk/core/yt/yt_mirror.c ****     CMM_PARAM_CHK((!(YT_DISPATCH(unit)->is_inited)), CMM_ERR_NOT_INIT);
 495              		.loc 1 68 5 discriminator 2 view .LVU144
 496              		.loc 1 68 5 discriminator 2 view .LVU145
 497 000e 2078     		ldrb	r0, [r4]	@ zero_extendqisi2
 498 0010 30B3     		cbz	r0, .L57
 499              		.loc 1 68 5 discriminator 2 view .LVU146
  69:../switch_sdk/core/yt/yt_mirror.c ****     CMM_PARAM_CHK((NULL == p_target_port), CMM_ERR_NULL_POINT);
 500              		.loc 1 69 5 discriminator 2 view .LVU147
 501              		.loc 1 69 5 discriminator 2 view .LVU148
 502 0012 0029     		cmp	r1, #0
 503 0014 32D0     		beq	.L58
 504              		.loc 1 69 5 discriminator 2 view .LVU149
  70:../switch_sdk/core/yt/yt_mirror.c ****     CMM_PARAM_CHK((NULL == p_rx_portmask), CMM_ERR_NULL_POINT);
 505              		.loc 1 70 5 discriminator 2 view .LVU150
 506              		.loc 1 70 5 discriminator 2 view .LVU151
 507 0016 002A     		cmp	r2, #0
 508 0018 3ED0     		beq	.L59
 509              		.loc 1 70 5 discriminator 2 view .LVU152
  71:../switch_sdk/core/yt/yt_mirror.c ****     CMM_PARAM_CHK((NULL == p_tx_portmask), CMM_ERR_NULL_POINT);
 510              		.loc 1 71 5 discriminator 2 view .LVU153
 511              		.loc 1 71 5 discriminator 2 view .LVU154
 512 001a 002B     		cmp	r3, #0
 513 001c 4AD0     		beq	.L60
 514              		.loc 1 71 5 discriminator 2 view .LVU155
  72:../switch_sdk/core/yt/yt_mirror.c **** 
  73:../switch_sdk/core/yt/yt_mirror.c ****     return YT_DISPATCH(unit)->mirror_port_get(unit, p_target_port, p_rx_portmask, p_tx_portmask);
 515              		.loc 1 73 5 discriminator 2 view .LVU156
 516              		.loc 1 73 29 is_stmt 0 discriminator 2 view .LVU157
 517 001e D4F81445 		ldr	r4, [r4, #1300]
 518              		.loc 1 73 12 discriminator 2 view .LVU158
 519 0022 6046     		mov	r0, ip
 520 0024 A047     		blx	r4
 521              	.LVL53:
 522              	.L40:
  74:../switch_sdk/core/yt/yt_mirror.c **** }
 523              		.loc 1 74 1 view .LVU159
 524 0026 10BD     		pop	{r4, pc}
 525              	.LVL54:
 526              	.L55:
  66:../switch_sdk/core/yt/yt_mirror.c ****     CMM_PARAM_CHK(NULL == YT_DISPATCH(unit), CMM_ERR_NOT_INIT);
 527              		.loc 1 66 5 is_stmt 1 discriminator 1 view .LVU160
  66:../switch_sdk/core/yt/yt_mirror.c ****     CMM_PARAM_CHK(NULL == YT_DISPATCH(unit), CMM_ERR_NOT_INIT);
 528              		.loc 1 66 5 discriminator 1 view .LVU161
 529 0028 2A4B     		ldr	r3, .L67+4
 530              	.LVL55:
  66:../switch_sdk/core/yt/yt_mirror.c ****     CMM_PARAM_CHK(NULL == YT_DISPATCH(unit), CMM_ERR_NOT_INIT);
 531              		.loc 1 66 5 is_stmt 0 discriminator 1 view .LVU162
 532 002a 1B78     		ldrb	r3, [r3]	@ zero_extendqisi2
 533 002c 012B     		cmp	r3, #1
 534 002e 01D8     		bhi	.L61
 535              	.LVL56:
 536              	.L42:
  66:../switch_sdk/core/yt/yt_mirror.c ****     CMM_PARAM_CHK(NULL == YT_DISPATCH(unit), CMM_ERR_NOT_INIT);
 537              		.loc 1 66 5 is_stmt 1 discriminator 5 view .LVU163
  66:../switch_sdk/core/yt/yt_mirror.c ****     CMM_PARAM_CHK(NULL == YT_DISPATCH(unit), CMM_ERR_NOT_INIT);
 538              		.loc 1 66 5 discriminator 5 view .LVU164
  66:../switch_sdk/core/yt/yt_mirror.c ****     CMM_PARAM_CHK(NULL == YT_DISPATCH(unit), CMM_ERR_NOT_INIT);
 539              		.loc 1 66 5 discriminator 5 view .LVU165
 540 0030 0520     		movs	r0, #5
 541 0032 F8E7     		b	.L40
 542              	.LVL57:
 543              	.L61:
  66:../switch_sdk/core/yt/yt_mirror.c ****     CMM_PARAM_CHK(NULL == YT_DISPATCH(unit), CMM_ERR_NOT_INIT);
 544              		.loc 1 66 5 discriminator 3 view .LVU166
 545              	.LBB13:
  66:../switch_sdk/core/yt/yt_mirror.c ****     CMM_PARAM_CHK(NULL == YT_DISPATCH(unit), CMM_ERR_NOT_INIT);
 546              		.loc 1 66 5 discriminator 3 view .LVU167
 547 0034 284B     		ldr	r3, .L67+8
 548 0036 5A69     		ldr	r2, [r3, #20]
 549              	.LVL58:
  66:../switch_sdk/core/yt/yt_mirror.c ****     CMM_PARAM_CHK(NULL == YT_DISPATCH(unit), CMM_ERR_NOT_INIT);
 550              		.loc 1 66 5 is_stmt 0 discriminator 3 view .LVU168
 551 0038 284B     		ldr	r3, .L67+12
 552 003a 9968     		ldr	r1, [r3, #8]
 553              	.LVL59:
  66:../switch_sdk/core/yt/yt_mirror.c ****     CMM_PARAM_CHK(NULL == YT_DISPATCH(unit), CMM_ERR_NOT_INIT);
 554              		.loc 1 66 5 discriminator 3 view .LVU169
 555 003c 2848     		ldr	r0, .L67+16
 556              	.LVL60:
  66:../switch_sdk/core/yt/yt_mirror.c ****     CMM_PARAM_CHK(NULL == YT_DISPATCH(unit), CMM_ERR_NOT_INIT);
 557              		.loc 1 66 5 discriminator 3 view .LVU170
 558 003e FFF7FEFF 		bl	osal_printf
 559              	.LVL61:
 560 0042 F5E7     		b	.L42
 561              	.LVL62:
 562              	.L56:
  66:../switch_sdk/core/yt/yt_mirror.c ****     CMM_PARAM_CHK(NULL == YT_DISPATCH(unit), CMM_ERR_NOT_INIT);
 563              		.loc 1 66 5 discriminator 3 view .LVU171
 564              	.LBE13:
  67:../switch_sdk/core/yt/yt_mirror.c ****     CMM_PARAM_CHK((!(YT_DISPATCH(unit)->is_inited)), CMM_ERR_NOT_INIT);
 565              		.loc 1 67 5 is_stmt 1 discriminator 1 view .LVU172
  67:../switch_sdk/core/yt/yt_mirror.c ****     CMM_PARAM_CHK((!(YT_DISPATCH(unit)->is_inited)), CMM_ERR_NOT_INIT);
 566              		.loc 1 67 5 discriminator 1 view .LVU173
 567 0044 234B     		ldr	r3, .L67+4
 568              	.LVL63:
  67:../switch_sdk/core/yt/yt_mirror.c ****     CMM_PARAM_CHK((!(YT_DISPATCH(unit)->is_inited)), CMM_ERR_NOT_INIT);
 569              		.loc 1 67 5 is_stmt 0 discriminator 1 view .LVU174
 570 0046 1B78     		ldrb	r3, [r3]	@ zero_extendqisi2
 571 0048 012B     		cmp	r3, #1
 572 004a 01D8     		bhi	.L62
 573              	.LVL64:
 574              	.L45:
  67:../switch_sdk/core/yt/yt_mirror.c ****     CMM_PARAM_CHK((!(YT_DISPATCH(unit)->is_inited)), CMM_ERR_NOT_INIT);
 575              		.loc 1 67 5 is_stmt 1 discriminator 5 view .LVU175
  67:../switch_sdk/core/yt/yt_mirror.c ****     CMM_PARAM_CHK((!(YT_DISPATCH(unit)->is_inited)), CMM_ERR_NOT_INIT);
 576              		.loc 1 67 5 discriminator 5 view .LVU176
  67:../switch_sdk/core/yt/yt_mirror.c ****     CMM_PARAM_CHK((!(YT_DISPATCH(unit)->is_inited)), CMM_ERR_NOT_INIT);
 577              		.loc 1 67 5 discriminator 5 view .LVU177
 578 004c 0420     		movs	r0, #4
 579 004e EAE7     		b	.L40
 580              	.LVL65:
 581              	.L62:
  67:../switch_sdk/core/yt/yt_mirror.c ****     CMM_PARAM_CHK((!(YT_DISPATCH(unit)->is_inited)), CMM_ERR_NOT_INIT);
 582              		.loc 1 67 5 discriminator 3 view .LVU178
 583              	.LBB14:
  67:../switch_sdk/core/yt/yt_mirror.c ****     CMM_PARAM_CHK((!(YT_DISPATCH(unit)->is_inited)), CMM_ERR_NOT_INIT);
 584              		.loc 1 67 5 discriminator 3 view .LVU179
 585 0050 214B     		ldr	r3, .L67+8
 586 0052 1A69     		ldr	r2, [r3, #16]
 587              	.LVL66:
  67:../switch_sdk/core/yt/yt_mirror.c ****     CMM_PARAM_CHK((!(YT_DISPATCH(unit)->is_inited)), CMM_ERR_NOT_INIT);
 588              		.loc 1 67 5 is_stmt 0 discriminator 3 view .LVU180
 589 0054 214B     		ldr	r3, .L67+12
 590 0056 9968     		ldr	r1, [r3, #8]
 591              	.LVL67:
  67:../switch_sdk/core/yt/yt_mirror.c ****     CMM_PARAM_CHK((!(YT_DISPATCH(unit)->is_inited)), CMM_ERR_NOT_INIT);
 592              		.loc 1 67 5 discriminator 3 view .LVU181
 593 0058 2148     		ldr	r0, .L67+16
 594 005a FFF7FEFF 		bl	osal_printf
 595              	.LVL68:
 596 005e F5E7     		b	.L45
 597              	.LVL69:
 598              	.L57:
  67:../switch_sdk/core/yt/yt_mirror.c ****     CMM_PARAM_CHK((!(YT_DISPATCH(unit)->is_inited)), CMM_ERR_NOT_INIT);
 599              		.loc 1 67 5 discriminator 3 view .LVU182
 600              	.LBE14:
  68:../switch_sdk/core/yt/yt_mirror.c ****     CMM_PARAM_CHK((NULL == p_target_port), CMM_ERR_NULL_POINT);
 601              		.loc 1 68 5 is_stmt 1 discriminator 1 view .LVU183
  68:../switch_sdk/core/yt/yt_mirror.c ****     CMM_PARAM_CHK((NULL == p_target_port), CMM_ERR_NULL_POINT);
 602              		.loc 1 68 5 discriminator 1 view .LVU184
 603 0060 1C4B     		ldr	r3, .L67+4
 604              	.LVL70:
  68:../switch_sdk/core/yt/yt_mirror.c ****     CMM_PARAM_CHK((NULL == p_target_port), CMM_ERR_NULL_POINT);
 605              		.loc 1 68 5 is_stmt 0 discriminator 1 view .LVU185
 606 0062 1B78     		ldrb	r3, [r3]	@ zero_extendqisi2
 607 0064 012B     		cmp	r3, #1
 608 0066 01D8     		bhi	.L63
 609              	.LVL71:
 610              	.L47:
  68:../switch_sdk/core/yt/yt_mirror.c ****     CMM_PARAM_CHK((NULL == p_target_port), CMM_ERR_NULL_POINT);
 611              		.loc 1 68 5 is_stmt 1 discriminator 5 view .LVU186
  68:../switch_sdk/core/yt/yt_mirror.c ****     CMM_PARAM_CHK((NULL == p_target_port), CMM_ERR_NULL_POINT);
 612              		.loc 1 68 5 discriminator 5 view .LVU187
  68:../switch_sdk/core/yt/yt_mirror.c ****     CMM_PARAM_CHK((NULL == p_target_port), CMM_ERR_NULL_POINT);
 613              		.loc 1 68 5 discriminator 5 view .LVU188
 614 0068 0420     		movs	r0, #4
 615 006a DCE7     		b	.L40
 616              	.LVL72:
 617              	.L63:
  68:../switch_sdk/core/yt/yt_mirror.c ****     CMM_PARAM_CHK((NULL == p_target_port), CMM_ERR_NULL_POINT);
 618              		.loc 1 68 5 discriminator 3 view .LVU189
 619              	.LBB15:
  68:../switch_sdk/core/yt/yt_mirror.c ****     CMM_PARAM_CHK((NULL == p_target_port), CMM_ERR_NULL_POINT);
 620              		.loc 1 68 5 discriminator 3 view .LVU190
 621 006c 1A4B     		ldr	r3, .L67+8
 622 006e 1A69     		ldr	r2, [r3, #16]
 623              	.LVL73:
  68:../switch_sdk/core/yt/yt_mirror.c ****     CMM_PARAM_CHK((NULL == p_target_port), CMM_ERR_NULL_POINT);
 624              		.loc 1 68 5 is_stmt 0 discriminator 3 view .LVU191
 625 0070 1A4B     		ldr	r3, .L67+12
 626 0072 9968     		ldr	r1, [r3, #8]
 627              	.LVL74:
  68:../switch_sdk/core/yt/yt_mirror.c ****     CMM_PARAM_CHK((NULL == p_target_port), CMM_ERR_NULL_POINT);
 628              		.loc 1 68 5 discriminator 3 view .LVU192
 629 0074 1A48     		ldr	r0, .L67+16
 630 0076 FFF7FEFF 		bl	osal_printf
 631              	.LVL75:
 632 007a F5E7     		b	.L47
 633              	.LVL76:
 634              	.L58:
  68:../switch_sdk/core/yt/yt_mirror.c ****     CMM_PARAM_CHK((NULL == p_target_port), CMM_ERR_NULL_POINT);
 635              		.loc 1 68 5 discriminator 3 view .LVU193
 636              	.LBE15:
  69:../switch_sdk/core/yt/yt_mirror.c ****     CMM_PARAM_CHK((NULL == p_rx_portmask), CMM_ERR_NULL_POINT);
 637              		.loc 1 69 5 is_stmt 1 discriminator 1 view .LVU194
  69:../switch_sdk/core/yt/yt_mirror.c ****     CMM_PARAM_CHK((NULL == p_rx_portmask), CMM_ERR_NULL_POINT);
 638              		.loc 1 69 5 discriminator 1 view .LVU195
 639 007c 154B     		ldr	r3, .L67+4
 640              	.LVL77:
  69:../switch_sdk/core/yt/yt_mirror.c ****     CMM_PARAM_CHK((NULL == p_rx_portmask), CMM_ERR_NULL_POINT);
 641              		.loc 1 69 5 is_stmt 0 discriminator 1 view .LVU196
 642 007e 1B78     		ldrb	r3, [r3]	@ zero_extendqisi2
 643 0080 012B     		cmp	r3, #1
 644 0082 01D8     		bhi	.L64
 645              	.LVL78:
 646              	.L49:
  69:../switch_sdk/core/yt/yt_mirror.c ****     CMM_PARAM_CHK((NULL == p_rx_portmask), CMM_ERR_NULL_POINT);
 647              		.loc 1 69 5 is_stmt 1 discriminator 5 view .LVU197
  69:../switch_sdk/core/yt/yt_mirror.c ****     CMM_PARAM_CHK((NULL == p_rx_portmask), CMM_ERR_NULL_POINT);
 648              		.loc 1 69 5 discriminator 5 view .LVU198
  69:../switch_sdk/core/yt/yt_mirror.c ****     CMM_PARAM_CHK((NULL == p_rx_portmask), CMM_ERR_NULL_POINT);
 649              		.loc 1 69 5 discriminator 5 view .LVU199
 650 0084 0220     		movs	r0, #2
 651 0086 CEE7     		b	.L40
 652              	.LVL79:
 653              	.L64:
  69:../switch_sdk/core/yt/yt_mirror.c ****     CMM_PARAM_CHK((NULL == p_rx_portmask), CMM_ERR_NULL_POINT);
 654              		.loc 1 69 5 discriminator 3 view .LVU200
 655              	.LBB16:
  69:../switch_sdk/core/yt/yt_mirror.c ****     CMM_PARAM_CHK((NULL == p_rx_portmask), CMM_ERR_NULL_POINT);
 656              		.loc 1 69 5 discriminator 3 view .LVU201
 657 0088 134B     		ldr	r3, .L67+8
 658 008a 9A68     		ldr	r2, [r3, #8]
 659              	.LVL80:
  69:../switch_sdk/core/yt/yt_mirror.c ****     CMM_PARAM_CHK((NULL == p_rx_portmask), CMM_ERR_NULL_POINT);
 660              		.loc 1 69 5 is_stmt 0 discriminator 3 view .LVU202
 661 008c 134B     		ldr	r3, .L67+12
 662 008e 9968     		ldr	r1, [r3, #8]
 663              	.LVL81:
  69:../switch_sdk/core/yt/yt_mirror.c ****     CMM_PARAM_CHK((NULL == p_rx_portmask), CMM_ERR_NULL_POINT);
 664              		.loc 1 69 5 discriminator 3 view .LVU203
 665 0090 1348     		ldr	r0, .L67+16
 666 0092 FFF7FEFF 		bl	osal_printf
 667              	.LVL82:
 668 0096 F5E7     		b	.L49
 669              	.LVL83:
 670              	.L59:
  69:../switch_sdk/core/yt/yt_mirror.c ****     CMM_PARAM_CHK((NULL == p_rx_portmask), CMM_ERR_NULL_POINT);
 671              		.loc 1 69 5 discriminator 3 view .LVU204
 672              	.LBE16:
  70:../switch_sdk/core/yt/yt_mirror.c ****     CMM_PARAM_CHK((NULL == p_tx_portmask), CMM_ERR_NULL_POINT);
 673              		.loc 1 70 5 is_stmt 1 discriminator 1 view .LVU205
  70:../switch_sdk/core/yt/yt_mirror.c ****     CMM_PARAM_CHK((NULL == p_tx_portmask), CMM_ERR_NULL_POINT);
 674              		.loc 1 70 5 discriminator 1 view .LVU206
 675 0098 0E4B     		ldr	r3, .L67+4
 676              	.LVL84:
  70:../switch_sdk/core/yt/yt_mirror.c ****     CMM_PARAM_CHK((NULL == p_tx_portmask), CMM_ERR_NULL_POINT);
 677              		.loc 1 70 5 is_stmt 0 discriminator 1 view .LVU207
 678 009a 1B78     		ldrb	r3, [r3]	@ zero_extendqisi2
 679 009c 012B     		cmp	r3, #1
 680 009e 01D8     		bhi	.L65
 681              	.LVL85:
 682              	.L51:
  70:../switch_sdk/core/yt/yt_mirror.c ****     CMM_PARAM_CHK((NULL == p_tx_portmask), CMM_ERR_NULL_POINT);
 683              		.loc 1 70 5 is_stmt 1 discriminator 5 view .LVU208
  70:../switch_sdk/core/yt/yt_mirror.c ****     CMM_PARAM_CHK((NULL == p_tx_portmask), CMM_ERR_NULL_POINT);
 684              		.loc 1 70 5 discriminator 5 view .LVU209
  70:../switch_sdk/core/yt/yt_mirror.c ****     CMM_PARAM_CHK((NULL == p_tx_portmask), CMM_ERR_NULL_POINT);
 685              		.loc 1 70 5 discriminator 5 view .LVU210
 686 00a0 0220     		movs	r0, #2
 687 00a2 C0E7     		b	.L40
 688              	.LVL86:
 689              	.L65:
  70:../switch_sdk/core/yt/yt_mirror.c ****     CMM_PARAM_CHK((NULL == p_tx_portmask), CMM_ERR_NULL_POINT);
 690              		.loc 1 70 5 discriminator 3 view .LVU211
 691              	.LBB17:
  70:../switch_sdk/core/yt/yt_mirror.c ****     CMM_PARAM_CHK((NULL == p_tx_portmask), CMM_ERR_NULL_POINT);
 692              		.loc 1 70 5 discriminator 3 view .LVU212
 693 00a4 0C4B     		ldr	r3, .L67+8
 694 00a6 9A68     		ldr	r2, [r3, #8]
 695              	.LVL87:
  70:../switch_sdk/core/yt/yt_mirror.c ****     CMM_PARAM_CHK((NULL == p_tx_portmask), CMM_ERR_NULL_POINT);
 696              		.loc 1 70 5 is_stmt 0 discriminator 3 view .LVU213
 697 00a8 0C4B     		ldr	r3, .L67+12
 698 00aa 9968     		ldr	r1, [r3, #8]
 699              	.LVL88:
  70:../switch_sdk/core/yt/yt_mirror.c ****     CMM_PARAM_CHK((NULL == p_tx_portmask), CMM_ERR_NULL_POINT);
 700              		.loc 1 70 5 discriminator 3 view .LVU214
 701 00ac 0C48     		ldr	r0, .L67+16
 702 00ae FFF7FEFF 		bl	osal_printf
 703              	.LVL89:
 704 00b2 F5E7     		b	.L51
 705              	.LVL90:
 706              	.L60:
  70:../switch_sdk/core/yt/yt_mirror.c ****     CMM_PARAM_CHK((NULL == p_tx_portmask), CMM_ERR_NULL_POINT);
 707              		.loc 1 70 5 discriminator 3 view .LVU215
 708              	.LBE17:
  71:../switch_sdk/core/yt/yt_mirror.c **** 
 709              		.loc 1 71 5 is_stmt 1 discriminator 1 view .LVU216
  71:../switch_sdk/core/yt/yt_mirror.c **** 
 710              		.loc 1 71 5 discriminator 1 view .LVU217
 711 00b4 074B     		ldr	r3, .L67+4
 712              	.LVL91:
  71:../switch_sdk/core/yt/yt_mirror.c **** 
 713              		.loc 1 71 5 is_stmt 0 discriminator 1 view .LVU218
 714 00b6 1B78     		ldrb	r3, [r3]	@ zero_extendqisi2
 715 00b8 012B     		cmp	r3, #1
 716 00ba 01D8     		bhi	.L66
 717              	.LVL92:
 718              	.L53:
  71:../switch_sdk/core/yt/yt_mirror.c **** 
 719              		.loc 1 71 5 is_stmt 1 discriminator 5 view .LVU219
  71:../switch_sdk/core/yt/yt_mirror.c **** 
 720              		.loc 1 71 5 discriminator 5 view .LVU220
  71:../switch_sdk/core/yt/yt_mirror.c **** 
 721              		.loc 1 71 5 discriminator 5 view .LVU221
 722 00bc 0220     		movs	r0, #2
 723 00be B2E7     		b	.L40
 724              	.LVL93:
 725              	.L66:
  71:../switch_sdk/core/yt/yt_mirror.c **** 
 726              		.loc 1 71 5 discriminator 3 view .LVU222
 727              	.LBB18:
  71:../switch_sdk/core/yt/yt_mirror.c **** 
 728              		.loc 1 71 5 discriminator 3 view .LVU223
 729 00c0 054B     		ldr	r3, .L67+8
 730 00c2 9A68     		ldr	r2, [r3, #8]
 731              	.LVL94:
  71:../switch_sdk/core/yt/yt_mirror.c **** 
 732              		.loc 1 71 5 is_stmt 0 discriminator 3 view .LVU224
 733 00c4 054B     		ldr	r3, .L67+12
 734 00c6 9968     		ldr	r1, [r3, #8]
 735              	.LVL95:
  71:../switch_sdk/core/yt/yt_mirror.c **** 
 736              		.loc 1 71 5 discriminator 3 view .LVU225
 737 00c8 0548     		ldr	r0, .L67+16
 738 00ca FFF7FEFF 		bl	osal_printf
 739              	.LVL96:
 740 00ce F5E7     		b	.L53
 741              	.L68:
 742              		.align	2
 743              	.L67:
 744 00d0 00000000 		.word	gpfal_dispatch
 745 00d4 00000000 		.word	yt_debug_level
 746 00d8 00000000 		.word	_yt_errmsg
 747 00dc 00000000 		.word	_yt_prompt_msg
 748 00e0 00000000 		.word	.LC0
 749              	.LBE18:
 750              		.cfi_endproc
 751              	.LFE4:
 753              		.text
 754              	.Letext0:
 755              		.file 2 "C:\\Users\\Dmitriy\\Desktop\\GD32F10x\\switch_sdk\\common\\include/yt_types.h"
 756              		.file 3 "C:\\Users\\Dmitriy\\Desktop\\GD32F10x\\switch_sdk\\common\\include/yt_error.h"
 757              		.file 4 "C:\\Users\\Dmitriy\\Desktop\\GD32F10x\\switch_sdk\\core\\fal\\chipdef/chipdef.h"
 758              		.file 5 "C:\\Users\\Dmitriy\\Desktop\\GD32F10x\\switch_sdk\\core\\cal/cal_bprofile.h"
 759              		.file 6 "C:\\Users\\Dmitriy\\Desktop\\GD32F10x\\switch_sdk\\core\\cal/cal_mgm.h"
 760              		.file 7 "C:\\Users\\Dmitriy\\Desktop\\GD32F10x\\switch_sdk\\include/yt_cmm.h"
 761              		.file 8 "C:\\Users\\Dmitriy\\Desktop\\GD32F10x\\switch_sdk\\include/yt_vlan.h"
 762              		.file 9 "C:\\Users\\Dmitriy\\Desktop\\GD32F10x\\switch_sdk\\include/yt_vlan_translate.h"
 763              		.file 10 "C:\\Users\\Dmitriy\\Desktop\\GD32F10x\\switch_sdk\\include/yt_acl.h"
 764              		.file 11 "C:\\Users\\Dmitriy\\Desktop\\GD32F10x\\switch_sdk\\include/yt_qos.h"
 765              		.file 12 "C:\\Users\\Dmitriy\\Desktop\\GD32F10x\\switch_sdk\\include/yt_rate.h"
 766              		.file 13 "C:\\Users\\Dmitriy\\Desktop\\GD32F10x\\switch_sdk\\include/yt_dos.h"
 767              		.file 14 "C:\\Users\\Dmitriy\\Desktop\\GD32F10x\\switch_sdk\\include/yt_nic.h"
 768              		.file 15 "C:\\Users\\Dmitriy\\Desktop\\GD32F10x\\switch_sdk\\include/yt_stp.h"
 769              		.file 16 "C:\\Users\\Dmitriy\\Desktop\\GD32F10x\\switch_sdk\\include/yt_l2.h"
 770              		.file 17 "C:\\Users\\Dmitriy\\Desktop\\GD32F10x\\switch_sdk\\include/yt_loopdetect.h"
 771              		.file 18 "C:\\Users\\Dmitriy\\Desktop\\GD32F10x\\switch_sdk\\include/yt_multicast.h"
 772              		.file 19 "C:\\Users\\Dmitriy\\Desktop\\GD32F10x\\switch_sdk\\include/yt_rma.h"
 773              		.file 20 "C:\\Users\\Dmitriy\\Desktop\\GD32F10x\\switch_sdk\\include/yt_oam.h"
 774              		.file 21 "C:\\Users\\Dmitriy\\Desktop\\GD32F10x\\switch_sdk\\include/yt_storm_ctrl.h"
 775              		.file 22 "C:\\Users\\Dmitriy\\Desktop\\GD32F10x\\switch_sdk\\include/yt_port.h"
 776              		.file 23 "C:\\Users\\Dmitriy\\Desktop\\GD32F10x\\switch_sdk\\include/yt_dot1x.h"
 777              		.file 24 "C:\\Users\\Dmitriy\\Desktop\\GD32F10x\\switch_sdk\\include/yt_ctrlpkt.h"
 778              		.file 25 "C:\\Users\\Dmitriy\\Desktop\\GD32F10x\\switch_sdk\\include/yt_stat.h"
 779              		.file 26 "C:\\Users\\Dmitriy\\Desktop\\GD32F10x\\switch_sdk\\include/yt_interrupt.h"
 780              		.file 27 "C:\\Users\\Dmitriy\\Desktop\\GD32F10x\\switch_sdk\\include/yt_led.h"
 781              		.file 28 "C:\\Users\\Dmitriy\\Desktop\\GD32F10x\\switch_sdk\\include/yt_sys.h"
 782              		.file 29 "C:\\Users\\Dmitriy\\Desktop\\GD32F10x\\switch_sdk\\include/yt_debug.h"
 783              		.file 30 "C:\\Users\\Dmitriy\\Desktop\\GD32F10x\\switch_sdk\\core\\fal/fal_dispatch.h"
 784              		.file 31 "C:\\Users\\Dmitriy\\Desktop\\GD32F10x\\switch_sdk\\core\\cal/cal_cmm.h"
DEFINED SYMBOLS
                            *ABS*:00000000 yt_mirror.c
C:\Users\Dmitriy\AppData\Local\Temp\ccYdC0VP.s:19     .rodata.yt_mirror_port_set.str1.4:00000000 $d
C:\Users\Dmitriy\AppData\Local\Temp\ccYdC0VP.s:23     .text.yt_mirror_port_set:00000000 $t
C:\Users\Dmitriy\AppData\Local\Temp\ccYdC0VP.s:29     .text.yt_mirror_port_set:00000000 yt_mirror_port_set
C:\Users\Dmitriy\AppData\Local\Temp\ccYdC0VP.s:452    .text.yt_mirror_port_set:00000180 $d
C:\Users\Dmitriy\AppData\Local\Temp\ccYdC0VP.s:464    .text.yt_mirror_port_get:00000000 $t
C:\Users\Dmitriy\AppData\Local\Temp\ccYdC0VP.s:470    .text.yt_mirror_port_get:00000000 yt_mirror_port_get
C:\Users\Dmitriy\AppData\Local\Temp\ccYdC0VP.s:744    .text.yt_mirror_port_get:000000d0 $d
                           .group:00000000 wm4.0.3ac34e011645c1b8d95761511e5c0518
                           .group:00000000 wm4._newlib_version.h.4.6d111ab2e95434b664b53815e5c8ccba
                           .group:00000000 wm4.newlib.h.27.d4bf77c18f14f545101dac22f0b54118
                           .group:00000000 wm4.ieeefp.h.77.0ee3146e9d892bb10bc0066c30189af1
                           .group:00000000 wm4.features.h.22.7877b139107948f7dadcf3660cc79cfd
                           .group:00000000 wm4.config.h.224.10ee1ad185d877c6e334e6581faab44d
                           .group:00000000 wm4._ansi.h.31.de524f58584151836e90d8620a16f8e8
                           .group:00000000 wm4.stdio.h.31.7c0e28c411445f3f9c5b11accf882760
                           .group:00000000 wm4._default_types.h.6.959254cf5f09734ea7516c89e8bb21bd
                           .group:00000000 wm4.stddef.h.185.cbb642e1ccd385e8aa504b15cb7fb086
                           .group:00000000 wm4.cdefs.h.49.f93868eb904b9ca05b5c0257d31128ca
                           .group:00000000 wm4.stddef.h.39.0e5f0dabba1c666ccadf0408e0d47322
                           .group:00000000 wm4.stdarg.h.34.3a23a216c0c293b3d2ea2e89281481e6
                           .group:00000000 wm4._types.h.20.dd0d04dca3800a0d2a6129b87f3adbb2
                           .group:00000000 wm4.stddef.h.158.5f30652bb2ea05b142c1bbee9108c999
                           .group:00000000 wm4._types.h.127.3bdfe3ff8ea2d0985b03d9cbe93480e3
                           .group:00000000 wm4.reent.h.17.e292bf8b0bec6c96e131a54347145a30
                           .group:00000000 wm4.lock.h.2.1461d1fff82dffe8bfddc23307f6484f
                           .group:00000000 wm4.reent.h.77.89f7dde66c62b1f1dee32bdb6ab2d544
                           .group:00000000 wm4.stdio.h.67.0cf8a9c281ab0b348aef5c02e7e48825
                           .group:00000000 wm4.stdio.h.2.4aa87247282eca6c8f36f9de33d8df1a
                           .group:00000000 wm4.stdio.h.87.a1e20d2651f9bfb66e51bfbe849db00a
                           .group:00000000 wm4.string.h.8.c4b8571ce60dff2817f43fec8b86aecd
                           .group:00000000 wm4.stddef.h.158.bfed30416c9480cd13bc4a25427d538f
                           .group:00000000 wm4.stdbool.h.29.4a1c88fe569adb8d03217dd16982ca34
                           .group:00000000 wm4.malloc.h.4.62bd13b8107d5245f60bd92bb5994838
                           .group:00000000 wm4.malloc.h.152.f5d1d9a9aabeac59da0ef41ede16d2b0
                           .group:00000000 wm4.yt_types.h.31.64aa050cf4c68d28514ce99f5dc2ddb9
                           .group:00000000 wm4.yt_util.h.17.08ae57e3898b218a2bbe57b2147a81bd
                           .group:00000000 wm4.yt_lock.h.9.ec67e8f6d308980d310512269a06d32b
                           .group:00000000 wm4.yt_error.h.38.7d21fcd141776eb0b18825b154fad62e
                           .group:00000000 wm4.chipdef_tiger.h.10.ae557adb3508daebcdc97f8fb0dc9e1a
                           .group:00000000 wm4.phy_chipdef.h.9.9a1a2dbb46f5503e32a84083ab1dbc9f
                           .group:00000000 wm4.cal_bprofile.h.23.d6ecfc2230abc149b4da600a40b20e5b
                           .group:00000000 wm4.bprofile_YT9215_default_demo.h.15.13aa65ba4a73c41dc1ffa3c5f8dcfda3
                           .group:00000000 wm4.cal_cmm.h.46.d022146a9e55e93d62d578a666b2c2f5
                           .group:00000000 wm4.yt_cmm.h.12.5273de39c1b049d4c73c2c31caf670b1
                           .group:00000000 wm4.yt_vlan.h.17.4dbe63e648ff65010c51c5f8a737ac2d
                           .group:00000000 wm4.yt_acl.h.25.ad9531373d966dccc96222e31e0234b5
                           .group:00000000 wm4.yt_nic.h.17.4e5ceed38d9cfbd9b5db2d4b069b6961
                           .group:00000000 wm4.yt_loopdetect.h.17.4739c2e436a8e779d4d8c89037b81aea
                           .group:00000000 wm4.yt_multicast.h.17.9c1d51b153e5e1785468d9c0ad6414a4
                           .group:00000000 wm4.yt_port.h.17.f9740394ebf086646c9c567db1605abb
                           .group:00000000 wm4.yt_stat.h.17.f87caec2ee71e59f920ea3778bda3fad

UNDEFINED SYMBOLS
cal_ytportmask_isvalid
osal_printf
gpfal_dispatch
gcal_inited
gpSwitchUnit
yt_debug_level
_yt_errmsg
_yt_prompt_msg
