   1              		.cpu cortex-m3
   2              		.arch armv7-m
   3              		.fpu softvfp
   4              		.eabi_attribute 20, 1
   5              		.eabi_attribute 21, 1
   6              		.eabi_attribute 23, 3
   7              		.eabi_attribute 24, 1
   8              		.eabi_attribute 25, 1
   9              		.eabi_attribute 26, 1
  10              		.eabi_attribute 30, 1
  11              		.eabi_attribute 34, 1
  12              		.eabi_attribute 18, 4
  13              		.file	"yt_wol.c"
  14              		.text
  15              	.Ltext0:
  16              		.cfi_sections	.debug_frame
  17              		.file 1 "../switch_sdk/core/yt/yt_wol.c"
  18              		.section	.rodata.yt_wol_ctrl_set.str1.4,"aMS",%progbits,1
  19              		.align	2
  20              	.LC0:
  21 0000 25732573 		.ascii	"%s%s\015\012\000"
  21      0D0A00
  22              		.section	.text.yt_wol_ctrl_set,"ax",%progbits
  23              		.align	1
  24              		.global	yt_wol_ctrl_set
  25              		.syntax unified
  26              		.thumb
  27              		.thumb_func
  29              	yt_wol_ctrl_set:
  30              	.LVL0:
  31              	.LFB3:
   1:../switch_sdk/core/yt/yt_wol.c **** /*******************************************************************************
   2:../switch_sdk/core/yt/yt_wol.c **** *                                                                              *
   3:../switch_sdk/core/yt/yt_wol.c **** *  Copyright (c), 2022, Motorcomm Electronic Technology Co.,Ltd.               *
   4:../switch_sdk/core/yt/yt_wol.c **** *  Motorcomm Confidential and Proprietary.                                     *
   5:../switch_sdk/core/yt/yt_wol.c **** *                                                                              *
   6:../switch_sdk/core/yt/yt_wol.c **** ********************************************************************************
   7:../switch_sdk/core/yt/yt_wol.c **** */
   8:../switch_sdk/core/yt/yt_wol.c **** /**
   9:../switch_sdk/core/yt/yt_wol.c **** ********************************************************************************
  10:../switch_sdk/core/yt/yt_wol.c **** * @file yt_wol.c
  11:../switch_sdk/core/yt/yt_wol.c **** *
  12:../switch_sdk/core/yt/yt_wol.c **** * @brief x
  13:../switch_sdk/core/yt/yt_wol.c **** *
  14:../switch_sdk/core/yt/yt_wol.c **** ********************************************************************************
  15:../switch_sdk/core/yt/yt_wol.c **** */
  16:../switch_sdk/core/yt/yt_wol.c **** #include "yt_wol.h"
  17:../switch_sdk/core/yt/yt_wol.c **** #include "fal_dispatch.h"
  18:../switch_sdk/core/yt/yt_wol.c **** 
  19:../switch_sdk/core/yt/yt_wol.c **** 
  20:../switch_sdk/core/yt/yt_wol.c **** /**
  21:../switch_sdk/core/yt/yt_wol.c ****  * @internal      yt_wol_ctrl_set
  22:../switch_sdk/core/yt/yt_wol.c ****  * @endinternal
  23:../switch_sdk/core/yt/yt_wol.c ****  *
  24:../switch_sdk/core/yt/yt_wol.c ****  * @brief         Description
  25:../switch_sdk/core/yt/yt_wol.c ****  * @param[in]     unit                -unit id
  26:../switch_sdk/core/yt/yt_wol.c ****  * @param[in]     enable              -enable or disable
  27:../switch_sdk/core/yt/yt_wol.c ****  * @retval        CMM_ERR_OK          -on success
  28:../switch_sdk/core/yt/yt_wol.c ****  * @retval        CMM_ERR_FAIL        -on fail
  29:../switch_sdk/core/yt/yt_wol.c ****  */
  30:../switch_sdk/core/yt/yt_wol.c **** yt_ret_t  yt_wol_ctrl_set(yt_unit_t unit, yt_enable_t enable)
  31:../switch_sdk/core/yt/yt_wol.c **** {
  32              		.loc 1 31 1 view -0
  33              		.cfi_startproc
  34              		@ args = 0, pretend = 0, frame = 0
  35              		@ frame_needed = 0, uses_anonymous_args = 0
  36              		.loc 1 31 1 is_stmt 0 view .LVU1
  37 0000 08B5     		push	{r3, lr}
  38              		.cfi_def_cfa_offset 8
  39              		.cfi_offset 3, -8
  40              		.cfi_offset 14, -4
  32:../switch_sdk/core/yt/yt_wol.c ****     CMM_PARAM_CHK((YT_UNIT_NUM <= unit), CMM_ERR_INPUT);
  41              		.loc 1 32 5 is_stmt 1 view .LVU2
  42              		.loc 1 32 5 view .LVU3
  43 0002 68B9     		cbnz	r0, .L12
  44 0004 0246     		mov	r2, r0
  45              		.loc 1 32 5 discriminator 2 view .LVU4
  33:../switch_sdk/core/yt/yt_wol.c ****     CMM_PARAM_CHK(NULL == YT_DISPATCH(unit), CMM_ERR_NOT_INIT);
  46              		.loc 1 33 5 discriminator 2 view .LVU5
  47              		.loc 1 33 5 discriminator 2 view .LVU6
  48 0006 224B     		ldr	r3, .L20
  49 0008 53F82030 		ldr	r3, [r3, r0, lsl #2]
  50 000c B3B1     		cbz	r3, .L13
  51              		.loc 1 33 5 discriminator 2 view .LVU7
  34:../switch_sdk/core/yt/yt_wol.c ****     CMM_PARAM_CHK((!(YT_DISPATCH(unit)->is_inited)), CMM_ERR_NOT_INIT);
  52              		.loc 1 34 5 discriminator 2 view .LVU8
  53              		.loc 1 34 5 discriminator 2 view .LVU9
  54 000e 1878     		ldrb	r0, [r3]	@ zero_extendqisi2
  55              	.LVL1:
  56              		.loc 1 34 5 is_stmt 0 discriminator 2 view .LVU10
  57 0010 10B3     		cbz	r0, .L14
  58              		.loc 1 34 5 is_stmt 1 discriminator 2 view .LVU11
  35:../switch_sdk/core/yt/yt_wol.c ****     CMM_PARAM_CHK((YT_ENABLE < enable || YT_DISABLE > enable), CMM_ERR_INPUT);
  59              		.loc 1 35 5 discriminator 2 view .LVU12
  60              		.loc 1 35 5 discriminator 2 view .LVU13
  61 0012 0129     		cmp	r1, #1
  62 0014 2ED8     		bhi	.L15
  63              		.loc 1 35 5 discriminator 2 view .LVU14
  36:../switch_sdk/core/yt/yt_wol.c **** 
  37:../switch_sdk/core/yt/yt_wol.c ****     return YT_DISPATCH(unit)->wol_ctrl_set(unit, enable);
  64              		.loc 1 37 5 discriminator 2 view .LVU15
  65              		.loc 1 37 29 is_stmt 0 discriminator 2 view .LVU16
  66 0016 D3F83035 		ldr	r3, [r3, #1328]
  67              		.loc 1 37 12 discriminator 2 view .LVU17
  68 001a 1046     		mov	r0, r2
  69 001c 9847     		blx	r3
  70              	.LVL2:
  71              	.L1:
  38:../switch_sdk/core/yt/yt_wol.c **** }
  72              		.loc 1 38 1 view .LVU18
  73 001e 08BD     		pop	{r3, pc}
  74              	.LVL3:
  75              	.L12:
  32:../switch_sdk/core/yt/yt_wol.c ****     CMM_PARAM_CHK(NULL == YT_DISPATCH(unit), CMM_ERR_NOT_INIT);
  76              		.loc 1 32 5 is_stmt 1 discriminator 1 view .LVU19
  32:../switch_sdk/core/yt/yt_wol.c ****     CMM_PARAM_CHK(NULL == YT_DISPATCH(unit), CMM_ERR_NOT_INIT);
  77              		.loc 1 32 5 discriminator 1 view .LVU20
  78 0020 1C4B     		ldr	r3, .L20+4
  79 0022 1B78     		ldrb	r3, [r3]	@ zero_extendqisi2
  80 0024 012B     		cmp	r3, #1
  81 0026 01D8     		bhi	.L16
  82              	.LVL4:
  83              	.L3:
  32:../switch_sdk/core/yt/yt_wol.c ****     CMM_PARAM_CHK(NULL == YT_DISPATCH(unit), CMM_ERR_NOT_INIT);
  84              		.loc 1 32 5 discriminator 5 view .LVU21
  32:../switch_sdk/core/yt/yt_wol.c ****     CMM_PARAM_CHK(NULL == YT_DISPATCH(unit), CMM_ERR_NOT_INIT);
  85              		.loc 1 32 5 discriminator 5 view .LVU22
  32:../switch_sdk/core/yt/yt_wol.c ****     CMM_PARAM_CHK(NULL == YT_DISPATCH(unit), CMM_ERR_NOT_INIT);
  86              		.loc 1 32 5 discriminator 5 view .LVU23
  87 0028 0520     		movs	r0, #5
  88 002a F8E7     		b	.L1
  89              	.LVL5:
  90              	.L16:
  32:../switch_sdk/core/yt/yt_wol.c ****     CMM_PARAM_CHK(NULL == YT_DISPATCH(unit), CMM_ERR_NOT_INIT);
  91              		.loc 1 32 5 discriminator 3 view .LVU24
  92              	.LBB2:
  32:../switch_sdk/core/yt/yt_wol.c ****     CMM_PARAM_CHK(NULL == YT_DISPATCH(unit), CMM_ERR_NOT_INIT);
  93              		.loc 1 32 5 discriminator 3 view .LVU25
  94 002c 1A4B     		ldr	r3, .L20+8
  95 002e 5A69     		ldr	r2, [r3, #20]
  96 0030 1A4B     		ldr	r3, .L20+12
  97 0032 9968     		ldr	r1, [r3, #8]
  98              	.LVL6:
  32:../switch_sdk/core/yt/yt_wol.c ****     CMM_PARAM_CHK(NULL == YT_DISPATCH(unit), CMM_ERR_NOT_INIT);
  99              		.loc 1 32 5 is_stmt 0 discriminator 3 view .LVU26
 100 0034 1A48     		ldr	r0, .L20+16
 101              	.LVL7:
  32:../switch_sdk/core/yt/yt_wol.c ****     CMM_PARAM_CHK(NULL == YT_DISPATCH(unit), CMM_ERR_NOT_INIT);
 102              		.loc 1 32 5 discriminator 3 view .LVU27
 103 0036 FFF7FEFF 		bl	osal_printf
 104              	.LVL8:
 105 003a F5E7     		b	.L3
 106              	.LVL9:
 107              	.L13:
  32:../switch_sdk/core/yt/yt_wol.c ****     CMM_PARAM_CHK(NULL == YT_DISPATCH(unit), CMM_ERR_NOT_INIT);
 108              		.loc 1 32 5 discriminator 3 view .LVU28
 109              	.LBE2:
  33:../switch_sdk/core/yt/yt_wol.c ****     CMM_PARAM_CHK((!(YT_DISPATCH(unit)->is_inited)), CMM_ERR_NOT_INIT);
 110              		.loc 1 33 5 is_stmt 1 discriminator 1 view .LVU29
  33:../switch_sdk/core/yt/yt_wol.c ****     CMM_PARAM_CHK((!(YT_DISPATCH(unit)->is_inited)), CMM_ERR_NOT_INIT);
 111              		.loc 1 33 5 discriminator 1 view .LVU30
 112 003c 154B     		ldr	r3, .L20+4
 113 003e 1B78     		ldrb	r3, [r3]	@ zero_extendqisi2
 114 0040 012B     		cmp	r3, #1
 115 0042 01D8     		bhi	.L17
 116              	.LVL10:
 117              	.L6:
  33:../switch_sdk/core/yt/yt_wol.c ****     CMM_PARAM_CHK((!(YT_DISPATCH(unit)->is_inited)), CMM_ERR_NOT_INIT);
 118              		.loc 1 33 5 discriminator 5 view .LVU31
  33:../switch_sdk/core/yt/yt_wol.c ****     CMM_PARAM_CHK((!(YT_DISPATCH(unit)->is_inited)), CMM_ERR_NOT_INIT);
 119              		.loc 1 33 5 discriminator 5 view .LVU32
  33:../switch_sdk/core/yt/yt_wol.c ****     CMM_PARAM_CHK((!(YT_DISPATCH(unit)->is_inited)), CMM_ERR_NOT_INIT);
 120              		.loc 1 33 5 discriminator 5 view .LVU33
 121 0044 0420     		movs	r0, #4
 122 0046 EAE7     		b	.L1
 123              	.LVL11:
 124              	.L17:
  33:../switch_sdk/core/yt/yt_wol.c ****     CMM_PARAM_CHK((!(YT_DISPATCH(unit)->is_inited)), CMM_ERR_NOT_INIT);
 125              		.loc 1 33 5 discriminator 3 view .LVU34
 126              	.LBB3:
  33:../switch_sdk/core/yt/yt_wol.c ****     CMM_PARAM_CHK((!(YT_DISPATCH(unit)->is_inited)), CMM_ERR_NOT_INIT);
 127              		.loc 1 33 5 discriminator 3 view .LVU35
 128 0048 134B     		ldr	r3, .L20+8
 129 004a 1A69     		ldr	r2, [r3, #16]
 130 004c 134B     		ldr	r3, .L20+12
 131 004e 9968     		ldr	r1, [r3, #8]
 132              	.LVL12:
  33:../switch_sdk/core/yt/yt_wol.c ****     CMM_PARAM_CHK((!(YT_DISPATCH(unit)->is_inited)), CMM_ERR_NOT_INIT);
 133              		.loc 1 33 5 is_stmt 0 discriminator 3 view .LVU36
 134 0050 1348     		ldr	r0, .L20+16
 135              	.LVL13:
  33:../switch_sdk/core/yt/yt_wol.c ****     CMM_PARAM_CHK((!(YT_DISPATCH(unit)->is_inited)), CMM_ERR_NOT_INIT);
 136              		.loc 1 33 5 discriminator 3 view .LVU37
 137 0052 FFF7FEFF 		bl	osal_printf
 138              	.LVL14:
 139 0056 F5E7     		b	.L6
 140              	.LVL15:
 141              	.L14:
  33:../switch_sdk/core/yt/yt_wol.c ****     CMM_PARAM_CHK((!(YT_DISPATCH(unit)->is_inited)), CMM_ERR_NOT_INIT);
 142              		.loc 1 33 5 discriminator 3 view .LVU38
 143              	.LBE3:
  34:../switch_sdk/core/yt/yt_wol.c ****     CMM_PARAM_CHK((YT_ENABLE < enable || YT_DISABLE > enable), CMM_ERR_INPUT);
 144              		.loc 1 34 5 is_stmt 1 discriminator 1 view .LVU39
  34:../switch_sdk/core/yt/yt_wol.c ****     CMM_PARAM_CHK((YT_ENABLE < enable || YT_DISABLE > enable), CMM_ERR_INPUT);
 145              		.loc 1 34 5 discriminator 1 view .LVU40
 146 0058 0E4B     		ldr	r3, .L20+4
 147 005a 1B78     		ldrb	r3, [r3]	@ zero_extendqisi2
 148 005c 012B     		cmp	r3, #1
 149 005e 01D8     		bhi	.L18
 150              	.LVL16:
 151              	.L8:
  34:../switch_sdk/core/yt/yt_wol.c ****     CMM_PARAM_CHK((YT_ENABLE < enable || YT_DISABLE > enable), CMM_ERR_INPUT);
 152              		.loc 1 34 5 discriminator 5 view .LVU41
  34:../switch_sdk/core/yt/yt_wol.c ****     CMM_PARAM_CHK((YT_ENABLE < enable || YT_DISABLE > enable), CMM_ERR_INPUT);
 153              		.loc 1 34 5 discriminator 5 view .LVU42
  34:../switch_sdk/core/yt/yt_wol.c ****     CMM_PARAM_CHK((YT_ENABLE < enable || YT_DISABLE > enable), CMM_ERR_INPUT);
 154              		.loc 1 34 5 discriminator 5 view .LVU43
 155 0060 0420     		movs	r0, #4
 156 0062 DCE7     		b	.L1
 157              	.LVL17:
 158              	.L18:
  34:../switch_sdk/core/yt/yt_wol.c ****     CMM_PARAM_CHK((YT_ENABLE < enable || YT_DISABLE > enable), CMM_ERR_INPUT);
 159              		.loc 1 34 5 discriminator 3 view .LVU44
 160              	.LBB4:
  34:../switch_sdk/core/yt/yt_wol.c ****     CMM_PARAM_CHK((YT_ENABLE < enable || YT_DISABLE > enable), CMM_ERR_INPUT);
 161              		.loc 1 34 5 discriminator 3 view .LVU45
 162 0064 0C4B     		ldr	r3, .L20+8
 163 0066 1A69     		ldr	r2, [r3, #16]
 164 0068 0C4B     		ldr	r3, .L20+12
 165 006a 9968     		ldr	r1, [r3, #8]
 166              	.LVL18:
  34:../switch_sdk/core/yt/yt_wol.c ****     CMM_PARAM_CHK((YT_ENABLE < enable || YT_DISABLE > enable), CMM_ERR_INPUT);
 167              		.loc 1 34 5 is_stmt 0 discriminator 3 view .LVU46
 168 006c 0C48     		ldr	r0, .L20+16
 169 006e FFF7FEFF 		bl	osal_printf
 170              	.LVL19:
 171 0072 F5E7     		b	.L8
 172              	.LVL20:
 173              	.L15:
  34:../switch_sdk/core/yt/yt_wol.c ****     CMM_PARAM_CHK((YT_ENABLE < enable || YT_DISABLE > enable), CMM_ERR_INPUT);
 174              		.loc 1 34 5 discriminator 3 view .LVU47
 175              	.LBE4:
  35:../switch_sdk/core/yt/yt_wol.c **** 
 176              		.loc 1 35 5 is_stmt 1 discriminator 1 view .LVU48
  35:../switch_sdk/core/yt/yt_wol.c **** 
 177              		.loc 1 35 5 discriminator 1 view .LVU49
 178 0074 074B     		ldr	r3, .L20+4
 179 0076 1B78     		ldrb	r3, [r3]	@ zero_extendqisi2
 180 0078 012B     		cmp	r3, #1
 181 007a 01D8     		bhi	.L19
 182              	.LVL21:
 183              	.L10:
  35:../switch_sdk/core/yt/yt_wol.c **** 
 184              		.loc 1 35 5 discriminator 5 view .LVU50
  35:../switch_sdk/core/yt/yt_wol.c **** 
 185              		.loc 1 35 5 discriminator 5 view .LVU51
  35:../switch_sdk/core/yt/yt_wol.c **** 
 186              		.loc 1 35 5 discriminator 5 view .LVU52
 187 007c 0520     		movs	r0, #5
 188 007e CEE7     		b	.L1
 189              	.LVL22:
 190              	.L19:
  35:../switch_sdk/core/yt/yt_wol.c **** 
 191              		.loc 1 35 5 discriminator 3 view .LVU53
 192              	.LBB5:
  35:../switch_sdk/core/yt/yt_wol.c **** 
 193              		.loc 1 35 5 discriminator 3 view .LVU54
 194 0080 054B     		ldr	r3, .L20+8
 195 0082 5A69     		ldr	r2, [r3, #20]
 196 0084 054B     		ldr	r3, .L20+12
 197 0086 9968     		ldr	r1, [r3, #8]
 198              	.LVL23:
  35:../switch_sdk/core/yt/yt_wol.c **** 
 199              		.loc 1 35 5 is_stmt 0 discriminator 3 view .LVU55
 200 0088 0548     		ldr	r0, .L20+16
 201 008a FFF7FEFF 		bl	osal_printf
 202              	.LVL24:
 203 008e F5E7     		b	.L10
 204              	.L21:
 205              		.align	2
 206              	.L20:
 207 0090 00000000 		.word	gpfal_dispatch
 208 0094 00000000 		.word	yt_debug_level
 209 0098 00000000 		.word	_yt_errmsg
 210 009c 00000000 		.word	_yt_prompt_msg
 211 00a0 00000000 		.word	.LC0
 212              	.LBE5:
 213              		.cfi_endproc
 214              	.LFE3:
 216              		.section	.text.yt_wol_ctrl_get,"ax",%progbits
 217              		.align	1
 218              		.global	yt_wol_ctrl_get
 219              		.syntax unified
 220              		.thumb
 221              		.thumb_func
 223              	yt_wol_ctrl_get:
 224              	.LVL25:
 225              	.LFB4:
  39:../switch_sdk/core/yt/yt_wol.c **** 
  40:../switch_sdk/core/yt/yt_wol.c **** /**
  41:../switch_sdk/core/yt/yt_wol.c ****  * @internal      yt_wol_ctrl_get
  42:../switch_sdk/core/yt/yt_wol.c ****  * @endinternal
  43:../switch_sdk/core/yt/yt_wol.c ****  *
  44:../switch_sdk/core/yt/yt_wol.c ****  * @brief         Description
  45:../switch_sdk/core/yt/yt_wol.c ****  * @param[in]     unit                -unit id
  46:../switch_sdk/core/yt/yt_wol.c ****  * @param[out]    pEnable             -enable or disable
  47:../switch_sdk/core/yt/yt_wol.c ****  * @retval        CMM_ERR_OK          -on success
  48:../switch_sdk/core/yt/yt_wol.c ****  * @retval        CMM_ERR_FAIL        -on fail
  49:../switch_sdk/core/yt/yt_wol.c ****  */
  50:../switch_sdk/core/yt/yt_wol.c **** yt_ret_t  yt_wol_ctrl_get(yt_unit_t unit, yt_enable_t *pEnable)
  51:../switch_sdk/core/yt/yt_wol.c **** {
 226              		.loc 1 51 1 is_stmt 1 view -0
 227              		.cfi_startproc
 228              		@ args = 0, pretend = 0, frame = 0
 229              		@ frame_needed = 0, uses_anonymous_args = 0
 230              		.loc 1 51 1 is_stmt 0 view .LVU57
 231 0000 08B5     		push	{r3, lr}
 232              		.cfi_def_cfa_offset 8
 233              		.cfi_offset 3, -8
 234              		.cfi_offset 14, -4
  52:../switch_sdk/core/yt/yt_wol.c ****     CMM_PARAM_CHK((YT_UNIT_NUM <= unit), CMM_ERR_INPUT);
 235              		.loc 1 52 5 is_stmt 1 view .LVU58
 236              		.loc 1 52 5 view .LVU59
 237 0002 68B9     		cbnz	r0, .L33
 238 0004 0246     		mov	r2, r0
 239              		.loc 1 52 5 discriminator 2 view .LVU60
  53:../switch_sdk/core/yt/yt_wol.c ****     CMM_PARAM_CHK(NULL == YT_DISPATCH(unit), CMM_ERR_NOT_INIT);
 240              		.loc 1 53 5 discriminator 2 view .LVU61
 241              		.loc 1 53 5 discriminator 2 view .LVU62
 242 0006 224B     		ldr	r3, .L41
 243 0008 53F82030 		ldr	r3, [r3, r0, lsl #2]
 244 000c B3B1     		cbz	r3, .L34
 245              		.loc 1 53 5 discriminator 2 view .LVU63
  54:../switch_sdk/core/yt/yt_wol.c ****     CMM_PARAM_CHK((!(YT_DISPATCH(unit)->is_inited)), CMM_ERR_NOT_INIT);
 246              		.loc 1 54 5 discriminator 2 view .LVU64
 247              		.loc 1 54 5 discriminator 2 view .LVU65
 248 000e 1878     		ldrb	r0, [r3]	@ zero_extendqisi2
 249              	.LVL26:
 250              		.loc 1 54 5 is_stmt 0 discriminator 2 view .LVU66
 251 0010 10B3     		cbz	r0, .L35
 252              		.loc 1 54 5 is_stmt 1 discriminator 2 view .LVU67
  55:../switch_sdk/core/yt/yt_wol.c ****     CMM_PARAM_CHK((NULL == pEnable), CMM_ERR_NULL_POINT);
 253              		.loc 1 55 5 discriminator 2 view .LVU68
 254              		.loc 1 55 5 discriminator 2 view .LVU69
 255 0012 0029     		cmp	r1, #0
 256 0014 2ED0     		beq	.L36
 257              		.loc 1 55 5 discriminator 2 view .LVU70
  56:../switch_sdk/core/yt/yt_wol.c **** 
  57:../switch_sdk/core/yt/yt_wol.c ****     return YT_DISPATCH(unit)->wol_ctrl_get(unit, pEnable);
 258              		.loc 1 57 5 discriminator 2 view .LVU71
 259              		.loc 1 57 29 is_stmt 0 discriminator 2 view .LVU72
 260 0016 D3F83435 		ldr	r3, [r3, #1332]
 261              		.loc 1 57 12 discriminator 2 view .LVU73
 262 001a 1046     		mov	r0, r2
 263 001c 9847     		blx	r3
 264              	.LVL27:
 265              	.L22:
  58:../switch_sdk/core/yt/yt_wol.c **** }
 266              		.loc 1 58 1 view .LVU74
 267 001e 08BD     		pop	{r3, pc}
 268              	.LVL28:
 269              	.L33:
  52:../switch_sdk/core/yt/yt_wol.c ****     CMM_PARAM_CHK(NULL == YT_DISPATCH(unit), CMM_ERR_NOT_INIT);
 270              		.loc 1 52 5 is_stmt 1 discriminator 1 view .LVU75
  52:../switch_sdk/core/yt/yt_wol.c ****     CMM_PARAM_CHK(NULL == YT_DISPATCH(unit), CMM_ERR_NOT_INIT);
 271              		.loc 1 52 5 discriminator 1 view .LVU76
 272 0020 1C4B     		ldr	r3, .L41+4
 273 0022 1B78     		ldrb	r3, [r3]	@ zero_extendqisi2
 274 0024 012B     		cmp	r3, #1
 275 0026 01D8     		bhi	.L37
 276              	.LVL29:
 277              	.L24:
  52:../switch_sdk/core/yt/yt_wol.c ****     CMM_PARAM_CHK(NULL == YT_DISPATCH(unit), CMM_ERR_NOT_INIT);
 278              		.loc 1 52 5 discriminator 5 view .LVU77
  52:../switch_sdk/core/yt/yt_wol.c ****     CMM_PARAM_CHK(NULL == YT_DISPATCH(unit), CMM_ERR_NOT_INIT);
 279              		.loc 1 52 5 discriminator 5 view .LVU78
  52:../switch_sdk/core/yt/yt_wol.c ****     CMM_PARAM_CHK(NULL == YT_DISPATCH(unit), CMM_ERR_NOT_INIT);
 280              		.loc 1 52 5 discriminator 5 view .LVU79
 281 0028 0520     		movs	r0, #5
 282 002a F8E7     		b	.L22
 283              	.LVL30:
 284              	.L37:
  52:../switch_sdk/core/yt/yt_wol.c ****     CMM_PARAM_CHK(NULL == YT_DISPATCH(unit), CMM_ERR_NOT_INIT);
 285              		.loc 1 52 5 discriminator 3 view .LVU80
 286              	.LBB6:
  52:../switch_sdk/core/yt/yt_wol.c ****     CMM_PARAM_CHK(NULL == YT_DISPATCH(unit), CMM_ERR_NOT_INIT);
 287              		.loc 1 52 5 discriminator 3 view .LVU81
 288 002c 1A4B     		ldr	r3, .L41+8
 289 002e 5A69     		ldr	r2, [r3, #20]
 290 0030 1A4B     		ldr	r3, .L41+12
 291 0032 9968     		ldr	r1, [r3, #8]
 292              	.LVL31:
  52:../switch_sdk/core/yt/yt_wol.c ****     CMM_PARAM_CHK(NULL == YT_DISPATCH(unit), CMM_ERR_NOT_INIT);
 293              		.loc 1 52 5 is_stmt 0 discriminator 3 view .LVU82
 294 0034 1A48     		ldr	r0, .L41+16
 295              	.LVL32:
  52:../switch_sdk/core/yt/yt_wol.c ****     CMM_PARAM_CHK(NULL == YT_DISPATCH(unit), CMM_ERR_NOT_INIT);
 296              		.loc 1 52 5 discriminator 3 view .LVU83
 297 0036 FFF7FEFF 		bl	osal_printf
 298              	.LVL33:
 299 003a F5E7     		b	.L24
 300              	.LVL34:
 301              	.L34:
  52:../switch_sdk/core/yt/yt_wol.c ****     CMM_PARAM_CHK(NULL == YT_DISPATCH(unit), CMM_ERR_NOT_INIT);
 302              		.loc 1 52 5 discriminator 3 view .LVU84
 303              	.LBE6:
  53:../switch_sdk/core/yt/yt_wol.c ****     CMM_PARAM_CHK((!(YT_DISPATCH(unit)->is_inited)), CMM_ERR_NOT_INIT);
 304              		.loc 1 53 5 is_stmt 1 discriminator 1 view .LVU85
  53:../switch_sdk/core/yt/yt_wol.c ****     CMM_PARAM_CHK((!(YT_DISPATCH(unit)->is_inited)), CMM_ERR_NOT_INIT);
 305              		.loc 1 53 5 discriminator 1 view .LVU86
 306 003c 154B     		ldr	r3, .L41+4
 307 003e 1B78     		ldrb	r3, [r3]	@ zero_extendqisi2
 308 0040 012B     		cmp	r3, #1
 309 0042 01D8     		bhi	.L38
 310              	.LVL35:
 311              	.L27:
  53:../switch_sdk/core/yt/yt_wol.c ****     CMM_PARAM_CHK((!(YT_DISPATCH(unit)->is_inited)), CMM_ERR_NOT_INIT);
 312              		.loc 1 53 5 discriminator 5 view .LVU87
  53:../switch_sdk/core/yt/yt_wol.c ****     CMM_PARAM_CHK((!(YT_DISPATCH(unit)->is_inited)), CMM_ERR_NOT_INIT);
 313              		.loc 1 53 5 discriminator 5 view .LVU88
  53:../switch_sdk/core/yt/yt_wol.c ****     CMM_PARAM_CHK((!(YT_DISPATCH(unit)->is_inited)), CMM_ERR_NOT_INIT);
 314              		.loc 1 53 5 discriminator 5 view .LVU89
 315 0044 0420     		movs	r0, #4
 316 0046 EAE7     		b	.L22
 317              	.LVL36:
 318              	.L38:
  53:../switch_sdk/core/yt/yt_wol.c ****     CMM_PARAM_CHK((!(YT_DISPATCH(unit)->is_inited)), CMM_ERR_NOT_INIT);
 319              		.loc 1 53 5 discriminator 3 view .LVU90
 320              	.LBB7:
  53:../switch_sdk/core/yt/yt_wol.c ****     CMM_PARAM_CHK((!(YT_DISPATCH(unit)->is_inited)), CMM_ERR_NOT_INIT);
 321              		.loc 1 53 5 discriminator 3 view .LVU91
 322 0048 134B     		ldr	r3, .L41+8
 323 004a 1A69     		ldr	r2, [r3, #16]
 324 004c 134B     		ldr	r3, .L41+12
 325 004e 9968     		ldr	r1, [r3, #8]
 326              	.LVL37:
  53:../switch_sdk/core/yt/yt_wol.c ****     CMM_PARAM_CHK((!(YT_DISPATCH(unit)->is_inited)), CMM_ERR_NOT_INIT);
 327              		.loc 1 53 5 is_stmt 0 discriminator 3 view .LVU92
 328 0050 1348     		ldr	r0, .L41+16
 329              	.LVL38:
  53:../switch_sdk/core/yt/yt_wol.c ****     CMM_PARAM_CHK((!(YT_DISPATCH(unit)->is_inited)), CMM_ERR_NOT_INIT);
 330              		.loc 1 53 5 discriminator 3 view .LVU93
 331 0052 FFF7FEFF 		bl	osal_printf
 332              	.LVL39:
 333 0056 F5E7     		b	.L27
 334              	.LVL40:
 335              	.L35:
  53:../switch_sdk/core/yt/yt_wol.c ****     CMM_PARAM_CHK((!(YT_DISPATCH(unit)->is_inited)), CMM_ERR_NOT_INIT);
 336              		.loc 1 53 5 discriminator 3 view .LVU94
 337              	.LBE7:
  54:../switch_sdk/core/yt/yt_wol.c ****     CMM_PARAM_CHK((NULL == pEnable), CMM_ERR_NULL_POINT);
 338              		.loc 1 54 5 is_stmt 1 discriminator 1 view .LVU95
  54:../switch_sdk/core/yt/yt_wol.c ****     CMM_PARAM_CHK((NULL == pEnable), CMM_ERR_NULL_POINT);
 339              		.loc 1 54 5 discriminator 1 view .LVU96
 340 0058 0E4B     		ldr	r3, .L41+4
 341 005a 1B78     		ldrb	r3, [r3]	@ zero_extendqisi2
 342 005c 012B     		cmp	r3, #1
 343 005e 01D8     		bhi	.L39
 344              	.LVL41:
 345              	.L29:
  54:../switch_sdk/core/yt/yt_wol.c ****     CMM_PARAM_CHK((NULL == pEnable), CMM_ERR_NULL_POINT);
 346              		.loc 1 54 5 discriminator 5 view .LVU97
  54:../switch_sdk/core/yt/yt_wol.c ****     CMM_PARAM_CHK((NULL == pEnable), CMM_ERR_NULL_POINT);
 347              		.loc 1 54 5 discriminator 5 view .LVU98
  54:../switch_sdk/core/yt/yt_wol.c ****     CMM_PARAM_CHK((NULL == pEnable), CMM_ERR_NULL_POINT);
 348              		.loc 1 54 5 discriminator 5 view .LVU99
 349 0060 0420     		movs	r0, #4
 350 0062 DCE7     		b	.L22
 351              	.LVL42:
 352              	.L39:
  54:../switch_sdk/core/yt/yt_wol.c ****     CMM_PARAM_CHK((NULL == pEnable), CMM_ERR_NULL_POINT);
 353              		.loc 1 54 5 discriminator 3 view .LVU100
 354              	.LBB8:
  54:../switch_sdk/core/yt/yt_wol.c ****     CMM_PARAM_CHK((NULL == pEnable), CMM_ERR_NULL_POINT);
 355              		.loc 1 54 5 discriminator 3 view .LVU101
 356 0064 0C4B     		ldr	r3, .L41+8
 357 0066 1A69     		ldr	r2, [r3, #16]
 358 0068 0C4B     		ldr	r3, .L41+12
 359 006a 9968     		ldr	r1, [r3, #8]
 360              	.LVL43:
  54:../switch_sdk/core/yt/yt_wol.c ****     CMM_PARAM_CHK((NULL == pEnable), CMM_ERR_NULL_POINT);
 361              		.loc 1 54 5 is_stmt 0 discriminator 3 view .LVU102
 362 006c 0C48     		ldr	r0, .L41+16
 363 006e FFF7FEFF 		bl	osal_printf
 364              	.LVL44:
 365 0072 F5E7     		b	.L29
 366              	.LVL45:
 367              	.L36:
  54:../switch_sdk/core/yt/yt_wol.c ****     CMM_PARAM_CHK((NULL == pEnable), CMM_ERR_NULL_POINT);
 368              		.loc 1 54 5 discriminator 3 view .LVU103
 369              	.LBE8:
  55:../switch_sdk/core/yt/yt_wol.c **** 
 370              		.loc 1 55 5 is_stmt 1 discriminator 1 view .LVU104
  55:../switch_sdk/core/yt/yt_wol.c **** 
 371              		.loc 1 55 5 discriminator 1 view .LVU105
 372 0074 074B     		ldr	r3, .L41+4
 373 0076 1B78     		ldrb	r3, [r3]	@ zero_extendqisi2
 374 0078 012B     		cmp	r3, #1
 375 007a 01D8     		bhi	.L40
 376              	.LVL46:
 377              	.L31:
  55:../switch_sdk/core/yt/yt_wol.c **** 
 378              		.loc 1 55 5 discriminator 5 view .LVU106
  55:../switch_sdk/core/yt/yt_wol.c **** 
 379              		.loc 1 55 5 discriminator 5 view .LVU107
  55:../switch_sdk/core/yt/yt_wol.c **** 
 380              		.loc 1 55 5 discriminator 5 view .LVU108
 381 007c 0220     		movs	r0, #2
 382 007e CEE7     		b	.L22
 383              	.LVL47:
 384              	.L40:
  55:../switch_sdk/core/yt/yt_wol.c **** 
 385              		.loc 1 55 5 discriminator 3 view .LVU109
 386              	.LBB9:
  55:../switch_sdk/core/yt/yt_wol.c **** 
 387              		.loc 1 55 5 discriminator 3 view .LVU110
 388 0080 054B     		ldr	r3, .L41+8
 389 0082 9A68     		ldr	r2, [r3, #8]
 390 0084 054B     		ldr	r3, .L41+12
 391 0086 9968     		ldr	r1, [r3, #8]
 392              	.LVL48:
  55:../switch_sdk/core/yt/yt_wol.c **** 
 393              		.loc 1 55 5 is_stmt 0 discriminator 3 view .LVU111
 394 0088 0548     		ldr	r0, .L41+16
 395 008a FFF7FEFF 		bl	osal_printf
 396              	.LVL49:
 397 008e F5E7     		b	.L31
 398              	.L42:
 399              		.align	2
 400              	.L41:
 401 0090 00000000 		.word	gpfal_dispatch
 402 0094 00000000 		.word	yt_debug_level
 403 0098 00000000 		.word	_yt_errmsg
 404 009c 00000000 		.word	_yt_prompt_msg
 405 00a0 00000000 		.word	.LC0
 406              	.LBE9:
 407              		.cfi_endproc
 408              	.LFE4:
 410              		.section	.text.yt_wol_ethertype_set,"ax",%progbits
 411              		.align	1
 412              		.global	yt_wol_ethertype_set
 413              		.syntax unified
 414              		.thumb
 415              		.thumb_func
 417              	yt_wol_ethertype_set:
 418              	.LVL50:
 419              	.LFB5:
  59:../switch_sdk/core/yt/yt_wol.c **** 
  60:../switch_sdk/core/yt/yt_wol.c **** /**
  61:../switch_sdk/core/yt/yt_wol.c ****  * @internal      yt_wol_ethertype_set
  62:../switch_sdk/core/yt/yt_wol.c ****  * @endinternal
  63:../switch_sdk/core/yt/yt_wol.c ****  *
  64:../switch_sdk/core/yt/yt_wol.c ****  * @brief         Description
  65:../switch_sdk/core/yt/yt_wol.c ****  * @param[in]     unit                -unit id
  66:../switch_sdk/core/yt/yt_wol.c ****  * @param[in]     eth_type            -tpid value
  67:../switch_sdk/core/yt/yt_wol.c ****  * @retval        CMM_ERR_OK          -on success
  68:../switch_sdk/core/yt/yt_wol.c ****  * @retval        CMM_ERR_FAIL        -on fail
  69:../switch_sdk/core/yt/yt_wol.c ****  */
  70:../switch_sdk/core/yt/yt_wol.c **** yt_ret_t  yt_wol_ethertype_set(yt_unit_t unit, yt_tpid_t eth_type)
  71:../switch_sdk/core/yt/yt_wol.c **** {
 420              		.loc 1 71 1 is_stmt 1 view -0
 421              		.cfi_startproc
 422              		@ args = 0, pretend = 0, frame = 0
 423              		@ frame_needed = 0, uses_anonymous_args = 0
 424              		.loc 1 71 1 is_stmt 0 view .LVU113
 425 0000 08B5     		push	{r3, lr}
 426              		.cfi_def_cfa_offset 8
 427              		.cfi_offset 3, -8
 428              		.cfi_offset 14, -4
  72:../switch_sdk/core/yt/yt_wol.c ****     CMM_PARAM_CHK((YT_UNIT_NUM <= unit), CMM_ERR_INPUT);
 429              		.loc 1 72 5 is_stmt 1 view .LVU114
 430              		.loc 1 72 5 view .LVU115
 431 0002 58B9     		cbnz	r0, .L52
 432 0004 0246     		mov	r2, r0
 433              		.loc 1 72 5 discriminator 2 view .LVU116
  73:../switch_sdk/core/yt/yt_wol.c ****     CMM_PARAM_CHK(NULL == YT_DISPATCH(unit), CMM_ERR_NOT_INIT);
 434              		.loc 1 73 5 discriminator 2 view .LVU117
 435              		.loc 1 73 5 discriminator 2 view .LVU118
 436 0006 1A4B     		ldr	r3, .L58
 437 0008 53F82030 		ldr	r3, [r3, r0, lsl #2]
 438 000c A3B1     		cbz	r3, .L53
 439              		.loc 1 73 5 discriminator 2 view .LVU119
  74:../switch_sdk/core/yt/yt_wol.c ****     CMM_PARAM_CHK((!(YT_DISPATCH(unit)->is_inited)), CMM_ERR_NOT_INIT);
 440              		.loc 1 74 5 discriminator 2 view .LVU120
 441              		.loc 1 74 5 discriminator 2 view .LVU121
 442 000e 1878     		ldrb	r0, [r3]	@ zero_extendqisi2
 443              	.LVL51:
 444              		.loc 1 74 5 is_stmt 0 discriminator 2 view .LVU122
 445 0010 00B3     		cbz	r0, .L54
 446              		.loc 1 74 5 is_stmt 1 discriminator 2 view .LVU123
  75:../switch_sdk/core/yt/yt_wol.c **** 
  76:../switch_sdk/core/yt/yt_wol.c ****     return YT_DISPATCH(unit)->wol_ethertype_set(unit, eth_type);
 447              		.loc 1 76 5 discriminator 2 view .LVU124
 448              		.loc 1 76 29 is_stmt 0 discriminator 2 view .LVU125
 449 0012 D3F83835 		ldr	r3, [r3, #1336]
 450              		.loc 1 76 12 discriminator 2 view .LVU126
 451 0016 1046     		mov	r0, r2
 452 0018 9847     		blx	r3
 453              	.LVL52:
 454              	.L43:
  77:../switch_sdk/core/yt/yt_wol.c **** }
 455              		.loc 1 77 1 view .LVU127
 456 001a 08BD     		pop	{r3, pc}
 457              	.LVL53:
 458              	.L52:
  72:../switch_sdk/core/yt/yt_wol.c ****     CMM_PARAM_CHK(NULL == YT_DISPATCH(unit), CMM_ERR_NOT_INIT);
 459              		.loc 1 72 5 is_stmt 1 discriminator 1 view .LVU128
  72:../switch_sdk/core/yt/yt_wol.c ****     CMM_PARAM_CHK(NULL == YT_DISPATCH(unit), CMM_ERR_NOT_INIT);
 460              		.loc 1 72 5 discriminator 1 view .LVU129
 461 001c 154B     		ldr	r3, .L58+4
 462 001e 1B78     		ldrb	r3, [r3]	@ zero_extendqisi2
 463 0020 012B     		cmp	r3, #1
 464 0022 01D8     		bhi	.L55
 465              	.LVL54:
 466              	.L45:
  72:../switch_sdk/core/yt/yt_wol.c ****     CMM_PARAM_CHK(NULL == YT_DISPATCH(unit), CMM_ERR_NOT_INIT);
 467              		.loc 1 72 5 discriminator 5 view .LVU130
  72:../switch_sdk/core/yt/yt_wol.c ****     CMM_PARAM_CHK(NULL == YT_DISPATCH(unit), CMM_ERR_NOT_INIT);
 468              		.loc 1 72 5 discriminator 5 view .LVU131
  72:../switch_sdk/core/yt/yt_wol.c ****     CMM_PARAM_CHK(NULL == YT_DISPATCH(unit), CMM_ERR_NOT_INIT);
 469              		.loc 1 72 5 discriminator 5 view .LVU132
 470 0024 0520     		movs	r0, #5
 471 0026 F8E7     		b	.L43
 472              	.LVL55:
 473              	.L55:
  72:../switch_sdk/core/yt/yt_wol.c ****     CMM_PARAM_CHK(NULL == YT_DISPATCH(unit), CMM_ERR_NOT_INIT);
 474              		.loc 1 72 5 discriminator 3 view .LVU133
 475              	.LBB10:
  72:../switch_sdk/core/yt/yt_wol.c ****     CMM_PARAM_CHK(NULL == YT_DISPATCH(unit), CMM_ERR_NOT_INIT);
 476              		.loc 1 72 5 discriminator 3 view .LVU134
 477 0028 134B     		ldr	r3, .L58+8
 478 002a 5A69     		ldr	r2, [r3, #20]
 479 002c 134B     		ldr	r3, .L58+12
 480 002e 9968     		ldr	r1, [r3, #8]
 481              	.LVL56:
  72:../switch_sdk/core/yt/yt_wol.c ****     CMM_PARAM_CHK(NULL == YT_DISPATCH(unit), CMM_ERR_NOT_INIT);
 482              		.loc 1 72 5 is_stmt 0 discriminator 3 view .LVU135
 483 0030 1348     		ldr	r0, .L58+16
 484              	.LVL57:
  72:../switch_sdk/core/yt/yt_wol.c ****     CMM_PARAM_CHK(NULL == YT_DISPATCH(unit), CMM_ERR_NOT_INIT);
 485              		.loc 1 72 5 discriminator 3 view .LVU136
 486 0032 FFF7FEFF 		bl	osal_printf
 487              	.LVL58:
 488 0036 F5E7     		b	.L45
 489              	.LVL59:
 490              	.L53:
  72:../switch_sdk/core/yt/yt_wol.c ****     CMM_PARAM_CHK(NULL == YT_DISPATCH(unit), CMM_ERR_NOT_INIT);
 491              		.loc 1 72 5 discriminator 3 view .LVU137
 492              	.LBE10:
  73:../switch_sdk/core/yt/yt_wol.c ****     CMM_PARAM_CHK((!(YT_DISPATCH(unit)->is_inited)), CMM_ERR_NOT_INIT);
 493              		.loc 1 73 5 is_stmt 1 discriminator 1 view .LVU138
  73:../switch_sdk/core/yt/yt_wol.c ****     CMM_PARAM_CHK((!(YT_DISPATCH(unit)->is_inited)), CMM_ERR_NOT_INIT);
 494              		.loc 1 73 5 discriminator 1 view .LVU139
 495 0038 0E4B     		ldr	r3, .L58+4
 496 003a 1B78     		ldrb	r3, [r3]	@ zero_extendqisi2
 497 003c 012B     		cmp	r3, #1
 498 003e 01D8     		bhi	.L56
 499              	.LVL60:
 500              	.L48:
  73:../switch_sdk/core/yt/yt_wol.c ****     CMM_PARAM_CHK((!(YT_DISPATCH(unit)->is_inited)), CMM_ERR_NOT_INIT);
 501              		.loc 1 73 5 discriminator 5 view .LVU140
  73:../switch_sdk/core/yt/yt_wol.c ****     CMM_PARAM_CHK((!(YT_DISPATCH(unit)->is_inited)), CMM_ERR_NOT_INIT);
 502              		.loc 1 73 5 discriminator 5 view .LVU141
  73:../switch_sdk/core/yt/yt_wol.c ****     CMM_PARAM_CHK((!(YT_DISPATCH(unit)->is_inited)), CMM_ERR_NOT_INIT);
 503              		.loc 1 73 5 discriminator 5 view .LVU142
 504 0040 0420     		movs	r0, #4
 505 0042 EAE7     		b	.L43
 506              	.LVL61:
 507              	.L56:
  73:../switch_sdk/core/yt/yt_wol.c ****     CMM_PARAM_CHK((!(YT_DISPATCH(unit)->is_inited)), CMM_ERR_NOT_INIT);
 508              		.loc 1 73 5 discriminator 3 view .LVU143
 509              	.LBB11:
  73:../switch_sdk/core/yt/yt_wol.c ****     CMM_PARAM_CHK((!(YT_DISPATCH(unit)->is_inited)), CMM_ERR_NOT_INIT);
 510              		.loc 1 73 5 discriminator 3 view .LVU144
 511 0044 0C4B     		ldr	r3, .L58+8
 512 0046 1A69     		ldr	r2, [r3, #16]
 513 0048 0C4B     		ldr	r3, .L58+12
 514 004a 9968     		ldr	r1, [r3, #8]
 515              	.LVL62:
  73:../switch_sdk/core/yt/yt_wol.c ****     CMM_PARAM_CHK((!(YT_DISPATCH(unit)->is_inited)), CMM_ERR_NOT_INIT);
 516              		.loc 1 73 5 is_stmt 0 discriminator 3 view .LVU145
 517 004c 0C48     		ldr	r0, .L58+16
 518              	.LVL63:
  73:../switch_sdk/core/yt/yt_wol.c ****     CMM_PARAM_CHK((!(YT_DISPATCH(unit)->is_inited)), CMM_ERR_NOT_INIT);
 519              		.loc 1 73 5 discriminator 3 view .LVU146
 520 004e FFF7FEFF 		bl	osal_printf
 521              	.LVL64:
 522 0052 F5E7     		b	.L48
 523              	.LVL65:
 524              	.L54:
  73:../switch_sdk/core/yt/yt_wol.c ****     CMM_PARAM_CHK((!(YT_DISPATCH(unit)->is_inited)), CMM_ERR_NOT_INIT);
 525              		.loc 1 73 5 discriminator 3 view .LVU147
 526              	.LBE11:
  74:../switch_sdk/core/yt/yt_wol.c **** 
 527              		.loc 1 74 5 is_stmt 1 discriminator 1 view .LVU148
  74:../switch_sdk/core/yt/yt_wol.c **** 
 528              		.loc 1 74 5 discriminator 1 view .LVU149
 529 0054 074B     		ldr	r3, .L58+4
 530 0056 1B78     		ldrb	r3, [r3]	@ zero_extendqisi2
 531 0058 012B     		cmp	r3, #1
 532 005a 01D8     		bhi	.L57
 533              	.LVL66:
 534              	.L50:
  74:../switch_sdk/core/yt/yt_wol.c **** 
 535              		.loc 1 74 5 discriminator 5 view .LVU150
  74:../switch_sdk/core/yt/yt_wol.c **** 
 536              		.loc 1 74 5 discriminator 5 view .LVU151
  74:../switch_sdk/core/yt/yt_wol.c **** 
 537              		.loc 1 74 5 discriminator 5 view .LVU152
 538 005c 0420     		movs	r0, #4
 539 005e DCE7     		b	.L43
 540              	.LVL67:
 541              	.L57:
  74:../switch_sdk/core/yt/yt_wol.c **** 
 542              		.loc 1 74 5 discriminator 3 view .LVU153
 543              	.LBB12:
  74:../switch_sdk/core/yt/yt_wol.c **** 
 544              		.loc 1 74 5 discriminator 3 view .LVU154
 545 0060 054B     		ldr	r3, .L58+8
 546 0062 1A69     		ldr	r2, [r3, #16]
 547 0064 054B     		ldr	r3, .L58+12
 548 0066 9968     		ldr	r1, [r3, #8]
 549              	.LVL68:
  74:../switch_sdk/core/yt/yt_wol.c **** 
 550              		.loc 1 74 5 is_stmt 0 discriminator 3 view .LVU155
 551 0068 0548     		ldr	r0, .L58+16
 552 006a FFF7FEFF 		bl	osal_printf
 553              	.LVL69:
 554 006e F5E7     		b	.L50
 555              	.L59:
 556              		.align	2
 557              	.L58:
 558 0070 00000000 		.word	gpfal_dispatch
 559 0074 00000000 		.word	yt_debug_level
 560 0078 00000000 		.word	_yt_errmsg
 561 007c 00000000 		.word	_yt_prompt_msg
 562 0080 00000000 		.word	.LC0
 563              	.LBE12:
 564              		.cfi_endproc
 565              	.LFE5:
 567              		.section	.text.yt_wol_ethertype_get,"ax",%progbits
 568              		.align	1
 569              		.global	yt_wol_ethertype_get
 570              		.syntax unified
 571              		.thumb
 572              		.thumb_func
 574              	yt_wol_ethertype_get:
 575              	.LVL70:
 576              	.LFB6:
  78:../switch_sdk/core/yt/yt_wol.c **** 
  79:../switch_sdk/core/yt/yt_wol.c **** /**
  80:../switch_sdk/core/yt/yt_wol.c ****  * @internal      yt_wol_ethertype_get
  81:../switch_sdk/core/yt/yt_wol.c ****  * @endinternal
  82:../switch_sdk/core/yt/yt_wol.c ****  *
  83:../switch_sdk/core/yt/yt_wol.c ****  * @brief         Description
  84:../switch_sdk/core/yt/yt_wol.c ****  * @param[in]     unit                -unit id
  85:../switch_sdk/core/yt/yt_wol.c ****  * @param[out]    pEth_type           -tpid value
  86:../switch_sdk/core/yt/yt_wol.c ****  * @retval        CMM_ERR_OK          -on success
  87:../switch_sdk/core/yt/yt_wol.c ****  * @retval        CMM_ERR_FAIL        -on fail
  88:../switch_sdk/core/yt/yt_wol.c ****  */
  89:../switch_sdk/core/yt/yt_wol.c **** yt_ret_t  yt_wol_ethertype_get(yt_unit_t unit, yt_tpid_t *pEth_type)
  90:../switch_sdk/core/yt/yt_wol.c **** {
 577              		.loc 1 90 1 is_stmt 1 view -0
 578              		.cfi_startproc
 579              		@ args = 0, pretend = 0, frame = 0
 580              		@ frame_needed = 0, uses_anonymous_args = 0
 581              		.loc 1 90 1 is_stmt 0 view .LVU157
 582 0000 08B5     		push	{r3, lr}
 583              		.cfi_def_cfa_offset 8
 584              		.cfi_offset 3, -8
 585              		.cfi_offset 14, -4
  91:../switch_sdk/core/yt/yt_wol.c ****     CMM_PARAM_CHK((YT_UNIT_NUM <= unit), CMM_ERR_INPUT);
 586              		.loc 1 91 5 is_stmt 1 view .LVU158
 587              		.loc 1 91 5 view .LVU159
 588 0002 68B9     		cbnz	r0, .L71
 589 0004 0246     		mov	r2, r0
 590              		.loc 1 91 5 discriminator 2 view .LVU160
  92:../switch_sdk/core/yt/yt_wol.c ****     CMM_PARAM_CHK(NULL == YT_DISPATCH(unit), CMM_ERR_NOT_INIT);
 591              		.loc 1 92 5 discriminator 2 view .LVU161
 592              		.loc 1 92 5 discriminator 2 view .LVU162
 593 0006 224B     		ldr	r3, .L79
 594 0008 53F82030 		ldr	r3, [r3, r0, lsl #2]
 595 000c B3B1     		cbz	r3, .L72
 596              		.loc 1 92 5 discriminator 2 view .LVU163
  93:../switch_sdk/core/yt/yt_wol.c ****     CMM_PARAM_CHK((!(YT_DISPATCH(unit)->is_inited)), CMM_ERR_NOT_INIT);
 597              		.loc 1 93 5 discriminator 2 view .LVU164
 598              		.loc 1 93 5 discriminator 2 view .LVU165
 599 000e 1878     		ldrb	r0, [r3]	@ zero_extendqisi2
 600              	.LVL71:
 601              		.loc 1 93 5 is_stmt 0 discriminator 2 view .LVU166
 602 0010 10B3     		cbz	r0, .L73
 603              		.loc 1 93 5 is_stmt 1 discriminator 2 view .LVU167
  94:../switch_sdk/core/yt/yt_wol.c ****     CMM_PARAM_CHK((NULL == pEth_type), CMM_ERR_NULL_POINT);
 604              		.loc 1 94 5 discriminator 2 view .LVU168
 605              		.loc 1 94 5 discriminator 2 view .LVU169
 606 0012 0029     		cmp	r1, #0
 607 0014 2ED0     		beq	.L74
 608              		.loc 1 94 5 discriminator 2 view .LVU170
  95:../switch_sdk/core/yt/yt_wol.c **** 
  96:../switch_sdk/core/yt/yt_wol.c ****     return YT_DISPATCH(unit)->wol_ethertype_get(unit, pEth_type);
 609              		.loc 1 96 5 discriminator 2 view .LVU171
 610              		.loc 1 96 29 is_stmt 0 discriminator 2 view .LVU172
 611 0016 D3F83C35 		ldr	r3, [r3, #1340]
 612              		.loc 1 96 12 discriminator 2 view .LVU173
 613 001a 1046     		mov	r0, r2
 614 001c 9847     		blx	r3
 615              	.LVL72:
 616              	.L60:
  97:../switch_sdk/core/yt/yt_wol.c **** }
 617              		.loc 1 97 1 view .LVU174
 618 001e 08BD     		pop	{r3, pc}
 619              	.LVL73:
 620              	.L71:
  91:../switch_sdk/core/yt/yt_wol.c ****     CMM_PARAM_CHK(NULL == YT_DISPATCH(unit), CMM_ERR_NOT_INIT);
 621              		.loc 1 91 5 is_stmt 1 discriminator 1 view .LVU175
  91:../switch_sdk/core/yt/yt_wol.c ****     CMM_PARAM_CHK(NULL == YT_DISPATCH(unit), CMM_ERR_NOT_INIT);
 622              		.loc 1 91 5 discriminator 1 view .LVU176
 623 0020 1C4B     		ldr	r3, .L79+4
 624 0022 1B78     		ldrb	r3, [r3]	@ zero_extendqisi2
 625 0024 012B     		cmp	r3, #1
 626 0026 01D8     		bhi	.L75
 627              	.LVL74:
 628              	.L62:
  91:../switch_sdk/core/yt/yt_wol.c ****     CMM_PARAM_CHK(NULL == YT_DISPATCH(unit), CMM_ERR_NOT_INIT);
 629              		.loc 1 91 5 discriminator 5 view .LVU177
  91:../switch_sdk/core/yt/yt_wol.c ****     CMM_PARAM_CHK(NULL == YT_DISPATCH(unit), CMM_ERR_NOT_INIT);
 630              		.loc 1 91 5 discriminator 5 view .LVU178
  91:../switch_sdk/core/yt/yt_wol.c ****     CMM_PARAM_CHK(NULL == YT_DISPATCH(unit), CMM_ERR_NOT_INIT);
 631              		.loc 1 91 5 discriminator 5 view .LVU179
 632 0028 0520     		movs	r0, #5
 633 002a F8E7     		b	.L60
 634              	.LVL75:
 635              	.L75:
  91:../switch_sdk/core/yt/yt_wol.c ****     CMM_PARAM_CHK(NULL == YT_DISPATCH(unit), CMM_ERR_NOT_INIT);
 636              		.loc 1 91 5 discriminator 3 view .LVU180
 637              	.LBB13:
  91:../switch_sdk/core/yt/yt_wol.c ****     CMM_PARAM_CHK(NULL == YT_DISPATCH(unit), CMM_ERR_NOT_INIT);
 638              		.loc 1 91 5 discriminator 3 view .LVU181
 639 002c 1A4B     		ldr	r3, .L79+8
 640 002e 5A69     		ldr	r2, [r3, #20]
 641 0030 1A4B     		ldr	r3, .L79+12
 642 0032 9968     		ldr	r1, [r3, #8]
 643              	.LVL76:
  91:../switch_sdk/core/yt/yt_wol.c ****     CMM_PARAM_CHK(NULL == YT_DISPATCH(unit), CMM_ERR_NOT_INIT);
 644              		.loc 1 91 5 is_stmt 0 discriminator 3 view .LVU182
 645 0034 1A48     		ldr	r0, .L79+16
 646              	.LVL77:
  91:../switch_sdk/core/yt/yt_wol.c ****     CMM_PARAM_CHK(NULL == YT_DISPATCH(unit), CMM_ERR_NOT_INIT);
 647              		.loc 1 91 5 discriminator 3 view .LVU183
 648 0036 FFF7FEFF 		bl	osal_printf
 649              	.LVL78:
 650 003a F5E7     		b	.L62
 651              	.LVL79:
 652              	.L72:
  91:../switch_sdk/core/yt/yt_wol.c ****     CMM_PARAM_CHK(NULL == YT_DISPATCH(unit), CMM_ERR_NOT_INIT);
 653              		.loc 1 91 5 discriminator 3 view .LVU184
 654              	.LBE13:
  92:../switch_sdk/core/yt/yt_wol.c ****     CMM_PARAM_CHK((!(YT_DISPATCH(unit)->is_inited)), CMM_ERR_NOT_INIT);
 655              		.loc 1 92 5 is_stmt 1 discriminator 1 view .LVU185
  92:../switch_sdk/core/yt/yt_wol.c ****     CMM_PARAM_CHK((!(YT_DISPATCH(unit)->is_inited)), CMM_ERR_NOT_INIT);
 656              		.loc 1 92 5 discriminator 1 view .LVU186
 657 003c 154B     		ldr	r3, .L79+4
 658 003e 1B78     		ldrb	r3, [r3]	@ zero_extendqisi2
 659 0040 012B     		cmp	r3, #1
 660 0042 01D8     		bhi	.L76
 661              	.LVL80:
 662              	.L65:
  92:../switch_sdk/core/yt/yt_wol.c ****     CMM_PARAM_CHK((!(YT_DISPATCH(unit)->is_inited)), CMM_ERR_NOT_INIT);
 663              		.loc 1 92 5 discriminator 5 view .LVU187
  92:../switch_sdk/core/yt/yt_wol.c ****     CMM_PARAM_CHK((!(YT_DISPATCH(unit)->is_inited)), CMM_ERR_NOT_INIT);
 664              		.loc 1 92 5 discriminator 5 view .LVU188
  92:../switch_sdk/core/yt/yt_wol.c ****     CMM_PARAM_CHK((!(YT_DISPATCH(unit)->is_inited)), CMM_ERR_NOT_INIT);
 665              		.loc 1 92 5 discriminator 5 view .LVU189
 666 0044 0420     		movs	r0, #4
 667 0046 EAE7     		b	.L60
 668              	.LVL81:
 669              	.L76:
  92:../switch_sdk/core/yt/yt_wol.c ****     CMM_PARAM_CHK((!(YT_DISPATCH(unit)->is_inited)), CMM_ERR_NOT_INIT);
 670              		.loc 1 92 5 discriminator 3 view .LVU190
 671              	.LBB14:
  92:../switch_sdk/core/yt/yt_wol.c ****     CMM_PARAM_CHK((!(YT_DISPATCH(unit)->is_inited)), CMM_ERR_NOT_INIT);
 672              		.loc 1 92 5 discriminator 3 view .LVU191
 673 0048 134B     		ldr	r3, .L79+8
 674 004a 1A69     		ldr	r2, [r3, #16]
 675 004c 134B     		ldr	r3, .L79+12
 676 004e 9968     		ldr	r1, [r3, #8]
 677              	.LVL82:
  92:../switch_sdk/core/yt/yt_wol.c ****     CMM_PARAM_CHK((!(YT_DISPATCH(unit)->is_inited)), CMM_ERR_NOT_INIT);
 678              		.loc 1 92 5 is_stmt 0 discriminator 3 view .LVU192
 679 0050 1348     		ldr	r0, .L79+16
 680              	.LVL83:
  92:../switch_sdk/core/yt/yt_wol.c ****     CMM_PARAM_CHK((!(YT_DISPATCH(unit)->is_inited)), CMM_ERR_NOT_INIT);
 681              		.loc 1 92 5 discriminator 3 view .LVU193
 682 0052 FFF7FEFF 		bl	osal_printf
 683              	.LVL84:
 684 0056 F5E7     		b	.L65
 685              	.LVL85:
 686              	.L73:
  92:../switch_sdk/core/yt/yt_wol.c ****     CMM_PARAM_CHK((!(YT_DISPATCH(unit)->is_inited)), CMM_ERR_NOT_INIT);
 687              		.loc 1 92 5 discriminator 3 view .LVU194
 688              	.LBE14:
  93:../switch_sdk/core/yt/yt_wol.c ****     CMM_PARAM_CHK((NULL == pEth_type), CMM_ERR_NULL_POINT);
 689              		.loc 1 93 5 is_stmt 1 discriminator 1 view .LVU195
  93:../switch_sdk/core/yt/yt_wol.c ****     CMM_PARAM_CHK((NULL == pEth_type), CMM_ERR_NULL_POINT);
 690              		.loc 1 93 5 discriminator 1 view .LVU196
 691 0058 0E4B     		ldr	r3, .L79+4
 692 005a 1B78     		ldrb	r3, [r3]	@ zero_extendqisi2
 693 005c 012B     		cmp	r3, #1
 694 005e 01D8     		bhi	.L77
 695              	.LVL86:
 696              	.L67:
  93:../switch_sdk/core/yt/yt_wol.c ****     CMM_PARAM_CHK((NULL == pEth_type), CMM_ERR_NULL_POINT);
 697              		.loc 1 93 5 discriminator 5 view .LVU197
  93:../switch_sdk/core/yt/yt_wol.c ****     CMM_PARAM_CHK((NULL == pEth_type), CMM_ERR_NULL_POINT);
 698              		.loc 1 93 5 discriminator 5 view .LVU198
  93:../switch_sdk/core/yt/yt_wol.c ****     CMM_PARAM_CHK((NULL == pEth_type), CMM_ERR_NULL_POINT);
 699              		.loc 1 93 5 discriminator 5 view .LVU199
 700 0060 0420     		movs	r0, #4
 701 0062 DCE7     		b	.L60
 702              	.LVL87:
 703              	.L77:
  93:../switch_sdk/core/yt/yt_wol.c ****     CMM_PARAM_CHK((NULL == pEth_type), CMM_ERR_NULL_POINT);
 704              		.loc 1 93 5 discriminator 3 view .LVU200
 705              	.LBB15:
  93:../switch_sdk/core/yt/yt_wol.c ****     CMM_PARAM_CHK((NULL == pEth_type), CMM_ERR_NULL_POINT);
 706              		.loc 1 93 5 discriminator 3 view .LVU201
 707 0064 0C4B     		ldr	r3, .L79+8
 708 0066 1A69     		ldr	r2, [r3, #16]
 709 0068 0C4B     		ldr	r3, .L79+12
 710 006a 9968     		ldr	r1, [r3, #8]
 711              	.LVL88:
  93:../switch_sdk/core/yt/yt_wol.c ****     CMM_PARAM_CHK((NULL == pEth_type), CMM_ERR_NULL_POINT);
 712              		.loc 1 93 5 is_stmt 0 discriminator 3 view .LVU202
 713 006c 0C48     		ldr	r0, .L79+16
 714 006e FFF7FEFF 		bl	osal_printf
 715              	.LVL89:
 716 0072 F5E7     		b	.L67
 717              	.LVL90:
 718              	.L74:
  93:../switch_sdk/core/yt/yt_wol.c ****     CMM_PARAM_CHK((NULL == pEth_type), CMM_ERR_NULL_POINT);
 719              		.loc 1 93 5 discriminator 3 view .LVU203
 720              	.LBE15:
  94:../switch_sdk/core/yt/yt_wol.c **** 
 721              		.loc 1 94 5 is_stmt 1 discriminator 1 view .LVU204
  94:../switch_sdk/core/yt/yt_wol.c **** 
 722              		.loc 1 94 5 discriminator 1 view .LVU205
 723 0074 074B     		ldr	r3, .L79+4
 724 0076 1B78     		ldrb	r3, [r3]	@ zero_extendqisi2
 725 0078 012B     		cmp	r3, #1
 726 007a 01D8     		bhi	.L78
 727              	.LVL91:
 728              	.L69:
  94:../switch_sdk/core/yt/yt_wol.c **** 
 729              		.loc 1 94 5 discriminator 5 view .LVU206
  94:../switch_sdk/core/yt/yt_wol.c **** 
 730              		.loc 1 94 5 discriminator 5 view .LVU207
  94:../switch_sdk/core/yt/yt_wol.c **** 
 731              		.loc 1 94 5 discriminator 5 view .LVU208
 732 007c 0220     		movs	r0, #2
 733 007e CEE7     		b	.L60
 734              	.LVL92:
 735              	.L78:
  94:../switch_sdk/core/yt/yt_wol.c **** 
 736              		.loc 1 94 5 discriminator 3 view .LVU209
 737              	.LBB16:
  94:../switch_sdk/core/yt/yt_wol.c **** 
 738              		.loc 1 94 5 discriminator 3 view .LVU210
 739 0080 054B     		ldr	r3, .L79+8
 740 0082 9A68     		ldr	r2, [r3, #8]
 741 0084 054B     		ldr	r3, .L79+12
 742 0086 9968     		ldr	r1, [r3, #8]
 743              	.LVL93:
  94:../switch_sdk/core/yt/yt_wol.c **** 
 744              		.loc 1 94 5 is_stmt 0 discriminator 3 view .LVU211
 745 0088 0548     		ldr	r0, .L79+16
 746 008a FFF7FEFF 		bl	osal_printf
 747              	.LVL94:
 748 008e F5E7     		b	.L69
 749              	.L80:
 750              		.align	2
 751              	.L79:
 752 0090 00000000 		.word	gpfal_dispatch
 753 0094 00000000 		.word	yt_debug_level
 754 0098 00000000 		.word	_yt_errmsg
 755 009c 00000000 		.word	_yt_prompt_msg
 756 00a0 00000000 		.word	.LC0
 757              	.LBE16:
 758              		.cfi_endproc
 759              	.LFE6:
 761              		.text
 762              	.Letext0:
 763              		.file 2 "C:\\Users\\Dmitriy\\Desktop\\GD32F10x\\switch_sdk\\common\\include/yt_types.h"
 764              		.file 3 "C:\\Users\\Dmitriy\\Desktop\\GD32F10x\\switch_sdk\\common\\include/yt_error.h"
 765              		.file 4 "C:\\Users\\Dmitriy\\Desktop\\GD32F10x\\switch_sdk\\core\\cal/cal_bprofile.h"
 766              		.file 5 "C:\\Users\\Dmitriy\\Desktop\\GD32F10x\\switch_sdk\\include/yt_cmm.h"
 767              		.file 6 "C:\\Users\\Dmitriy\\Desktop\\GD32F10x\\switch_sdk\\include/yt_vlan.h"
 768              		.file 7 "C:\\Users\\Dmitriy\\Desktop\\GD32F10x\\switch_sdk\\include/yt_vlan_translate.h"
 769              		.file 8 "C:\\Users\\Dmitriy\\Desktop\\GD32F10x\\switch_sdk\\include/yt_acl.h"
 770              		.file 9 "C:\\Users\\Dmitriy\\Desktop\\GD32F10x\\switch_sdk\\include/yt_qos.h"
 771              		.file 10 "C:\\Users\\Dmitriy\\Desktop\\GD32F10x\\switch_sdk\\include/yt_rate.h"
 772              		.file 11 "C:\\Users\\Dmitriy\\Desktop\\GD32F10x\\switch_sdk\\include/yt_dos.h"
 773              		.file 12 "C:\\Users\\Dmitriy\\Desktop\\GD32F10x\\switch_sdk\\include/yt_nic.h"
 774              		.file 13 "C:\\Users\\Dmitriy\\Desktop\\GD32F10x\\switch_sdk\\include/yt_stp.h"
 775              		.file 14 "C:\\Users\\Dmitriy\\Desktop\\GD32F10x\\switch_sdk\\include/yt_l2.h"
 776              		.file 15 "C:\\Users\\Dmitriy\\Desktop\\GD32F10x\\switch_sdk\\include/yt_loopdetect.h"
 777              		.file 16 "C:\\Users\\Dmitriy\\Desktop\\GD32F10x\\switch_sdk\\include/yt_multicast.h"
 778              		.file 17 "C:\\Users\\Dmitriy\\Desktop\\GD32F10x\\switch_sdk\\include/yt_rma.h"
 779              		.file 18 "C:\\Users\\Dmitriy\\Desktop\\GD32F10x\\switch_sdk\\include/yt_oam.h"
 780              		.file 19 "C:\\Users\\Dmitriy\\Desktop\\GD32F10x\\switch_sdk\\include/yt_storm_ctrl.h"
 781              		.file 20 "C:\\Users\\Dmitriy\\Desktop\\GD32F10x\\switch_sdk\\include/yt_port.h"
 782              		.file 21 "C:\\Users\\Dmitriy\\Desktop\\GD32F10x\\switch_sdk\\include/yt_dot1x.h"
 783              		.file 22 "C:\\Users\\Dmitriy\\Desktop\\GD32F10x\\switch_sdk\\include/yt_ctrlpkt.h"
 784              		.file 23 "C:\\Users\\Dmitriy\\Desktop\\GD32F10x\\switch_sdk\\include/yt_stat.h"
 785              		.file 24 "C:\\Users\\Dmitriy\\Desktop\\GD32F10x\\switch_sdk\\include/yt_interrupt.h"
 786              		.file 25 "C:\\Users\\Dmitriy\\Desktop\\GD32F10x\\switch_sdk\\include/yt_led.h"
 787              		.file 26 "C:\\Users\\Dmitriy\\Desktop\\GD32F10x\\switch_sdk\\include/yt_sys.h"
 788              		.file 27 "C:\\Users\\Dmitriy\\Desktop\\GD32F10x\\switch_sdk\\include/yt_debug.h"
 789              		.file 28 "C:\\Users\\Dmitriy\\Desktop\\GD32F10x\\switch_sdk\\core\\fal/fal_dispatch.h"
DEFINED SYMBOLS
                            *ABS*:00000000 yt_wol.c
C:\Users\Dmitriy\AppData\Local\Temp\cc34JSzo.s:19     .rodata.yt_wol_ctrl_set.str1.4:00000000 $d
C:\Users\Dmitriy\AppData\Local\Temp\cc34JSzo.s:23     .text.yt_wol_ctrl_set:00000000 $t
C:\Users\Dmitriy\AppData\Local\Temp\cc34JSzo.s:29     .text.yt_wol_ctrl_set:00000000 yt_wol_ctrl_set
C:\Users\Dmitriy\AppData\Local\Temp\cc34JSzo.s:207    .text.yt_wol_ctrl_set:00000090 $d
C:\Users\Dmitriy\AppData\Local\Temp\cc34JSzo.s:217    .text.yt_wol_ctrl_get:00000000 $t
C:\Users\Dmitriy\AppData\Local\Temp\cc34JSzo.s:223    .text.yt_wol_ctrl_get:00000000 yt_wol_ctrl_get
C:\Users\Dmitriy\AppData\Local\Temp\cc34JSzo.s:401    .text.yt_wol_ctrl_get:00000090 $d
C:\Users\Dmitriy\AppData\Local\Temp\cc34JSzo.s:411    .text.yt_wol_ethertype_set:00000000 $t
C:\Users\Dmitriy\AppData\Local\Temp\cc34JSzo.s:417    .text.yt_wol_ethertype_set:00000000 yt_wol_ethertype_set
C:\Users\Dmitriy\AppData\Local\Temp\cc34JSzo.s:558    .text.yt_wol_ethertype_set:00000070 $d
C:\Users\Dmitriy\AppData\Local\Temp\cc34JSzo.s:568    .text.yt_wol_ethertype_get:00000000 $t
C:\Users\Dmitriy\AppData\Local\Temp\cc34JSzo.s:574    .text.yt_wol_ethertype_get:00000000 yt_wol_ethertype_get
C:\Users\Dmitriy\AppData\Local\Temp\cc34JSzo.s:752    .text.yt_wol_ethertype_get:00000090 $d
                           .group:00000000 wm4.0.3ac34e011645c1b8d95761511e5c0518
                           .group:00000000 wm4._newlib_version.h.4.6d111ab2e95434b664b53815e5c8ccba
                           .group:00000000 wm4.newlib.h.27.d4bf77c18f14f545101dac22f0b54118
                           .group:00000000 wm4.ieeefp.h.77.0ee3146e9d892bb10bc0066c30189af1
                           .group:00000000 wm4.features.h.22.7877b139107948f7dadcf3660cc79cfd
                           .group:00000000 wm4.config.h.224.10ee1ad185d877c6e334e6581faab44d
                           .group:00000000 wm4._ansi.h.31.de524f58584151836e90d8620a16f8e8
                           .group:00000000 wm4.stdio.h.31.7c0e28c411445f3f9c5b11accf882760
                           .group:00000000 wm4._default_types.h.6.959254cf5f09734ea7516c89e8bb21bd
                           .group:00000000 wm4.stddef.h.185.cbb642e1ccd385e8aa504b15cb7fb086
                           .group:00000000 wm4.cdefs.h.49.f93868eb904b9ca05b5c0257d31128ca
                           .group:00000000 wm4.stddef.h.39.0e5f0dabba1c666ccadf0408e0d47322
                           .group:00000000 wm4.stdarg.h.34.3a23a216c0c293b3d2ea2e89281481e6
                           .group:00000000 wm4._types.h.20.dd0d04dca3800a0d2a6129b87f3adbb2
                           .group:00000000 wm4.stddef.h.158.5f30652bb2ea05b142c1bbee9108c999
                           .group:00000000 wm4._types.h.127.3bdfe3ff8ea2d0985b03d9cbe93480e3
                           .group:00000000 wm4.reent.h.17.e292bf8b0bec6c96e131a54347145a30
                           .group:00000000 wm4.lock.h.2.1461d1fff82dffe8bfddc23307f6484f
                           .group:00000000 wm4.reent.h.77.89f7dde66c62b1f1dee32bdb6ab2d544
                           .group:00000000 wm4.stdio.h.67.0cf8a9c281ab0b348aef5c02e7e48825
                           .group:00000000 wm4.stdio.h.2.4aa87247282eca6c8f36f9de33d8df1a
                           .group:00000000 wm4.stdio.h.87.a1e20d2651f9bfb66e51bfbe849db00a
                           .group:00000000 wm4.string.h.8.c4b8571ce60dff2817f43fec8b86aecd
                           .group:00000000 wm4.stddef.h.158.bfed30416c9480cd13bc4a25427d538f
                           .group:00000000 wm4.stdbool.h.29.4a1c88fe569adb8d03217dd16982ca34
                           .group:00000000 wm4.malloc.h.4.62bd13b8107d5245f60bd92bb5994838
                           .group:00000000 wm4.malloc.h.152.f5d1d9a9aabeac59da0ef41ede16d2b0
                           .group:00000000 wm4.yt_types.h.31.64aa050cf4c68d28514ce99f5dc2ddb9
                           .group:00000000 wm4.yt_util.h.17.08ae57e3898b218a2bbe57b2147a81bd
                           .group:00000000 wm4.yt_lock.h.9.ec67e8f6d308980d310512269a06d32b
                           .group:00000000 wm4.yt_error.h.38.7d21fcd141776eb0b18825b154fad62e
                           .group:00000000 wm4.chipdef_tiger.h.10.ae557adb3508daebcdc97f8fb0dc9e1a
                           .group:00000000 wm4.phy_chipdef.h.9.9a1a2dbb46f5503e32a84083ab1dbc9f
                           .group:00000000 wm4.cal_bprofile.h.23.d6ecfc2230abc149b4da600a40b20e5b
                           .group:00000000 wm4.bprofile_YT9215_default_demo.h.15.13aa65ba4a73c41dc1ffa3c5f8dcfda3
                           .group:00000000 wm4.cal_cmm.h.46.d022146a9e55e93d62d578a666b2c2f5
                           .group:00000000 wm4.yt_cmm.h.12.5273de39c1b049d4c73c2c31caf670b1
                           .group:00000000 wm4.yt_vlan.h.17.4dbe63e648ff65010c51c5f8a737ac2d
                           .group:00000000 wm4.yt_acl.h.25.ad9531373d966dccc96222e31e0234b5
                           .group:00000000 wm4.yt_nic.h.17.4e5ceed38d9cfbd9b5db2d4b069b6961
                           .group:00000000 wm4.yt_loopdetect.h.17.4739c2e436a8e779d4d8c89037b81aea
                           .group:00000000 wm4.yt_multicast.h.17.9c1d51b153e5e1785468d9c0ad6414a4
                           .group:00000000 wm4.yt_port.h.17.f9740394ebf086646c9c567db1605abb
                           .group:00000000 wm4.yt_stat.h.17.f87caec2ee71e59f920ea3778bda3fad

UNDEFINED SYMBOLS
osal_printf
gpfal_dispatch
yt_debug_level
_yt_errmsg
_yt_prompt_msg
