   1              		.cpu cortex-m3
   2              		.arch armv7-m
   3              		.fpu softvfp
   4              		.eabi_attribute 20, 1
   5              		.eabi_attribute 21, 1
   6              		.eabi_attribute 23, 3
   7              		.eabi_attribute 24, 1
   8              		.eabi_attribute 25, 1
   9              		.eabi_attribute 26, 1
  10              		.eabi_attribute 30, 1
  11              		.eabi_attribute 34, 1
  12              		.eabi_attribute 18, 4
  13              		.file	"drv.c"
  14              		.text
  15              	.Ltext0:
  16              		.cfi_sections	.debug_frame
  17              		.file 1 "../Switch/core/drv/sw_ctrl/drv.c"
  18              		.section	.text.drv_init,"ax",%progbits
  19              		.align	1
  20              		.global	drv_init
  21              		.syntax unified
  22              		.thumb
  23              		.thumb_func
  25              	drv_init:
  26              	.LVL0:
  27              	.LFB3:
   1:../Switch/core/drv/sw_ctrl/drv.c **** /*******************************************************************************
   2:../Switch/core/drv/sw_ctrl/drv.c **** *                                                                              *
   3:../Switch/core/drv/sw_ctrl/drv.c **** *  Copyright (c), 2022, Motorcomm Electronic Technology Co.,Ltd.               *
   4:../Switch/core/drv/sw_ctrl/drv.c **** *  Motorcomm Confidential and Proprietary.                                     *
   5:../Switch/core/drv/sw_ctrl/drv.c **** *                                                                              *
   6:../Switch/core/drv/sw_ctrl/drv.c **** ********************************************************************************
   7:../Switch/core/drv/sw_ctrl/drv.c **** */
   8:../Switch/core/drv/sw_ctrl/drv.c **** #include "drv.h"
   9:../Switch/core/drv/sw_ctrl/drv.c **** #ifdef ACC_UART
  10:../Switch/core/drv/sw_ctrl/drv.c **** #include "uart.h"
  11:../Switch/core/drv/sw_ctrl/drv.c **** #endif
  12:../Switch/core/drv/sw_ctrl/drv.c **** #ifdef SW_CTRL_IOCTL
  13:../Switch/core/drv/sw_ctrl/drv.c **** #include "sw_ctrl_ioctl.h"
  14:../Switch/core/drv/sw_ctrl/drv.c **** #endif
  15:../Switch/core/drv/sw_ctrl/drv.c **** #include "yt_error.h"
  16:../Switch/core/drv/sw_ctrl/drv.c **** #include "yt_lock.h"
  17:../Switch/core/drv/sw_ctrl/drv.c **** #include "yt_util.h"
  18:../Switch/core/drv/sw_ctrl/drv.c **** 
  19:../Switch/core/drv/sw_ctrl/drv.c **** uint32_t drv_init(uint8_t *dev)
  20:../Switch/core/drv/sw_ctrl/drv.c **** {
  28              		.loc 1 20 1 view -0
  29              		.cfi_startproc
  30              		@ args = 0, pretend = 0, frame = 0
  31              		@ frame_needed = 0, uses_anonymous_args = 0
  32              		.loc 1 20 1 is_stmt 0 view .LVU1
  33 0000 08B5     		push	{r3, lr}
  34              		.cfi_def_cfa_offset 8
  35              		.cfi_offset 3, -8
  36              		.cfi_offset 14, -4
  21:../Switch/core/drv/sw_ctrl/drv.c ****     cmm_err_t ret = CMM_ERR_OK;
  37              		.loc 1 21 5 is_stmt 1 view .LVU2
  38              	.LVL1:
  22:../Switch/core/drv/sw_ctrl/drv.c **** 
  23:../Switch/core/drv/sw_ctrl/drv.c **** //    ACCESS_LOCK_INIT();
  24:../Switch/core/drv/sw_ctrl/drv.c ****     INT_SMI_LOCK_INIT();
  39              		.loc 1 24 5 view .LVU3
  40 0002 0920     		movs	r0, #9
  41              	.LVL2:
  42              		.loc 1 24 5 is_stmt 0 view .LVU4
  43 0004 FFF7FEFF 		bl	YT_LOCK_INIT
  44              	.LVL3:
  25:../Switch/core/drv/sw_ctrl/drv.c ****     EXT_SMI_LOCK_INIT();
  45              		.loc 1 25 5 is_stmt 1 view .LVU5
  46 0008 0A20     		movs	r0, #10
  47 000a FFF7FEFF 		bl	YT_LOCK_INIT
  48              	.LVL4:
  26:../Switch/core/drv/sw_ctrl/drv.c ****     
  27:../Switch/core/drv/sw_ctrl/drv.c **** #ifdef ACC_UART
  28:../Switch/core/drv/sw_ctrl/drv.c ****     ret = uart_init(dev);
  29:../Switch/core/drv/sw_ctrl/drv.c **** #elif defined(SW_CTRL_IOCTL)
  30:../Switch/core/drv/sw_ctrl/drv.c ****     ret = sw_ctrl_ioctl_init();
  31:../Switch/core/drv/sw_ctrl/drv.c **** #else
  32:../Switch/core/drv/sw_ctrl/drv.c ****     CMM_UNUSED_PARAM(dev);
  49              		.loc 1 32 5 view .LVU6
  33:../Switch/core/drv/sw_ctrl/drv.c **** #endif
  34:../Switch/core/drv/sw_ctrl/drv.c **** 
  35:../Switch/core/drv/sw_ctrl/drv.c ****     return ret;
  50              		.loc 1 35 5 view .LVU7
  36:../Switch/core/drv/sw_ctrl/drv.c **** }
  51              		.loc 1 36 1 is_stmt 0 view .LVU8
  52 000e 0020     		movs	r0, #0
  53 0010 08BD     		pop	{r3, pc}
  54              		.cfi_endproc
  55              	.LFE3:
  57              		.section	.text.drv_close,"ax",%progbits
  58              		.align	1
  59              		.global	drv_close
  60              		.syntax unified
  61              		.thumb
  62              		.thumb_func
  64              	drv_close:
  65              	.LFB4:
  37:../Switch/core/drv/sw_ctrl/drv.c **** 
  38:../Switch/core/drv/sw_ctrl/drv.c **** uint32_t drv_close(void)
  39:../Switch/core/drv/sw_ctrl/drv.c **** {    
  66              		.loc 1 39 1 is_stmt 1 view -0
  67              		.cfi_startproc
  68              		@ args = 0, pretend = 0, frame = 0
  69              		@ frame_needed = 0, uses_anonymous_args = 0
  70              		@ link register save eliminated.
  40:../Switch/core/drv/sw_ctrl/drv.c **** #ifdef ACC_UART
  41:../Switch/core/drv/sw_ctrl/drv.c ****     uart_exit();
  42:../Switch/core/drv/sw_ctrl/drv.c **** #elif defined(SW_CTRL_IOCTL)
  43:../Switch/core/drv/sw_ctrl/drv.c ****     sw_ctrl_ioctl_exit();
  44:../Switch/core/drv/sw_ctrl/drv.c **** #endif
  45:../Switch/core/drv/sw_ctrl/drv.c **** 
  46:../Switch/core/drv/sw_ctrl/drv.c ****     return CMM_ERR_OK;
  71              		.loc 1 46 5 view .LVU10
  47:../Switch/core/drv/sw_ctrl/drv.c **** }
  72              		.loc 1 47 1 is_stmt 0 view .LVU11
  73 0000 0020     		movs	r0, #0
  74 0002 7047     		bx	lr
  75              		.cfi_endproc
  76              	.LFE4:
  78              		.text
  79              	.Letext0:
  80              		.file 2 "C:\\Users\\Dmitriy\\Desktop\\GD32F10x\\Switch\\common\\include/yt_types.h"
  81              		.file 3 "C:\\Users\\Dmitriy\\Desktop\\GD32F10x\\Switch\\common\\include/yt_lock.h"
  82              		.file 4 "C:\\Users\\Dmitriy\\Desktop\\GD32F10x\\Switch\\common\\include/yt_error.h"
DEFINED SYMBOLS
                            *ABS*:00000000 drv.c
C:\Users\Dmitriy\AppData\Local\Temp\ccipzb9x.s:19     .text.drv_init:00000000 $t
C:\Users\Dmitriy\AppData\Local\Temp\ccipzb9x.s:25     .text.drv_init:00000000 drv_init
C:\Users\Dmitriy\AppData\Local\Temp\ccipzb9x.s:58     .text.drv_close:00000000 $t
C:\Users\Dmitriy\AppData\Local\Temp\ccipzb9x.s:64     .text.drv_close:00000000 drv_close
                           .group:00000000 wm4.0.353617a96a8f588ad8d04dd11dfc8225
                           .group:00000000 wm4._newlib_version.h.4.6d111ab2e95434b664b53815e5c8ccba
                           .group:00000000 wm4.newlib.h.27.d4bf77c18f14f545101dac22f0b54118
                           .group:00000000 wm4.ieeefp.h.77.0ee3146e9d892bb10bc0066c30189af1
                           .group:00000000 wm4.features.h.22.7877b139107948f7dadcf3660cc79cfd
                           .group:00000000 wm4.config.h.224.10ee1ad185d877c6e334e6581faab44d
                           .group:00000000 wm4._ansi.h.31.de524f58584151836e90d8620a16f8e8
                           .group:00000000 wm4.stdio.h.31.7c0e28c411445f3f9c5b11accf882760
                           .group:00000000 wm4._default_types.h.6.959254cf5f09734ea7516c89e8bb21bd
                           .group:00000000 wm4.stddef.h.185.cbb642e1ccd385e8aa504b15cb7fb086
                           .group:00000000 wm4.cdefs.h.49.f93868eb904b9ca05b5c0257d31128ca
                           .group:00000000 wm4.stddef.h.39.0e5f0dabba1c666ccadf0408e0d47322
                           .group:00000000 wm4.stdarg.h.34.3a23a216c0c293b3d2ea2e89281481e6
                           .group:00000000 wm4._types.h.20.dd0d04dca3800a0d2a6129b87f3adbb2
                           .group:00000000 wm4.stddef.h.158.5f30652bb2ea05b142c1bbee9108c999
                           .group:00000000 wm4._types.h.127.3bdfe3ff8ea2d0985b03d9cbe93480e3
                           .group:00000000 wm4.reent.h.17.e292bf8b0bec6c96e131a54347145a30
                           .group:00000000 wm4.lock.h.2.1461d1fff82dffe8bfddc23307f6484f
                           .group:00000000 wm4.reent.h.77.89f7dde66c62b1f1dee32bdb6ab2d544
                           .group:00000000 wm4.stdio.h.67.0cf8a9c281ab0b348aef5c02e7e48825
                           .group:00000000 wm4.stdio.h.2.4aa87247282eca6c8f36f9de33d8df1a
                           .group:00000000 wm4.stdio.h.87.a1e20d2651f9bfb66e51bfbe849db00a
                           .group:00000000 wm4.string.h.8.c4b8571ce60dff2817f43fec8b86aecd
                           .group:00000000 wm4.stddef.h.158.bfed30416c9480cd13bc4a25427d538f
                           .group:00000000 wm4.stdbool.h.29.4a1c88fe569adb8d03217dd16982ca34
                           .group:00000000 wm4.malloc.h.4.62bd13b8107d5245f60bd92bb5994838
                           .group:00000000 wm4.malloc.h.152.f5d1d9a9aabeac59da0ef41ede16d2b0
                           .group:00000000 wm4.yt_types.h.31.64aa050cf4c68d28514ce99f5dc2ddb9
                           .group:00000000 wm4.yt_lock.h.9.5d39f1aba4451d3b9b95aa39771489dc
                           .group:00000000 wm4.yt_error.h.38.039589275c83974021fd481937e9f4a7
                           .group:00000000 wm4.yt_util.h.17.08ae57e3898b218a2bbe57b2147a81bd

UNDEFINED SYMBOLS
YT_LOCK_INIT
