   1              		.cpu cortex-m3
   2              		.arch armv7-m
   3              		.fpu softvfp
   4              		.eabi_attribute 20, 1
   5              		.eabi_attribute 21, 1
   6              		.eabi_attribute 23, 3
   7              		.eabi_attribute 24, 1
   8              		.eabi_attribute 25, 1
   9              		.eabi_attribute 26, 1
  10              		.eabi_attribute 30, 1
  11              		.eabi_attribute 34, 1
  12              		.eabi_attribute 18, 4
  13              		.file	"vectors_gd32f10x.c"
  14              		.text
  15              	.Ltext0:
  16              		.cfi_sections	.debug_frame
  17              		.file 1 "../system/src/cmsis/vectors_gd32f10x.c"
  18              		.section	.after_vectors,"ax",%progbits
  19              		.align	1
  20              		.weak	Default_Handler
  21              		.syntax unified
  22              		.thumb
  23              		.thumb_func
  25              	Default_Handler:
  26              	.LFB0:
   1:../system/src/cmsis/vectors_gd32f10x.c **** /*
   2:../system/src/cmsis/vectors_gd32f10x.c ****  * This file is part of the µOS++ distribution.
   3:../system/src/cmsis/vectors_gd32f10x.c ****  *   (https://github.com/micro-os-plus)
   4:../system/src/cmsis/vectors_gd32f10x.c ****  * Copyright (c) 2014 Liviu Ionescu.
   5:../system/src/cmsis/vectors_gd32f10x.c ****  *
   6:../system/src/cmsis/vectors_gd32f10x.c ****  * Permission is hereby granted, free of charge, to any person
   7:../system/src/cmsis/vectors_gd32f10x.c ****  * obtaining a copy of this software and associated documentation
   8:../system/src/cmsis/vectors_gd32f10x.c ****  * files (the "Software"), to deal in the Software without
   9:../system/src/cmsis/vectors_gd32f10x.c ****  * restriction, including without limitation the rights to use,
  10:../system/src/cmsis/vectors_gd32f10x.c ****  * copy, modify, merge, publish, distribute, sublicense, and/or
  11:../system/src/cmsis/vectors_gd32f10x.c ****  * sell copies of the Software, and to permit persons to whom
  12:../system/src/cmsis/vectors_gd32f10x.c ****  * the Software is furnished to do so, subject to the following
  13:../system/src/cmsis/vectors_gd32f10x.c ****  * conditions:
  14:../system/src/cmsis/vectors_gd32f10x.c ****  *
  15:../system/src/cmsis/vectors_gd32f10x.c ****  * The above copyright notice and this permission notice shall be
  16:../system/src/cmsis/vectors_gd32f10x.c ****  * included in all copies or substantial portions of the Software.
  17:../system/src/cmsis/vectors_gd32f10x.c ****  *
  18:../system/src/cmsis/vectors_gd32f10x.c ****  * THE SOFTWARE IS PROVIDED "AS IS", WITHOUT WARRANTY OF ANY KIND,
  19:../system/src/cmsis/vectors_gd32f10x.c ****  * EXPRESS OR IMPLIED, INCLUDING BUT NOT LIMITED TO THE WARRANTIES
  20:../system/src/cmsis/vectors_gd32f10x.c ****  * OF MERCHANTABILITY, FITNESS FOR A PARTICULAR PURPOSE AND
  21:../system/src/cmsis/vectors_gd32f10x.c ****  * NONINFRINGEMENT. IN NO EVENT SHALL THE AUTHORS OR COPYRIGHT
  22:../system/src/cmsis/vectors_gd32f10x.c ****  * HOLDERS BE LIABLE FOR ANY CLAIM, DAMAGES OR OTHER LIABILITY,
  23:../system/src/cmsis/vectors_gd32f10x.c ****  * WHETHER IN AN ACTION OF CONTRACT, TORT OR OTHERWISE, ARISING
  24:../system/src/cmsis/vectors_gd32f10x.c ****  * FROM, OUT OF OR IN CONNECTION WITH THE SOFTWARE OR THE USE OR
  25:../system/src/cmsis/vectors_gd32f10x.c ****  * OTHER DEALINGS IN THE SOFTWARE.
  26:../system/src/cmsis/vectors_gd32f10x.c ****  */
  27:../system/src/cmsis/vectors_gd32f10x.c **** 
  28:../system/src/cmsis/vectors_gd32f10x.c **** // ----------------------------------------------------------------------------
  29:../system/src/cmsis/vectors_gd32f10x.c **** #include "cortexm/exception-handlers.h"
  30:../system/src/cmsis/vectors_gd32f10x.c **** 
  31:../system/src/cmsis/vectors_gd32f10x.c **** // ----------------------------------------------------------------------------
  32:../system/src/cmsis/vectors_gd32f10x.c **** 
  33:../system/src/cmsis/vectors_gd32f10x.c **** void __attribute__((weak))
  34:../system/src/cmsis/vectors_gd32f10x.c **** Default_Handler(void);
  35:../system/src/cmsis/vectors_gd32f10x.c **** 
  36:../system/src/cmsis/vectors_gd32f10x.c **** // Forward declaration of the specific IRQ handlers. These are aliased
  37:../system/src/cmsis/vectors_gd32f10x.c **** // to the Default_Handler, which is a 'forever' loop. When the application
  38:../system/src/cmsis/vectors_gd32f10x.c **** // defines a handler (with the same name), this will automatically take
  39:../system/src/cmsis/vectors_gd32f10x.c **** // precedence over these weak definitions
  40:../system/src/cmsis/vectors_gd32f10x.c **** //
  41:../system/src/cmsis/vectors_gd32f10x.c **** void __attribute__ ((weak, alias ("Default_Handler")))
  42:../system/src/cmsis/vectors_gd32f10x.c **** WWDGT_IRQHandler(void);
  43:../system/src/cmsis/vectors_gd32f10x.c **** 
  44:../system/src/cmsis/vectors_gd32f10x.c **** void __attribute__ ((weak, alias ("Default_Handler")))
  45:../system/src/cmsis/vectors_gd32f10x.c **** LVD_IRQHandler(void);
  46:../system/src/cmsis/vectors_gd32f10x.c **** 
  47:../system/src/cmsis/vectors_gd32f10x.c **** void __attribute__ ((weak, alias ("Default_Handler")))
  48:../system/src/cmsis/vectors_gd32f10x.c **** TAMPER_IRQHandler(void);
  49:../system/src/cmsis/vectors_gd32f10x.c **** 
  50:../system/src/cmsis/vectors_gd32f10x.c **** void __attribute__ ((weak, alias ("Default_Handler")))
  51:../system/src/cmsis/vectors_gd32f10x.c **** RTC_IRQHandler(void);
  52:../system/src/cmsis/vectors_gd32f10x.c **** 
  53:../system/src/cmsis/vectors_gd32f10x.c **** void __attribute__ ((weak, alias ("Default_Handler")))
  54:../system/src/cmsis/vectors_gd32f10x.c **** FMC_IRQHandler(void);
  55:../system/src/cmsis/vectors_gd32f10x.c **** 
  56:../system/src/cmsis/vectors_gd32f10x.c **** void __attribute__ ((weak, alias ("Default_Handler")))
  57:../system/src/cmsis/vectors_gd32f10x.c **** RCU_IRQHandler(void);
  58:../system/src/cmsis/vectors_gd32f10x.c **** 
  59:../system/src/cmsis/vectors_gd32f10x.c **** void __attribute__ ((weak, alias ("Default_Handler")))
  60:../system/src/cmsis/vectors_gd32f10x.c **** EXTI0_IRQHandler(void);
  61:../system/src/cmsis/vectors_gd32f10x.c **** 
  62:../system/src/cmsis/vectors_gd32f10x.c **** void __attribute__ ((weak, alias ("Default_Handler")))
  63:../system/src/cmsis/vectors_gd32f10x.c **** EXTI1_IRQHandler(void);
  64:../system/src/cmsis/vectors_gd32f10x.c **** 
  65:../system/src/cmsis/vectors_gd32f10x.c **** void __attribute__ ((weak, alias ("Default_Handler")))
  66:../system/src/cmsis/vectors_gd32f10x.c **** EXTI2_IRQHandler(void);
  67:../system/src/cmsis/vectors_gd32f10x.c **** 
  68:../system/src/cmsis/vectors_gd32f10x.c **** void __attribute__ ((weak, alias ("Default_Handler")))
  69:../system/src/cmsis/vectors_gd32f10x.c **** EXTI3_IRQHandler(void);
  70:../system/src/cmsis/vectors_gd32f10x.c **** 
  71:../system/src/cmsis/vectors_gd32f10x.c **** void __attribute__ ((weak, alias ("Default_Handler")))
  72:../system/src/cmsis/vectors_gd32f10x.c **** EXTI4_IRQHandler(void);
  73:../system/src/cmsis/vectors_gd32f10x.c **** 
  74:../system/src/cmsis/vectors_gd32f10x.c **** void __attribute__ ((weak, alias ("Default_Handler")))
  75:../system/src/cmsis/vectors_gd32f10x.c **** DMA0_Channel0_IRQHandler(void);
  76:../system/src/cmsis/vectors_gd32f10x.c **** 
  77:../system/src/cmsis/vectors_gd32f10x.c **** void __attribute__ ((weak, alias ("Default_Handler")))
  78:../system/src/cmsis/vectors_gd32f10x.c **** DMA0_Channel1_IRQHandler(void);
  79:../system/src/cmsis/vectors_gd32f10x.c **** 
  80:../system/src/cmsis/vectors_gd32f10x.c **** void __attribute__ ((weak, alias ("Default_Handler")))
  81:../system/src/cmsis/vectors_gd32f10x.c **** DMA0_Channel2_IRQHandler(void);
  82:../system/src/cmsis/vectors_gd32f10x.c **** 
  83:../system/src/cmsis/vectors_gd32f10x.c **** void __attribute__ ((weak, alias ("Default_Handler")))
  84:../system/src/cmsis/vectors_gd32f10x.c **** DMA0_Channel3_IRQHandler(void);
  85:../system/src/cmsis/vectors_gd32f10x.c **** 
  86:../system/src/cmsis/vectors_gd32f10x.c **** void __attribute__ ((weak, alias ("Default_Handler")))
  87:../system/src/cmsis/vectors_gd32f10x.c **** DMA0_Channel4_IRQHandler(void);
  88:../system/src/cmsis/vectors_gd32f10x.c **** 
  89:../system/src/cmsis/vectors_gd32f10x.c **** void __attribute__ ((weak, alias ("Default_Handler")))
  90:../system/src/cmsis/vectors_gd32f10x.c **** DMA0_Channel5_IRQHandler(void);
  91:../system/src/cmsis/vectors_gd32f10x.c **** 
  92:../system/src/cmsis/vectors_gd32f10x.c **** void __attribute__ ((weak, alias ("Default_Handler")))
  93:../system/src/cmsis/vectors_gd32f10x.c **** DMA0_Channel6_IRQHandler(void);
  94:../system/src/cmsis/vectors_gd32f10x.c **** 
  95:../system/src/cmsis/vectors_gd32f10x.c **** void __attribute__ ((weak, alias ("Default_Handler")))
  96:../system/src/cmsis/vectors_gd32f10x.c **** ADC0_1_IRQHandler(void);
  97:../system/src/cmsis/vectors_gd32f10x.c **** 
  98:../system/src/cmsis/vectors_gd32f10x.c **** void __attribute__ ((weak, alias ("Default_Handler")))
  99:../system/src/cmsis/vectors_gd32f10x.c **** USBD_HP_CAN0_TX_IRQHandler(void);
 100:../system/src/cmsis/vectors_gd32f10x.c **** 
 101:../system/src/cmsis/vectors_gd32f10x.c **** void __attribute__ ((weak, alias ("Default_Handler")))
 102:../system/src/cmsis/vectors_gd32f10x.c **** USBD_LP_CAN0_RX0_IRQHandler(void);
 103:../system/src/cmsis/vectors_gd32f10x.c **** 
 104:../system/src/cmsis/vectors_gd32f10x.c **** void __attribute__ ((weak, alias ("Default_Handler")))
 105:../system/src/cmsis/vectors_gd32f10x.c **** CAN0_RX1_IRQHandler(void);
 106:../system/src/cmsis/vectors_gd32f10x.c **** 
 107:../system/src/cmsis/vectors_gd32f10x.c **** void __attribute__ ((weak, alias ("Default_Handler")))
 108:../system/src/cmsis/vectors_gd32f10x.c **** CAN0_EWMC_IRQHandler(void);
 109:../system/src/cmsis/vectors_gd32f10x.c **** 
 110:../system/src/cmsis/vectors_gd32f10x.c **** void __attribute__ ((weak, alias ("Default_Handler")))
 111:../system/src/cmsis/vectors_gd32f10x.c **** EXTI5_9_IRQHandler(void);
 112:../system/src/cmsis/vectors_gd32f10x.c **** 
 113:../system/src/cmsis/vectors_gd32f10x.c **** void __attribute__ ((weak, alias ("Default_Handler")))
 114:../system/src/cmsis/vectors_gd32f10x.c **** TIMER0_Channel_IRQHandler(void);
 115:../system/src/cmsis/vectors_gd32f10x.c **** 
 116:../system/src/cmsis/vectors_gd32f10x.c **** void __attribute__ ((weak, alias ("Default_Handler")))
 117:../system/src/cmsis/vectors_gd32f10x.c **** TIMER1_IRQHandler(void);
 118:../system/src/cmsis/vectors_gd32f10x.c **** 
 119:../system/src/cmsis/vectors_gd32f10x.c **** void __attribute__ ((weak, alias ("Default_Handler")))
 120:../system/src/cmsis/vectors_gd32f10x.c **** TIMER2_IRQHandler(void);
 121:../system/src/cmsis/vectors_gd32f10x.c **** 
 122:../system/src/cmsis/vectors_gd32f10x.c **** void __attribute__ ((weak, alias ("Default_Handler")))
 123:../system/src/cmsis/vectors_gd32f10x.c **** TIMER3_IRQHandler(void);
 124:../system/src/cmsis/vectors_gd32f10x.c **** 
 125:../system/src/cmsis/vectors_gd32f10x.c **** void __attribute__ ((weak, alias ("Default_Handler")))
 126:../system/src/cmsis/vectors_gd32f10x.c **** I2C0_EV_IRQHandler(void);
 127:../system/src/cmsis/vectors_gd32f10x.c **** 
 128:../system/src/cmsis/vectors_gd32f10x.c **** void __attribute__ ((weak, alias ("Default_Handler")))
 129:../system/src/cmsis/vectors_gd32f10x.c **** I2C0_ER_IRQHandler(void);
 130:../system/src/cmsis/vectors_gd32f10x.c **** 
 131:../system/src/cmsis/vectors_gd32f10x.c **** void __attribute__ ((weak, alias ("Default_Handler")))
 132:../system/src/cmsis/vectors_gd32f10x.c **** I2C1_EV_IRQHandler(void);
 133:../system/src/cmsis/vectors_gd32f10x.c **** 
 134:../system/src/cmsis/vectors_gd32f10x.c **** void __attribute__ ((weak, alias ("Default_Handler")))
 135:../system/src/cmsis/vectors_gd32f10x.c **** I2C1_ER_IRQHandler(void);
 136:../system/src/cmsis/vectors_gd32f10x.c **** 
 137:../system/src/cmsis/vectors_gd32f10x.c **** void __attribute__ ((weak, alias ("Default_Handler")))
 138:../system/src/cmsis/vectors_gd32f10x.c **** SPI0_IRQHandler(void);
 139:../system/src/cmsis/vectors_gd32f10x.c **** 
 140:../system/src/cmsis/vectors_gd32f10x.c **** void __attribute__ ((weak, alias ("Default_Handler")))
 141:../system/src/cmsis/vectors_gd32f10x.c **** SPI1_IRQHandler(void);
 142:../system/src/cmsis/vectors_gd32f10x.c **** 
 143:../system/src/cmsis/vectors_gd32f10x.c **** void __attribute__ ((weak, alias ("Default_Handler")))
 144:../system/src/cmsis/vectors_gd32f10x.c **** USART0_IRQHandler(void);
 145:../system/src/cmsis/vectors_gd32f10x.c **** 
 146:../system/src/cmsis/vectors_gd32f10x.c **** void __attribute__ ((weak, alias ("Default_Handler")))
 147:../system/src/cmsis/vectors_gd32f10x.c **** USART1_IRQHandler(void);
 148:../system/src/cmsis/vectors_gd32f10x.c **** 
 149:../system/src/cmsis/vectors_gd32f10x.c **** void __attribute__ ((weak, alias ("Default_Handler")))
 150:../system/src/cmsis/vectors_gd32f10x.c **** USART2_IRQHandler(void);
 151:../system/src/cmsis/vectors_gd32f10x.c **** 
 152:../system/src/cmsis/vectors_gd32f10x.c **** void __attribute__ ((weak, alias ("Default_Handler")))
 153:../system/src/cmsis/vectors_gd32f10x.c **** EXTI10_15_IRQHandler(void);
 154:../system/src/cmsis/vectors_gd32f10x.c **** 
 155:../system/src/cmsis/vectors_gd32f10x.c **** void __attribute__ ((weak, alias ("Default_Handler")))
 156:../system/src/cmsis/vectors_gd32f10x.c **** RTC_Alarm_IRQHandler(void);
 157:../system/src/cmsis/vectors_gd32f10x.c **** 
 158:../system/src/cmsis/vectors_gd32f10x.c **** void __attribute__ ((weak, alias ("Default_Handler")))
 159:../system/src/cmsis/vectors_gd32f10x.c **** USBD_WKUP_IRQHandler(void);
 160:../system/src/cmsis/vectors_gd32f10x.c **** 
 161:../system/src/cmsis/vectors_gd32f10x.c **** void __attribute__ ((weak, alias ("Default_Handler")))
 162:../system/src/cmsis/vectors_gd32f10x.c **** EXMC_IRQHandler(void);
 163:../system/src/cmsis/vectors_gd32f10x.c **** 
 164:../system/src/cmsis/vectors_gd32f10x.c **** #ifdef GD32F10X_MD
 165:../system/src/cmsis/vectors_gd32f10x.c **** void __attribute__ ((weak, alias ("Default_Handler")))
 166:../system/src/cmsis/vectors_gd32f10x.c **** TIMER0_BRK_IRQHandler(void);
 167:../system/src/cmsis/vectors_gd32f10x.c **** 
 168:../system/src/cmsis/vectors_gd32f10x.c **** void __attribute__ ((weak, alias ("Default_Handler")))
 169:../system/src/cmsis/vectors_gd32f10x.c **** TIMER0_UP_IRQHandler(void);
 170:../system/src/cmsis/vectors_gd32f10x.c **** 
 171:../system/src/cmsis/vectors_gd32f10x.c **** void __attribute__ ((weak, alias ("Default_Handler")))
 172:../system/src/cmsis/vectors_gd32f10x.c **** TIMER0_TRG_CMT_IRQHandler(void);
 173:../system/src/cmsis/vectors_gd32f10x.c **** 
 174:../system/src/cmsis/vectors_gd32f10x.c **** #endif
 175:../system/src/cmsis/vectors_gd32f10x.c **** 
 176:../system/src/cmsis/vectors_gd32f10x.c **** #ifdef GD32F10X_HD
 177:../system/src/cmsis/vectors_gd32f10x.c **** 
 178:../system/src/cmsis/vectors_gd32f10x.c **** void __attribute__ ((weak, alias ("Default_Handler")))
 179:../system/src/cmsis/vectors_gd32f10x.c **** TIMER7_BRK_IRQHandler(void);
 180:../system/src/cmsis/vectors_gd32f10x.c **** 
 181:../system/src/cmsis/vectors_gd32f10x.c **** void __attribute__ ((weak, alias ("Default_Handler")))
 182:../system/src/cmsis/vectors_gd32f10x.c **** TIMER7_UP_IRQHandler(void);
 183:../system/src/cmsis/vectors_gd32f10x.c **** 
 184:../system/src/cmsis/vectors_gd32f10x.c **** void __attribute__ ((weak, alias ("Default_Handler")))
 185:../system/src/cmsis/vectors_gd32f10x.c **** TIMER7_TRG_CMT_IRQHandler(void);
 186:../system/src/cmsis/vectors_gd32f10x.c **** 
 187:../system/src/cmsis/vectors_gd32f10x.c **** void __attribute__ ((weak, alias ("Default_Handler")))
 188:../system/src/cmsis/vectors_gd32f10x.c **** TIMER7_Channel_IRQHandler(void);
 189:../system/src/cmsis/vectors_gd32f10x.c **** 
 190:../system/src/cmsis/vectors_gd32f10x.c **** void __attribute__ ((weak, alias ("Default_Handler")))
 191:../system/src/cmsis/vectors_gd32f10x.c **** ADC2_IRQHandler(void);
 192:../system/src/cmsis/vectors_gd32f10x.c **** 
 193:../system/src/cmsis/vectors_gd32f10x.c **** void __attribute__ ((weak, alias ("Default_Handler")))
 194:../system/src/cmsis/vectors_gd32f10x.c **** SDIO_IRQHandler(void);
 195:../system/src/cmsis/vectors_gd32f10x.c **** 
 196:../system/src/cmsis/vectors_gd32f10x.c **** void __attribute__ ((weak, alias ("Default_Handler")))
 197:../system/src/cmsis/vectors_gd32f10x.c **** TIMER4_IRQHandler(void);
 198:../system/src/cmsis/vectors_gd32f10x.c **** 
 199:../system/src/cmsis/vectors_gd32f10x.c **** void __attribute__ ((weak, alias ("Default_Handler")))
 200:../system/src/cmsis/vectors_gd32f10x.c **** SPI2_IRQHandler(void);
 201:../system/src/cmsis/vectors_gd32f10x.c **** 
 202:../system/src/cmsis/vectors_gd32f10x.c **** void __attribute__ ((weak, alias ("Default_Handler")))
 203:../system/src/cmsis/vectors_gd32f10x.c **** UART3_IRQHandler(void);
 204:../system/src/cmsis/vectors_gd32f10x.c **** 
 205:../system/src/cmsis/vectors_gd32f10x.c **** void __attribute__ ((weak, alias ("Default_Handler")))
 206:../system/src/cmsis/vectors_gd32f10x.c **** UART4_IRQHandler(void);
 207:../system/src/cmsis/vectors_gd32f10x.c **** 
 208:../system/src/cmsis/vectors_gd32f10x.c **** void __attribute__ ((weak, alias ("Default_Handler")))
 209:../system/src/cmsis/vectors_gd32f10x.c **** TIMER5_IRQHandler(void);
 210:../system/src/cmsis/vectors_gd32f10x.c **** 
 211:../system/src/cmsis/vectors_gd32f10x.c **** void __attribute__ ((weak, alias ("Default_Handler")))
 212:../system/src/cmsis/vectors_gd32f10x.c **** TIMER6_IRQHandler(void);
 213:../system/src/cmsis/vectors_gd32f10x.c **** 
 214:../system/src/cmsis/vectors_gd32f10x.c **** void __attribute__ ((weak, alias ("Default_Handler")))
 215:../system/src/cmsis/vectors_gd32f10x.c **** DMA1_Channel0_IRQHandler(void);
 216:../system/src/cmsis/vectors_gd32f10x.c **** 
 217:../system/src/cmsis/vectors_gd32f10x.c **** void __attribute__ ((weak, alias ("Default_Handler")))
 218:../system/src/cmsis/vectors_gd32f10x.c **** DMA1_Channel1_IRQHandler(void);
 219:../system/src/cmsis/vectors_gd32f10x.c **** 
 220:../system/src/cmsis/vectors_gd32f10x.c **** void __attribute__ ((weak, alias ("Default_Handler")))
 221:../system/src/cmsis/vectors_gd32f10x.c **** DMA1_Channel2_IRQHandler(void);
 222:../system/src/cmsis/vectors_gd32f10x.c **** 
 223:../system/src/cmsis/vectors_gd32f10x.c **** void __attribute__ ((weak, alias ("Default_Handler")))
 224:../system/src/cmsis/vectors_gd32f10x.c **** DMA1_Channel3_4_IRQHandler(void);
 225:../system/src/cmsis/vectors_gd32f10x.c **** 
 226:../system/src/cmsis/vectors_gd32f10x.c **** #endif
 227:../system/src/cmsis/vectors_gd32f10x.c **** 
 228:../system/src/cmsis/vectors_gd32f10x.c **** #ifdef GD32F10X_XD
 229:../system/src/cmsis/vectors_gd32f10x.c **** 
 230:../system/src/cmsis/vectors_gd32f10x.c **** void __attribute__ ((weak, alias ("Default_Handler")))
 231:../system/src/cmsis/vectors_gd32f10x.c **** TIMER0_BRK_TIMER8_IRQHandler(void);
 232:../system/src/cmsis/vectors_gd32f10x.c **** 
 233:../system/src/cmsis/vectors_gd32f10x.c **** void __attribute__ ((weak, alias ("Default_Handler")))
 234:../system/src/cmsis/vectors_gd32f10x.c **** TIMER0_UP_TIMER9_IRQHandler(void);
 235:../system/src/cmsis/vectors_gd32f10x.c **** 
 236:../system/src/cmsis/vectors_gd32f10x.c **** void __attribute__ ((weak, alias ("Default_Handler")))
 237:../system/src/cmsis/vectors_gd32f10x.c **** TIMER0_TRG_CMT_TIMER10_IRQHandler(void);
 238:../system/src/cmsis/vectors_gd32f10x.c **** 
 239:../system/src/cmsis/vectors_gd32f10x.c **** void __attribute__ ((weak, alias ("Default_Handler")))
 240:../system/src/cmsis/vectors_gd32f10x.c **** TIMER7_BRK_TIMER11_IRQHandler(void);
 241:../system/src/cmsis/vectors_gd32f10x.c **** 
 242:../system/src/cmsis/vectors_gd32f10x.c **** void __attribute__ ((weak, alias ("Default_Handler")))
 243:../system/src/cmsis/vectors_gd32f10x.c **** TIMER7_UP_TIMER12_IRQHandler(void);
 244:../system/src/cmsis/vectors_gd32f10x.c **** 
 245:../system/src/cmsis/vectors_gd32f10x.c **** void __attribute__ ((weak, alias ("Default_Handler")))
 246:../system/src/cmsis/vectors_gd32f10x.c **** TIMER7_TRG_CMT_TIMER13_IRQHandler(void);
 247:../system/src/cmsis/vectors_gd32f10x.c **** 
 248:../system/src/cmsis/vectors_gd32f10x.c **** void __attribute__ ((weak, alias ("Default_Handler")))
 249:../system/src/cmsis/vectors_gd32f10x.c **** TIMER7_Channel_IRQHandler(void);
 250:../system/src/cmsis/vectors_gd32f10x.c **** 
 251:../system/src/cmsis/vectors_gd32f10x.c **** void __attribute__ ((weak, alias ("Default_Handler")))
 252:../system/src/cmsis/vectors_gd32f10x.c **** ADC2_IRQHandler(void);
 253:../system/src/cmsis/vectors_gd32f10x.c **** 
 254:../system/src/cmsis/vectors_gd32f10x.c **** void __attribute__ ((weak, alias ("Default_Handler")))
 255:../system/src/cmsis/vectors_gd32f10x.c **** SDIO_IRQHandler(void);
 256:../system/src/cmsis/vectors_gd32f10x.c **** 
 257:../system/src/cmsis/vectors_gd32f10x.c **** void __attribute__ ((weak, alias ("Default_Handler")))
 258:../system/src/cmsis/vectors_gd32f10x.c **** TIMER4_IRQHandler(void);
 259:../system/src/cmsis/vectors_gd32f10x.c **** 
 260:../system/src/cmsis/vectors_gd32f10x.c **** void __attribute__ ((weak, alias ("Default_Handler")))
 261:../system/src/cmsis/vectors_gd32f10x.c **** SPI2_IRQHandler(void);
 262:../system/src/cmsis/vectors_gd32f10x.c **** 
 263:../system/src/cmsis/vectors_gd32f10x.c **** void __attribute__ ((weak, alias ("Default_Handler")))
 264:../system/src/cmsis/vectors_gd32f10x.c **** UART3_IRQHandler(void);
 265:../system/src/cmsis/vectors_gd32f10x.c **** 
 266:../system/src/cmsis/vectors_gd32f10x.c **** void __attribute__ ((weak, alias ("Default_Handler")))
 267:../system/src/cmsis/vectors_gd32f10x.c **** UART4_IRQHandler(void);
 268:../system/src/cmsis/vectors_gd32f10x.c **** 
 269:../system/src/cmsis/vectors_gd32f10x.c **** void __attribute__ ((weak, alias ("Default_Handler")))
 270:../system/src/cmsis/vectors_gd32f10x.c **** TIMER5_IRQHandler(void);
 271:../system/src/cmsis/vectors_gd32f10x.c **** 
 272:../system/src/cmsis/vectors_gd32f10x.c **** void __attribute__ ((weak, alias ("Default_Handler")))
 273:../system/src/cmsis/vectors_gd32f10x.c **** TIMER6_IRQHandler(void);
 274:../system/src/cmsis/vectors_gd32f10x.c **** 
 275:../system/src/cmsis/vectors_gd32f10x.c **** void __attribute__ ((weak, alias ("Default_Handler")))
 276:../system/src/cmsis/vectors_gd32f10x.c **** DMA1_Channel0_IRQHandler(void);
 277:../system/src/cmsis/vectors_gd32f10x.c **** 
 278:../system/src/cmsis/vectors_gd32f10x.c **** void __attribute__ ((weak, alias ("Default_Handler")))
 279:../system/src/cmsis/vectors_gd32f10x.c **** DMA1_Channel1_IRQHandler(void);
 280:../system/src/cmsis/vectors_gd32f10x.c **** 
 281:../system/src/cmsis/vectors_gd32f10x.c **** void __attribute__ ((weak, alias ("Default_Handler")))
 282:../system/src/cmsis/vectors_gd32f10x.c **** DMA1_Channel2_IRQHandler(void);
 283:../system/src/cmsis/vectors_gd32f10x.c **** 
 284:../system/src/cmsis/vectors_gd32f10x.c **** void __attribute__ ((weak, alias ("Default_Handler")))
 285:../system/src/cmsis/vectors_gd32f10x.c **** DMA1_Channel3_4_IRQHandler(void);
 286:../system/src/cmsis/vectors_gd32f10x.c **** 
 287:../system/src/cmsis/vectors_gd32f10x.c **** #endif
 288:../system/src/cmsis/vectors_gd32f10x.c **** 
 289:../system/src/cmsis/vectors_gd32f10x.c **** // ----------------------------------------------------------------------------
 290:../system/src/cmsis/vectors_gd32f10x.c **** 
 291:../system/src/cmsis/vectors_gd32f10x.c **** extern unsigned int _estack;
 292:../system/src/cmsis/vectors_gd32f10x.c **** 
 293:../system/src/cmsis/vectors_gd32f10x.c **** typedef void
 294:../system/src/cmsis/vectors_gd32f10x.c **** (*const pHandler)(void);
 295:../system/src/cmsis/vectors_gd32f10x.c **** 
 296:../system/src/cmsis/vectors_gd32f10x.c **** // ----------------------------------------------------------------------------
 297:../system/src/cmsis/vectors_gd32f10x.c **** 
 298:../system/src/cmsis/vectors_gd32f10x.c **** // The vector table.
 299:../system/src/cmsis/vectors_gd32f10x.c **** // This relies on the linker script to place at correct location in memory.
 300:../system/src/cmsis/vectors_gd32f10x.c **** 
 301:../system/src/cmsis/vectors_gd32f10x.c **** __attribute__ ((section(".isr_vector"),used))
 302:../system/src/cmsis/vectors_gd32f10x.c **** pHandler __isr_vectors[] = { //
 303:../system/src/cmsis/vectors_gd32f10x.c **** 		(pHandler) &_estack,                        // The initial stack pointer
 304:../system/src/cmsis/vectors_gd32f10x.c **** 				Reset_Handler,                            // The reset handler
 305:../system/src/cmsis/vectors_gd32f10x.c **** 
 306:../system/src/cmsis/vectors_gd32f10x.c **** 				NMI_Handler,                              // The NMI handler
 307:../system/src/cmsis/vectors_gd32f10x.c **** 				HardFault_Handler,                     // The hard fault handler
 308:../system/src/cmsis/vectors_gd32f10x.c **** 
 309:../system/src/cmsis/vectors_gd32f10x.c **** #if defined(__ARM_ARCH_7M__) || defined(__ARM_ARCH_7EM__)
 310:../system/src/cmsis/vectors_gd32f10x.c **** 				MemManage_Handler,                      // The MPU fault handler
 311:../system/src/cmsis/vectors_gd32f10x.c **** 				BusFault_Handler,                       // The bus fault handler
 312:../system/src/cmsis/vectors_gd32f10x.c **** 				UsageFault_Handler,                   // The usage fault handler
 313:../system/src/cmsis/vectors_gd32f10x.c **** #else
 314:../system/src/cmsis/vectors_gd32f10x.c ****         0, 0, 0,				  // Reserved
 315:../system/src/cmsis/vectors_gd32f10x.c **** #endif
 316:../system/src/cmsis/vectors_gd32f10x.c **** 				0,                                        // Reserved
 317:../system/src/cmsis/vectors_gd32f10x.c **** 				0,                                        // Reserved
 318:../system/src/cmsis/vectors_gd32f10x.c **** 				0,                                        // Reserved
 319:../system/src/cmsis/vectors_gd32f10x.c **** 				0,                                        // Reserved
 320:../system/src/cmsis/vectors_gd32f10x.c **** 				SVC_Handler,                              // SVCall handler
 321:../system/src/cmsis/vectors_gd32f10x.c **** #if defined(__ARM_ARCH_7M__) || defined(__ARM_ARCH_7EM__)
 322:../system/src/cmsis/vectors_gd32f10x.c **** 				DebugMon_Handler,                       // Debug monitor handler
 323:../system/src/cmsis/vectors_gd32f10x.c **** #else
 324:../system/src/cmsis/vectors_gd32f10x.c ****         0,					  // Reserved
 325:../system/src/cmsis/vectors_gd32f10x.c **** #endif
 326:../system/src/cmsis/vectors_gd32f10x.c **** 				0,                                        // Reserved
 327:../system/src/cmsis/vectors_gd32f10x.c **** 				PendSV_Handler,                           // The PendSV handler
 328:../system/src/cmsis/vectors_gd32f10x.c **** 				SysTick_Handler,                          // The SysTick handler
 329:../system/src/cmsis/vectors_gd32f10x.c **** 
 330:../system/src/cmsis/vectors_gd32f10x.c **** 				// ----------------------------------------------------------------------
 331:../system/src/cmsis/vectors_gd32f10x.c **** 				// gd32f10x vectors
 332:../system/src/cmsis/vectors_gd32f10x.c **** #ifdef GD32F10X_MD
 333:../system/src/cmsis/vectors_gd32f10x.c **** 				WWDGT_IRQHandler,				// Window Watchdog Timer
 334:../system/src/cmsis/vectors_gd32f10x.c **** 				LVD_IRQHandler,					// LVD through EXTI Line detect
 335:../system/src/cmsis/vectors_gd32f10x.c **** 				TAMPER_IRQHandler,				// Tamper Interrupt
 336:../system/src/cmsis/vectors_gd32f10x.c **** 				RTC_IRQHandler,					// RTC through EXTI Line
 337:../system/src/cmsis/vectors_gd32f10x.c **** 				FMC_IRQHandler,					// FMC
 338:../system/src/cmsis/vectors_gd32f10x.c **** 				RCU_IRQHandler,					// RCU
 339:../system/src/cmsis/vectors_gd32f10x.c **** 				EXTI0_IRQHandler,				// EXTI Line 0
 340:../system/src/cmsis/vectors_gd32f10x.c **** 				EXTI1_IRQHandler,				// EXTI Line 1
 341:../system/src/cmsis/vectors_gd32f10x.c **** 				EXTI2_IRQHandler,				// EXTI Line 2
 342:../system/src/cmsis/vectors_gd32f10x.c **** 				EXTI3_IRQHandler,				// EXTI Line 3
 343:../system/src/cmsis/vectors_gd32f10x.c **** 				EXTI4_IRQHandler,				// EXTI Line 4
 344:../system/src/cmsis/vectors_gd32f10x.c **** 				DMA0_Channel0_IRQHandler,		// DMA0 Channel 0
 345:../system/src/cmsis/vectors_gd32f10x.c **** 				DMA0_Channel1_IRQHandler,		// DMA0 Channel 1
 346:../system/src/cmsis/vectors_gd32f10x.c **** 				DMA0_Channel2_IRQHandler,		// DMA0 Channel 2
 347:../system/src/cmsis/vectors_gd32f10x.c **** 				DMA0_Channel3_IRQHandler,		// DMA0 Channel 3
 348:../system/src/cmsis/vectors_gd32f10x.c **** 				DMA0_Channel4_IRQHandler,		// DMA0 Channel 4
 349:../system/src/cmsis/vectors_gd32f10x.c **** 				DMA0_Channel5_IRQHandler,		// DMA0 Channel 5
 350:../system/src/cmsis/vectors_gd32f10x.c **** 				DMA0_Channel6_IRQHandler,		// DMA0 Channel 6
 351:../system/src/cmsis/vectors_gd32f10x.c **** 				ADC0_1_IRQHandler,				// ADC0 and ADC1
 352:../system/src/cmsis/vectors_gd32f10x.c **** 				USBD_HP_CAN0_TX_IRQHandler,		// USBD and CAN0 TX
 353:../system/src/cmsis/vectors_gd32f10x.c **** 				USBD_LP_CAN0_RX0_IRQHandler,	// USBD and CAN0 RX0
 354:../system/src/cmsis/vectors_gd32f10x.c **** 				CAN0_RX1_IRQHandler,			// CAN0 RX1
 355:../system/src/cmsis/vectors_gd32f10x.c **** 				CAN0_EWMC_IRQHandler,			// CAN0 EWMC
 356:../system/src/cmsis/vectors_gd32f10x.c **** 				EXTI5_9_IRQHandler,				// EXTI Line 5 to EXTI Line 9
 357:../system/src/cmsis/vectors_gd32f10x.c **** 				TIMER0_BRK_IRQHandler,			// TIMER0 Break
 358:../system/src/cmsis/vectors_gd32f10x.c **** 				TIMER0_UP_IRQHandler,			// TIMER0 Update
 359:../system/src/cmsis/vectors_gd32f10x.c **** 				TIMER0_TRG_CMT_IRQHandler,		// TIMER0 Trigger
 360:../system/src/cmsis/vectors_gd32f10x.c **** 				TIMER0_Channel_IRQHandler,		// TIMER0 Channel Capture Compare
 361:../system/src/cmsis/vectors_gd32f10x.c **** 				TIMER1_IRQHandler,				// TIMER1
 362:../system/src/cmsis/vectors_gd32f10x.c **** 				TIMER2_IRQHandler,				// TIMER2
 363:../system/src/cmsis/vectors_gd32f10x.c **** 				TIMER3_IRQHandler,				// TIMER3
 364:../system/src/cmsis/vectors_gd32f10x.c **** 				I2C0_EV_IRQHandler,				// I2C0 Event
 365:../system/src/cmsis/vectors_gd32f10x.c **** 				I2C0_ER_IRQHandler,				// I2C0 Error
 366:../system/src/cmsis/vectors_gd32f10x.c **** 				I2C1_EV_IRQHandler,				// I2C1 Event
 367:../system/src/cmsis/vectors_gd32f10x.c **** 				I2C1_ER_IRQHandler,				// I2C1 Error
 368:../system/src/cmsis/vectors_gd32f10x.c **** 				SPI0_IRQHandler,				// SPI0
 369:../system/src/cmsis/vectors_gd32f10x.c **** 				SPI1_IRQHandler,				// SPI1
 370:../system/src/cmsis/vectors_gd32f10x.c **** 				USART0_IRQHandler,				// USART0
 371:../system/src/cmsis/vectors_gd32f10x.c **** 				USART1_IRQHandler,				// USART1
 372:../system/src/cmsis/vectors_gd32f10x.c **** 				USART2_IRQHandler,				// USART2
 373:../system/src/cmsis/vectors_gd32f10x.c **** 				EXTI10_15_IRQHandler,			// EXTI Line 10 to EXTI Line 15
 374:../system/src/cmsis/vectors_gd32f10x.c **** 				RTC_Alarm_IRQHandler,			// RTC Alarm through EXTI Line
 375:../system/src/cmsis/vectors_gd32f10x.c **** 				USBD_WKUP_IRQHandler,			// USBD WakeUp from suspend through EXTI Line
 376:../system/src/cmsis/vectors_gd32f10x.c **** 				0,								// Reserved
 377:../system/src/cmsis/vectors_gd32f10x.c **** 				0,								// Reserved
 378:../system/src/cmsis/vectors_gd32f10x.c **** 				0,								// Reserved
 379:../system/src/cmsis/vectors_gd32f10x.c **** 				0,								// Reserved
 380:../system/src/cmsis/vectors_gd32f10x.c **** 				0,								// Reserved
 381:../system/src/cmsis/vectors_gd32f10x.c **** 				EXMC_IRQHandler,				// EXMC
 382:../system/src/cmsis/vectors_gd32f10x.c **** #endif
 383:../system/src/cmsis/vectors_gd32f10x.c **** #ifdef GD32F10X_HD
 384:../system/src/cmsis/vectors_gd32f10x.c ****                 WWDGT_IRQHandler,               // Window Watchdog Timer
 385:../system/src/cmsis/vectors_gd32f10x.c ****                 LVD_IRQHandler,                 // LVD through EXTI Line detect
 386:../system/src/cmsis/vectors_gd32f10x.c ****                 TAMPER_IRQHandler,              // Tamper Interrupt
 387:../system/src/cmsis/vectors_gd32f10x.c ****                 RTC_IRQHandler,                 // RTC through EXTI Line
 388:../system/src/cmsis/vectors_gd32f10x.c ****                 FMC_IRQHandler,                 // FMC
 389:../system/src/cmsis/vectors_gd32f10x.c ****                 RCU_IRQHandler,                 // RCU
 390:../system/src/cmsis/vectors_gd32f10x.c ****                 EXTI0_IRQHandler,               // EXTI Line 0
 391:../system/src/cmsis/vectors_gd32f10x.c ****                 EXTI1_IRQHandler,               // EXTI Line 1
 392:../system/src/cmsis/vectors_gd32f10x.c ****                 EXTI2_IRQHandler,               // EXTI Line 2
 393:../system/src/cmsis/vectors_gd32f10x.c ****                 EXTI3_IRQHandler,               // EXTI Line 3
 394:../system/src/cmsis/vectors_gd32f10x.c ****                 EXTI4_IRQHandler,               // EXTI Line 4
 395:../system/src/cmsis/vectors_gd32f10x.c ****                 DMA0_Channel0_IRQHandler,       // DMA0 Channel 0
 396:../system/src/cmsis/vectors_gd32f10x.c ****                 DMA0_Channel1_IRQHandler,       // DMA0 Channel 1
 397:../system/src/cmsis/vectors_gd32f10x.c ****                 DMA0_Channel2_IRQHandler,       // DMA0 Channel 2
 398:../system/src/cmsis/vectors_gd32f10x.c ****                 DMA0_Channel3_IRQHandler,       // DMA0 Channel 3
 399:../system/src/cmsis/vectors_gd32f10x.c ****                 DMA0_Channel4_IRQHandler,       // DMA0 Channel 4
 400:../system/src/cmsis/vectors_gd32f10x.c ****                 DMA0_Channel5_IRQHandler,       // DMA0 Channel 5
 401:../system/src/cmsis/vectors_gd32f10x.c ****                 DMA0_Channel6_IRQHandler,       // DMA0 Channel 6
 402:../system/src/cmsis/vectors_gd32f10x.c ****                 ADC0_1_IRQHandler,              // ADC0 and ADC1
 403:../system/src/cmsis/vectors_gd32f10x.c ****                 USBD_HP_CAN0_TX_IRQHandler,     // USBD and CAN0 TX
 404:../system/src/cmsis/vectors_gd32f10x.c ****                 USBD_LP_CAN0_RX0_IRQHandler,    // USBD and CAN0 RX0
 405:../system/src/cmsis/vectors_gd32f10x.c ****                 CAN0_RX1_IRQHandler,            // CAN0 RX1
 406:../system/src/cmsis/vectors_gd32f10x.c ****                 CAN0_EWMC_IRQHandler,           // CAN0 EWMC
 407:../system/src/cmsis/vectors_gd32f10x.c ****                 EXTI5_9_IRQHandler,             // EXTI Line 5 to EXTI Line 9
 408:../system/src/cmsis/vectors_gd32f10x.c ****                 TIMER0_BRK_IRQHandler,          // TIMER0 Break
 409:../system/src/cmsis/vectors_gd32f10x.c ****                 TIMER0_UP_IRQHandler,           // TIMER0 Update
 410:../system/src/cmsis/vectors_gd32f10x.c ****                 TIMER0_TRG_CMT_IRQHandler,      // TIMER0 Trigger and Commutation
 411:../system/src/cmsis/vectors_gd32f10x.c ****                 TIMER0_Channel_IRQHandler,      // TIMER0 Channel Capture Compare
 412:../system/src/cmsis/vectors_gd32f10x.c ****                 TIMER1_IRQHandler,              // TIMER1
 413:../system/src/cmsis/vectors_gd32f10x.c ****                 TIMER2_IRQHandler,              // TIMER2
 414:../system/src/cmsis/vectors_gd32f10x.c ****                 TIMER3_IRQHandler,              // TIMER3
 415:../system/src/cmsis/vectors_gd32f10x.c ****                 I2C0_EV_IRQHandler,             // I2C0 Event
 416:../system/src/cmsis/vectors_gd32f10x.c ****                 I2C0_ER_IRQHandler,             // I2C0 Error
 417:../system/src/cmsis/vectors_gd32f10x.c ****                 I2C1_EV_IRQHandler,             // I2C1 Event
 418:../system/src/cmsis/vectors_gd32f10x.c ****                 I2C1_ER_IRQHandler,             // I2C1 Error
 419:../system/src/cmsis/vectors_gd32f10x.c ****                 SPI0_IRQHandler,                // SPI0
 420:../system/src/cmsis/vectors_gd32f10x.c ****                 SPI1_IRQHandler,                // SPI1
 421:../system/src/cmsis/vectors_gd32f10x.c ****                 USART0_IRQHandler,              // USART0
 422:../system/src/cmsis/vectors_gd32f10x.c ****                 USART1_IRQHandler,              // USART1
 423:../system/src/cmsis/vectors_gd32f10x.c ****                 USART2_IRQHandler,              // USART2
 424:../system/src/cmsis/vectors_gd32f10x.c ****                 EXTI10_15_IRQHandler,           // EXTI Line 10 to EXTI Line 15
 425:../system/src/cmsis/vectors_gd32f10x.c ****                 RTC_Alarm_IRQHandler,           // RTC Alarm through EXTI Line
 426:../system/src/cmsis/vectors_gd32f10x.c ****                 USBD_WKUP_IRQHandler,           // USBD WakeUp from suspend through EXTI Line
 427:../system/src/cmsis/vectors_gd32f10x.c ****                 TIMER7_BRK_IRQHandler,          // TIMER7 Break Interrupt
 428:../system/src/cmsis/vectors_gd32f10x.c ****                 TIMER7_UP_IRQHandler,           // TIMER7 Update Interrupt
 429:../system/src/cmsis/vectors_gd32f10x.c ****                 TIMER7_TRG_CMT_IRQHandler,      // TIMER7 Trigger and Commutation Interrupt
 430:../system/src/cmsis/vectors_gd32f10x.c ****                 TIMER7_Channel_IRQHandler,      // TIMER7 Channel Capture Compare
 431:../system/src/cmsis/vectors_gd32f10x.c ****                 ADC2_IRQHandler,                // ADC2
 432:../system/src/cmsis/vectors_gd32f10x.c ****                 EXMC_IRQHandler,                // EXMC
 433:../system/src/cmsis/vectors_gd32f10x.c ****                 SDIO_IRQHandler,                // SDIO
 434:../system/src/cmsis/vectors_gd32f10x.c ****                 TIMER4_IRQHandler,              // TIMER4
 435:../system/src/cmsis/vectors_gd32f10x.c ****                 SPI2_IRQHandler,                // SPI2
 436:../system/src/cmsis/vectors_gd32f10x.c ****                 UART3_IRQHandler,               // UART3
 437:../system/src/cmsis/vectors_gd32f10x.c ****                 UART4_IRQHandler,               // UART4
 438:../system/src/cmsis/vectors_gd32f10x.c ****                 TIMER5_IRQHandler,              // TIMER5
 439:../system/src/cmsis/vectors_gd32f10x.c ****                 TIMER6_IRQHandler,              // TIMER6
 440:../system/src/cmsis/vectors_gd32f10x.c ****                 DMA1_Channel0_IRQHandler,       // DMA1 Channel0
 441:../system/src/cmsis/vectors_gd32f10x.c ****                 DMA1_Channel1_IRQHandler,       // DMA1 Channel1
 442:../system/src/cmsis/vectors_gd32f10x.c ****                 DMA1_Channel2_IRQHandler,       // DMA1 Channel2
 443:../system/src/cmsis/vectors_gd32f10x.c ****                 DMA1_Channel3_4_IRQHandler,     // DMA1 Channel3 and Channel4
 444:../system/src/cmsis/vectors_gd32f10x.c **** #endif
 445:../system/src/cmsis/vectors_gd32f10x.c **** #ifdef GD32F10X_XD
 446:../system/src/cmsis/vectors_gd32f10x.c ****                 WWDGT_IRQHandler,                  // Window Watchdog Timer
 447:../system/src/cmsis/vectors_gd32f10x.c ****                 LVD_IRQHandler,                    // LVD through EXTI Line detect
 448:../system/src/cmsis/vectors_gd32f10x.c ****                 TAMPER_IRQHandler,                 // Tamper Interrupt
 449:../system/src/cmsis/vectors_gd32f10x.c ****                 RTC_IRQHandler,                    // RTC through EXTI Line
 450:../system/src/cmsis/vectors_gd32f10x.c ****                 FMC_IRQHandler,                    // FMC
 451:../system/src/cmsis/vectors_gd32f10x.c ****                 RCU_IRQHandler,                    // RCU
 452:../system/src/cmsis/vectors_gd32f10x.c ****                 EXTI0_IRQHandler,                  // EXTI Line 0
 453:../system/src/cmsis/vectors_gd32f10x.c ****                 EXTI1_IRQHandler,                  // EXTI Line 1
 454:../system/src/cmsis/vectors_gd32f10x.c ****                 EXTI2_IRQHandler,                  // EXTI Line 2
 455:../system/src/cmsis/vectors_gd32f10x.c ****                 EXTI3_IRQHandler,                  // EXTI Line 3
 456:../system/src/cmsis/vectors_gd32f10x.c ****                 EXTI4_IRQHandler,                  // EXTI Line 4
 457:../system/src/cmsis/vectors_gd32f10x.c ****                 DMA0_Channel0_IRQHandler,          // DMA0 Channel 0
 458:../system/src/cmsis/vectors_gd32f10x.c ****                 DMA0_Channel1_IRQHandler,          // DMA0 Channel 1
 459:../system/src/cmsis/vectors_gd32f10x.c ****                 DMA0_Channel2_IRQHandler,          // DMA0 Channel 2
 460:../system/src/cmsis/vectors_gd32f10x.c ****                 DMA0_Channel3_IRQHandler,          // DMA0 Channel 3
 461:../system/src/cmsis/vectors_gd32f10x.c ****                 DMA0_Channel4_IRQHandler,          // DMA0 Channel 4
 462:../system/src/cmsis/vectors_gd32f10x.c ****                 DMA0_Channel5_IRQHandler,          // DMA0 Channel 5
 463:../system/src/cmsis/vectors_gd32f10x.c ****                 DMA0_Channel6_IRQHandler,          // DMA0 Channel 6
 464:../system/src/cmsis/vectors_gd32f10x.c ****                 ADC0_1_IRQHandler,                 // ADC0 and ADC1
 465:../system/src/cmsis/vectors_gd32f10x.c ****                 USBD_HP_CAN0_TX_IRQHandler,        // USBD and CAN0 TX
 466:../system/src/cmsis/vectors_gd32f10x.c ****                 USBD_LP_CAN0_RX0_IRQHandler,       // USBD and CAN0 RX0
 467:../system/src/cmsis/vectors_gd32f10x.c ****                 CAN0_RX1_IRQHandler,               // CAN0 RX1
 468:../system/src/cmsis/vectors_gd32f10x.c ****                 CAN0_EWMC_IRQHandler,              // CAN0 EWMC
 469:../system/src/cmsis/vectors_gd32f10x.c ****                 EXTI5_9_IRQHandler,                // EXTI Line 5 to EXTI Line 9
 470:../system/src/cmsis/vectors_gd32f10x.c **** 				TIMER0_BRK_TIMER8_IRQHandler,      // TIMER0 Break and TIMER8 global
 471:../system/src/cmsis/vectors_gd32f10x.c **** 				TIMER0_UP_TIMER9_IRQHandler,       // TIMER0 Update and TIMER9 global
 472:../system/src/cmsis/vectors_gd32f10x.c **** 				TIMER0_TRG_CMT_TIMER10_IRQHandler, // TIMER0 Trigger and Commutation and TIMER10 global
 473:../system/src/cmsis/vectors_gd32f10x.c ****                 TIMER0_Channel_IRQHandler,         // TIMER0 Channel Capture Compare
 474:../system/src/cmsis/vectors_gd32f10x.c ****                 TIMER1_IRQHandler,                 // TIMER1
 475:../system/src/cmsis/vectors_gd32f10x.c ****                 TIMER2_IRQHandler,                 // TIMER2
 476:../system/src/cmsis/vectors_gd32f10x.c ****                 TIMER3_IRQHandler,                 // TIMER3
 477:../system/src/cmsis/vectors_gd32f10x.c ****                 I2C0_EV_IRQHandler,                // I2C0 Event
 478:../system/src/cmsis/vectors_gd32f10x.c ****                 I2C0_ER_IRQHandler,                // I2C0 Error
 479:../system/src/cmsis/vectors_gd32f10x.c ****                 I2C1_EV_IRQHandler,                // I2C1 Event
 480:../system/src/cmsis/vectors_gd32f10x.c ****                 I2C1_ER_IRQHandler,                // I2C1 Error
 481:../system/src/cmsis/vectors_gd32f10x.c ****                 SPI0_IRQHandler,                   // SPI0
 482:../system/src/cmsis/vectors_gd32f10x.c ****                 SPI1_IRQHandler,                   // SPI1
 483:../system/src/cmsis/vectors_gd32f10x.c ****                 USART0_IRQHandler,                 // USART0
 484:../system/src/cmsis/vectors_gd32f10x.c ****                 USART1_IRQHandler,                 // USART1
 485:../system/src/cmsis/vectors_gd32f10x.c ****                 USART2_IRQHandler,                 // USART2
 486:../system/src/cmsis/vectors_gd32f10x.c ****                 EXTI10_15_IRQHandler,              // EXTI Line 10 to EXTI Line 15
 487:../system/src/cmsis/vectors_gd32f10x.c ****                 RTC_Alarm_IRQHandler,              // RTC Alarm through EXTI Line
 488:../system/src/cmsis/vectors_gd32f10x.c ****                 USBD_WKUP_IRQHandler,              // USBD WakeUp from suspend through EXTI Line
 489:../system/src/cmsis/vectors_gd32f10x.c **** 				TIMER7_BRK_TIMER11_IRQHandler,     // TIMER7 Break Interrupt and TIMER11 global
 490:../system/src/cmsis/vectors_gd32f10x.c **** 				TIMER7_UP_TIMER12_IRQHandler,      // TIMER7 Update Interrupt and TIMER12 global
 491:../system/src/cmsis/vectors_gd32f10x.c **** 				TIMER7_TRG_CMT_TIMER13_IRQHandler, // TIMER7 Trigger and Commutation Interrupt and TIMER13 glob
 492:../system/src/cmsis/vectors_gd32f10x.c ****                 TIMER7_Channel_IRQHandler,         // TIMER7 Channel Capture Compare
 493:../system/src/cmsis/vectors_gd32f10x.c ****                 ADC2_IRQHandler,                   // ADC2
 494:../system/src/cmsis/vectors_gd32f10x.c ****                 EXMC_IRQHandler,                   // EXMC
 495:../system/src/cmsis/vectors_gd32f10x.c ****                 SDIO_IRQHandler,                   // SDIO
 496:../system/src/cmsis/vectors_gd32f10x.c ****                 TIMER4_IRQHandler,                 // TIMER4
 497:../system/src/cmsis/vectors_gd32f10x.c ****                 SPI2_IRQHandler,                   // SPI2
 498:../system/src/cmsis/vectors_gd32f10x.c ****                 UART3_IRQHandler,                  // UART3
 499:../system/src/cmsis/vectors_gd32f10x.c ****                 UART4_IRQHandler,                  // UART4
 500:../system/src/cmsis/vectors_gd32f10x.c ****                 TIMER5_IRQHandler,                 // TIMER5
 501:../system/src/cmsis/vectors_gd32f10x.c ****                 TIMER6_IRQHandler,                 // TIMER6
 502:../system/src/cmsis/vectors_gd32f10x.c ****                 DMA1_Channel0_IRQHandler,          // DMA1 Channel0
 503:../system/src/cmsis/vectors_gd32f10x.c ****                 DMA1_Channel1_IRQHandler,          // DMA1 Channel1
 504:../system/src/cmsis/vectors_gd32f10x.c ****                 DMA1_Channel2_IRQHandler,          // DMA1 Channel2
 505:../system/src/cmsis/vectors_gd32f10x.c ****                 DMA1_Channel3_4_IRQHandler,        // DMA1 Channel3 and Channel4
 506:../system/src/cmsis/vectors_gd32f10x.c **** #endif
 507:../system/src/cmsis/vectors_gd32f10x.c **** #ifdef GD32F10X_CL
 508:../system/src/cmsis/vectors_gd32f10x.c **** //todo: add vector interrupt for GD32F10X_CL
 509:../system/src/cmsis/vectors_gd32f10x.c **** #endif
 510:../system/src/cmsis/vectors_gd32f10x.c **** 		};
 511:../system/src/cmsis/vectors_gd32f10x.c **** 
 512:../system/src/cmsis/vectors_gd32f10x.c **** // ----------------------------------------------------------------------------
 513:../system/src/cmsis/vectors_gd32f10x.c **** 
 514:../system/src/cmsis/vectors_gd32f10x.c **** // Processor ends up here if an unexpected interrupt occurs or a specific
 515:../system/src/cmsis/vectors_gd32f10x.c **** // handler is not present in the application code.
 516:../system/src/cmsis/vectors_gd32f10x.c **** 
 517:../system/src/cmsis/vectors_gd32f10x.c **** void __attribute__ ((section(".after_vectors"))) Default_Handler(void) {
  27              		.loc 1 517 72 view -0
  28              		.cfi_startproc
  29              		@ args = 0, pretend = 0, frame = 0
  30              		@ frame_needed = 0, uses_anonymous_args = 0
  31              		@ link register save eliminated.
  32              	.L2:
 518:../system/src/cmsis/vectors_gd32f10x.c **** 	while (1) {
  33              		.loc 1 518 2 discriminator 1 view .LVU1
 519:../system/src/cmsis/vectors_gd32f10x.c **** 		;
  34              		.loc 1 519 3 discriminator 1 view .LVU2
 518:../system/src/cmsis/vectors_gd32f10x.c **** 	while (1) {
  35              		.loc 1 518 8 discriminator 1 view .LVU3
  36 0000 FEE7     		b	.L2
  37              		.cfi_endproc
  38              	.LFE0:
  40              		.weak	TIMER0_TRG_CMT_IRQHandler
  41              		.thumb_set TIMER0_TRG_CMT_IRQHandler,Default_Handler
  42              		.weak	TIMER0_UP_IRQHandler
  43              		.thumb_set TIMER0_UP_IRQHandler,Default_Handler
  44              		.weak	TIMER0_BRK_IRQHandler
  45              		.thumb_set TIMER0_BRK_IRQHandler,Default_Handler
  46              		.weak	EXMC_IRQHandler
  47              		.thumb_set EXMC_IRQHandler,Default_Handler
  48              		.weak	USBD_WKUP_IRQHandler
  49              		.thumb_set USBD_WKUP_IRQHandler,Default_Handler
  50              		.weak	RTC_Alarm_IRQHandler
  51              		.thumb_set RTC_Alarm_IRQHandler,Default_Handler
  52              		.weak	EXTI10_15_IRQHandler
  53              		.thumb_set EXTI10_15_IRQHandler,Default_Handler
  54              		.weak	USART2_IRQHandler
  55              		.thumb_set USART2_IRQHandler,Default_Handler
  56              		.weak	USART1_IRQHandler
  57              		.thumb_set USART1_IRQHandler,Default_Handler
  58              		.weak	USART0_IRQHandler
  59              		.thumb_set USART0_IRQHandler,Default_Handler
  60              		.weak	SPI1_IRQHandler
  61              		.thumb_set SPI1_IRQHandler,Default_Handler
  62              		.weak	SPI0_IRQHandler
  63              		.thumb_set SPI0_IRQHandler,Default_Handler
  64              		.weak	I2C1_ER_IRQHandler
  65              		.thumb_set I2C1_ER_IRQHandler,Default_Handler
  66              		.weak	I2C1_EV_IRQHandler
  67              		.thumb_set I2C1_EV_IRQHandler,Default_Handler
  68              		.weak	I2C0_ER_IRQHandler
  69              		.thumb_set I2C0_ER_IRQHandler,Default_Handler
  70              		.weak	I2C0_EV_IRQHandler
  71              		.thumb_set I2C0_EV_IRQHandler,Default_Handler
  72              		.weak	TIMER3_IRQHandler
  73              		.thumb_set TIMER3_IRQHandler,Default_Handler
  74              		.weak	TIMER2_IRQHandler
  75              		.thumb_set TIMER2_IRQHandler,Default_Handler
  76              		.weak	TIMER1_IRQHandler
  77              		.thumb_set TIMER1_IRQHandler,Default_Handler
  78              		.weak	TIMER0_Channel_IRQHandler
  79              		.thumb_set TIMER0_Channel_IRQHandler,Default_Handler
  80              		.weak	EXTI5_9_IRQHandler
  81              		.thumb_set EXTI5_9_IRQHandler,Default_Handler
  82              		.weak	CAN0_EWMC_IRQHandler
  83              		.thumb_set CAN0_EWMC_IRQHandler,Default_Handler
  84              		.weak	CAN0_RX1_IRQHandler
  85              		.thumb_set CAN0_RX1_IRQHandler,Default_Handler
  86              		.weak	USBD_LP_CAN0_RX0_IRQHandler
  87              		.thumb_set USBD_LP_CAN0_RX0_IRQHandler,Default_Handler
  88              		.weak	USBD_HP_CAN0_TX_IRQHandler
  89              		.thumb_set USBD_HP_CAN0_TX_IRQHandler,Default_Handler
  90              		.weak	ADC0_1_IRQHandler
  91              		.thumb_set ADC0_1_IRQHandler,Default_Handler
  92              		.weak	DMA0_Channel6_IRQHandler
  93              		.thumb_set DMA0_Channel6_IRQHandler,Default_Handler
  94              		.weak	DMA0_Channel5_IRQHandler
  95              		.thumb_set DMA0_Channel5_IRQHandler,Default_Handler
  96              		.weak	DMA0_Channel4_IRQHandler
  97              		.thumb_set DMA0_Channel4_IRQHandler,Default_Handler
  98              		.weak	DMA0_Channel3_IRQHandler
  99              		.thumb_set DMA0_Channel3_IRQHandler,Default_Handler
 100              		.weak	DMA0_Channel2_IRQHandler
 101              		.thumb_set DMA0_Channel2_IRQHandler,Default_Handler
 102              		.weak	DMA0_Channel1_IRQHandler
 103              		.thumb_set DMA0_Channel1_IRQHandler,Default_Handler
 104              		.weak	DMA0_Channel0_IRQHandler
 105              		.thumb_set DMA0_Channel0_IRQHandler,Default_Handler
 106              		.weak	EXTI4_IRQHandler
 107              		.thumb_set EXTI4_IRQHandler,Default_Handler
 108              		.weak	EXTI3_IRQHandler
 109              		.thumb_set EXTI3_IRQHandler,Default_Handler
 110              		.weak	EXTI2_IRQHandler
 111              		.thumb_set EXTI2_IRQHandler,Default_Handler
 112              		.weak	EXTI1_IRQHandler
 113              		.thumb_set EXTI1_IRQHandler,Default_Handler
 114              		.weak	EXTI0_IRQHandler
 115              		.thumb_set EXTI0_IRQHandler,Default_Handler
 116              		.weak	RCU_IRQHandler
 117              		.thumb_set RCU_IRQHandler,Default_Handler
 118              		.weak	FMC_IRQHandler
 119              		.thumb_set FMC_IRQHandler,Default_Handler
 120              		.weak	RTC_IRQHandler
 121              		.thumb_set RTC_IRQHandler,Default_Handler
 122              		.weak	TAMPER_IRQHandler
 123              		.thumb_set TAMPER_IRQHandler,Default_Handler
 124              		.weak	LVD_IRQHandler
 125              		.thumb_set LVD_IRQHandler,Default_Handler
 126              		.weak	WWDGT_IRQHandler
 127              		.thumb_set WWDGT_IRQHandler,Default_Handler
 128              		.global	__isr_vectors
 129              		.section	.isr_vector,"a"
 130              		.align	2
 133              	__isr_vectors:
 134 0000 00000000 		.word	_estack
 135 0004 00000000 		.word	Reset_Handler
 136 0008 00000000 		.word	NMI_Handler
 137 000c 00000000 		.word	HardFault_Handler
 138 0010 00000000 		.word	MemManage_Handler
 139 0014 00000000 		.word	BusFault_Handler
 140 0018 00000000 		.word	UsageFault_Handler
 141 001c 00000000 		.word	0
 142 0020 00000000 		.word	0
 143 0024 00000000 		.word	0
 144 0028 00000000 		.word	0
 145 002c 00000000 		.word	SVC_Handler
 146 0030 00000000 		.word	DebugMon_Handler
 147 0034 00000000 		.word	0
 148 0038 00000000 		.word	PendSV_Handler
 149 003c 00000000 		.word	SysTick_Handler
 150 0040 00000000 		.word	WWDGT_IRQHandler
 151 0044 00000000 		.word	LVD_IRQHandler
 152 0048 00000000 		.word	TAMPER_IRQHandler
 153 004c 00000000 		.word	RTC_IRQHandler
 154 0050 00000000 		.word	FMC_IRQHandler
 155 0054 00000000 		.word	RCU_IRQHandler
 156 0058 00000000 		.word	EXTI0_IRQHandler
 157 005c 00000000 		.word	EXTI1_IRQHandler
 158 0060 00000000 		.word	EXTI2_IRQHandler
 159 0064 00000000 		.word	EXTI3_IRQHandler
 160 0068 00000000 		.word	EXTI4_IRQHandler
 161 006c 00000000 		.word	DMA0_Channel0_IRQHandler
 162 0070 00000000 		.word	DMA0_Channel1_IRQHandler
 163 0074 00000000 		.word	DMA0_Channel2_IRQHandler
 164 0078 00000000 		.word	DMA0_Channel3_IRQHandler
 165 007c 00000000 		.word	DMA0_Channel4_IRQHandler
 166 0080 00000000 		.word	DMA0_Channel5_IRQHandler
 167 0084 00000000 		.word	DMA0_Channel6_IRQHandler
 168 0088 00000000 		.word	ADC0_1_IRQHandler
 169 008c 00000000 		.word	USBD_HP_CAN0_TX_IRQHandler
 170 0090 00000000 		.word	USBD_LP_CAN0_RX0_IRQHandler
 171 0094 00000000 		.word	CAN0_RX1_IRQHandler
 172 0098 00000000 		.word	CAN0_EWMC_IRQHandler
 173 009c 00000000 		.word	EXTI5_9_IRQHandler
 174 00a0 00000000 		.word	TIMER0_BRK_IRQHandler
 175 00a4 00000000 		.word	TIMER0_UP_IRQHandler
 176 00a8 00000000 		.word	TIMER0_TRG_CMT_IRQHandler
 177 00ac 00000000 		.word	TIMER0_Channel_IRQHandler
 178 00b0 00000000 		.word	TIMER1_IRQHandler
 179 00b4 00000000 		.word	TIMER2_IRQHandler
 180 00b8 00000000 		.word	TIMER3_IRQHandler
 181 00bc 00000000 		.word	I2C0_EV_IRQHandler
 182 00c0 00000000 		.word	I2C0_ER_IRQHandler
 183 00c4 00000000 		.word	I2C1_EV_IRQHandler
 184 00c8 00000000 		.word	I2C1_ER_IRQHandler
 185 00cc 00000000 		.word	SPI0_IRQHandler
 186 00d0 00000000 		.word	SPI1_IRQHandler
 187 00d4 00000000 		.word	USART0_IRQHandler
 188 00d8 00000000 		.word	USART1_IRQHandler
 189 00dc 00000000 		.word	USART2_IRQHandler
 190 00e0 00000000 		.word	EXTI10_15_IRQHandler
 191 00e4 00000000 		.word	RTC_Alarm_IRQHandler
 192 00e8 00000000 		.word	USBD_WKUP_IRQHandler
 193 00ec 00000000 		.word	0
 194 00f0 00000000 		.word	0
 195 00f4 00000000 		.word	0
 196 00f8 00000000 		.word	0
 197 00fc 00000000 		.word	0
 198 0100 00000000 		.word	EXMC_IRQHandler
 199              		.text
 200              	.Letext0:
 201              		.file 2 "../system/inc/cortexm/exception-handlers.h"
DEFINED SYMBOLS
                            *ABS*:00000000 vectors_gd32f10x.c
C:\Users\Dmitriy\AppData\Local\Temp\ccYB9E2E.s:19     .after_vectors:00000000 $t
C:\Users\Dmitriy\AppData\Local\Temp\ccYB9E2E.s:25     .after_vectors:00000000 Default_Handler
C:\Users\Dmitriy\AppData\Local\Temp\ccYB9E2E.s:25     .after_vectors:00000000 TIMER0_TRG_CMT_IRQHandler
C:\Users\Dmitriy\AppData\Local\Temp\ccYB9E2E.s:25     .after_vectors:00000000 TIMER0_UP_IRQHandler
C:\Users\Dmitriy\AppData\Local\Temp\ccYB9E2E.s:25     .after_vectors:00000000 TIMER0_BRK_IRQHandler
C:\Users\Dmitriy\AppData\Local\Temp\ccYB9E2E.s:25     .after_vectors:00000000 EXMC_IRQHandler
C:\Users\Dmitriy\AppData\Local\Temp\ccYB9E2E.s:25     .after_vectors:00000000 USBD_WKUP_IRQHandler
C:\Users\Dmitriy\AppData\Local\Temp\ccYB9E2E.s:25     .after_vectors:00000000 RTC_Alarm_IRQHandler
C:\Users\Dmitriy\AppData\Local\Temp\ccYB9E2E.s:25     .after_vectors:00000000 EXTI10_15_IRQHandler
C:\Users\Dmitriy\AppData\Local\Temp\ccYB9E2E.s:25     .after_vectors:00000000 USART2_IRQHandler
C:\Users\Dmitriy\AppData\Local\Temp\ccYB9E2E.s:25     .after_vectors:00000000 USART1_IRQHandler
C:\Users\Dmitriy\AppData\Local\Temp\ccYB9E2E.s:25     .after_vectors:00000000 USART0_IRQHandler
C:\Users\Dmitriy\AppData\Local\Temp\ccYB9E2E.s:25     .after_vectors:00000000 SPI1_IRQHandler
C:\Users\Dmitriy\AppData\Local\Temp\ccYB9E2E.s:25     .after_vectors:00000000 SPI0_IRQHandler
C:\Users\Dmitriy\AppData\Local\Temp\ccYB9E2E.s:25     .after_vectors:00000000 I2C1_ER_IRQHandler
C:\Users\Dmitriy\AppData\Local\Temp\ccYB9E2E.s:25     .after_vectors:00000000 I2C1_EV_IRQHandler
C:\Users\Dmitriy\AppData\Local\Temp\ccYB9E2E.s:25     .after_vectors:00000000 I2C0_ER_IRQHandler
C:\Users\Dmitriy\AppData\Local\Temp\ccYB9E2E.s:25     .after_vectors:00000000 I2C0_EV_IRQHandler
C:\Users\Dmitriy\AppData\Local\Temp\ccYB9E2E.s:25     .after_vectors:00000000 TIMER3_IRQHandler
C:\Users\Dmitriy\AppData\Local\Temp\ccYB9E2E.s:25     .after_vectors:00000000 TIMER2_IRQHandler
C:\Users\Dmitriy\AppData\Local\Temp\ccYB9E2E.s:25     .after_vectors:00000000 TIMER1_IRQHandler
C:\Users\Dmitriy\AppData\Local\Temp\ccYB9E2E.s:25     .after_vectors:00000000 TIMER0_Channel_IRQHandler
C:\Users\Dmitriy\AppData\Local\Temp\ccYB9E2E.s:25     .after_vectors:00000000 EXTI5_9_IRQHandler
C:\Users\Dmitriy\AppData\Local\Temp\ccYB9E2E.s:25     .after_vectors:00000000 CAN0_EWMC_IRQHandler
C:\Users\Dmitriy\AppData\Local\Temp\ccYB9E2E.s:25     .after_vectors:00000000 CAN0_RX1_IRQHandler
C:\Users\Dmitriy\AppData\Local\Temp\ccYB9E2E.s:25     .after_vectors:00000000 USBD_LP_CAN0_RX0_IRQHandler
C:\Users\Dmitriy\AppData\Local\Temp\ccYB9E2E.s:25     .after_vectors:00000000 USBD_HP_CAN0_TX_IRQHandler
C:\Users\Dmitriy\AppData\Local\Temp\ccYB9E2E.s:25     .after_vectors:00000000 ADC0_1_IRQHandler
C:\Users\Dmitriy\AppData\Local\Temp\ccYB9E2E.s:25     .after_vectors:00000000 DMA0_Channel6_IRQHandler
C:\Users\Dmitriy\AppData\Local\Temp\ccYB9E2E.s:25     .after_vectors:00000000 DMA0_Channel5_IRQHandler
C:\Users\Dmitriy\AppData\Local\Temp\ccYB9E2E.s:25     .after_vectors:00000000 DMA0_Channel4_IRQHandler
C:\Users\Dmitriy\AppData\Local\Temp\ccYB9E2E.s:25     .after_vectors:00000000 DMA0_Channel3_IRQHandler
C:\Users\Dmitriy\AppData\Local\Temp\ccYB9E2E.s:25     .after_vectors:00000000 DMA0_Channel2_IRQHandler
C:\Users\Dmitriy\AppData\Local\Temp\ccYB9E2E.s:25     .after_vectors:00000000 DMA0_Channel1_IRQHandler
C:\Users\Dmitriy\AppData\Local\Temp\ccYB9E2E.s:25     .after_vectors:00000000 DMA0_Channel0_IRQHandler
C:\Users\Dmitriy\AppData\Local\Temp\ccYB9E2E.s:25     .after_vectors:00000000 EXTI4_IRQHandler
C:\Users\Dmitriy\AppData\Local\Temp\ccYB9E2E.s:25     .after_vectors:00000000 EXTI3_IRQHandler
C:\Users\Dmitriy\AppData\Local\Temp\ccYB9E2E.s:25     .after_vectors:00000000 EXTI2_IRQHandler
C:\Users\Dmitriy\AppData\Local\Temp\ccYB9E2E.s:25     .after_vectors:00000000 EXTI1_IRQHandler
C:\Users\Dmitriy\AppData\Local\Temp\ccYB9E2E.s:25     .after_vectors:00000000 EXTI0_IRQHandler
C:\Users\Dmitriy\AppData\Local\Temp\ccYB9E2E.s:25     .after_vectors:00000000 RCU_IRQHandler
C:\Users\Dmitriy\AppData\Local\Temp\ccYB9E2E.s:25     .after_vectors:00000000 FMC_IRQHandler
C:\Users\Dmitriy\AppData\Local\Temp\ccYB9E2E.s:25     .after_vectors:00000000 RTC_IRQHandler
C:\Users\Dmitriy\AppData\Local\Temp\ccYB9E2E.s:25     .after_vectors:00000000 TAMPER_IRQHandler
C:\Users\Dmitriy\AppData\Local\Temp\ccYB9E2E.s:25     .after_vectors:00000000 LVD_IRQHandler
C:\Users\Dmitriy\AppData\Local\Temp\ccYB9E2E.s:25     .after_vectors:00000000 WWDGT_IRQHandler
C:\Users\Dmitriy\AppData\Local\Temp\ccYB9E2E.s:133    .isr_vector:00000000 __isr_vectors
C:\Users\Dmitriy\AppData\Local\Temp\ccYB9E2E.s:130    .isr_vector:00000000 $d
                           .group:00000000 wm4.0.3ac34e011645c1b8d95761511e5c0518
                           .group:00000000 wm4.stdintgcc.h.29.6d480f4ba0f60596e88234283d42444f

UNDEFINED SYMBOLS
_estack
Reset_Handler
NMI_Handler
HardFault_Handler
MemManage_Handler
BusFault_Handler
UsageFault_Handler
SVC_Handler
DebugMon_Handler
PendSV_Handler
SysTick_Handler
