   1              		.cpu cortex-m3
   2              		.arch armv7-m
   3              		.fpu softvfp
   4              		.eabi_attribute 20, 1
   5              		.eabi_attribute 21, 1
   6              		.eabi_attribute 23, 3
   7              		.eabi_attribute 24, 1
   8              		.eabi_attribute 25, 1
   9              		.eabi_attribute 26, 1
  10              		.eabi_attribute 30, 1
  11              		.eabi_attribute 34, 1
  12              		.eabi_attribute 18, 4
  13              		.file	"fal_monitor.c"
  14              		.text
  15              	.Ltext0:
  16              		.cfi_sections	.debug_frame
  17              		.file 1 "../switch_sdk/core/fal/fal_monitor.c"
  18              		.section	.text.fal_monitor_init,"ax",%progbits
  19              		.align	1
  20              		.global	fal_monitor_init
  21              		.syntax unified
  22              		.thumb
  23              		.thumb_func
  25              	fal_monitor_init:
  26              	.LFB3:
   1:../switch_sdk/core/fal/fal_monitor.c **** /*******************************************************************************
   2:../switch_sdk/core/fal/fal_monitor.c **** *                                                                              *
   3:../switch_sdk/core/fal/fal_monitor.c **** *  Copyright (c), 2022, Motorcomm Electronic Technology Co.,Ltd.               *
   4:../switch_sdk/core/fal/fal_monitor.c **** *  Motorcomm Confidential and Proprietary.                                     *
   5:../switch_sdk/core/fal/fal_monitor.c **** *                                                                              *
   6:../switch_sdk/core/fal/fal_monitor.c **** ********************************************************************************
   7:../switch_sdk/core/fal/fal_monitor.c **** */
   8:../switch_sdk/core/fal/fal_monitor.c **** #include "yt_error.h"
   9:../switch_sdk/core/fal/fal_monitor.c **** #include "yt_cmm.h"
  10:../switch_sdk/core/fal/fal_monitor.c **** #include "fal_monitor.h"
  11:../switch_sdk/core/fal/fal_monitor.c **** 
  12:../switch_sdk/core/fal/fal_monitor.c **** #ifdef SWITCH_SERIES_TIGER
  13:../switch_sdk/core/fal/fal_monitor.c **** #include "fal_tiger_port.h"
  14:../switch_sdk/core/fal/fal_monitor.c **** #endif
  15:../switch_sdk/core/fal/fal_monitor.c **** 
  16:../switch_sdk/core/fal/fal_monitor.c **** yt_fal_monitor_t gFal_monitor =
  17:../switch_sdk/core/fal/fal_monitor.c **** {
  18:../switch_sdk/core/fal/fal_monitor.c ****     .polling_thread_en = YT_DISABLE,
  19:../switch_sdk/core/fal/fal_monitor.c **** //    .polling_thread_id = 0,
  20:../switch_sdk/core/fal/fal_monitor.c **** //    .polling_interval = 0,
  21:../switch_sdk/core/fal/fal_monitor.c **** #ifdef SWITCH_SERIES_TIGER
  22:../switch_sdk/core/fal/fal_monitor.c ****     .mac_sync_phy_func = fal_tiger_port_mac_sync_phy,
  23:../switch_sdk/core/fal/fal_monitor.c **** #else
  24:../switch_sdk/core/fal/fal_monitor.c ****     .mac_sync_phy_func = NULL
  25:../switch_sdk/core/fal/fal_monitor.c **** #endif
  26:../switch_sdk/core/fal/fal_monitor.c **** };
  27:../switch_sdk/core/fal/fal_monitor.c **** 
  28:../switch_sdk/core/fal/fal_monitor.c **** static void fal_monitor_polling_thread(void);
  29:../switch_sdk/core/fal/fal_monitor.c **** 
  30:../switch_sdk/core/fal/fal_monitor.c **** yt_ret_t fal_monitor_init(void)
  31:../switch_sdk/core/fal/fal_monitor.c **** {
  27              		.loc 1 31 1 view -0
  28              		.cfi_startproc
  29              		@ args = 0, pretend = 0, frame = 0
  30              		@ frame_needed = 0, uses_anonymous_args = 0
  31              		@ link register save eliminated.
  32:../switch_sdk/core/fal/fal_monitor.c ****     gFal_monitor.polling_interval = DEFAULT_POLLING_INTERVAL;
  32              		.loc 1 32 5 view .LVU1
  33              		.loc 1 32 35 is_stmt 0 view .LVU2
  34 0000 024B     		ldr	r3, .L2
  35 0002 4FF4FA72 		mov	r2, #500
  36 0006 5A60     		str	r2, [r3, #4]
  33:../switch_sdk/core/fal/fal_monitor.c **** 
  34:../switch_sdk/core/fal/fal_monitor.c **** //    if(gFal_monitor.polling_thread_id == 0)
  35:../switch_sdk/core/fal/fal_monitor.c **** //    {
  36:../switch_sdk/core/fal/fal_monitor.c **** //        gFal_monitor.polling_thread_id = osal_thread_create("YT Monitor", 0, DEFAULT_STACK_SIZE, 
  37:../switch_sdk/core/fal/fal_monitor.c **** //
  38:../switch_sdk/core/fal/fal_monitor.c **** //        if(gFal_monitor.polling_thread_id == 0)
  39:../switch_sdk/core/fal/fal_monitor.c **** //        {
  40:../switch_sdk/core/fal/fal_monitor.c **** //            return CMM_ERR_FAIL;
  41:../switch_sdk/core/fal/fal_monitor.c **** //        }
  42:../switch_sdk/core/fal/fal_monitor.c **** //    }
  43:../switch_sdk/core/fal/fal_monitor.c **** 
  44:../switch_sdk/core/fal/fal_monitor.c ****     return CMM_ERR_OK;
  37              		.loc 1 44 5 is_stmt 1 view .LVU3
  45:../switch_sdk/core/fal/fal_monitor.c **** }
  38              		.loc 1 45 1 is_stmt 0 view .LVU4
  39 0008 0020     		movs	r0, #0
  40 000a 7047     		bx	lr
  41              	.L3:
  42              		.align	2
  43              	.L2:
  44 000c 00000000 		.word	gFal_monitor
  45              		.cfi_endproc
  46              	.LFE3:
  48              		.section	.text.fal_monitor_start,"ax",%progbits
  49              		.align	1
  50              		.global	fal_monitor_start
  51              		.syntax unified
  52              		.thumb
  53              		.thumb_func
  55              	fal_monitor_start:
  56              	.LFB4:
  46:../switch_sdk/core/fal/fal_monitor.c **** 
  47:../switch_sdk/core/fal/fal_monitor.c **** yt_ret_t fal_monitor_start(void)
  48:../switch_sdk/core/fal/fal_monitor.c **** {
  57              		.loc 1 48 1 is_stmt 1 view -0
  58              		.cfi_startproc
  59              		@ args = 0, pretend = 0, frame = 0
  60              		@ frame_needed = 0, uses_anonymous_args = 0
  61              		@ link register save eliminated.
  49:../switch_sdk/core/fal/fal_monitor.c ****     gFal_monitor.polling_thread_en = YT_ENABLE;
  62              		.loc 1 49 5 view .LVU6
  63              		.loc 1 49 36 is_stmt 0 view .LVU7
  64 0000 024B     		ldr	r3, .L5
  65 0002 0122     		movs	r2, #1
  66 0004 1A70     		strb	r2, [r3]
  50:../switch_sdk/core/fal/fal_monitor.c **** 
  51:../switch_sdk/core/fal/fal_monitor.c ****     return CMM_ERR_OK;
  67              		.loc 1 51 5 is_stmt 1 view .LVU8
  52:../switch_sdk/core/fal/fal_monitor.c **** }
  68              		.loc 1 52 1 is_stmt 0 view .LVU9
  69 0006 0020     		movs	r0, #0
  70 0008 7047     		bx	lr
  71              	.L6:
  72 000a 00BF     		.align	2
  73              	.L5:
  74 000c 00000000 		.word	gFal_monitor
  75              		.cfi_endproc
  76              	.LFE4:
  78              		.section	.text.fal_monitor_stop,"ax",%progbits
  79              		.align	1
  80              		.global	fal_monitor_stop
  81              		.syntax unified
  82              		.thumb
  83              		.thumb_func
  85              	fal_monitor_stop:
  86              	.LFB5:
  53:../switch_sdk/core/fal/fal_monitor.c **** 
  54:../switch_sdk/core/fal/fal_monitor.c **** yt_ret_t fal_monitor_stop(void)
  55:../switch_sdk/core/fal/fal_monitor.c **** {
  87              		.loc 1 55 1 is_stmt 1 view -0
  88              		.cfi_startproc
  89              		@ args = 0, pretend = 0, frame = 0
  90              		@ frame_needed = 0, uses_anonymous_args = 0
  91              		@ link register save eliminated.
  56:../switch_sdk/core/fal/fal_monitor.c ****     gFal_monitor.polling_thread_en = YT_DISABLE;
  92              		.loc 1 56 5 view .LVU11
  93              		.loc 1 56 36 is_stmt 0 view .LVU12
  94 0000 0020     		movs	r0, #0
  95 0002 014B     		ldr	r3, .L8
  96 0004 1870     		strb	r0, [r3]
  57:../switch_sdk/core/fal/fal_monitor.c **** 
  58:../switch_sdk/core/fal/fal_monitor.c ****     return CMM_ERR_OK;
  97              		.loc 1 58 5 is_stmt 1 view .LVU13
  59:../switch_sdk/core/fal/fal_monitor.c **** }
  98              		.loc 1 59 1 is_stmt 0 view .LVU14
  99 0006 7047     		bx	lr
 100              	.L9:
 101              		.align	2
 102              	.L8:
 103 0008 00000000 		.word	gFal_monitor
 104              		.cfi_endproc
 105              	.LFE5:
 107              		.section	.text.fal_monitor_polling_port_enable_set,"ax",%progbits
 108              		.align	1
 109              		.global	fal_monitor_polling_port_enable_set
 110              		.syntax unified
 111              		.thumb
 112              		.thumb_func
 114              	fal_monitor_polling_port_enable_set:
 115              	.LVL0:
 116              	.LFB6:
  60:../switch_sdk/core/fal/fal_monitor.c **** 
  61:../switch_sdk/core/fal/fal_monitor.c **** yt_ret_t fal_monitor_polling_port_enable_set(yt_unit_t unit, yt_port_t port, yt_enable_t enable)
  62:../switch_sdk/core/fal/fal_monitor.c **** {
 117              		.loc 1 62 1 is_stmt 1 view -0
 118              		.cfi_startproc
 119              		@ args = 0, pretend = 0, frame = 0
 120              		@ frame_needed = 0, uses_anonymous_args = 0
 121              		@ link register save eliminated.
 122              		.loc 1 62 1 is_stmt 0 view .LVU16
 123 0000 10B4     		push	{r4}
 124              		.cfi_def_cfa_offset 4
 125              		.cfi_offset 4, -4
  63:../switch_sdk/core/fal/fal_monitor.c ****     if(YT_ENABLE == enable)
 126              		.loc 1 63 5 is_stmt 1 view .LVU17
 127              		.loc 1 63 7 is_stmt 0 view .LVU18
 128 0002 012A     		cmp	r2, #1
 129 0004 14D0     		beq	.L14
  64:../switch_sdk/core/fal/fal_monitor.c ****     {
  65:../switch_sdk/core/fal/fal_monitor.c ****         CMM_SET_MEMBER_PORT(gFal_monitor.polling_portmask[unit], port);
  66:../switch_sdk/core/fal/fal_monitor.c ****     }
  67:../switch_sdk/core/fal/fal_monitor.c ****     else
  68:../switch_sdk/core/fal/fal_monitor.c ****     {
  69:../switch_sdk/core/fal/fal_monitor.c ****         CMM_RESET_MEMBER_PORT(gFal_monitor.polling_portmask[unit], port);
 130              		.loc 1 69 9 is_stmt 1 view .LVU19
 131              	.LBB2:
 132              		.loc 1 69 9 view .LVU20
 133              		.loc 1 69 9 view .LVU21
 134              		.loc 1 69 9 view .LVU22
 135 0006 4B09     		lsrs	r3, r1, #5
 136 0008 C1F34712 		ubfx	r2, r1, #5, #8
 137              	.LVL1:
 138              		.loc 1 69 9 view .LVU23
 139 000c 01F01F01 		and	r1, r1, #31
 140              	.LVL2:
 141              		.loc 1 69 9 view .LVU24
 142 0010 5AB9     		cbnz	r2, .L12
 143              		.loc 1 69 9 discriminator 1 view .LVU25
 144 0012 DBB2     		uxtb	r3, r3
 145 0014 104C     		ldr	r4, .L15
 146 0016 1844     		add	r0, r0, r3
 147              	.LVL3:
 148              		.loc 1 69 9 is_stmt 0 discriminator 1 view .LVU26
 149 0018 0230     		adds	r0, r0, #2
 150 001a 54F82030 		ldr	r3, [r4, r0, lsl #2]
 151 001e 0122     		movs	r2, #1
 152              	.LVL4:
 153              		.loc 1 69 9 discriminator 1 view .LVU27
 154 0020 8A40     		lsls	r2, r2, r1
 155 0022 23EA0203 		bic	r3, r3, r2
 156 0026 44F82030 		str	r3, [r4, r0, lsl #2]
 157              	.LVL5:
 158              	.L12:
 159              		.loc 1 69 9 discriminator 1 view .LVU28
 160              	.LBE2:
 161              		.loc 1 69 9 is_stmt 1 discriminator 3 view .LVU29
  70:../switch_sdk/core/fal/fal_monitor.c ****     }
  71:../switch_sdk/core/fal/fal_monitor.c **** 
  72:../switch_sdk/core/fal/fal_monitor.c ****     return CMM_ERR_OK;
 162              		.loc 1 72 5 discriminator 3 view .LVU30
  73:../switch_sdk/core/fal/fal_monitor.c **** }
 163              		.loc 1 73 1 is_stmt 0 discriminator 3 view .LVU31
 164 002a 0020     		movs	r0, #0
 165 002c 10BC     		pop	{r4}
 166              		.cfi_remember_state
 167              		.cfi_restore 4
 168              		.cfi_def_cfa_offset 0
 169 002e 7047     		bx	lr
 170              	.LVL6:
 171              	.L14:
 172              		.cfi_restore_state
  65:../switch_sdk/core/fal/fal_monitor.c ****     }
 173              		.loc 1 65 9 is_stmt 1 view .LVU32
 174              	.LBB3:
  65:../switch_sdk/core/fal/fal_monitor.c ****     }
 175              		.loc 1 65 9 view .LVU33
  65:../switch_sdk/core/fal/fal_monitor.c ****     }
 176              		.loc 1 65 9 view .LVU34
  65:../switch_sdk/core/fal/fal_monitor.c ****     }
 177              		.loc 1 65 9 view .LVU35
 178 0030 4B09     		lsrs	r3, r1, #5
 179 0032 C1F34712 		ubfx	r2, r1, #5, #8
 180              	.LVL7:
  65:../switch_sdk/core/fal/fal_monitor.c ****     }
 181              		.loc 1 65 9 view .LVU36
 182 0036 01F01F01 		and	r1, r1, #31
 183              	.LVL8:
  65:../switch_sdk/core/fal/fal_monitor.c ****     }
 184              		.loc 1 65 9 view .LVU37
 185 003a 002A     		cmp	r2, #0
 186 003c F5D1     		bne	.L12
  65:../switch_sdk/core/fal/fal_monitor.c ****     }
 187              		.loc 1 65 9 discriminator 1 view .LVU38
 188 003e DBB2     		uxtb	r3, r3
 189 0040 054C     		ldr	r4, .L15
 190 0042 0344     		add	r3, r3, r0
 191 0044 0233     		adds	r3, r3, #2
 192 0046 54F82320 		ldr	r2, [r4, r3, lsl #2]
 193              	.LVL9:
  65:../switch_sdk/core/fal/fal_monitor.c ****     }
 194              		.loc 1 65 9 is_stmt 0 discriminator 1 view .LVU39
 195 004a 0120     		movs	r0, #1
 196              	.LVL10:
  65:../switch_sdk/core/fal/fal_monitor.c ****     }
 197              		.loc 1 65 9 discriminator 1 view .LVU40
 198 004c 00FA01F1 		lsl	r1, r0, r1
 199              	.LVL11:
  65:../switch_sdk/core/fal/fal_monitor.c ****     }
 200              		.loc 1 65 9 discriminator 1 view .LVU41
 201 0050 0A43     		orrs	r2, r2, r1
 202 0052 44F82320 		str	r2, [r4, r3, lsl #2]
 203 0056 E8E7     		b	.L12
 204              	.L16:
 205              		.align	2
 206              	.L15:
 207 0058 00000000 		.word	gFal_monitor
 208              	.LBE3:
 209              		.cfi_endproc
 210              	.LFE6:
 212              		.section	.text.fal_monitor_polling_port_enable_get,"ax",%progbits
 213              		.align	1
 214              		.global	fal_monitor_polling_port_enable_get
 215              		.syntax unified
 216              		.thumb
 217              		.thumb_func
 219              	fal_monitor_polling_port_enable_get:
 220              	.LVL12:
 221              	.LFB7:
  74:../switch_sdk/core/fal/fal_monitor.c **** 
  75:../switch_sdk/core/fal/fal_monitor.c **** yt_ret_t fal_monitor_polling_port_enable_get(yt_unit_t unit, yt_port_t port, yt_enable_t *pEnable)
  76:../switch_sdk/core/fal/fal_monitor.c **** {
 222              		.loc 1 76 1 is_stmt 1 view -0
 223              		.cfi_startproc
 224              		@ args = 0, pretend = 0, frame = 0
 225              		@ frame_needed = 0, uses_anonymous_args = 0
 226              		@ link register save eliminated.
 227              		.loc 1 76 1 is_stmt 0 view .LVU43
 228 0000 10B4     		push	{r4}
 229              		.cfi_def_cfa_offset 4
 230              		.cfi_offset 4, -4
  77:../switch_sdk/core/fal/fal_monitor.c ****     CMM_IS_MEMBER_PORT(gFal_monitor.polling_portmask[unit], port, *pEnable);
 231              		.loc 1 77 5 is_stmt 1 view .LVU44
 232              	.LBB4:
 233              		.loc 1 77 5 view .LVU45
 234              		.loc 1 77 5 view .LVU46
 235              		.loc 1 77 5 view .LVU47
 236 0002 C1F34714 		ubfx	r4, r1, #5, #8
 237              	.LVL13:
 238              		.loc 1 77 5 view .LVU48
 239              		.loc 1 77 5 view .LVU49
 240 0006 7CB9     		cbnz	r4, .L18
 241 0008 4B09     		lsrs	r3, r1, #5
 242 000a 01F01F01 		and	r1, r1, #31
 243              	.LVL14:
 244              		.loc 1 77 5 is_stmt 0 discriminator 1 view .LVU50
 245 000e DBB2     		uxtb	r3, r3
 246 0010 1844     		add	r0, r0, r3
 247              	.LVL15:
 248              		.loc 1 77 5 discriminator 1 view .LVU51
 249 0012 0230     		adds	r0, r0, #2
 250 0014 074B     		ldr	r3, .L21
 251 0016 53F82000 		ldr	r0, [r3, r0, lsl #2]
 252 001a 0123     		movs	r3, #1
 253 001c 8B40     		lsls	r3, r3, r1
 254 001e 1842     		tst	r0, r3
 255 0020 02D0     		beq	.L18
 256              		.loc 1 77 5 is_stmt 1 discriminator 3 view .LVU52
 257 0022 0123     		movs	r3, #1
 258 0024 1370     		strb	r3, [r2]
 259 0026 01E0     		b	.L19
 260              	.L18:
 261              		.loc 1 77 5 discriminator 4 view .LVU53
 262 0028 0023     		movs	r3, #0
 263 002a 1370     		strb	r3, [r2]
 264              	.L19:
 265              		.loc 1 77 5 is_stmt 0 discriminator 4 view .LVU54
 266              	.LBE4:
 267              		.loc 1 77 5 is_stmt 1 discriminator 6 view .LVU55
  78:../switch_sdk/core/fal/fal_monitor.c **** 
  79:../switch_sdk/core/fal/fal_monitor.c ****     return CMM_ERR_OK;
 268              		.loc 1 79 5 discriminator 6 view .LVU56
  80:../switch_sdk/core/fal/fal_monitor.c **** }
 269              		.loc 1 80 1 is_stmt 0 discriminator 6 view .LVU57
 270 002c 0020     		movs	r0, #0
 271 002e 10BC     		pop	{r4}
 272              		.cfi_restore 4
 273              		.cfi_def_cfa_offset 0
 274              	.LVL16:
 275              		.loc 1 80 1 discriminator 6 view .LVU58
 276 0030 7047     		bx	lr
 277              	.L22:
 278 0032 00BF     		.align	2
 279              	.L21:
 280 0034 00000000 		.word	gFal_monitor
 281              		.cfi_endproc
 282              	.LFE7:
 284              		.global	gFal_monitor
 285              		.section	.data.gFal_monitor,"aw"
 286              		.align	2
 289              	gFal_monitor:
 290 0000 00       		.byte	0
 291 0001 00000000 		.space	19
 291      00000000 
 291      00000000 
 291      00000000 
 291      000000
 292 0014 00000000 		.word	fal_tiger_port_mac_sync_phy
 293              		.text
 294              	.Letext0:
 295              		.file 2 "C:\\Users\\Dmitriy\\Desktop\\GD32F10x\\switch_sdk\\common\\include/yt_types.h"
 296              		.file 3 "C:\\Users\\Dmitriy\\Desktop\\GD32F10x\\switch_sdk\\common\\include/yt_error.h"
 297              		.file 4 "../switch_sdk/core/fal/fal_monitor.h"
 298              		.file 5 "C:\\Users\\Dmitriy\\Desktop\\GD32F10x\\switch_sdk\\core\\fal\\tiger/fal_tiger_port.h"
DEFINED SYMBOLS
                            *ABS*:00000000 fal_monitor.c
C:\Users\Dmitriy\AppData\Local\Temp\cccGSYwf.s:19     .text.fal_monitor_init:00000000 $t
C:\Users\Dmitriy\AppData\Local\Temp\cccGSYwf.s:25     .text.fal_monitor_init:00000000 fal_monitor_init
C:\Users\Dmitriy\AppData\Local\Temp\cccGSYwf.s:44     .text.fal_monitor_init:0000000c $d
C:\Users\Dmitriy\AppData\Local\Temp\cccGSYwf.s:289    .data.gFal_monitor:00000000 gFal_monitor
C:\Users\Dmitriy\AppData\Local\Temp\cccGSYwf.s:49     .text.fal_monitor_start:00000000 $t
C:\Users\Dmitriy\AppData\Local\Temp\cccGSYwf.s:55     .text.fal_monitor_start:00000000 fal_monitor_start
C:\Users\Dmitriy\AppData\Local\Temp\cccGSYwf.s:74     .text.fal_monitor_start:0000000c $d
C:\Users\Dmitriy\AppData\Local\Temp\cccGSYwf.s:79     .text.fal_monitor_stop:00000000 $t
C:\Users\Dmitriy\AppData\Local\Temp\cccGSYwf.s:85     .text.fal_monitor_stop:00000000 fal_monitor_stop
C:\Users\Dmitriy\AppData\Local\Temp\cccGSYwf.s:103    .text.fal_monitor_stop:00000008 $d
C:\Users\Dmitriy\AppData\Local\Temp\cccGSYwf.s:108    .text.fal_monitor_polling_port_enable_set:00000000 $t
C:\Users\Dmitriy\AppData\Local\Temp\cccGSYwf.s:114    .text.fal_monitor_polling_port_enable_set:00000000 fal_monitor_polling_port_enable_set
C:\Users\Dmitriy\AppData\Local\Temp\cccGSYwf.s:207    .text.fal_monitor_polling_port_enable_set:00000058 $d
C:\Users\Dmitriy\AppData\Local\Temp\cccGSYwf.s:213    .text.fal_monitor_polling_port_enable_get:00000000 $t
C:\Users\Dmitriy\AppData\Local\Temp\cccGSYwf.s:219    .text.fal_monitor_polling_port_enable_get:00000000 fal_monitor_polling_port_enable_get
C:\Users\Dmitriy\AppData\Local\Temp\cccGSYwf.s:280    .text.fal_monitor_polling_port_enable_get:00000034 $d
C:\Users\Dmitriy\AppData\Local\Temp\cccGSYwf.s:286    .data.gFal_monitor:00000000 $d
                           .group:00000000 wm4.0.3ac34e011645c1b8d95761511e5c0518
                           .group:00000000 wm4._newlib_version.h.4.6d111ab2e95434b664b53815e5c8ccba
                           .group:00000000 wm4.newlib.h.27.d4bf77c18f14f545101dac22f0b54118
                           .group:00000000 wm4.ieeefp.h.77.0ee3146e9d892bb10bc0066c30189af1
                           .group:00000000 wm4.features.h.22.7877b139107948f7dadcf3660cc79cfd
                           .group:00000000 wm4.config.h.224.10ee1ad185d877c6e334e6581faab44d
                           .group:00000000 wm4._ansi.h.31.de524f58584151836e90d8620a16f8e8
                           .group:00000000 wm4.stdio.h.31.7c0e28c411445f3f9c5b11accf882760
                           .group:00000000 wm4._default_types.h.6.959254cf5f09734ea7516c89e8bb21bd
                           .group:00000000 wm4.stddef.h.185.cbb642e1ccd385e8aa504b15cb7fb086
                           .group:00000000 wm4.cdefs.h.49.f93868eb904b9ca05b5c0257d31128ca
                           .group:00000000 wm4.stddef.h.39.0e5f0dabba1c666ccadf0408e0d47322
                           .group:00000000 wm4.stdarg.h.34.3a23a216c0c293b3d2ea2e89281481e6
                           .group:00000000 wm4._types.h.20.dd0d04dca3800a0d2a6129b87f3adbb2
                           .group:00000000 wm4.stddef.h.158.5f30652bb2ea05b142c1bbee9108c999
                           .group:00000000 wm4._types.h.127.3bdfe3ff8ea2d0985b03d9cbe93480e3
                           .group:00000000 wm4.reent.h.17.e292bf8b0bec6c96e131a54347145a30
                           .group:00000000 wm4.lock.h.2.1461d1fff82dffe8bfddc23307f6484f
                           .group:00000000 wm4.reent.h.77.89f7dde66c62b1f1dee32bdb6ab2d544
                           .group:00000000 wm4.stdio.h.67.0cf8a9c281ab0b348aef5c02e7e48825
                           .group:00000000 wm4.stdio.h.2.4aa87247282eca6c8f36f9de33d8df1a
                           .group:00000000 wm4.stdio.h.87.a1e20d2651f9bfb66e51bfbe849db00a
                           .group:00000000 wm4.string.h.8.c4b8571ce60dff2817f43fec8b86aecd
                           .group:00000000 wm4.stddef.h.158.bfed30416c9480cd13bc4a25427d538f
                           .group:00000000 wm4.stdbool.h.29.4a1c88fe569adb8d03217dd16982ca34
                           .group:00000000 wm4.malloc.h.4.62bd13b8107d5245f60bd92bb5994838
                           .group:00000000 wm4.malloc.h.152.f5d1d9a9aabeac59da0ef41ede16d2b0
                           .group:00000000 wm4.yt_types.h.31.64aa050cf4c68d28514ce99f5dc2ddb9
                           .group:00000000 wm4.yt_lock.h.9.ec67e8f6d308980d310512269a06d32b
                           .group:00000000 wm4.yt_error.h.38.7d21fcd141776eb0b18825b154fad62e
                           .group:00000000 wm4.yt_util.h.17.08ae57e3898b218a2bbe57b2147a81bd
                           .group:00000000 wm4.chipdef_tiger.h.10.ae557adb3508daebcdc97f8fb0dc9e1a
                           .group:00000000 wm4.phy_chipdef.h.9.9a1a2dbb46f5503e32a84083ab1dbc9f
                           .group:00000000 wm4.cal_bprofile.h.23.d6ecfc2230abc149b4da600a40b20e5b
                           .group:00000000 wm4.bprofile_YT9215_default_demo.h.15.13aa65ba4a73c41dc1ffa3c5f8dcfda3
                           .group:00000000 wm4.cal_cmm.h.46.d022146a9e55e93d62d578a666b2c2f5
                           .group:00000000 wm4.yt_cmm.h.12.5273de39c1b049d4c73c2c31caf670b1
                           .group:00000000 wm4.fal_monitor.h.10.7a9ab945f84c1651a71978926e60c82e
                           .group:00000000 wm4.yt_port.h.26.cd095c4f9e5cbf044bc6839a51827ee8

UNDEFINED SYMBOLS
fal_tiger_port_mac_sync_phy
