   1              		.cpu cortex-m3
   2              		.arch armv7-m
   3              		.fpu softvfp
   4              		.eabi_attribute 20, 1
   5              		.eabi_attribute 21, 1
   6              		.eabi_attribute 23, 3
   7              		.eabi_attribute 24, 1
   8              		.eabi_attribute 25, 1
   9              		.eabi_attribute 26, 1
  10              		.eabi_attribute 30, 1
  11              		.eabi_attribute 34, 1
  12              		.eabi_attribute 18, 4
  13              		.file	"bprofile_YT9215RB_YT8531_demo.c"
  14              		.text
  15              	.Ltext0:
  16              		.cfi_sections	.debug_frame
  17              		.file 1 "../switch_sdk/common/boardprofile/bprofile_YT9215RB_YT8531_demo.c"
  18              		.section	.text.profile_yt9215rb_yt8531_init,"ax",%progbits
  19              		.align	1
  20              		.global	profile_yt9215rb_yt8531_init
  21              		.syntax unified
  22              		.thumb
  23              		.thumb_func
  25              	profile_yt9215rb_yt8531_init:
  26              	.LVL0:
  27              	.LFB3:
   1:../switch_sdk/common/boardprofile/bprofile_YT9215RB_YT8531_demo.c **** /******************************************************************************
   2:../switch_sdk/common/boardprofile/bprofile_YT9215RB_YT8531_demo.c **** *                                                                             *
   3:../switch_sdk/common/boardprofile/bprofile_YT9215RB_YT8531_demo.c **** *  Copyright (c), 2022, Motorcomm Electronic Technology Co.,Ltd.              *
   4:../switch_sdk/common/boardprofile/bprofile_YT9215RB_YT8531_demo.c **** *  Motorcomm Confidential and Proprietary.                                    *
   5:../switch_sdk/common/boardprofile/bprofile_YT9215RB_YT8531_demo.c **** *                                                                             *
   6:../switch_sdk/common/boardprofile/bprofile_YT9215RB_YT8531_demo.c **** *******************************************************************************
   7:../switch_sdk/common/boardprofile/bprofile_YT9215RB_YT8531_demo.c **** *  File Name     : bprofile_YT9215RB_YT8531_demo.c
   8:../switch_sdk/common/boardprofile/bprofile_YT9215RB_YT8531_demo.c **** *  Version       : Initial Draft
   9:../switch_sdk/common/boardprofile/bprofile_YT9215RB_YT8531_demo.c **** *  Created       : 
  10:../switch_sdk/common/boardprofile/bprofile_YT9215RB_YT8531_demo.c **** *  Last Modified :
  11:../switch_sdk/common/boardprofile/bprofile_YT9215RB_YT8531_demo.c **** *  Description   : board profile for yt9215rb board,port(5+2 ext phy with yt8531)
  12:../switch_sdk/common/boardprofile/bprofile_YT9215RB_YT8531_demo.c **** *
  13:../switch_sdk/common/boardprofile/bprofile_YT9215RB_YT8531_demo.c **** ******************************************************************************/
  14:../switch_sdk/common/boardprofile/bprofile_YT9215RB_YT8531_demo.c **** 
  15:../switch_sdk/common/boardprofile/bprofile_YT9215RB_YT8531_demo.c **** /**************************************************
  16:../switch_sdk/common/boardprofile/bprofile_YT9215RB_YT8531_demo.c ****  *      Include header files                       *
  17:../switch_sdk/common/boardprofile/bprofile_YT9215RB_YT8531_demo.c ****  **************************************************/
  18:../switch_sdk/common/boardprofile/bprofile_YT9215RB_YT8531_demo.c **** #include "cal_bprofile.h"
  19:../switch_sdk/common/boardprofile/bprofile_YT9215RB_YT8531_demo.c **** #include "yt_error.h"
  20:../switch_sdk/common/boardprofile/bprofile_YT9215RB_YT8531_demo.c **** /**************************************************
  21:../switch_sdk/common/boardprofile/bprofile_YT9215RB_YT8531_demo.c ****  *      Constants or macros Declaration            *
  22:../switch_sdk/common/boardprofile/bprofile_YT9215RB_YT8531_demo.c ****  **************************************************/
  23:../switch_sdk/common/boardprofile/bprofile_YT9215RB_YT8531_demo.c **** 
  24:../switch_sdk/common/boardprofile/bprofile_YT9215RB_YT8531_demo.c **** /**************************************************
  25:../switch_sdk/common/boardprofile/bprofile_YT9215RB_YT8531_demo.c ****  *      Global variables                           *
  26:../switch_sdk/common/boardprofile/bprofile_YT9215RB_YT8531_demo.c ****  **************************************************/
  27:../switch_sdk/common/boardprofile/bprofile_YT9215RB_YT8531_demo.c **** 
  28:../switch_sdk/common/boardprofile/bprofile_YT9215RB_YT8531_demo.c **** /**************************************************
  29:../switch_sdk/common/boardprofile/bprofile_YT9215RB_YT8531_demo.c ****  *      Functions Declaration                      *
  30:../switch_sdk/common/boardprofile/bprofile_YT9215RB_YT8531_demo.c ****  **************************************************/
  31:../switch_sdk/common/boardprofile/bprofile_YT9215RB_YT8531_demo.c **** yt_ret_t profile_yt9215rb_yt8531_init(yt_hwProfile_info_t *hwprofile_info);
  32:../switch_sdk/common/boardprofile/bprofile_YT9215RB_YT8531_demo.c **** 
  33:../switch_sdk/common/boardprofile/bprofile_YT9215RB_YT8531_demo.c **** yt_swDescp_t yt9215rb_yt8531_swDescp;
  34:../switch_sdk/common/boardprofile/bprofile_YT9215RB_YT8531_demo.c **** 
  35:../switch_sdk/common/boardprofile/bprofile_YT9215RB_YT8531_demo.c **** const board_profile_identify_t YT9215rbYT8531ProfileIdentifier = {BOARD_ID_YT9215RB, "YT9215RB YT85
  36:../switch_sdk/common/boardprofile/bprofile_YT9215RB_YT8531_demo.c **** 
  37:../switch_sdk/common/boardprofile/bprofile_YT9215RB_YT8531_demo.c **** /* port descp */
  38:../switch_sdk/common/boardprofile/bprofile_YT9215RB_YT8531_demo.c **** const yt_portDescp_t YT9215rbYT8531PortDescp[] =
  39:../switch_sdk/common/boardprofile/bprofile_YT9215RB_YT8531_demo.c **** {
  40:../switch_sdk/common/boardprofile/bprofile_YT9215RB_YT8531_demo.c ****     /*macid	attribute		phy_index	phy_addr	serdes_index	ethtype			medium				smi */
  41:../switch_sdk/common/boardprofile/bprofile_YT9215RB_YT8531_demo.c ****     {0,		PORT_ATTR_ETH,	0,			0,			INVALID_ID,		ETH_TYPE_GE,	PORT_MEDI_COPPER,	YT_SMI_INT},
  42:../switch_sdk/common/boardprofile/bprofile_YT9215RB_YT8531_demo.c ****     {1,		PORT_ATTR_ETH,	0,			1,			INVALID_ID,		ETH_TYPE_GE,	PORT_MEDI_COPPER,	YT_SMI_INT},
  43:../switch_sdk/common/boardprofile/bprofile_YT9215RB_YT8531_demo.c ****     {2,		PORT_ATTR_ETH,	0,			2,			INVALID_ID,		ETH_TYPE_GE,	PORT_MEDI_COPPER,	YT_SMI_INT},
  44:../switch_sdk/common/boardprofile/bprofile_YT9215RB_YT8531_demo.c ****     {3,		PORT_ATTR_ETH,	0,			3,			INVALID_ID,		ETH_TYPE_GE,	PORT_MEDI_COPPER,	YT_SMI_INT},
  45:../switch_sdk/common/boardprofile/bprofile_YT9215RB_YT8531_demo.c ****     {4,		PORT_ATTR_ETH,	0,			4,			INVALID_ID,		ETH_TYPE_GE,	PORT_MEDI_COPPER,	YT_SMI_INT},
  46:../switch_sdk/common/boardprofile/bprofile_YT9215RB_YT8531_demo.c ****     {8,		PORT_ATTR_ETH,	1,			1,			INVALID_ID,		ETH_TYPE_GE,	PORT_MEDI_COPPER,	YT_SMI_EXT},
  47:../switch_sdk/common/boardprofile/bprofile_YT9215RB_YT8531_demo.c ****     {9,		PORT_ATTR_ETH,	2,			2,			INVALID_ID,		ETH_TYPE_GE,	PORT_MEDI_COPPER,	YT_SMI_EXT},
  48:../switch_sdk/common/boardprofile/bprofile_YT9215RB_YT8531_demo.c **** #ifdef INTER_MCU
  49:../switch_sdk/common/boardprofile/bprofile_YT9215RB_YT8531_demo.c ****     /* internel cpu port */
  50:../switch_sdk/common/boardprofile/bprofile_YT9215RB_YT8531_demo.c ****     {10,    PORT_ATTR_INT_CPU,			    INVALID_ID,	INVALID_ID,	PORT_ATTR_ETH,	ETH_TYPE_GE,	PORT_MEDI_
  51:../switch_sdk/common/boardprofile/bprofile_YT9215RB_YT8531_demo.c **** #endif
  52:../switch_sdk/common/boardprofile/bprofile_YT9215RB_YT8531_demo.c ****     {INVALID_ID,INVALID_ID,INVALID_ID,INVALID_ID,INVALID_ID,INVALID_ID,INVALID_ID,YT_SMI_NONE},
  53:../switch_sdk/common/boardprofile/bprofile_YT9215RB_YT8531_demo.c **** };
  54:../switch_sdk/common/boardprofile/bprofile_YT9215RB_YT8531_demo.c **** 
  55:../switch_sdk/common/boardprofile/bprofile_YT9215RB_YT8531_demo.c **** /* phy.descp */
  56:../switch_sdk/common/boardprofile/bprofile_YT9215RB_YT8531_demo.c **** const yt_phyDescp_t YT9215rbYT8531PhyDescp[] =
  57:../switch_sdk/common/boardprofile/bprofile_YT9215RB_YT8531_demo.c **** {
  58:../switch_sdk/common/boardprofile/bprofile_YT9215RB_YT8531_demo.c **** 	/*chip_id chip_model				start_mac_id	phy_max*/
  59:../switch_sdk/common/boardprofile/bprofile_YT9215RB_YT8531_demo.c **** 	{0,		  YT_PHY_MODEL_INT861X,	0,				5},
  60:../switch_sdk/common/boardprofile/bprofile_YT9215RB_YT8531_demo.c **** 	{1,		  YT_PHY_MODEL_8531,		8,				1},
  61:../switch_sdk/common/boardprofile/bprofile_YT9215RB_YT8531_demo.c **** 	{2,		  YT_PHY_MODEL_8531,		9,				1},
  62:../switch_sdk/common/boardprofile/bprofile_YT9215RB_YT8531_demo.c **** 	{INVALID_ID,INVALID_ID,INVALID_ID,INVALID_ID},
  63:../switch_sdk/common/boardprofile/bprofile_YT9215RB_YT8531_demo.c **** };
  64:../switch_sdk/common/boardprofile/bprofile_YT9215RB_YT8531_demo.c **** 
  65:../switch_sdk/common/boardprofile/bprofile_YT9215RB_YT8531_demo.c **** /* LED description */
  66:../switch_sdk/common/boardprofile/bprofile_YT9215RB_YT8531_demo.c **** const yt_sled_remapInfo_t YT9215rbYT8531RemapInfo[] = 
  67:../switch_sdk/common/boardprofile/bprofile_YT9215RB_YT8531_demo.c **** {
  68:../switch_sdk/common/boardprofile/bprofile_YT9215RB_YT8531_demo.c ****     {6, 1}, {4, 0}, {5, 1}, {3, 0}, {2, 0}, {1, 0}, {0, 0},
  69:../switch_sdk/common/boardprofile/bprofile_YT9215RB_YT8531_demo.c ****     {6, 0}, {5, 0}, {4, 1}, {3, 1}, {2, 1}, {1, 1}, {0, 1},
  70:../switch_sdk/common/boardprofile/bprofile_YT9215RB_YT8531_demo.c ****     {6, 2}, {5, 2}, {4, 2}, {3, 2}, {2, 2}, {1, 2}, {0, 2}
  71:../switch_sdk/common/boardprofile/bprofile_YT9215RB_YT8531_demo.c **** };
  72:../switch_sdk/common/boardprofile/bprofile_YT9215RB_YT8531_demo.c **** 
  73:../switch_sdk/common/boardprofile/bprofile_YT9215RB_YT8531_demo.c **** yt_sled_param_t YT9215rbYT8531SLEDParam = {
  74:../switch_sdk/common/boardprofile/bprofile_YT9215RB_YT8531_demo.c ****     LED_SERIAL_ACTIVE_MODE_LOW,
  75:../switch_sdk/common/boardprofile/bprofile_YT9215RB_YT8531_demo.c ****     SLED_DATANUM_YT9215_21, 
  76:../switch_sdk/common/boardprofile/bprofile_YT9215RB_YT8531_demo.c ****     0,
  77:../switch_sdk/common/boardprofile/bprofile_YT9215RB_YT8531_demo.c ****     YT9215rbYT8531RemapInfo
  78:../switch_sdk/common/boardprofile/bprofile_YT9215RB_YT8531_demo.c **** };
  79:../switch_sdk/common/boardprofile/bprofile_YT9215RB_YT8531_demo.c **** 
  80:../switch_sdk/common/boardprofile/bprofile_YT9215RB_YT8531_demo.c **** const yt_ledDescp_t YT9215rbYT8531LEDDescp = {LED_MODE_SERIAL, &YT9215rbYT8531SLEDParam};
  81:../switch_sdk/common/boardprofile/bprofile_YT9215RB_YT8531_demo.c **** 
  82:../switch_sdk/common/boardprofile/bprofile_YT9215RB_YT8531_demo.c **** /* hardware profile */
  83:../switch_sdk/common/boardprofile/bprofile_YT9215RB_YT8531_demo.c **** const yt_hwProfile_t yt9215rb_yt8531_demo =
  84:../switch_sdk/common/boardprofile/bprofile_YT9215RB_YT8531_demo.c **** {
  85:../switch_sdk/common/boardprofile/bprofile_YT9215RB_YT8531_demo.c ****     .pIdentifier = &YT9215rbYT8531ProfileIdentifier,
  86:../switch_sdk/common/boardprofile/bprofile_YT9215RB_YT8531_demo.c ****     .profile_init = profile_yt9215rb_yt8531_init,
  87:../switch_sdk/common/boardprofile/bprofile_YT9215RB_YT8531_demo.c **** };
  88:../switch_sdk/common/boardprofile/bprofile_YT9215RB_YT8531_demo.c **** 
  89:../switch_sdk/common/boardprofile/bprofile_YT9215RB_YT8531_demo.c **** yt_ret_t profile_yt9215rb_yt8531_init(yt_hwProfile_info_t *hwprofile_info)
  90:../switch_sdk/common/boardprofile/bprofile_YT9215RB_YT8531_demo.c **** {
  28              		.loc 1 90 1 view -0
  29              		.cfi_startproc
  30              		@ args = 0, pretend = 0, frame = 0
  31              		@ frame_needed = 0, uses_anonymous_args = 0
  32              		@ link register save eliminated.
  91:../switch_sdk/common/boardprofile/bprofile_YT9215RB_YT8531_demo.c ****     uint8_t	i;
  33              		.loc 1 91 5 view .LVU1
  92:../switch_sdk/common/boardprofile/bprofile_YT9215RB_YT8531_demo.c **** 
  93:../switch_sdk/common/boardprofile/bprofile_YT9215RB_YT8531_demo.c ****     hwprofile_info->pIdentifier = &YT9215rbYT8531ProfileIdentifier;
  34              		.loc 1 93 5 view .LVU2
  35              		.loc 1 93 33 is_stmt 0 view .LVU3
  36 0000 1B4B     		ldr	r3, .L6
  37 0002 0360     		str	r3, [r0]
  94:../switch_sdk/common/boardprofile/bprofile_YT9215RB_YT8531_demo.c **** 
  95:../switch_sdk/common/boardprofile/bprofile_YT9215RB_YT8531_demo.c ****     /* switch info */
  96:../switch_sdk/common/boardprofile/bprofile_YT9215RB_YT8531_demo.c ****     hwprofile_info->switch_count = 1;
  38              		.loc 1 96 5 is_stmt 1 view .LVU4
  39              		.loc 1 96 34 is_stmt 0 view .LVU5
  40 0004 0123     		movs	r3, #1
  41 0006 0372     		strb	r3, [r0, #8]
  97:../switch_sdk/common/boardprofile/bprofile_YT9215RB_YT8531_demo.c **** 
  98:../switch_sdk/common/boardprofile/bprofile_YT9215RB_YT8531_demo.c ****     yt9215rb_yt8531_swDescp.chip_id = YT_SW_ID_9215;
  42              		.loc 1 98 5 is_stmt 1 view .LVU6
  43              		.loc 1 98 37 is_stmt 0 view .LVU7
  44 0008 1A4A     		ldr	r2, .L6+4
  45 000a 49F20203 		movw	r3, #36866
  46 000e 1380     		strh	r3, [r2]	@ movhi
  99:../switch_sdk/common/boardprofile/bprofile_YT9215RB_YT8531_demo.c ****     yt9215rb_yt8531_swDescp.chip_model = YT_SW_MODEL_9215;
  47              		.loc 1 99 5 is_stmt 1 view .LVU8
  48              		.loc 1 99 40 is_stmt 0 view .LVU9
  49 0010 0023     		movs	r3, #0
  50 0012 9370     		strb	r3, [r2, #2]
 100:../switch_sdk/common/boardprofile/bprofile_YT9215RB_YT8531_demo.c **** 
 101:../switch_sdk/common/boardprofile/bprofile_YT9215RB_YT8531_demo.c ****     i = 0;
  51              		.loc 1 101 5 is_stmt 1 view .LVU10
  52              	.LVL1:
 102:../switch_sdk/common/boardprofile/bprofile_YT9215RB_YT8531_demo.c ****     while(YT9215rbYT8531PortDescp[i].mac_id != INVALID_ID)
  53              		.loc 1 102 5 view .LVU11
  54              		.loc 1 102 10 is_stmt 0 view .LVU12
  55 0014 09E0     		b	.L2
  56              	.LVL2:
  57              	.L3:
 103:../switch_sdk/common/boardprofile/bprofile_YT9215RB_YT8531_demo.c ****     {
 104:../switch_sdk/common/boardprofile/bprofile_YT9215RB_YT8531_demo.c ****         yt9215rb_yt8531_swDescp.pPortDescp[i] = &YT9215rbYT8531PortDescp[i];
  58              		.loc 1 104 9 is_stmt 1 view .LVU13
  59              		.loc 1 104 49 is_stmt 0 view .LVU14
  60 0016 184A     		ldr	r2, .L6+8
  61 0018 02EBC302 		add	r2, r2, r3, lsl #3
  62              		.loc 1 104 47 view .LVU15
  63 001c 03F1060C 		add	ip, r3, #6
  64 0020 1449     		ldr	r1, .L6+4
  65 0022 41F82C20 		str	r2, [r1, ip, lsl #2]
 105:../switch_sdk/common/boardprofile/bprofile_YT9215RB_YT8531_demo.c ****         i++;
  66              		.loc 1 105 9 is_stmt 1 view .LVU16
  67              		.loc 1 105 10 is_stmt 0 view .LVU17
  68 0026 0133     		adds	r3, r3, #1
  69              	.LVL3:
  70              		.loc 1 105 10 view .LVU18
  71 0028 DBB2     		uxtb	r3, r3
  72              	.LVL4:
  73              	.L2:
 102:../switch_sdk/common/boardprofile/bprofile_YT9215RB_YT8531_demo.c ****     while(YT9215rbYT8531PortDescp[i].mac_id != INVALID_ID)
  74              		.loc 1 102 45 is_stmt 1 view .LVU19
 102:../switch_sdk/common/boardprofile/bprofile_YT9215RB_YT8531_demo.c ****     while(YT9215rbYT8531PortDescp[i].mac_id != INVALID_ID)
  75              		.loc 1 102 37 is_stmt 0 view .LVU20
  76 002a 134A     		ldr	r2, .L6+8
  77 002c 12F83320 		ldrb	r2, [r2, r3, lsl #3]	@ zero_extendqisi2
 102:../switch_sdk/common/boardprofile/bprofile_YT9215RB_YT8531_demo.c ****     while(YT9215rbYT8531PortDescp[i].mac_id != INVALID_ID)
  78              		.loc 1 102 45 view .LVU21
  79 0030 FF2A     		cmp	r2, #255
  80 0032 F0D1     		bne	.L3
 106:../switch_sdk/common/boardprofile/bprofile_YT9215RB_YT8531_demo.c ****     }
 107:../switch_sdk/common/boardprofile/bprofile_YT9215RB_YT8531_demo.c ****     yt9215rb_yt8531_swDescp.port_num = i;
  81              		.loc 1 107 5 is_stmt 1 view .LVU22
  82              		.loc 1 107 38 is_stmt 0 view .LVU23
  83 0034 0F4A     		ldr	r2, .L6+4
  84 0036 1375     		strb	r3, [r2, #20]
 108:../switch_sdk/common/boardprofile/bprofile_YT9215RB_YT8531_demo.c **** 
 109:../switch_sdk/common/boardprofile/bprofile_YT9215RB_YT8531_demo.c ****     i = 0;
  85              		.loc 1 109 5 is_stmt 1 view .LVU24
  86              	.LVL5:
 110:../switch_sdk/common/boardprofile/bprofile_YT9215RB_YT8531_demo.c ****     while(YT9215rbYT8531PhyDescp[i].phy_index!= INVALID_ID)
  87              		.loc 1 110 5 view .LVU25
 109:../switch_sdk/common/boardprofile/bprofile_YT9215RB_YT8531_demo.c ****     while(YT9215rbYT8531PhyDescp[i].phy_index!= INVALID_ID)
  88              		.loc 1 109 7 is_stmt 0 view .LVU26
  89 0038 0023     		movs	r3, #0
  90              		.loc 1 110 10 view .LVU27
  91 003a 09E0     		b	.L4
  92              	.LVL6:
  93              	.L5:
 111:../switch_sdk/common/boardprofile/bprofile_YT9215RB_YT8531_demo.c ****     {
 112:../switch_sdk/common/boardprofile/bprofile_YT9215RB_YT8531_demo.c ****         yt9215rb_yt8531_swDescp.pPhyDescp[i] = &YT9215rbYT8531PhyDescp[i];
  94              		.loc 1 112 9 is_stmt 1 view .LVU28
  95              		.loc 1 112 48 is_stmt 0 view .LVU29
  96 003c 0F4A     		ldr	r2, .L6+12
  97 003e 02EB8302 		add	r2, r2, r3, lsl #2
  98              		.loc 1 112 46 view .LVU30
  99 0042 03F1260C 		add	ip, r3, #38
 100 0046 0B49     		ldr	r1, .L6+4
 101 0048 41F82C20 		str	r2, [r1, ip, lsl #2]
 113:../switch_sdk/common/boardprofile/bprofile_YT9215RB_YT8531_demo.c ****         i++;
 102              		.loc 1 113 9 is_stmt 1 view .LVU31
 103              		.loc 1 113 10 is_stmt 0 view .LVU32
 104 004c 0133     		adds	r3, r3, #1
 105              	.LVL7:
 106              		.loc 1 113 10 view .LVU33
 107 004e DBB2     		uxtb	r3, r3
 108              	.LVL8:
 109              	.L4:
 110:../switch_sdk/common/boardprofile/bprofile_YT9215RB_YT8531_demo.c ****     {
 110              		.loc 1 110 46 is_stmt 1 view .LVU34
 110:../switch_sdk/common/boardprofile/bprofile_YT9215RB_YT8531_demo.c ****     {
 111              		.loc 1 110 36 is_stmt 0 view .LVU35
 112 0050 0A4A     		ldr	r2, .L6+12
 113 0052 12F82320 		ldrb	r2, [r2, r3, lsl #2]	@ zero_extendqisi2
 110:../switch_sdk/common/boardprofile/bprofile_YT9215RB_YT8531_demo.c ****     {
 114              		.loc 1 110 46 view .LVU36
 115 0056 FF2A     		cmp	r2, #255
 116 0058 F0D1     		bne	.L5
 114:../switch_sdk/common/boardprofile/bprofile_YT9215RB_YT8531_demo.c ****     }
 115:../switch_sdk/common/boardprofile/bprofile_YT9215RB_YT8531_demo.c **** 
 116:../switch_sdk/common/boardprofile/bprofile_YT9215RB_YT8531_demo.c ****     YT9215rbYT8531SLEDParam.remapInfoNum = sizeof(YT9215rbYT8531RemapInfo)/sizeof(yt_sled_remapInfo
 117              		.loc 1 116 5 is_stmt 1 view .LVU37
 118              		.loc 1 116 42 is_stmt 0 view .LVU38
 119 005a 094B     		ldr	r3, .L6+16
 120              	.LVL9:
 121              		.loc 1 116 42 view .LVU39
 122 005c 1522     		movs	r2, #21
 123 005e 9A70     		strb	r2, [r3, #2]
 117:../switch_sdk/common/boardprofile/bprofile_YT9215RB_YT8531_demo.c ****     yt9215rb_yt8531_swDescp.pLEDDescp = &YT9215rbYT8531LEDDescp;
 124              		.loc 1 117 5 is_stmt 1 view .LVU40
 125              		.loc 1 117 39 is_stmt 0 view .LVU41
 126 0060 044B     		ldr	r3, .L6+4
 127 0062 084A     		ldr	r2, .L6+20
 128 0064 C3F8A820 		str	r2, [r3, #168]
 118:../switch_sdk/common/boardprofile/bprofile_YT9215RB_YT8531_demo.c ****     
 119:../switch_sdk/common/boardprofile/bprofile_YT9215RB_YT8531_demo.c ****     hwprofile_info->pSwDescp[0] = &yt9215rb_yt8531_swDescp;
 129              		.loc 1 119 5 is_stmt 1 view .LVU42
 130              		.loc 1 119 33 is_stmt 0 view .LVU43
 131 0068 C360     		str	r3, [r0, #12]
 120:../switch_sdk/common/boardprofile/bprofile_YT9215RB_YT8531_demo.c **** 
 121:../switch_sdk/common/boardprofile/bprofile_YT9215RB_YT8531_demo.c ****     return CMM_ERR_OK;
 132              		.loc 1 121 5 is_stmt 1 view .LVU44
 122:../switch_sdk/common/boardprofile/bprofile_YT9215RB_YT8531_demo.c **** }
 133              		.loc 1 122 1 is_stmt 0 view .LVU45
 134 006a 0020     		movs	r0, #0
 135              	.LVL10:
 136              		.loc 1 122 1 view .LVU46
 137 006c 7047     		bx	lr
 138              	.L7:
 139 006e 00BF     		.align	2
 140              	.L6:
 141 0070 00000000 		.word	YT9215rbYT8531ProfileIdentifier
 142 0074 00000000 		.word	yt9215rb_yt8531_swDescp
 143 0078 00000000 		.word	YT9215rbYT8531PortDescp
 144 007c 00000000 		.word	YT9215rbYT8531PhyDescp
 145 0080 00000000 		.word	YT9215rbYT8531SLEDParam
 146 0084 00000000 		.word	YT9215rbYT8531LEDDescp
 147              		.cfi_endproc
 148              	.LFE3:
 150              		.global	yt9215rb_yt8531_demo
 151              		.section	.rodata.yt9215rb_yt8531_demo,"a"
 152              		.align	2
 155              	yt9215rb_yt8531_demo:
 156 0000 00000000 		.word	YT9215rbYT8531ProfileIdentifier
 157 0004 00000000 		.word	profile_yt9215rb_yt8531_init
 158              		.global	YT9215rbYT8531LEDDescp
 159              		.section	.rodata.YT9215rbYT8531LEDDescp,"a"
 160              		.align	2
 163              	YT9215rbYT8531LEDDescp:
 164 0000 02       		.byte	2
 165 0001 000000   		.space	3
 166 0004 00000000 		.word	YT9215rbYT8531SLEDParam
 167              		.global	YT9215rbYT8531SLEDParam
 168              		.section	.data.YT9215rbYT8531SLEDParam,"aw"
 169              		.align	2
 172              	YT9215rbYT8531SLEDParam:
 173 0000 01       		.byte	1
 174 0001 05       		.byte	5
 175 0002 00       		.byte	0
 176 0003 00       		.space	1
 177 0004 00000000 		.word	YT9215rbYT8531RemapInfo
 178              		.global	YT9215rbYT8531RemapInfo
 179              		.section	.rodata.YT9215rbYT8531RemapInfo,"a"
 180              		.align	2
 183              	YT9215rbYT8531RemapInfo:
 184 0000 46       		.byte	70
 185 0001 04       		.byte	4
 186 0002 45       		.byte	69
 187 0003 03       		.byte	3
 188 0004 02       		.byte	2
 189 0005 01       		.byte	1
 190 0006 00       		.byte	0
 191 0007 06       		.byte	6
 192 0008 05       		.byte	5
 193 0009 44       		.byte	68
 194 000a 43       		.byte	67
 195 000b 42       		.byte	66
 196 000c 41       		.byte	65
 197 000d 40       		.byte	64
 198 000e 86       		.byte	134
 199 000f 85       		.byte	133
 200 0010 84       		.byte	132
 201 0011 83       		.byte	131
 202 0012 82       		.byte	130
 203 0013 81       		.byte	129
 204 0014 80       		.byte	128
 205              		.global	YT9215rbYT8531PhyDescp
 206              		.section	.rodata.YT9215rbYT8531PhyDescp,"a"
 207              		.align	2
 210              	YT9215rbYT8531PhyDescp:
 211 0000 00       		.byte	0
 212 0001 00       		.byte	0
 213 0002 00       		.byte	0
 214 0003 05       		.byte	5
 215 0004 01       		.byte	1
 216 0005 01       		.byte	1
 217 0006 08       		.byte	8
 218 0007 01       		.byte	1
 219 0008 02       		.byte	2
 220 0009 01       		.byte	1
 221 000a 09       		.byte	9
 222 000b 01       		.byte	1
 223 000c FF       		.byte	-1
 224 000d FF       		.byte	-1
 225 000e FF       		.byte	-1
 226 000f FF       		.byte	-1
 227              		.global	YT9215rbYT8531PortDescp
 228              		.section	.rodata.YT9215rbYT8531PortDescp,"a"
 229              		.align	2
 232              	YT9215rbYT8531PortDescp:
 233 0000 00       		.byte	0
 234 0001 01       		.byte	1
 235 0002 00       		.byte	0
 236 0003 00       		.byte	0
 237 0004 FF       		.byte	-1
 238 0005 02       		.byte	2
 239 0006 00       		.byte	0
 240 0007 00       		.byte	0
 241 0008 01       		.byte	1
 242 0009 01       		.byte	1
 243 000a 00       		.byte	0
 244 000b 01       		.byte	1
 245 000c FF       		.byte	-1
 246 000d 02       		.byte	2
 247 000e 00       		.byte	0
 248 000f 00       		.byte	0
 249 0010 02       		.byte	2
 250 0011 01       		.byte	1
 251 0012 00       		.byte	0
 252 0013 02       		.byte	2
 253 0014 FF       		.byte	-1
 254 0015 02       		.byte	2
 255 0016 00       		.byte	0
 256 0017 00       		.byte	0
 257 0018 03       		.byte	3
 258 0019 01       		.byte	1
 259 001a 00       		.byte	0
 260 001b 03       		.byte	3
 261 001c FF       		.byte	-1
 262 001d 02       		.byte	2
 263 001e 00       		.byte	0
 264 001f 00       		.byte	0
 265 0020 04       		.byte	4
 266 0021 01       		.byte	1
 267 0022 00       		.byte	0
 268 0023 04       		.byte	4
 269 0024 FF       		.byte	-1
 270 0025 02       		.byte	2
 271 0026 00       		.byte	0
 272 0027 00       		.byte	0
 273 0028 08       		.byte	8
 274 0029 01       		.byte	1
 275 002a 01       		.byte	1
 276 002b 01       		.byte	1
 277 002c FF       		.byte	-1
 278 002d 02       		.byte	2
 279 002e 00       		.byte	0
 280 002f 01       		.byte	1
 281 0030 09       		.byte	9
 282 0031 01       		.byte	1
 283 0032 02       		.byte	2
 284 0033 02       		.byte	2
 285 0034 FF       		.byte	-1
 286 0035 02       		.byte	2
 287 0036 00       		.byte	0
 288 0037 01       		.byte	1
 289 0038 FF       		.byte	-1
 290 0039 FF       		.byte	-1
 291 003a FF       		.byte	-1
 292 003b FF       		.byte	-1
 293 003c FF       		.byte	-1
 294 003d FF       		.byte	-1
 295 003e FF       		.byte	-1
 296 003f FF       		.byte	-1
 297              		.global	YT9215rbYT8531ProfileIdentifier
 298              		.section	.rodata.YT9215rbYT8531ProfileIdentifier,"a"
 299              		.align	2
 302              	YT9215rbYT8531ProfileIdentifier:
 303 0000 F9670100 		.word	92153
 304 0004 59543932 		.ascii	"YT9215RB YT8531 Demo\000"
 304      31355242 
 304      20595438 
 304      35333120 
 304      44656D6F 
 305 0019 00000000 		.space	11
 305      00000000 
 305      000000
 306              		.global	yt9215rb_yt8531_swDescp
 307              		.section	.bss.yt9215rb_yt8531_swDescp,"aw",%nobits
 308              		.align	2
 311              	yt9215rb_yt8531_swDescp:
 312 0000 00000000 		.space	180
 312      00000000 
 312      00000000 
 312      00000000 
 312      00000000 
 313              		.text
 314              	.Letext0:
 315              		.file 2 "C:\\Users\\Dmitriy\\Desktop\\GD32F10x\\switch_sdk\\common\\include/yt_types.h"
 316              		.file 3 "C:\\Users\\Dmitriy\\Desktop\\GD32F10x\\switch_sdk\\core\\fal\\chipdef/chipdef.h"
 317              		.file 4 "C:\\Users\\Dmitriy\\Desktop\\GD32F10x\\switch_sdk\\core\\drv\\phy/phy_chipdef.h"
 318              		.file 5 "C:\\Users\\Dmitriy\\Desktop\\GD32F10x\\switch_sdk\\core\\cal/cal_bprofile.h"
 319              		.file 6 "C:\\Users\\Dmitriy\\Desktop\\GD32F10x\\switch_sdk\\common\\include/yt_error.h"
DEFINED SYMBOLS
                            *ABS*:00000000 bprofile_YT9215RB_YT8531_demo.c
C:\Users\Dmitriy\AppData\Local\Temp\cchzhQix.s:19     .text.profile_yt9215rb_yt8531_init:00000000 $t
C:\Users\Dmitriy\AppData\Local\Temp\cchzhQix.s:25     .text.profile_yt9215rb_yt8531_init:00000000 profile_yt9215rb_yt8531_init
C:\Users\Dmitriy\AppData\Local\Temp\cchzhQix.s:141    .text.profile_yt9215rb_yt8531_init:00000070 $d
C:\Users\Dmitriy\AppData\Local\Temp\cchzhQix.s:302    .rodata.YT9215rbYT8531ProfileIdentifier:00000000 YT9215rbYT8531ProfileIdentifier
C:\Users\Dmitriy\AppData\Local\Temp\cchzhQix.s:311    .bss.yt9215rb_yt8531_swDescp:00000000 yt9215rb_yt8531_swDescp
C:\Users\Dmitriy\AppData\Local\Temp\cchzhQix.s:232    .rodata.YT9215rbYT8531PortDescp:00000000 YT9215rbYT8531PortDescp
C:\Users\Dmitriy\AppData\Local\Temp\cchzhQix.s:210    .rodata.YT9215rbYT8531PhyDescp:00000000 YT9215rbYT8531PhyDescp
C:\Users\Dmitriy\AppData\Local\Temp\cchzhQix.s:172    .data.YT9215rbYT8531SLEDParam:00000000 YT9215rbYT8531SLEDParam
C:\Users\Dmitriy\AppData\Local\Temp\cchzhQix.s:163    .rodata.YT9215rbYT8531LEDDescp:00000000 YT9215rbYT8531LEDDescp
C:\Users\Dmitriy\AppData\Local\Temp\cchzhQix.s:155    .rodata.yt9215rb_yt8531_demo:00000000 yt9215rb_yt8531_demo
C:\Users\Dmitriy\AppData\Local\Temp\cchzhQix.s:152    .rodata.yt9215rb_yt8531_demo:00000000 $d
C:\Users\Dmitriy\AppData\Local\Temp\cchzhQix.s:160    .rodata.YT9215rbYT8531LEDDescp:00000000 $d
C:\Users\Dmitriy\AppData\Local\Temp\cchzhQix.s:169    .data.YT9215rbYT8531SLEDParam:00000000 $d
C:\Users\Dmitriy\AppData\Local\Temp\cchzhQix.s:183    .rodata.YT9215rbYT8531RemapInfo:00000000 YT9215rbYT8531RemapInfo
C:\Users\Dmitriy\AppData\Local\Temp\cchzhQix.s:180    .rodata.YT9215rbYT8531RemapInfo:00000000 $d
C:\Users\Dmitriy\AppData\Local\Temp\cchzhQix.s:207    .rodata.YT9215rbYT8531PhyDescp:00000000 $d
C:\Users\Dmitriy\AppData\Local\Temp\cchzhQix.s:229    .rodata.YT9215rbYT8531PortDescp:00000000 $d
C:\Users\Dmitriy\AppData\Local\Temp\cchzhQix.s:299    .rodata.YT9215rbYT8531ProfileIdentifier:00000000 $d
C:\Users\Dmitriy\AppData\Local\Temp\cchzhQix.s:308    .bss.yt9215rb_yt8531_swDescp:00000000 $d
                           .group:00000000 wm4.0.3ac34e011645c1b8d95761511e5c0518
                           .group:00000000 wm4._newlib_version.h.4.6d111ab2e95434b664b53815e5c8ccba
                           .group:00000000 wm4.newlib.h.27.d4bf77c18f14f545101dac22f0b54118
                           .group:00000000 wm4.ieeefp.h.77.0ee3146e9d892bb10bc0066c30189af1
                           .group:00000000 wm4.features.h.22.7877b139107948f7dadcf3660cc79cfd
                           .group:00000000 wm4.config.h.224.10ee1ad185d877c6e334e6581faab44d
                           .group:00000000 wm4._ansi.h.31.de524f58584151836e90d8620a16f8e8
                           .group:00000000 wm4.stdio.h.31.7c0e28c411445f3f9c5b11accf882760
                           .group:00000000 wm4._default_types.h.6.959254cf5f09734ea7516c89e8bb21bd
                           .group:00000000 wm4.stddef.h.185.cbb642e1ccd385e8aa504b15cb7fb086
                           .group:00000000 wm4.cdefs.h.49.f93868eb904b9ca05b5c0257d31128ca
                           .group:00000000 wm4.stddef.h.39.0e5f0dabba1c666ccadf0408e0d47322
                           .group:00000000 wm4.stdarg.h.34.3a23a216c0c293b3d2ea2e89281481e6
                           .group:00000000 wm4._types.h.20.dd0d04dca3800a0d2a6129b87f3adbb2
                           .group:00000000 wm4.stddef.h.158.5f30652bb2ea05b142c1bbee9108c999
                           .group:00000000 wm4._types.h.127.3bdfe3ff8ea2d0985b03d9cbe93480e3
                           .group:00000000 wm4.reent.h.17.e292bf8b0bec6c96e131a54347145a30
                           .group:00000000 wm4.lock.h.2.1461d1fff82dffe8bfddc23307f6484f
                           .group:00000000 wm4.reent.h.77.89f7dde66c62b1f1dee32bdb6ab2d544
                           .group:00000000 wm4.stdio.h.67.0cf8a9c281ab0b348aef5c02e7e48825
                           .group:00000000 wm4.stdio.h.2.4aa87247282eca6c8f36f9de33d8df1a
                           .group:00000000 wm4.stdio.h.87.a1e20d2651f9bfb66e51bfbe849db00a
                           .group:00000000 wm4.string.h.8.c4b8571ce60dff2817f43fec8b86aecd
                           .group:00000000 wm4.stddef.h.158.bfed30416c9480cd13bc4a25427d538f
                           .group:00000000 wm4.stdbool.h.29.4a1c88fe569adb8d03217dd16982ca34
                           .group:00000000 wm4.malloc.h.4.62bd13b8107d5245f60bd92bb5994838
                           .group:00000000 wm4.malloc.h.152.f5d1d9a9aabeac59da0ef41ede16d2b0
                           .group:00000000 wm4.yt_types.h.31.64aa050cf4c68d28514ce99f5dc2ddb9
                           .group:00000000 wm4.chipdef_tiger.h.10.ae557adb3508daebcdc97f8fb0dc9e1a
                           .group:00000000 wm4.phy_chipdef.h.9.9a1a2dbb46f5503e32a84083ab1dbc9f
                           .group:00000000 wm4.cal_bprofile.h.23.d6ecfc2230abc149b4da600a40b20e5b
                           .group:00000000 wm4.yt_lock.h.9.ec67e8f6d308980d310512269a06d32b
                           .group:00000000 wm4.yt_error.h.38.7d21fcd141776eb0b18825b154fad62e

NO UNDEFINED SYMBOLS
