   1              		.cpu cortex-m3
   2              		.arch armv7-m
   3              		.fpu softvfp
   4              		.eabi_attribute 20, 1
   5              		.eabi_attribute 21, 1
   6              		.eabi_attribute 23, 3
   7              		.eabi_attribute 24, 1
   8              		.eabi_attribute 25, 1
   9              		.eabi_attribute 26, 1
  10              		.eabi_attribute 30, 1
  11              		.eabi_attribute 34, 1
  12              		.eabi_attribute 18, 4
  13              		.file	"bprofile_YT9215S_YT8531_Fib_demo.c"
  14              		.text
  15              	.Ltext0:
  16              		.cfi_sections	.debug_frame
  17              		.file 1 "../switch_sdk/common/boardprofile/bprofile_YT9215S_YT8531_Fib_demo.c"
  18              		.section	.text.profile_yt9215s_yt8531_fib_init,"ax",%progbits
  19              		.align	1
  20              		.global	profile_yt9215s_yt8531_fib_init
  21              		.syntax unified
  22              		.thumb
  23              		.thumb_func
  25              	profile_yt9215s_yt8531_fib_init:
  26              	.LVL0:
  27              	.LFB3:
   1:../switch_sdk/common/boardprofile/bprofile_YT9215S_YT8531_Fib_demo.c **** /******************************************************************************
   2:../switch_sdk/common/boardprofile/bprofile_YT9215S_YT8531_Fib_demo.c **** *                                                                             *
   3:../switch_sdk/common/boardprofile/bprofile_YT9215S_YT8531_Fib_demo.c **** *  Copyright (c), 2022, Motorcomm Electronic Technology Co.,Ltd.              *
   4:../switch_sdk/common/boardprofile/bprofile_YT9215S_YT8531_Fib_demo.c **** *  Motorcomm Confidential and Proprietary.                                    *
   5:../switch_sdk/common/boardprofile/bprofile_YT9215S_YT8531_Fib_demo.c **** *                                                                             *
   6:../switch_sdk/common/boardprofile/bprofile_YT9215S_YT8531_Fib_demo.c **** *******************************************************************************
   7:../switch_sdk/common/boardprofile/bprofile_YT9215S_YT8531_Fib_demo.c **** *  File Name     : bprofile_YT9215RB_YT8531_Fib_demo.c
   8:../switch_sdk/common/boardprofile/bprofile_YT9215S_YT8531_Fib_demo.c **** *  Version       : Initial Draft
   9:../switch_sdk/common/boardprofile/bprofile_YT9215S_YT8531_Fib_demo.c **** *  Created       : 
  10:../switch_sdk/common/boardprofile/bprofile_YT9215S_YT8531_Fib_demo.c **** *  Last Modified :
  11:../switch_sdk/common/boardprofile/bprofile_YT9215S_YT8531_Fib_demo.c **** *  Description   : board profile for yt9215s board,port(5+1 ext phy with yt8531+1 sgfib )
  12:../switch_sdk/common/boardprofile/bprofile_YT9215S_YT8531_Fib_demo.c **** *
  13:../switch_sdk/common/boardprofile/bprofile_YT9215S_YT8531_Fib_demo.c **** ******************************************************************************/
  14:../switch_sdk/common/boardprofile/bprofile_YT9215S_YT8531_Fib_demo.c **** 
  15:../switch_sdk/common/boardprofile/bprofile_YT9215S_YT8531_Fib_demo.c **** /**************************************************
  16:../switch_sdk/common/boardprofile/bprofile_YT9215S_YT8531_Fib_demo.c ****  *      Include header files                       *
  17:../switch_sdk/common/boardprofile/bprofile_YT9215S_YT8531_Fib_demo.c ****  **************************************************/
  18:../switch_sdk/common/boardprofile/bprofile_YT9215S_YT8531_Fib_demo.c **** #include "cal_bprofile.h"
  19:../switch_sdk/common/boardprofile/bprofile_YT9215S_YT8531_Fib_demo.c **** #include "yt_error.h"
  20:../switch_sdk/common/boardprofile/bprofile_YT9215S_YT8531_Fib_demo.c **** /**************************************************
  21:../switch_sdk/common/boardprofile/bprofile_YT9215S_YT8531_Fib_demo.c ****  *      Constants or macros Declaration            *
  22:../switch_sdk/common/boardprofile/bprofile_YT9215S_YT8531_Fib_demo.c ****  **************************************************/
  23:../switch_sdk/common/boardprofile/bprofile_YT9215S_YT8531_Fib_demo.c **** 
  24:../switch_sdk/common/boardprofile/bprofile_YT9215S_YT8531_Fib_demo.c **** /**************************************************
  25:../switch_sdk/common/boardprofile/bprofile_YT9215S_YT8531_Fib_demo.c ****  *      Global variables                           *
  26:../switch_sdk/common/boardprofile/bprofile_YT9215S_YT8531_Fib_demo.c ****  **************************************************/
  27:../switch_sdk/common/boardprofile/bprofile_YT9215S_YT8531_Fib_demo.c **** 
  28:../switch_sdk/common/boardprofile/bprofile_YT9215S_YT8531_Fib_demo.c **** /**************************************************
  29:../switch_sdk/common/boardprofile/bprofile_YT9215S_YT8531_Fib_demo.c ****  *      Functions Declaration                      *
  30:../switch_sdk/common/boardprofile/bprofile_YT9215S_YT8531_Fib_demo.c ****  **************************************************/
  31:../switch_sdk/common/boardprofile/bprofile_YT9215S_YT8531_Fib_demo.c **** yt_ret_t profile_yt9215s_yt8531_fib_init(yt_hwProfile_info_t *hwprofile_info);
  32:../switch_sdk/common/boardprofile/bprofile_YT9215S_YT8531_Fib_demo.c **** 
  33:../switch_sdk/common/boardprofile/bprofile_YT9215S_YT8531_Fib_demo.c **** yt_swDescp_t yt9215s_yt8531_fib_swDescp;
  34:../switch_sdk/common/boardprofile/bprofile_YT9215S_YT8531_Fib_demo.c **** 
  35:../switch_sdk/common/boardprofile/bprofile_YT9215S_YT8531_Fib_demo.c **** const board_profile_identify_t YT9215sYT8531SGFibProfileIdentifier = {BOARD_ID_YT9215S, "YT9215S YT
  36:../switch_sdk/common/boardprofile/bprofile_YT9215S_YT8531_Fib_demo.c **** 
  37:../switch_sdk/common/boardprofile/bprofile_YT9215S_YT8531_Fib_demo.c **** /* port descp */
  38:../switch_sdk/common/boardprofile/bprofile_YT9215S_YT8531_Fib_demo.c **** const yt_portDescp_t YT9215sYT8531SGFibPortDescp[] =
  39:../switch_sdk/common/boardprofile/bprofile_YT9215S_YT8531_Fib_demo.c **** {
  40:../switch_sdk/common/boardprofile/bprofile_YT9215S_YT8531_Fib_demo.c ****     /*macid	attribute		phy_index	phy_addr	serdes_index	ethtype			medium				smi */
  41:../switch_sdk/common/boardprofile/bprofile_YT9215S_YT8531_Fib_demo.c ****     {0,		PORT_ATTR_ETH,	0,			0,			INVALID_ID,		ETH_TYPE_GE,	PORT_MEDI_COPPER,	YT_SMI_INT},
  42:../switch_sdk/common/boardprofile/bprofile_YT9215S_YT8531_Fib_demo.c ****     {1,		PORT_ATTR_ETH,	0,			1,			INVALID_ID,		ETH_TYPE_GE,	PORT_MEDI_COPPER,	YT_SMI_INT},
  43:../switch_sdk/common/boardprofile/bprofile_YT9215S_YT8531_Fib_demo.c ****     {2,		PORT_ATTR_ETH,	0,			2,			INVALID_ID,		ETH_TYPE_GE,	PORT_MEDI_COPPER,	YT_SMI_INT},
  44:../switch_sdk/common/boardprofile/bprofile_YT9215S_YT8531_Fib_demo.c ****     {3,		PORT_ATTR_ETH,	0,			3,			INVALID_ID,		ETH_TYPE_GE,	PORT_MEDI_COPPER,	YT_SMI_INT},
  45:../switch_sdk/common/boardprofile/bprofile_YT9215S_YT8531_Fib_demo.c ****     {4,		PORT_ATTR_ETH,	0,			4,			INVALID_ID,		ETH_TYPE_GE,	PORT_MEDI_COPPER,	YT_SMI_INT},
  46:../switch_sdk/common/boardprofile/bprofile_YT9215S_YT8531_Fib_demo.c ****     {8,		PORT_ATTR_ETH,	INVALID_ID,	8,	        0,              ETH_TYPE_GE25,	PORT_MEDI_FIBER,	YT_S
  47:../switch_sdk/common/boardprofile/bprofile_YT9215S_YT8531_Fib_demo.c **** #ifndef INTER_MCU
  48:../switch_sdk/common/boardprofile/bprofile_YT9215S_YT8531_Fib_demo.c ****     /* conflict with spif pins */
  49:../switch_sdk/common/boardprofile/bprofile_YT9215S_YT8531_Fib_demo.c ****     {9,		PORT_ATTR_ETH,	1,			1,			INVALID_ID,		ETH_TYPE_GE,	PORT_MEDI_COPPER,	YT_SMI_EXT},
  50:../switch_sdk/common/boardprofile/bprofile_YT9215S_YT8531_Fib_demo.c **** #else
  51:../switch_sdk/common/boardprofile/bprofile_YT9215S_YT8531_Fib_demo.c ****     /* internel cpu port */
  52:../switch_sdk/common/boardprofile/bprofile_YT9215S_YT8531_Fib_demo.c ****     {10,	PORT_ATTR_INT_CPU,				INVALID_ID, INVALID_ID, PORT_ATTR_ETH,	ETH_TYPE_GE,	PORT_MEDI_COPPER
  53:../switch_sdk/common/boardprofile/bprofile_YT9215S_YT8531_Fib_demo.c **** #endif
  54:../switch_sdk/common/boardprofile/bprofile_YT9215S_YT8531_Fib_demo.c **** 
  55:../switch_sdk/common/boardprofile/bprofile_YT9215S_YT8531_Fib_demo.c ****     {INVALID_ID,INVALID_ID,INVALID_ID,INVALID_ID,INVALID_ID,INVALID_ID,INVALID_ID,YT_SMI_NONE},
  56:../switch_sdk/common/boardprofile/bprofile_YT9215S_YT8531_Fib_demo.c **** };
  57:../switch_sdk/common/boardprofile/bprofile_YT9215S_YT8531_Fib_demo.c **** 
  58:../switch_sdk/common/boardprofile/bprofile_YT9215S_YT8531_Fib_demo.c **** /* serdes.descp */
  59:../switch_sdk/common/boardprofile/bprofile_YT9215S_YT8531_Fib_demo.c **** const yt_serdesDescp_t YT9215sYT8531SdsDescp[] =
  60:../switch_sdk/common/boardprofile/bprofile_YT9215S_YT8531_Fib_demo.c **** {
  61:../switch_sdk/common/boardprofile/bprofile_YT9215S_YT8531_Fib_demo.c **** 	/*serdes_id mode*/
  62:../switch_sdk/common/boardprofile/bprofile_YT9215S_YT8531_Fib_demo.c **** 	{0,              SERDES_MODE_2500BX},
  63:../switch_sdk/common/boardprofile/bprofile_YT9215S_YT8531_Fib_demo.c **** 	{INVALID_ID,INVALID_ID},
  64:../switch_sdk/common/boardprofile/bprofile_YT9215S_YT8531_Fib_demo.c **** };
  65:../switch_sdk/common/boardprofile/bprofile_YT9215S_YT8531_Fib_demo.c **** 
  66:../switch_sdk/common/boardprofile/bprofile_YT9215S_YT8531_Fib_demo.c **** /* phy.descp */
  67:../switch_sdk/common/boardprofile/bprofile_YT9215S_YT8531_Fib_demo.c **** const yt_phyDescp_t YT9215sYT8531PhyDescp[] =
  68:../switch_sdk/common/boardprofile/bprofile_YT9215S_YT8531_Fib_demo.c **** {
  69:../switch_sdk/common/boardprofile/bprofile_YT9215S_YT8531_Fib_demo.c **** 	/*chip_id chip_model				start_mac_id	phy_max*/
  70:../switch_sdk/common/boardprofile/bprofile_YT9215S_YT8531_Fib_demo.c **** 	{0,		  YT_PHY_MODEL_INT861X,	0,				5},
  71:../switch_sdk/common/boardprofile/bprofile_YT9215S_YT8531_Fib_demo.c **** 	{1,		  YT_PHY_MODEL_8531,		9,				1},
  72:../switch_sdk/common/boardprofile/bprofile_YT9215S_YT8531_Fib_demo.c **** 	{INVALID_ID,INVALID_ID,INVALID_ID,INVALID_ID},
  73:../switch_sdk/common/boardprofile/bprofile_YT9215S_YT8531_Fib_demo.c **** };
  74:../switch_sdk/common/boardprofile/bprofile_YT9215S_YT8531_Fib_demo.c **** 
  75:../switch_sdk/common/boardprofile/bprofile_YT9215S_YT8531_Fib_demo.c **** /* LED description */
  76:../switch_sdk/common/boardprofile/bprofile_YT9215S_YT8531_Fib_demo.c **** const yt_sled_remapInfo_t YT9215sYT8531RemapInfo[] = 
  77:../switch_sdk/common/boardprofile/bprofile_YT9215S_YT8531_Fib_demo.c **** {
  78:../switch_sdk/common/boardprofile/bprofile_YT9215S_YT8531_Fib_demo.c ****     {6, 1}, {4, 0}, {5, 1}, {3, 0}, {2, 0}, {1, 0}, {0, 0},
  79:../switch_sdk/common/boardprofile/bprofile_YT9215S_YT8531_Fib_demo.c ****     {6, 0}, {5, 0}, {4, 1}, {3, 1}, {2, 1}, {1, 1}, {0, 1},
  80:../switch_sdk/common/boardprofile/bprofile_YT9215S_YT8531_Fib_demo.c ****     {6, 2}, {5, 2}, {4, 2}, {3, 2}, {2, 2}, {1, 2}, {0, 2}
  81:../switch_sdk/common/boardprofile/bprofile_YT9215S_YT8531_Fib_demo.c **** };
  82:../switch_sdk/common/boardprofile/bprofile_YT9215S_YT8531_Fib_demo.c **** 
  83:../switch_sdk/common/boardprofile/bprofile_YT9215S_YT8531_Fib_demo.c **** yt_sled_param_t YT9215sYT8531SLEDParam = {
  84:../switch_sdk/common/boardprofile/bprofile_YT9215S_YT8531_Fib_demo.c ****     LED_SERIAL_ACTIVE_MODE_LOW,
  85:../switch_sdk/common/boardprofile/bprofile_YT9215S_YT8531_Fib_demo.c ****     SLED_DATANUM_YT9215_21, 
  86:../switch_sdk/common/boardprofile/bprofile_YT9215S_YT8531_Fib_demo.c ****     0,
  87:../switch_sdk/common/boardprofile/bprofile_YT9215S_YT8531_Fib_demo.c ****     YT9215sYT8531RemapInfo
  88:../switch_sdk/common/boardprofile/bprofile_YT9215S_YT8531_Fib_demo.c **** };
  89:../switch_sdk/common/boardprofile/bprofile_YT9215S_YT8531_Fib_demo.c **** 
  90:../switch_sdk/common/boardprofile/bprofile_YT9215S_YT8531_Fib_demo.c **** const yt_ledDescp_t YT9215sYT8531LEDDescp = {LED_MODE_SERIAL, &YT9215sYT8531SLEDParam};
  91:../switch_sdk/common/boardprofile/bprofile_YT9215S_YT8531_Fib_demo.c **** 
  92:../switch_sdk/common/boardprofile/bprofile_YT9215S_YT8531_Fib_demo.c **** 
  93:../switch_sdk/common/boardprofile/bprofile_YT9215S_YT8531_Fib_demo.c **** /* hardware profile */
  94:../switch_sdk/common/boardprofile/bprofile_YT9215S_YT8531_Fib_demo.c **** const yt_hwProfile_t yt9215s_yt8531_fib_demo =
  95:../switch_sdk/common/boardprofile/bprofile_YT9215S_YT8531_Fib_demo.c **** {
  96:../switch_sdk/common/boardprofile/bprofile_YT9215S_YT8531_Fib_demo.c ****     .pIdentifier = &YT9215sYT8531SGFibProfileIdentifier,
  97:../switch_sdk/common/boardprofile/bprofile_YT9215S_YT8531_Fib_demo.c ****     .profile_init = profile_yt9215s_yt8531_fib_init,
  98:../switch_sdk/common/boardprofile/bprofile_YT9215S_YT8531_Fib_demo.c **** };
  99:../switch_sdk/common/boardprofile/bprofile_YT9215S_YT8531_Fib_demo.c **** 
 100:../switch_sdk/common/boardprofile/bprofile_YT9215S_YT8531_Fib_demo.c **** yt_ret_t profile_yt9215s_yt8531_fib_init(yt_hwProfile_info_t *hwprofile_info)
 101:../switch_sdk/common/boardprofile/bprofile_YT9215S_YT8531_Fib_demo.c **** {
  28              		.loc 1 101 1 view -0
  29              		.cfi_startproc
  30              		@ args = 0, pretend = 0, frame = 0
  31              		@ frame_needed = 0, uses_anonymous_args = 0
  32              		@ link register save eliminated.
 102:../switch_sdk/common/boardprofile/bprofile_YT9215S_YT8531_Fib_demo.c ****     uint8_t	i;
  33              		.loc 1 102 5 view .LVU1
 103:../switch_sdk/common/boardprofile/bprofile_YT9215S_YT8531_Fib_demo.c **** 
 104:../switch_sdk/common/boardprofile/bprofile_YT9215S_YT8531_Fib_demo.c ****     hwprofile_info->pIdentifier = &YT9215sYT8531SGFibProfileIdentifier;
  34              		.loc 1 104 5 view .LVU2
  35              		.loc 1 104 33 is_stmt 0 view .LVU3
  36 0000 234B     		ldr	r3, .L8
  37 0002 0360     		str	r3, [r0]
 105:../switch_sdk/common/boardprofile/bprofile_YT9215S_YT8531_Fib_demo.c **** 
 106:../switch_sdk/common/boardprofile/bprofile_YT9215S_YT8531_Fib_demo.c ****     /* switch info */
 107:../switch_sdk/common/boardprofile/bprofile_YT9215S_YT8531_Fib_demo.c ****     hwprofile_info->switch_count = 1;
  38              		.loc 1 107 5 is_stmt 1 view .LVU4
  39              		.loc 1 107 34 is_stmt 0 view .LVU5
  40 0004 0123     		movs	r3, #1
  41 0006 0372     		strb	r3, [r0, #8]
 108:../switch_sdk/common/boardprofile/bprofile_YT9215S_YT8531_Fib_demo.c **** 
 109:../switch_sdk/common/boardprofile/bprofile_YT9215S_YT8531_Fib_demo.c ****     yt9215s_yt8531_fib_swDescp.chip_id = YT_SW_ID_9215;
  42              		.loc 1 109 5 is_stmt 1 view .LVU6
  43              		.loc 1 109 40 is_stmt 0 view .LVU7
  44 0008 224A     		ldr	r2, .L8+4
  45 000a 49F20203 		movw	r3, #36866
  46 000e 1380     		strh	r3, [r2]	@ movhi
 110:../switch_sdk/common/boardprofile/bprofile_YT9215S_YT8531_Fib_demo.c ****     yt9215s_yt8531_fib_swDescp.chip_model = YT_SW_MODEL_9215;
  47              		.loc 1 110 5 is_stmt 1 view .LVU8
  48              		.loc 1 110 43 is_stmt 0 view .LVU9
  49 0010 0023     		movs	r3, #0
  50 0012 9370     		strb	r3, [r2, #2]
 111:../switch_sdk/common/boardprofile/bprofile_YT9215S_YT8531_Fib_demo.c **** 
 112:../switch_sdk/common/boardprofile/bprofile_YT9215S_YT8531_Fib_demo.c ****     i = 0;
  51              		.loc 1 112 5 is_stmt 1 view .LVU10
  52              	.LVL1:
 113:../switch_sdk/common/boardprofile/bprofile_YT9215S_YT8531_Fib_demo.c ****     while(YT9215sYT8531SGFibPortDescp[i].mac_id != INVALID_ID)
  53              		.loc 1 113 5 view .LVU11
  54              		.loc 1 113 10 is_stmt 0 view .LVU12
  55 0014 09E0     		b	.L2
  56              	.LVL2:
  57              	.L3:
 114:../switch_sdk/common/boardprofile/bprofile_YT9215S_YT8531_Fib_demo.c ****     {
 115:../switch_sdk/common/boardprofile/bprofile_YT9215S_YT8531_Fib_demo.c ****         yt9215s_yt8531_fib_swDescp.pPortDescp[i] = &YT9215sYT8531SGFibPortDescp[i];
  58              		.loc 1 115 9 is_stmt 1 view .LVU13
  59              		.loc 1 115 52 is_stmt 0 view .LVU14
  60 0016 204A     		ldr	r2, .L8+8
  61 0018 02EBC302 		add	r2, r2, r3, lsl #3
  62              		.loc 1 115 50 view .LVU15
  63 001c 03F1060C 		add	ip, r3, #6
  64 0020 1C49     		ldr	r1, .L8+4
  65 0022 41F82C20 		str	r2, [r1, ip, lsl #2]
 116:../switch_sdk/common/boardprofile/bprofile_YT9215S_YT8531_Fib_demo.c ****         i++;
  66              		.loc 1 116 9 is_stmt 1 view .LVU16
  67              		.loc 1 116 10 is_stmt 0 view .LVU17
  68 0026 0133     		adds	r3, r3, #1
  69              	.LVL3:
  70              		.loc 1 116 10 view .LVU18
  71 0028 DBB2     		uxtb	r3, r3
  72              	.LVL4:
  73              	.L2:
 113:../switch_sdk/common/boardprofile/bprofile_YT9215S_YT8531_Fib_demo.c ****     while(YT9215sYT8531SGFibPortDescp[i].mac_id != INVALID_ID)
  74              		.loc 1 113 49 is_stmt 1 view .LVU19
 113:../switch_sdk/common/boardprofile/bprofile_YT9215S_YT8531_Fib_demo.c ****     while(YT9215sYT8531SGFibPortDescp[i].mac_id != INVALID_ID)
  75              		.loc 1 113 41 is_stmt 0 view .LVU20
  76 002a 1B4A     		ldr	r2, .L8+8
  77 002c 12F83320 		ldrb	r2, [r2, r3, lsl #3]	@ zero_extendqisi2
 113:../switch_sdk/common/boardprofile/bprofile_YT9215S_YT8531_Fib_demo.c ****     while(YT9215sYT8531SGFibPortDescp[i].mac_id != INVALID_ID)
  78              		.loc 1 113 49 view .LVU21
  79 0030 FF2A     		cmp	r2, #255
  80 0032 F0D1     		bne	.L3
 117:../switch_sdk/common/boardprofile/bprofile_YT9215S_YT8531_Fib_demo.c ****     }
 118:../switch_sdk/common/boardprofile/bprofile_YT9215S_YT8531_Fib_demo.c ****     yt9215s_yt8531_fib_swDescp.port_num = i;
  81              		.loc 1 118 5 is_stmt 1 view .LVU22
  82              		.loc 1 118 41 is_stmt 0 view .LVU23
  83 0034 174A     		ldr	r2, .L8+4
  84 0036 1375     		strb	r3, [r2, #20]
 119:../switch_sdk/common/boardprofile/bprofile_YT9215S_YT8531_Fib_demo.c **** 
 120:../switch_sdk/common/boardprofile/bprofile_YT9215S_YT8531_Fib_demo.c ****     i = 0;
  85              		.loc 1 120 5 is_stmt 1 view .LVU24
  86              	.LVL5:
 121:../switch_sdk/common/boardprofile/bprofile_YT9215S_YT8531_Fib_demo.c ****     while(YT9215sYT8531SdsDescp[i].serdes_id!= INVALID_ID)
  87              		.loc 1 121 5 view .LVU25
 120:../switch_sdk/common/boardprofile/bprofile_YT9215S_YT8531_Fib_demo.c ****     while(YT9215sYT8531SdsDescp[i].serdes_id!= INVALID_ID)
  88              		.loc 1 120 7 is_stmt 0 view .LVU26
  89 0038 0023     		movs	r3, #0
  90              		.loc 1 121 10 view .LVU27
  91 003a 09E0     		b	.L4
  92              	.LVL6:
  93              	.L5:
 122:../switch_sdk/common/boardprofile/bprofile_YT9215S_YT8531_Fib_demo.c ****     {
 123:../switch_sdk/common/boardprofile/bprofile_YT9215S_YT8531_Fib_demo.c ****         yt9215s_yt8531_fib_swDescp.pSerdesDescp[i] = &YT9215sYT8531SdsDescp[i];
  94              		.loc 1 123 9 is_stmt 1 view .LVU28
  95              		.loc 1 123 54 is_stmt 0 view .LVU29
  96 003c 174A     		ldr	r2, .L8+12
  97 003e 02EB4302 		add	r2, r2, r3, lsl #1
  98              		.loc 1 123 52 view .LVU30
  99 0042 03F1220C 		add	ip, r3, #34
 100 0046 1349     		ldr	r1, .L8+4
 101 0048 41F82C20 		str	r2, [r1, ip, lsl #2]
 124:../switch_sdk/common/boardprofile/bprofile_YT9215S_YT8531_Fib_demo.c ****         i++;
 102              		.loc 1 124 9 is_stmt 1 view .LVU31
 103              		.loc 1 124 10 is_stmt 0 view .LVU32
 104 004c 0133     		adds	r3, r3, #1
 105              	.LVL7:
 106              		.loc 1 124 10 view .LVU33
 107 004e DBB2     		uxtb	r3, r3
 108              	.LVL8:
 109              	.L4:
 121:../switch_sdk/common/boardprofile/bprofile_YT9215S_YT8531_Fib_demo.c ****     {
 110              		.loc 1 121 45 is_stmt 1 view .LVU34
 121:../switch_sdk/common/boardprofile/bprofile_YT9215S_YT8531_Fib_demo.c ****     {
 111              		.loc 1 121 35 is_stmt 0 view .LVU35
 112 0050 124A     		ldr	r2, .L8+12
 113 0052 12F81320 		ldrb	r2, [r2, r3, lsl #1]	@ zero_extendqisi2
 121:../switch_sdk/common/boardprofile/bprofile_YT9215S_YT8531_Fib_demo.c ****     {
 114              		.loc 1 121 45 view .LVU36
 115 0056 FF2A     		cmp	r2, #255
 116 0058 F0D1     		bne	.L5
 125:../switch_sdk/common/boardprofile/bprofile_YT9215S_YT8531_Fib_demo.c ****     }
 126:../switch_sdk/common/boardprofile/bprofile_YT9215S_YT8531_Fib_demo.c **** 
 127:../switch_sdk/common/boardprofile/bprofile_YT9215S_YT8531_Fib_demo.c ****     i = 0;
 117              		.loc 1 127 7 view .LVU37
 118 005a 0023     		movs	r3, #0
 119              	.LVL9:
 120              		.loc 1 127 7 view .LVU38
 121 005c 09E0     		b	.L6
 122              	.LVL10:
 123              	.L7:
 128:../switch_sdk/common/boardprofile/bprofile_YT9215S_YT8531_Fib_demo.c ****     while(YT9215sYT8531PhyDescp[i].phy_index!= INVALID_ID)
 129:../switch_sdk/common/boardprofile/bprofile_YT9215S_YT8531_Fib_demo.c ****     {
 130:../switch_sdk/common/boardprofile/bprofile_YT9215S_YT8531_Fib_demo.c ****         yt9215s_yt8531_fib_swDescp.pPhyDescp[i] = &YT9215sYT8531PhyDescp[i];
 124              		.loc 1 130 9 is_stmt 1 view .LVU39
 125              		.loc 1 130 51 is_stmt 0 view .LVU40
 126 005e 104A     		ldr	r2, .L8+16
 127 0060 02EB8302 		add	r2, r2, r3, lsl #2
 128              		.loc 1 130 49 view .LVU41
 129 0064 03F1260C 		add	ip, r3, #38
 130 0068 0A49     		ldr	r1, .L8+4
 131 006a 41F82C20 		str	r2, [r1, ip, lsl #2]
 131:../switch_sdk/common/boardprofile/bprofile_YT9215S_YT8531_Fib_demo.c ****         i++;
 132              		.loc 1 131 9 is_stmt 1 view .LVU42
 133              		.loc 1 131 10 is_stmt 0 view .LVU43
 134 006e 0133     		adds	r3, r3, #1
 135              	.LVL11:
 136              		.loc 1 131 10 view .LVU44
 137 0070 DBB2     		uxtb	r3, r3
 138              	.LVL12:
 139              	.L6:
 128:../switch_sdk/common/boardprofile/bprofile_YT9215S_YT8531_Fib_demo.c ****     while(YT9215sYT8531PhyDescp[i].phy_index!= INVALID_ID)
 140              		.loc 1 128 45 is_stmt 1 view .LVU45
 128:../switch_sdk/common/boardprofile/bprofile_YT9215S_YT8531_Fib_demo.c ****     while(YT9215sYT8531PhyDescp[i].phy_index!= INVALID_ID)
 141              		.loc 1 128 35 is_stmt 0 view .LVU46
 142 0072 0B4A     		ldr	r2, .L8+16
 143 0074 12F82320 		ldrb	r2, [r2, r3, lsl #2]	@ zero_extendqisi2
 128:../switch_sdk/common/boardprofile/bprofile_YT9215S_YT8531_Fib_demo.c ****     while(YT9215sYT8531PhyDescp[i].phy_index!= INVALID_ID)
 144              		.loc 1 128 45 view .LVU47
 145 0078 FF2A     		cmp	r2, #255
 146 007a F0D1     		bne	.L7
 132:../switch_sdk/common/boardprofile/bprofile_YT9215S_YT8531_Fib_demo.c ****     }
 133:../switch_sdk/common/boardprofile/bprofile_YT9215S_YT8531_Fib_demo.c **** 
 134:../switch_sdk/common/boardprofile/bprofile_YT9215S_YT8531_Fib_demo.c ****     YT9215sYT8531SLEDParam.remapInfoNum = sizeof(YT9215sYT8531RemapInfo)/sizeof(yt_sled_remapInfo_t
 147              		.loc 1 134 5 is_stmt 1 view .LVU48
 148              		.loc 1 134 41 is_stmt 0 view .LVU49
 149 007c 094B     		ldr	r3, .L8+20
 150              	.LVL13:
 151              		.loc 1 134 41 view .LVU50
 152 007e 1522     		movs	r2, #21
 153 0080 9A70     		strb	r2, [r3, #2]
 135:../switch_sdk/common/boardprofile/bprofile_YT9215S_YT8531_Fib_demo.c ****     yt9215s_yt8531_fib_swDescp.pLEDDescp = &YT9215sYT8531LEDDescp;
 154              		.loc 1 135 5 is_stmt 1 view .LVU51
 155              		.loc 1 135 42 is_stmt 0 view .LVU52
 156 0082 044B     		ldr	r3, .L8+4
 157 0084 084A     		ldr	r2, .L8+24
 158 0086 C3F8A820 		str	r2, [r3, #168]
 136:../switch_sdk/common/boardprofile/bprofile_YT9215S_YT8531_Fib_demo.c ****     
 137:../switch_sdk/common/boardprofile/bprofile_YT9215S_YT8531_Fib_demo.c ****     hwprofile_info->pSwDescp[0] = &yt9215s_yt8531_fib_swDescp;
 159              		.loc 1 137 5 is_stmt 1 view .LVU53
 160              		.loc 1 137 33 is_stmt 0 view .LVU54
 161 008a C360     		str	r3, [r0, #12]
 138:../switch_sdk/common/boardprofile/bprofile_YT9215S_YT8531_Fib_demo.c **** 
 139:../switch_sdk/common/boardprofile/bprofile_YT9215S_YT8531_Fib_demo.c ****     return CMM_ERR_OK;
 162              		.loc 1 139 5 is_stmt 1 view .LVU55
 140:../switch_sdk/common/boardprofile/bprofile_YT9215S_YT8531_Fib_demo.c **** }
 163              		.loc 1 140 1 is_stmt 0 view .LVU56
 164 008c 0020     		movs	r0, #0
 165              	.LVL14:
 166              		.loc 1 140 1 view .LVU57
 167 008e 7047     		bx	lr
 168              	.L9:
 169              		.align	2
 170              	.L8:
 171 0090 00000000 		.word	YT9215sYT8531SGFibProfileIdentifier
 172 0094 00000000 		.word	yt9215s_yt8531_fib_swDescp
 173 0098 00000000 		.word	YT9215sYT8531SGFibPortDescp
 174 009c 00000000 		.word	YT9215sYT8531SdsDescp
 175 00a0 00000000 		.word	YT9215sYT8531PhyDescp
 176 00a4 00000000 		.word	YT9215sYT8531SLEDParam
 177 00a8 00000000 		.word	YT9215sYT8531LEDDescp
 178              		.cfi_endproc
 179              	.LFE3:
 181              		.global	yt9215s_yt8531_fib_demo
 182              		.section	.rodata.yt9215s_yt8531_fib_demo,"a"
 183              		.align	2
 186              	yt9215s_yt8531_fib_demo:
 187 0000 00000000 		.word	YT9215sYT8531SGFibProfileIdentifier
 188 0004 00000000 		.word	profile_yt9215s_yt8531_fib_init
 189              		.global	YT9215sYT8531LEDDescp
 190              		.section	.rodata.YT9215sYT8531LEDDescp,"a"
 191              		.align	2
 194              	YT9215sYT8531LEDDescp:
 195 0000 02       		.byte	2
 196 0001 000000   		.space	3
 197 0004 00000000 		.word	YT9215sYT8531SLEDParam
 198              		.global	YT9215sYT8531SLEDParam
 199              		.section	.data.YT9215sYT8531SLEDParam,"aw"
 200              		.align	2
 203              	YT9215sYT8531SLEDParam:
 204 0000 01       		.byte	1
 205 0001 05       		.byte	5
 206 0002 00       		.byte	0
 207 0003 00       		.space	1
 208 0004 00000000 		.word	YT9215sYT8531RemapInfo
 209              		.global	YT9215sYT8531RemapInfo
 210              		.section	.rodata.YT9215sYT8531RemapInfo,"a"
 211              		.align	2
 214              	YT9215sYT8531RemapInfo:
 215 0000 46       		.byte	70
 216 0001 04       		.byte	4
 217 0002 45       		.byte	69
 218 0003 03       		.byte	3
 219 0004 02       		.byte	2
 220 0005 01       		.byte	1
 221 0006 00       		.byte	0
 222 0007 06       		.byte	6
 223 0008 05       		.byte	5
 224 0009 44       		.byte	68
 225 000a 43       		.byte	67
 226 000b 42       		.byte	66
 227 000c 41       		.byte	65
 228 000d 40       		.byte	64
 229 000e 86       		.byte	134
 230 000f 85       		.byte	133
 231 0010 84       		.byte	132
 232 0011 83       		.byte	131
 233 0012 82       		.byte	130
 234 0013 81       		.byte	129
 235 0014 80       		.byte	128
 236              		.global	YT9215sYT8531PhyDescp
 237              		.section	.rodata.YT9215sYT8531PhyDescp,"a"
 238              		.align	2
 241              	YT9215sYT8531PhyDescp:
 242 0000 00       		.byte	0
 243 0001 00       		.byte	0
 244 0002 00       		.byte	0
 245 0003 05       		.byte	5
 246 0004 01       		.byte	1
 247 0005 01       		.byte	1
 248 0006 09       		.byte	9
 249 0007 01       		.byte	1
 250 0008 FF       		.byte	-1
 251 0009 FF       		.byte	-1
 252 000a FF       		.byte	-1
 253 000b FF       		.byte	-1
 254              		.global	YT9215sYT8531SdsDescp
 255              		.section	.rodata.YT9215sYT8531SdsDescp,"a"
 256              		.align	2
 259              	YT9215sYT8531SdsDescp:
 260 0000 00       		.byte	0
 261 0001 05       		.byte	5
 262 0002 FF       		.byte	-1
 263 0003 FF       		.byte	-1
 264              		.global	YT9215sYT8531SGFibPortDescp
 265              		.section	.rodata.YT9215sYT8531SGFibPortDescp,"a"
 266              		.align	2
 269              	YT9215sYT8531SGFibPortDescp:
 270 0000 00       		.byte	0
 271 0001 01       		.byte	1
 272 0002 00       		.byte	0
 273 0003 00       		.byte	0
 274 0004 FF       		.byte	-1
 275 0005 02       		.byte	2
 276 0006 00       		.byte	0
 277 0007 00       		.byte	0
 278 0008 01       		.byte	1
 279 0009 01       		.byte	1
 280 000a 00       		.byte	0
 281 000b 01       		.byte	1
 282 000c FF       		.byte	-1
 283 000d 02       		.byte	2
 284 000e 00       		.byte	0
 285 000f 00       		.byte	0
 286 0010 02       		.byte	2
 287 0011 01       		.byte	1
 288 0012 00       		.byte	0
 289 0013 02       		.byte	2
 290 0014 FF       		.byte	-1
 291 0015 02       		.byte	2
 292 0016 00       		.byte	0
 293 0017 00       		.byte	0
 294 0018 03       		.byte	3
 295 0019 01       		.byte	1
 296 001a 00       		.byte	0
 297 001b 03       		.byte	3
 298 001c FF       		.byte	-1
 299 001d 02       		.byte	2
 300 001e 00       		.byte	0
 301 001f 00       		.byte	0
 302 0020 04       		.byte	4
 303 0021 01       		.byte	1
 304 0022 00       		.byte	0
 305 0023 04       		.byte	4
 306 0024 FF       		.byte	-1
 307 0025 02       		.byte	2
 308 0026 00       		.byte	0
 309 0027 00       		.byte	0
 310 0028 08       		.byte	8
 311 0029 01       		.byte	1
 312 002a FF       		.byte	-1
 313 002b 08       		.byte	8
 314 002c 00       		.byte	0
 315 002d 04       		.byte	4
 316 002e 01       		.byte	1
 317 002f 01       		.byte	1
 318 0030 09       		.byte	9
 319 0031 01       		.byte	1
 320 0032 01       		.byte	1
 321 0033 01       		.byte	1
 322 0034 FF       		.byte	-1
 323 0035 02       		.byte	2
 324 0036 00       		.byte	0
 325 0037 01       		.byte	1
 326 0038 FF       		.byte	-1
 327 0039 FF       		.byte	-1
 328 003a FF       		.byte	-1
 329 003b FF       		.byte	-1
 330 003c FF       		.byte	-1
 331 003d FF       		.byte	-1
 332 003e FF       		.byte	-1
 333 003f FF       		.byte	-1
 334              		.global	YT9215sYT8531SGFibProfileIdentifier
 335              		.section	.rodata.YT9215sYT8531SGFibProfileIdentifier,"a"
 336              		.align	2
 339              	YT9215sYT8531SGFibProfileIdentifier:
 340 0000 F8670100 		.word	92152
 341 0004 59543932 		.ascii	"YT9215S YT8531 SGFIB Demo\000"
 341      31355320 
 341      59543835 
 341      33312053 
 341      47464942 
 342 001e 00000000 		.space	6
 342      0000
 343              		.global	yt9215s_yt8531_fib_swDescp
 344              		.section	.bss.yt9215s_yt8531_fib_swDescp,"aw",%nobits
 345              		.align	2
 348              	yt9215s_yt8531_fib_swDescp:
 349 0000 00000000 		.space	180
 349      00000000 
 349      00000000 
 349      00000000 
 349      00000000 
 350              		.text
 351              	.Letext0:
 352              		.file 2 "C:\\Users\\Dmitriy\\Desktop\\GD32F10x\\switch_sdk\\common\\include/yt_types.h"
 353              		.file 3 "C:\\Users\\Dmitriy\\Desktop\\GD32F10x\\switch_sdk\\core\\fal\\chipdef/chipdef.h"
 354              		.file 4 "C:\\Users\\Dmitriy\\Desktop\\GD32F10x\\switch_sdk\\core\\drv\\phy/phy_chipdef.h"
 355              		.file 5 "C:\\Users\\Dmitriy\\Desktop\\GD32F10x\\switch_sdk\\core\\cal/cal_bprofile.h"
 356              		.file 6 "C:\\Users\\Dmitriy\\Desktop\\GD32F10x\\switch_sdk\\common\\include/yt_error.h"
DEFINED SYMBOLS
                            *ABS*:00000000 bprofile_YT9215S_YT8531_Fib_demo.c
C:\Users\Dmitriy\AppData\Local\Temp\ccX0dkWU.s:19     .text.profile_yt9215s_yt8531_fib_init:00000000 $t
C:\Users\Dmitriy\AppData\Local\Temp\ccX0dkWU.s:25     .text.profile_yt9215s_yt8531_fib_init:00000000 profile_yt9215s_yt8531_fib_init
C:\Users\Dmitriy\AppData\Local\Temp\ccX0dkWU.s:171    .text.profile_yt9215s_yt8531_fib_init:00000090 $d
C:\Users\Dmitriy\AppData\Local\Temp\ccX0dkWU.s:339    .rodata.YT9215sYT8531SGFibProfileIdentifier:00000000 YT9215sYT8531SGFibProfileIdentifier
C:\Users\Dmitriy\AppData\Local\Temp\ccX0dkWU.s:348    .bss.yt9215s_yt8531_fib_swDescp:00000000 yt9215s_yt8531_fib_swDescp
C:\Users\Dmitriy\AppData\Local\Temp\ccX0dkWU.s:269    .rodata.YT9215sYT8531SGFibPortDescp:00000000 YT9215sYT8531SGFibPortDescp
C:\Users\Dmitriy\AppData\Local\Temp\ccX0dkWU.s:259    .rodata.YT9215sYT8531SdsDescp:00000000 YT9215sYT8531SdsDescp
C:\Users\Dmitriy\AppData\Local\Temp\ccX0dkWU.s:241    .rodata.YT9215sYT8531PhyDescp:00000000 YT9215sYT8531PhyDescp
C:\Users\Dmitriy\AppData\Local\Temp\ccX0dkWU.s:203    .data.YT9215sYT8531SLEDParam:00000000 YT9215sYT8531SLEDParam
C:\Users\Dmitriy\AppData\Local\Temp\ccX0dkWU.s:194    .rodata.YT9215sYT8531LEDDescp:00000000 YT9215sYT8531LEDDescp
C:\Users\Dmitriy\AppData\Local\Temp\ccX0dkWU.s:186    .rodata.yt9215s_yt8531_fib_demo:00000000 yt9215s_yt8531_fib_demo
C:\Users\Dmitriy\AppData\Local\Temp\ccX0dkWU.s:183    .rodata.yt9215s_yt8531_fib_demo:00000000 $d
C:\Users\Dmitriy\AppData\Local\Temp\ccX0dkWU.s:191    .rodata.YT9215sYT8531LEDDescp:00000000 $d
C:\Users\Dmitriy\AppData\Local\Temp\ccX0dkWU.s:200    .data.YT9215sYT8531SLEDParam:00000000 $d
C:\Users\Dmitriy\AppData\Local\Temp\ccX0dkWU.s:214    .rodata.YT9215sYT8531RemapInfo:00000000 YT9215sYT8531RemapInfo
C:\Users\Dmitriy\AppData\Local\Temp\ccX0dkWU.s:211    .rodata.YT9215sYT8531RemapInfo:00000000 $d
C:\Users\Dmitriy\AppData\Local\Temp\ccX0dkWU.s:238    .rodata.YT9215sYT8531PhyDescp:00000000 $d
C:\Users\Dmitriy\AppData\Local\Temp\ccX0dkWU.s:256    .rodata.YT9215sYT8531SdsDescp:00000000 $d
C:\Users\Dmitriy\AppData\Local\Temp\ccX0dkWU.s:266    .rodata.YT9215sYT8531SGFibPortDescp:00000000 $d
C:\Users\Dmitriy\AppData\Local\Temp\ccX0dkWU.s:336    .rodata.YT9215sYT8531SGFibProfileIdentifier:00000000 $d
C:\Users\Dmitriy\AppData\Local\Temp\ccX0dkWU.s:345    .bss.yt9215s_yt8531_fib_swDescp:00000000 $d
                           .group:00000000 wm4.0.3ac34e011645c1b8d95761511e5c0518
                           .group:00000000 wm4._newlib_version.h.4.6d111ab2e95434b664b53815e5c8ccba
                           .group:00000000 wm4.newlib.h.27.d4bf77c18f14f545101dac22f0b54118
                           .group:00000000 wm4.ieeefp.h.77.0ee3146e9d892bb10bc0066c30189af1
                           .group:00000000 wm4.features.h.22.7877b139107948f7dadcf3660cc79cfd
                           .group:00000000 wm4.config.h.224.10ee1ad185d877c6e334e6581faab44d
                           .group:00000000 wm4._ansi.h.31.de524f58584151836e90d8620a16f8e8
                           .group:00000000 wm4.stdio.h.31.7c0e28c411445f3f9c5b11accf882760
                           .group:00000000 wm4._default_types.h.6.959254cf5f09734ea7516c89e8bb21bd
                           .group:00000000 wm4.stddef.h.185.cbb642e1ccd385e8aa504b15cb7fb086
                           .group:00000000 wm4.cdefs.h.49.f93868eb904b9ca05b5c0257d31128ca
                           .group:00000000 wm4.stddef.h.39.0e5f0dabba1c666ccadf0408e0d47322
                           .group:00000000 wm4.stdarg.h.34.3a23a216c0c293b3d2ea2e89281481e6
                           .group:00000000 wm4._types.h.20.dd0d04dca3800a0d2a6129b87f3adbb2
                           .group:00000000 wm4.stddef.h.158.5f30652bb2ea05b142c1bbee9108c999
                           .group:00000000 wm4._types.h.127.3bdfe3ff8ea2d0985b03d9cbe93480e3
                           .group:00000000 wm4.reent.h.17.e292bf8b0bec6c96e131a54347145a30
                           .group:00000000 wm4.lock.h.2.1461d1fff82dffe8bfddc23307f6484f
                           .group:00000000 wm4.reent.h.77.89f7dde66c62b1f1dee32bdb6ab2d544
                           .group:00000000 wm4.stdio.h.67.0cf8a9c281ab0b348aef5c02e7e48825
                           .group:00000000 wm4.stdio.h.2.4aa87247282eca6c8f36f9de33d8df1a
                           .group:00000000 wm4.stdio.h.87.a1e20d2651f9bfb66e51bfbe849db00a
                           .group:00000000 wm4.string.h.8.c4b8571ce60dff2817f43fec8b86aecd
                           .group:00000000 wm4.stddef.h.158.bfed30416c9480cd13bc4a25427d538f
                           .group:00000000 wm4.stdbool.h.29.4a1c88fe569adb8d03217dd16982ca34
                           .group:00000000 wm4.malloc.h.4.62bd13b8107d5245f60bd92bb5994838
                           .group:00000000 wm4.malloc.h.152.f5d1d9a9aabeac59da0ef41ede16d2b0
                           .group:00000000 wm4.yt_types.h.31.64aa050cf4c68d28514ce99f5dc2ddb9
                           .group:00000000 wm4.chipdef_tiger.h.10.ae557adb3508daebcdc97f8fb0dc9e1a
                           .group:00000000 wm4.phy_chipdef.h.9.9a1a2dbb46f5503e32a84083ab1dbc9f
                           .group:00000000 wm4.cal_bprofile.h.23.d6ecfc2230abc149b4da600a40b20e5b
                           .group:00000000 wm4.yt_lock.h.9.ec67e8f6d308980d310512269a06d32b
                           .group:00000000 wm4.yt_error.h.38.7d21fcd141776eb0b18825b154fad62e

NO UNDEFINED SYMBOLS
