   1              		.cpu cortex-m3
   2              		.arch armv7-m
   3              		.fpu softvfp
   4              		.eabi_attribute 20, 1
   5              		.eabi_attribute 21, 1
   6              		.eabi_attribute 23, 3
   7              		.eabi_attribute 24, 1
   8              		.eabi_attribute 25, 1
   9              		.eabi_attribute 26, 1
  10              		.eabi_attribute 30, 1
  11              		.eabi_attribute 34, 1
  12              		.eabi_attribute 18, 4
  13              		.file	"bprofile_YT921X_multi_sw_default_demo.c"
  14              		.text
  15              	.Ltext0:
  16              		.cfi_sections	.debug_frame
  17              		.file 1 "../Switch/common/boardprofile/bprofile_YT921X_multi_sw_default_demo.c"
  18              		.section	.text.cal_profile_yt921x_multi_sw_init,"ax",%progbits
  19              		.align	1
  20              		.global	cal_profile_yt921x_multi_sw_init
  21              		.syntax unified
  22              		.thumb
  23              		.thumb_func
  25              	cal_profile_yt921x_multi_sw_init:
  26              	.LVL0:
  27              	.LFB3:
   1:../Switch/common/boardprofile/bprofile_YT921X_multi_sw_default_demo.c **** /******************************************************************************
   2:../Switch/common/boardprofile/bprofile_YT921X_multi_sw_default_demo.c **** *                                                                             *
   3:../Switch/common/boardprofile/bprofile_YT921X_multi_sw_default_demo.c **** *  Copyright (c), 2023, Motorcomm Electronic Technology Co.,Ltd.              *
   4:../Switch/common/boardprofile/bprofile_YT921X_multi_sw_default_demo.c **** *  Motorcomm Confidential and Proprietary.                                    *
   5:../Switch/common/boardprofile/bprofile_YT921X_multi_sw_default_demo.c **** *                                                                             *
   6:../Switch/common/boardprofile/bprofile_YT921X_multi_sw_default_demo.c **** *******************************************************************************
   7:../Switch/common/boardprofile/bprofile_YT921X_multi_sw_default_demo.c **** *  File Name     : bprofile_YT921X_multi_sw_default_demo.c
   8:../Switch/common/boardprofile/bprofile_YT921X_multi_sw_default_demo.c **** *  Version       : Initial Draft
   9:../Switch/common/boardprofile/bprofile_YT921X_multi_sw_default_demo.c **** *  Created       :
  10:../Switch/common/boardprofile/bprofile_YT921X_multi_sw_default_demo.c **** *  Last Modified :
  11:../Switch/common/boardprofile/bprofile_YT921X_multi_sw_default_demo.c **** *  Description   : board profile for yt9215 + yt9218 + yt9214
  12:../Switch/common/boardprofile/bprofile_YT921X_multi_sw_default_demo.c **** *
  13:../Switch/common/boardprofile/bprofile_YT921X_multi_sw_default_demo.c **** ******************************************************************************/
  14:../Switch/common/boardprofile/bprofile_YT921X_multi_sw_default_demo.c **** 
  15:../Switch/common/boardprofile/bprofile_YT921X_multi_sw_default_demo.c **** /**************************************************
  16:../Switch/common/boardprofile/bprofile_YT921X_multi_sw_default_demo.c ****  *      Include header files                       *
  17:../Switch/common/boardprofile/bprofile_YT921X_multi_sw_default_demo.c ****  **************************************************/
  18:../Switch/common/boardprofile/bprofile_YT921X_multi_sw_default_demo.c **** #include "cal_bprofile.h"
  19:../Switch/common/boardprofile/bprofile_YT921X_multi_sw_default_demo.c **** #include "yt_error.h"
  20:../Switch/common/boardprofile/bprofile_YT921X_multi_sw_default_demo.c **** /**************************************************
  21:../Switch/common/boardprofile/bprofile_YT921X_multi_sw_default_demo.c ****  *      Constants or macros Declaration            *
  22:../Switch/common/boardprofile/bprofile_YT921X_multi_sw_default_demo.c ****  **************************************************/
  23:../Switch/common/boardprofile/bprofile_YT921X_multi_sw_default_demo.c **** 
  24:../Switch/common/boardprofile/bprofile_YT921X_multi_sw_default_demo.c **** /**************************************************
  25:../Switch/common/boardprofile/bprofile_YT921X_multi_sw_default_demo.c ****  *      Global variables                           *
  26:../Switch/common/boardprofile/bprofile_YT921X_multi_sw_default_demo.c ****  **************************************************/
  27:../Switch/common/boardprofile/bprofile_YT921X_multi_sw_default_demo.c **** 
  28:../Switch/common/boardprofile/bprofile_YT921X_multi_sw_default_demo.c **** /**************************************************
  29:../Switch/common/boardprofile/bprofile_YT921X_multi_sw_default_demo.c ****  *      Functions Declaration                      *
  30:../Switch/common/boardprofile/bprofile_YT921X_multi_sw_default_demo.c ****  **************************************************/
  31:../Switch/common/boardprofile/bprofile_YT921X_multi_sw_default_demo.c **** yt_ret_t cal_profile_yt921x_multi_sw_init(yt_hwProfile_info_t *hwprofile_info);
  32:../Switch/common/boardprofile/bprofile_YT921X_multi_sw_default_demo.c **** 
  33:../Switch/common/boardprofile/bprofile_YT921X_multi_sw_default_demo.c **** yt_swDescp_t yt921xSwDesc[YT_MAX_UNIT];
  34:../Switch/common/boardprofile/bprofile_YT921X_multi_sw_default_demo.c **** 
  35:../Switch/common/boardprofile/bprofile_YT921X_multi_sw_default_demo.c **** const board_profile_identify_t yt921xProfileIdentifier = {BOARD_ID_YT921X, "YT921X Multiple Switch 
  36:../Switch/common/boardprofile/bprofile_YT921X_multi_sw_default_demo.c **** 
  37:../Switch/common/boardprofile/bprofile_YT921X_multi_sw_default_demo.c **** /* port descp */
  38:../Switch/common/boardprofile/bprofile_YT921X_multi_sw_default_demo.c **** const yt_portDescp_t yt9215xPortDescp[] =
  39:../Switch/common/boardprofile/bprofile_YT921X_multi_sw_default_demo.c **** {
  40:../Switch/common/boardprofile/bprofile_YT921X_multi_sw_default_demo.c ****     /*macid	    attribute		phy_index	phy_addr	serdes_index	ethtype			medium				smi */
  41:../Switch/common/boardprofile/bprofile_YT921X_multi_sw_default_demo.c ****     {0,		    PORT_ATTR_ETH,	0,			0,			INVALID_ID,		ETH_TYPE_GE,	PORT_MEDI_COPPER,	YT_SMI_INT},
  42:../Switch/common/boardprofile/bprofile_YT921X_multi_sw_default_demo.c ****     {1,		    PORT_ATTR_ETH,	0,			1,			INVALID_ID,		ETH_TYPE_GE,	PORT_MEDI_COPPER,	YT_SMI_INT},
  43:../Switch/common/boardprofile/bprofile_YT921X_multi_sw_default_demo.c ****     {2,		    PORT_ATTR_ETH,	0,			2,			INVALID_ID,		ETH_TYPE_GE,	PORT_MEDI_COPPER,	YT_SMI_INT},
  44:../Switch/common/boardprofile/bprofile_YT921X_multi_sw_default_demo.c ****     {3,		    PORT_ATTR_ETH,	0,			3,			INVALID_ID,		ETH_TYPE_GE,	PORT_MEDI_COPPER,	YT_SMI_INT},
  45:../Switch/common/boardprofile/bprofile_YT921X_multi_sw_default_demo.c ****     {4,		    PORT_ATTR_ETH,	0,			4,			INVALID_ID,		ETH_TYPE_GE,	PORT_MEDI_COPPER,	YT_SMI_INT},
  46:../Switch/common/boardprofile/bprofile_YT921X_multi_sw_default_demo.c ****     {8,		    PORT_ATTR_NONE,	INVALID_ID,	8,			0,		        ETH_TYPE_GE,	PORT_MEDI_COPPER,	YT_SMI_EXT
  47:../Switch/common/boardprofile/bprofile_YT921X_multi_sw_default_demo.c ****     {9,		    PORT_ATTR_NONE,	INVALID_ID,	9,			0,		        ETH_TYPE_GE,	PORT_MEDI_COPPER,	YT_SMI_EXT
  48:../Switch/common/boardprofile/bprofile_YT921X_multi_sw_default_demo.c ****     {INVALID_ID,INVALID_ID,INVALID_ID,INVALID_ID,INVALID_ID,INVALID_ID,INVALID_ID,YT_SMI_NONE},
  49:../Switch/common/boardprofile/bprofile_YT921X_multi_sw_default_demo.c **** };
  50:../Switch/common/boardprofile/bprofile_YT921X_multi_sw_default_demo.c **** 
  51:../Switch/common/boardprofile/bprofile_YT921X_multi_sw_default_demo.c **** const yt_portDescp_t yt9218xPortDescp[] =
  52:../Switch/common/boardprofile/bprofile_YT921X_multi_sw_default_demo.c **** {
  53:../Switch/common/boardprofile/bprofile_YT921X_multi_sw_default_demo.c ****     /*macid	attribute		phy_index	phy_addr	serdes_index	ethtype			medium				smi */
  54:../Switch/common/boardprofile/bprofile_YT921X_multi_sw_default_demo.c ****     {0,		PORT_ATTR_ETH,	0,			0,			INVALID_ID,		ETH_TYPE_GE,	PORT_MEDI_COPPER,	YT_SMI_INT},
  55:../Switch/common/boardprofile/bprofile_YT921X_multi_sw_default_demo.c ****     {1,		PORT_ATTR_ETH,	0,			1,			INVALID_ID,		ETH_TYPE_GE,	PORT_MEDI_COPPER,	YT_SMI_INT},
  56:../Switch/common/boardprofile/bprofile_YT921X_multi_sw_default_demo.c ****     {2,		PORT_ATTR_ETH,	0,			2,			INVALID_ID,		ETH_TYPE_GE,	PORT_MEDI_COPPER,	YT_SMI_INT},
  57:../Switch/common/boardprofile/bprofile_YT921X_multi_sw_default_demo.c ****     {3,		PORT_ATTR_ETH,	0,			3,			INVALID_ID,		ETH_TYPE_GE,	PORT_MEDI_COPPER,	YT_SMI_INT},
  58:../Switch/common/boardprofile/bprofile_YT921X_multi_sw_default_demo.c ****     {4,		PORT_ATTR_ETH,	0,			4,			INVALID_ID,		ETH_TYPE_GE,	PORT_MEDI_COPPER,	YT_SMI_INT},
  59:../Switch/common/boardprofile/bprofile_YT921X_multi_sw_default_demo.c ****     {5,		PORT_ATTR_ETH,	0,			5,			INVALID_ID,		ETH_TYPE_GE,	PORT_MEDI_COPPER,	YT_SMI_INT},
  60:../Switch/common/boardprofile/bprofile_YT921X_multi_sw_default_demo.c ****     {6,		PORT_ATTR_ETH,	0,			6,			INVALID_ID,		ETH_TYPE_GE,	PORT_MEDI_COPPER,	YT_SMI_INT},
  61:../Switch/common/boardprofile/bprofile_YT921X_multi_sw_default_demo.c ****     {7,		PORT_ATTR_ETH,	0,			7,			INVALID_ID,		ETH_TYPE_GE,	PORT_MEDI_COPPER,	YT_SMI_INT},
  62:../Switch/common/boardprofile/bprofile_YT921X_multi_sw_default_demo.c ****     {8,		PORT_ATTR_NONE,	INVALID_ID,	8,			0,		        ETH_TYPE_GE,	PORT_MEDI_COPPER,	YT_SMI_EXT},
  63:../Switch/common/boardprofile/bprofile_YT921X_multi_sw_default_demo.c ****     {9,		PORT_ATTR_NONE,	INVALID_ID,	9,			0,		        ETH_TYPE_GE,	PORT_MEDI_COPPER,	YT_SMI_EXT},
  64:../Switch/common/boardprofile/bprofile_YT921X_multi_sw_default_demo.c ****     {INVALID_ID,INVALID_ID,INVALID_ID,INVALID_ID,INVALID_ID,INVALID_ID,INVALID_ID,YT_SMI_NONE},
  65:../Switch/common/boardprofile/bprofile_YT921X_multi_sw_default_demo.c **** };
  66:../Switch/common/boardprofile/bprofile_YT921X_multi_sw_default_demo.c **** 
  67:../Switch/common/boardprofile/bprofile_YT921X_multi_sw_default_demo.c **** const yt_portDescp_t yt9214xPortDescp[] =
  68:../Switch/common/boardprofile/bprofile_YT921X_multi_sw_default_demo.c **** {
  69:../Switch/common/boardprofile/bprofile_YT921X_multi_sw_default_demo.c ****     /*macid	    attribute		    phy_index	    phy_addr	serdes_index	ethtype			medium				smi */
  70:../Switch/common/boardprofile/bprofile_YT921X_multi_sw_default_demo.c ****     {1,		    PORT_ATTR_ETH,	    0,			    1,			INVALID_ID,		ETH_TYPE_GE,	PORT_MEDI_COPPER,	YT_SMI_IN
  71:../Switch/common/boardprofile/bprofile_YT921X_multi_sw_default_demo.c ****     {3,		    PORT_ATTR_ETH,	    0,			    3,			INVALID_ID,		ETH_TYPE_GE,	PORT_MEDI_COPPER,	YT_SMI_IN
  72:../Switch/common/boardprofile/bprofile_YT921X_multi_sw_default_demo.c ****     {8,		    PORT_ATTR_NONE,	    INVALID_ID,		0,			INVALID_ID,		ETH_TYPE_GE,	PORT_MEDI_COPPER,	YT_S
  73:../Switch/common/boardprofile/bprofile_YT921X_multi_sw_default_demo.c ****     {9,		    PORT_ATTR_NONE,	    INVALID_ID,		0,			INVALID_ID,		ETH_TYPE_GE,	PORT_MEDI_COPPER,	YT_S
  74:../Switch/common/boardprofile/bprofile_YT921X_multi_sw_default_demo.c ****     {INVALID_ID,INVALID_ID,         INVALID_ID,     INVALID_ID, INVALID_ID,INVALID_ID,INVALID_ID,YT
  75:../Switch/common/boardprofile/bprofile_YT921X_multi_sw_default_demo.c **** };
  76:../Switch/common/boardprofile/bprofile_YT921X_multi_sw_default_demo.c **** 
  77:../Switch/common/boardprofile/bprofile_YT921X_multi_sw_default_demo.c **** /* phy descp */
  78:../Switch/common/boardprofile/bprofile_YT921X_multi_sw_default_demo.c **** const yt_phyDescp_t yt9215xPhyDescp[] =
  79:../Switch/common/boardprofile/bprofile_YT921X_multi_sw_default_demo.c **** {
  80:../Switch/common/boardprofile/bprofile_YT921X_multi_sw_default_demo.c **** 	/*phy_id    chip_model				start_mac_id	phy_max*/
  81:../Switch/common/boardprofile/bprofile_YT921X_multi_sw_default_demo.c **** 	{0,         YT_PHY_MODEL_INT861X,	0,				5},
  82:../Switch/common/boardprofile/bprofile_YT921X_multi_sw_default_demo.c **** 	{INVALID_ID,INVALID_ID,INVALID_ID,INVALID_ID},
  83:../Switch/common/boardprofile/bprofile_YT921X_multi_sw_default_demo.c **** };
  84:../Switch/common/boardprofile/bprofile_YT921X_multi_sw_default_demo.c **** 
  85:../Switch/common/boardprofile/bprofile_YT921X_multi_sw_default_demo.c **** const yt_phyDescp_t yt9218xPhyDescp[] =
  86:../Switch/common/boardprofile/bprofile_YT921X_multi_sw_default_demo.c **** {
  87:../Switch/common/boardprofile/bprofile_YT921X_multi_sw_default_demo.c **** 	/*phy_id    chip_model				start_mac_id	phy_max*/
  88:../Switch/common/boardprofile/bprofile_YT921X_multi_sw_default_demo.c **** 	{0,         YT_PHY_MODEL_INT861X,	0,				8},
  89:../Switch/common/boardprofile/bprofile_YT921X_multi_sw_default_demo.c **** 	{INVALID_ID,INVALID_ID,INVALID_ID,INVALID_ID},
  90:../Switch/common/boardprofile/bprofile_YT921X_multi_sw_default_demo.c **** };
  91:../Switch/common/boardprofile/bprofile_YT921X_multi_sw_default_demo.c **** 
  92:../Switch/common/boardprofile/bprofile_YT921X_multi_sw_default_demo.c **** const yt_phyDescp_t yt9214xPhyDescp[] =
  93:../Switch/common/boardprofile/bprofile_YT921X_multi_sw_default_demo.c **** {
  94:../Switch/common/boardprofile/bprofile_YT921X_multi_sw_default_demo.c **** 	/*phy_id    chip_model				start_mac_id	phy_max*/
  95:../Switch/common/boardprofile/bprofile_YT921X_multi_sw_default_demo.c **** 	{0,         YT_PHY_MODEL_INT861X,	0,				8},
  96:../Switch/common/boardprofile/bprofile_YT921X_multi_sw_default_demo.c **** 	{INVALID_ID,INVALID_ID,INVALID_ID,INVALID_ID},
  97:../Switch/common/boardprofile/bprofile_YT921X_multi_sw_default_demo.c **** };
  98:../Switch/common/boardprofile/bprofile_YT921X_multi_sw_default_demo.c **** 
  99:../Switch/common/boardprofile/bprofile_YT921X_multi_sw_default_demo.c **** /* LED description */
 100:../Switch/common/boardprofile/bprofile_YT921X_multi_sw_default_demo.c **** const yt_sled_remapInfo_t yt9215xRemapInfo[] = 
 101:../Switch/common/boardprofile/bprofile_YT921X_multi_sw_default_demo.c **** {
 102:../Switch/common/boardprofile/bprofile_YT921X_multi_sw_default_demo.c ****     {6, 1}, {4, 0}, {5, 1}, {3, 0}, {2, 0}, {1, 0}, {0, 0},
 103:../Switch/common/boardprofile/bprofile_YT921X_multi_sw_default_demo.c ****     {6, 0}, {5, 0}, {4, 1}, {3, 1}, {2, 1}, {1, 1}, {0, 1},
 104:../Switch/common/boardprofile/bprofile_YT921X_multi_sw_default_demo.c ****     {6, 2}, {5, 2}, {4, 2}, {3, 2}, {2, 2}, {1, 2}, {0, 2}
 105:../Switch/common/boardprofile/bprofile_YT921X_multi_sw_default_demo.c **** };
 106:../Switch/common/boardprofile/bprofile_YT921X_multi_sw_default_demo.c **** 
 107:../Switch/common/boardprofile/bprofile_YT921X_multi_sw_default_demo.c **** yt_sled_param_t yt9215xLEDParam = {
 108:../Switch/common/boardprofile/bprofile_YT921X_multi_sw_default_demo.c ****     LED_SERIAL_ACTIVE_MODE_LOW,
 109:../Switch/common/boardprofile/bprofile_YT921X_multi_sw_default_demo.c ****     SLED_DATANUM_YT9215_21, 
 110:../Switch/common/boardprofile/bprofile_YT921X_multi_sw_default_demo.c ****     0,
 111:../Switch/common/boardprofile/bprofile_YT921X_multi_sw_default_demo.c ****     yt9215xRemapInfo
 112:../Switch/common/boardprofile/bprofile_YT921X_multi_sw_default_demo.c **** };
 113:../Switch/common/boardprofile/bprofile_YT921X_multi_sw_default_demo.c **** 
 114:../Switch/common/boardprofile/bprofile_YT921X_multi_sw_default_demo.c **** const yt_ledDescp_t yt9215xLEDDescp = {LED_MODE_SERIAL, &yt9215xLEDParam};
 115:../Switch/common/boardprofile/bprofile_YT921X_multi_sw_default_demo.c **** 
 116:../Switch/common/boardprofile/bprofile_YT921X_multi_sw_default_demo.c **** const yt_sled_remapInfo_t yt9218xRemapInfo[] =
 117:../Switch/common/boardprofile/bprofile_YT921X_multi_sw_default_demo.c **** {
 118:../Switch/common/boardprofile/bprofile_YT921X_multi_sw_default_demo.c ****     {9, 0}, {8, 0}, {7, 0}, {6, 0}, {5, 0}, {4, 0}, {3, 0}, {2, 0}, {1, 0}, {0, 0},
 119:../Switch/common/boardprofile/bprofile_YT921X_multi_sw_default_demo.c ****     {9, 1}, {8, 1}, {7, 1}, {6, 1}, {5, 1}, {4, 1}, {3, 1}, {2, 1}, {1, 1}, {0, 1},
 120:../Switch/common/boardprofile/bprofile_YT921X_multi_sw_default_demo.c ****     {9, 2}, {8, 2}, {7, 2}, {6, 2}, {5, 2}, {4, 2}, {3, 2}, {2, 2}, {1, 2}, {0, 2}
 121:../Switch/common/boardprofile/bprofile_YT921X_multi_sw_default_demo.c **** };
 122:../Switch/common/boardprofile/bprofile_YT921X_multi_sw_default_demo.c **** 
 123:../Switch/common/boardprofile/bprofile_YT921X_multi_sw_default_demo.c **** yt_sled_param_t yt9218xLEDParam = {
 124:../Switch/common/boardprofile/bprofile_YT921X_multi_sw_default_demo.c ****     LED_SERIAL_ACTIVE_MODE_LOW,
 125:../Switch/common/boardprofile/bprofile_YT921X_multi_sw_default_demo.c ****     SLED_DATANUM_YT9218_30, 
 126:../Switch/common/boardprofile/bprofile_YT921X_multi_sw_default_demo.c ****     0,
 127:../Switch/common/boardprofile/bprofile_YT921X_multi_sw_default_demo.c ****     yt9218xRemapInfo
 128:../Switch/common/boardprofile/bprofile_YT921X_multi_sw_default_demo.c **** };
 129:../Switch/common/boardprofile/bprofile_YT921X_multi_sw_default_demo.c **** 
 130:../Switch/common/boardprofile/bprofile_YT921X_multi_sw_default_demo.c **** const yt_ledDescp_t yt9218xLEDDescp = {LED_MODE_SERIAL, &yt9218xLEDParam};
 131:../Switch/common/boardprofile/bprofile_YT921X_multi_sw_default_demo.c **** 
 132:../Switch/common/boardprofile/bprofile_YT921X_multi_sw_default_demo.c **** const yt_sled_remapInfo_t yt9214xRemapInfo[] =
 133:../Switch/common/boardprofile/bprofile_YT921X_multi_sw_default_demo.c **** {
 134:../Switch/common/boardprofile/bprofile_YT921X_multi_sw_default_demo.c ****     {6, 1}, {4, 0}, {5, 1}, {3, 0}, {2, 0}, {1, 0}, {0, 0},
 135:../Switch/common/boardprofile/bprofile_YT921X_multi_sw_default_demo.c ****     {6, 0}, {5, 0}, {4, 1}, {3, 1}, {2, 1}, {1, 1}, {0, 1},
 136:../Switch/common/boardprofile/bprofile_YT921X_multi_sw_default_demo.c ****     {6, 2}, {5, 2}, {4, 2}, {3, 2}, {2, 2}, {1, 2}, {0, 2}
 137:../Switch/common/boardprofile/bprofile_YT921X_multi_sw_default_demo.c **** };
 138:../Switch/common/boardprofile/bprofile_YT921X_multi_sw_default_demo.c **** 
 139:../Switch/common/boardprofile/bprofile_YT921X_multi_sw_default_demo.c **** yt_sled_param_t yt9214xLEDParam = {
 140:../Switch/common/boardprofile/bprofile_YT921X_multi_sw_default_demo.c ****     LED_SERIAL_ACTIVE_MODE_LOW,
 141:../Switch/common/boardprofile/bprofile_YT921X_multi_sw_default_demo.c ****     SLED_DATANUM_YT9215_21, 
 142:../Switch/common/boardprofile/bprofile_YT921X_multi_sw_default_demo.c ****     0,
 143:../Switch/common/boardprofile/bprofile_YT921X_multi_sw_default_demo.c ****     yt9214xRemapInfo
 144:../Switch/common/boardprofile/bprofile_YT921X_multi_sw_default_demo.c **** };
 145:../Switch/common/boardprofile/bprofile_YT921X_multi_sw_default_demo.c **** 
 146:../Switch/common/boardprofile/bprofile_YT921X_multi_sw_default_demo.c **** const yt_ledDescp_t yt9214xLEDDescp = {LED_MODE_PARALLEL, &yt9214xLEDParam};
 147:../Switch/common/boardprofile/bprofile_YT921X_multi_sw_default_demo.c **** 
 148:../Switch/common/boardprofile/bprofile_YT921X_multi_sw_default_demo.c **** /* hardware profile */
 149:../Switch/common/boardprofile/bprofile_YT921X_multi_sw_default_demo.c **** const yt_hwProfile_t yt921x_multi_sw_default_demo =
 150:../Switch/common/boardprofile/bprofile_YT921X_multi_sw_default_demo.c **** {
 151:../Switch/common/boardprofile/bprofile_YT921X_multi_sw_default_demo.c ****     .pIdentifier = &yt921xProfileIdentifier,
 152:../Switch/common/boardprofile/bprofile_YT921X_multi_sw_default_demo.c ****     .profile_init = cal_profile_yt921x_multi_sw_init,
 153:../Switch/common/boardprofile/bprofile_YT921X_multi_sw_default_demo.c **** };
 154:../Switch/common/boardprofile/bprofile_YT921X_multi_sw_default_demo.c **** 
 155:../Switch/common/boardprofile/bprofile_YT921X_multi_sw_default_demo.c **** yt_ret_t cal_profile_yt921x_multi_sw_init(yt_hwProfile_info_t *hwprofile_info)
 156:../Switch/common/boardprofile/bprofile_YT921X_multi_sw_default_demo.c **** {
  28              		.loc 1 156 1 view -0
  29              		.cfi_startproc
  30              		@ args = 0, pretend = 0, frame = 0
  31              		@ frame_needed = 0, uses_anonymous_args = 0
  32              		@ link register save eliminated.
 157:../Switch/common/boardprofile/bprofile_YT921X_multi_sw_default_demo.c ****     uint8_t	i;
  33              		.loc 1 157 5 view .LVU1
 158:../Switch/common/boardprofile/bprofile_YT921X_multi_sw_default_demo.c ****     yt_unit_t unit;
  34              		.loc 1 158 5 view .LVU2
 159:../Switch/common/boardprofile/bprofile_YT921X_multi_sw_default_demo.c **** 
 160:../Switch/common/boardprofile/bprofile_YT921X_multi_sw_default_demo.c ****     hwprofile_info->pIdentifier = &yt921xProfileIdentifier;
  35              		.loc 1 160 5 view .LVU3
  36              		.loc 1 160 33 is_stmt 0 view .LVU4
  37 0000 544B     		ldr	r3, .L16
  38 0002 0360     		str	r3, [r0]
 161:../Switch/common/boardprofile/bprofile_YT921X_multi_sw_default_demo.c ****     /* modified according to the actual situation */
 162:../Switch/common/boardprofile/bprofile_YT921X_multi_sw_default_demo.c ****     hwprofile_info->switch_count = 1;
  39              		.loc 1 162 5 is_stmt 1 view .LVU5
  40              		.loc 1 162 34 is_stmt 0 view .LVU6
  41 0004 0123     		movs	r3, #1
  42 0006 0372     		strb	r3, [r0, #8]
 163:../Switch/common/boardprofile/bprofile_YT921X_multi_sw_default_demo.c **** 
 164:../Switch/common/boardprofile/bprofile_YT921X_multi_sw_default_demo.c ****     /* default unit0: 9215x, modified according to the actual situation */
 165:../Switch/common/boardprofile/bprofile_YT921X_multi_sw_default_demo.c ****     unit = 0;
  43              		.loc 1 165 5 is_stmt 1 view .LVU7
  44              	.LVL1:
 166:../Switch/common/boardprofile/bprofile_YT921X_multi_sw_default_demo.c ****     yt921xSwDesc[unit].chip_id = YT_SW_ID_9215;
  45              		.loc 1 166 5 view .LVU8
  46              		.loc 1 166 32 is_stmt 0 view .LVU9
  47 0008 534A     		ldr	r2, .L16+4
  48 000a 49F20203 		movw	r3, #36866
  49 000e 1380     		strh	r3, [r2]	@ movhi
 167:../Switch/common/boardprofile/bprofile_YT921X_multi_sw_default_demo.c ****     yt921xSwDesc[unit].chip_model = YT_SW_MODEL_9215;
  50              		.loc 1 167 5 is_stmt 1 view .LVU10
  51              		.loc 1 167 35 is_stmt 0 view .LVU11
  52 0010 0023     		movs	r3, #0
  53 0012 9370     		strb	r3, [r2, #2]
 168:../Switch/common/boardprofile/bprofile_YT921X_multi_sw_default_demo.c **** 
 169:../Switch/common/boardprofile/bprofile_YT921X_multi_sw_default_demo.c ****     i = 0;
  54              		.loc 1 169 5 is_stmt 1 view .LVU12
  55              	.LVL2:
 170:../Switch/common/boardprofile/bprofile_YT921X_multi_sw_default_demo.c ****     while(yt9215xPortDescp[i].mac_id != INVALID_ID)
  56              		.loc 1 170 5 view .LVU13
  57              		.loc 1 170 10 is_stmt 0 view .LVU14
  58 0014 09E0     		b	.L2
  59              	.LVL3:
  60              	.L3:
 171:../Switch/common/boardprofile/bprofile_YT921X_multi_sw_default_demo.c ****     {
 172:../Switch/common/boardprofile/bprofile_YT921X_multi_sw_default_demo.c ****         yt921xSwDesc[unit].pPortDescp[i] = &yt9215xPortDescp[i];
  61              		.loc 1 172 9 is_stmt 1 view .LVU15
  62              		.loc 1 172 44 is_stmt 0 view .LVU16
  63 0016 514A     		ldr	r2, .L16+8
  64 0018 02EBC302 		add	r2, r2, r3, lsl #3
  65              		.loc 1 172 42 view .LVU17
  66 001c 03F1060C 		add	ip, r3, #6
  67 0020 4D49     		ldr	r1, .L16+4
  68 0022 41F82C20 		str	r2, [r1, ip, lsl #2]
 173:../Switch/common/boardprofile/bprofile_YT921X_multi_sw_default_demo.c ****         i++;
  69              		.loc 1 173 9 is_stmt 1 view .LVU18
  70              		.loc 1 173 10 is_stmt 0 view .LVU19
  71 0026 0133     		adds	r3, r3, #1
  72              	.LVL4:
  73              		.loc 1 173 10 view .LVU20
  74 0028 DBB2     		uxtb	r3, r3
  75              	.LVL5:
  76              	.L2:
 170:../Switch/common/boardprofile/bprofile_YT921X_multi_sw_default_demo.c ****     while(yt9215xPortDescp[i].mac_id != INVALID_ID)
  77              		.loc 1 170 38 is_stmt 1 view .LVU21
 170:../Switch/common/boardprofile/bprofile_YT921X_multi_sw_default_demo.c ****     while(yt9215xPortDescp[i].mac_id != INVALID_ID)
  78              		.loc 1 170 30 is_stmt 0 view .LVU22
  79 002a 4C4A     		ldr	r2, .L16+8
  80 002c 12F83320 		ldrb	r2, [r2, r3, lsl #3]	@ zero_extendqisi2
 170:../Switch/common/boardprofile/bprofile_YT921X_multi_sw_default_demo.c ****     while(yt9215xPortDescp[i].mac_id != INVALID_ID)
  81              		.loc 1 170 38 view .LVU23
  82 0030 FF2A     		cmp	r2, #255
  83 0032 F0D1     		bne	.L3
 174:../Switch/common/boardprofile/bprofile_YT921X_multi_sw_default_demo.c ****     }
 175:../Switch/common/boardprofile/bprofile_YT921X_multi_sw_default_demo.c ****     yt921xSwDesc[unit].port_num = i;
  84              		.loc 1 175 5 is_stmt 1 view .LVU24
  85              		.loc 1 175 33 is_stmt 0 view .LVU25
  86 0034 484A     		ldr	r2, .L16+4
  87 0036 1375     		strb	r3, [r2, #20]
 176:../Switch/common/boardprofile/bprofile_YT921X_multi_sw_default_demo.c **** 
 177:../Switch/common/boardprofile/bprofile_YT921X_multi_sw_default_demo.c ****     i = 0;
  88              		.loc 1 177 5 is_stmt 1 view .LVU26
  89              	.LVL6:
 178:../Switch/common/boardprofile/bprofile_YT921X_multi_sw_default_demo.c ****     while(yt9215xPhyDescp[i].phy_index != INVALID_ID)
  90              		.loc 1 178 5 view .LVU27
 177:../Switch/common/boardprofile/bprofile_YT921X_multi_sw_default_demo.c ****     while(yt9215xPhyDescp[i].phy_index != INVALID_ID)
  91              		.loc 1 177 7 is_stmt 0 view .LVU28
  92 0038 0023     		movs	r3, #0
  93              		.loc 1 178 10 view .LVU29
  94 003a 09E0     		b	.L4
  95              	.LVL7:
  96              	.L5:
 179:../Switch/common/boardprofile/bprofile_YT921X_multi_sw_default_demo.c ****     {
 180:../Switch/common/boardprofile/bprofile_YT921X_multi_sw_default_demo.c ****         yt921xSwDesc[unit].pPhyDescp[i] = &yt9215xPhyDescp[i];
  97              		.loc 1 180 9 is_stmt 1 view .LVU30
  98              		.loc 1 180 43 is_stmt 0 view .LVU31
  99 003c 484A     		ldr	r2, .L16+12
 100 003e 02EB8302 		add	r2, r2, r3, lsl #2
 101              		.loc 1 180 41 view .LVU32
 102 0042 03F1260C 		add	ip, r3, #38
 103 0046 4449     		ldr	r1, .L16+4
 104 0048 41F82C20 		str	r2, [r1, ip, lsl #2]
 181:../Switch/common/boardprofile/bprofile_YT921X_multi_sw_default_demo.c ****         i++;
 105              		.loc 1 181 9 is_stmt 1 view .LVU33
 106              		.loc 1 181 10 is_stmt 0 view .LVU34
 107 004c 0133     		adds	r3, r3, #1
 108              	.LVL8:
 109              		.loc 1 181 10 view .LVU35
 110 004e DBB2     		uxtb	r3, r3
 111              	.LVL9:
 112              	.L4:
 178:../Switch/common/boardprofile/bprofile_YT921X_multi_sw_default_demo.c ****     {
 113              		.loc 1 178 40 is_stmt 1 view .LVU36
 178:../Switch/common/boardprofile/bprofile_YT921X_multi_sw_default_demo.c ****     {
 114              		.loc 1 178 29 is_stmt 0 view .LVU37
 115 0050 434A     		ldr	r2, .L16+12
 116 0052 12F82320 		ldrb	r2, [r2, r3, lsl #2]	@ zero_extendqisi2
 178:../Switch/common/boardprofile/bprofile_YT921X_multi_sw_default_demo.c ****     {
 117              		.loc 1 178 40 view .LVU38
 118 0056 FF2A     		cmp	r2, #255
 119 0058 F0D1     		bne	.L5
 182:../Switch/common/boardprofile/bprofile_YT921X_multi_sw_default_demo.c ****     }
 183:../Switch/common/boardprofile/bprofile_YT921X_multi_sw_default_demo.c **** 
 184:../Switch/common/boardprofile/bprofile_YT921X_multi_sw_default_demo.c ****     yt9215xLEDParam.remapInfoNum = sizeof(yt9215xRemapInfo)/sizeof(yt_sled_remapInfo_t);
 120              		.loc 1 184 5 is_stmt 1 view .LVU39
 121              		.loc 1 184 34 is_stmt 0 view .LVU40
 122 005a 424B     		ldr	r3, .L16+16
 123              	.LVL10:
 124              		.loc 1 184 34 view .LVU41
 125 005c 1522     		movs	r2, #21
 126 005e 9A70     		strb	r2, [r3, #2]
 185:../Switch/common/boardprofile/bprofile_YT921X_multi_sw_default_demo.c ****     yt921xSwDesc[unit].pLEDDescp = &yt9215xLEDDescp;
 127              		.loc 1 185 5 is_stmt 1 view .LVU42
 128              		.loc 1 185 34 is_stmt 0 view .LVU43
 129 0060 3D4B     		ldr	r3, .L16+4
 130 0062 414A     		ldr	r2, .L16+20
 131 0064 C3F8A820 		str	r2, [r3, #168]
 186:../Switch/common/boardprofile/bprofile_YT921X_multi_sw_default_demo.c **** 
 187:../Switch/common/boardprofile/bprofile_YT921X_multi_sw_default_demo.c **** 
 188:../Switch/common/boardprofile/bprofile_YT921X_multi_sw_default_demo.c ****     /* default unit1: 9218x, modified according to the actual situation */
 189:../Switch/common/boardprofile/bprofile_YT921X_multi_sw_default_demo.c ****     unit = 1;
 132              		.loc 1 189 5 is_stmt 1 view .LVU44
 133              	.LVL11:
 190:../Switch/common/boardprofile/bprofile_YT921X_multi_sw_default_demo.c ****     yt921xSwDesc[unit].chip_id = YT_SW_ID_9218;
 134              		.loc 1 190 5 view .LVU45
 135              		.loc 1 190 32 is_stmt 0 view .LVU46
 136 0068 49F20102 		movw	r2, #36865
 137 006c A3F8B420 		strh	r2, [r3, #180]	@ movhi
 191:../Switch/common/boardprofile/bprofile_YT921X_multi_sw_default_demo.c ****     yt921xSwDesc[unit].chip_model = YT_SW_MODEL_9218;
 138              		.loc 1 191 5 is_stmt 1 view .LVU47
 139              		.loc 1 191 35 is_stmt 0 view .LVU48
 140 0070 0122     		movs	r2, #1
 141 0072 83F8B620 		strb	r2, [r3, #182]
 192:../Switch/common/boardprofile/bprofile_YT921X_multi_sw_default_demo.c **** 
 193:../Switch/common/boardprofile/bprofile_YT921X_multi_sw_default_demo.c ****     i = 0;
 142              		.loc 1 193 5 is_stmt 1 view .LVU49
 143              	.LVL12:
 194:../Switch/common/boardprofile/bprofile_YT921X_multi_sw_default_demo.c ****     while(yt9218xPortDescp[i].mac_id != INVALID_ID)
 144              		.loc 1 194 5 view .LVU50
 193:../Switch/common/boardprofile/bprofile_YT921X_multi_sw_default_demo.c ****     while(yt9218xPortDescp[i].mac_id != INVALID_ID)
 145              		.loc 1 193 7 is_stmt 0 view .LVU51
 146 0076 0023     		movs	r3, #0
 147              		.loc 1 194 10 view .LVU52
 148 0078 09E0     		b	.L6
 149              	.LVL13:
 150              	.L7:
 195:../Switch/common/boardprofile/bprofile_YT921X_multi_sw_default_demo.c ****     {
 196:../Switch/common/boardprofile/bprofile_YT921X_multi_sw_default_demo.c ****         yt921xSwDesc[unit].pPortDescp[i] = &yt9218xPortDescp[i];
 151              		.loc 1 196 9 is_stmt 1 view .LVU53
 152              		.loc 1 196 44 is_stmt 0 view .LVU54
 153 007a 3C4A     		ldr	r2, .L16+24
 154 007c 02EBC302 		add	r2, r2, r3, lsl #3
 155              		.loc 1 196 42 view .LVU55
 156 0080 03F1330C 		add	ip, r3, #51
 157 0084 3449     		ldr	r1, .L16+4
 158 0086 41F82C20 		str	r2, [r1, ip, lsl #2]
 197:../Switch/common/boardprofile/bprofile_YT921X_multi_sw_default_demo.c ****         i++;
 159              		.loc 1 197 9 is_stmt 1 view .LVU56
 160              		.loc 1 197 10 is_stmt 0 view .LVU57
 161 008a 0133     		adds	r3, r3, #1
 162              	.LVL14:
 163              		.loc 1 197 10 view .LVU58
 164 008c DBB2     		uxtb	r3, r3
 165              	.LVL15:
 166              	.L6:
 194:../Switch/common/boardprofile/bprofile_YT921X_multi_sw_default_demo.c ****     {
 167              		.loc 1 194 38 is_stmt 1 view .LVU59
 194:../Switch/common/boardprofile/bprofile_YT921X_multi_sw_default_demo.c ****     {
 168              		.loc 1 194 30 is_stmt 0 view .LVU60
 169 008e 374A     		ldr	r2, .L16+24
 170 0090 12F83320 		ldrb	r2, [r2, r3, lsl #3]	@ zero_extendqisi2
 194:../Switch/common/boardprofile/bprofile_YT921X_multi_sw_default_demo.c ****     {
 171              		.loc 1 194 38 view .LVU61
 172 0094 FF2A     		cmp	r2, #255
 173 0096 F0D1     		bne	.L7
 198:../Switch/common/boardprofile/bprofile_YT921X_multi_sw_default_demo.c ****     }
 199:../Switch/common/boardprofile/bprofile_YT921X_multi_sw_default_demo.c ****     yt921xSwDesc[unit].port_num = i;
 174              		.loc 1 199 5 is_stmt 1 view .LVU62
 175              		.loc 1 199 33 is_stmt 0 view .LVU63
 176 0098 2F4A     		ldr	r2, .L16+4
 177 009a 82F8C830 		strb	r3, [r2, #200]
 200:../Switch/common/boardprofile/bprofile_YT921X_multi_sw_default_demo.c **** 
 201:../Switch/common/boardprofile/bprofile_YT921X_multi_sw_default_demo.c ****     i = 0;
 178              		.loc 1 201 5 is_stmt 1 view .LVU64
 179              	.LVL16:
 202:../Switch/common/boardprofile/bprofile_YT921X_multi_sw_default_demo.c ****     while(yt9218xPhyDescp[i].phy_index != INVALID_ID)
 180              		.loc 1 202 5 view .LVU65
 201:../Switch/common/boardprofile/bprofile_YT921X_multi_sw_default_demo.c ****     while(yt9218xPhyDescp[i].phy_index != INVALID_ID)
 181              		.loc 1 201 7 is_stmt 0 view .LVU66
 182 009e 0023     		movs	r3, #0
 183              		.loc 1 202 10 view .LVU67
 184 00a0 09E0     		b	.L8
 185              	.LVL17:
 186              	.L9:
 203:../Switch/common/boardprofile/bprofile_YT921X_multi_sw_default_demo.c ****     {
 204:../Switch/common/boardprofile/bprofile_YT921X_multi_sw_default_demo.c ****         yt921xSwDesc[unit].pPhyDescp[i] = &yt9218xPhyDescp[i];
 187              		.loc 1 204 9 is_stmt 1 view .LVU68
 188              		.loc 1 204 43 is_stmt 0 view .LVU69
 189 00a2 334A     		ldr	r2, .L16+28
 190 00a4 02EB8302 		add	r2, r2, r3, lsl #2
 191              		.loc 1 204 41 view .LVU70
 192 00a8 03F1530C 		add	ip, r3, #83
 193 00ac 2A49     		ldr	r1, .L16+4
 194 00ae 41F82C20 		str	r2, [r1, ip, lsl #2]
 205:../Switch/common/boardprofile/bprofile_YT921X_multi_sw_default_demo.c ****         i++;
 195              		.loc 1 205 9 is_stmt 1 view .LVU71
 196              		.loc 1 205 10 is_stmt 0 view .LVU72
 197 00b2 0133     		adds	r3, r3, #1
 198              	.LVL18:
 199              		.loc 1 205 10 view .LVU73
 200 00b4 DBB2     		uxtb	r3, r3
 201              	.LVL19:
 202              	.L8:
 202:../Switch/common/boardprofile/bprofile_YT921X_multi_sw_default_demo.c ****     {
 203              		.loc 1 202 40 is_stmt 1 view .LVU74
 202:../Switch/common/boardprofile/bprofile_YT921X_multi_sw_default_demo.c ****     {
 204              		.loc 1 202 29 is_stmt 0 view .LVU75
 205 00b6 2E4A     		ldr	r2, .L16+28
 206 00b8 12F82320 		ldrb	r2, [r2, r3, lsl #2]	@ zero_extendqisi2
 202:../Switch/common/boardprofile/bprofile_YT921X_multi_sw_default_demo.c ****     {
 207              		.loc 1 202 40 view .LVU76
 208 00bc FF2A     		cmp	r2, #255
 209 00be F0D1     		bne	.L9
 206:../Switch/common/boardprofile/bprofile_YT921X_multi_sw_default_demo.c ****     }
 207:../Switch/common/boardprofile/bprofile_YT921X_multi_sw_default_demo.c **** 
 208:../Switch/common/boardprofile/bprofile_YT921X_multi_sw_default_demo.c ****     yt9218xLEDParam.remapInfoNum = sizeof(yt9218xRemapInfo)/sizeof(yt_sled_remapInfo_t);
 210              		.loc 1 208 5 is_stmt 1 view .LVU77
 211              		.loc 1 208 34 is_stmt 0 view .LVU78
 212 00c0 2C4B     		ldr	r3, .L16+32
 213              	.LVL20:
 214              		.loc 1 208 34 view .LVU79
 215 00c2 1E22     		movs	r2, #30
 216 00c4 9A70     		strb	r2, [r3, #2]
 209:../Switch/common/boardprofile/bprofile_YT921X_multi_sw_default_demo.c ****     yt921xSwDesc[unit].pLEDDescp = &yt9218xLEDDescp;
 217              		.loc 1 209 5 is_stmt 1 view .LVU80
 218              		.loc 1 209 34 is_stmt 0 view .LVU81
 219 00c6 244A     		ldr	r2, .L16+4
 220 00c8 2B4B     		ldr	r3, .L16+36
 221 00ca C2F85C31 		str	r3, [r2, #348]
 210:../Switch/common/boardprofile/bprofile_YT921X_multi_sw_default_demo.c **** 
 211:../Switch/common/boardprofile/bprofile_YT921X_multi_sw_default_demo.c ****     /* default unit2: 9214x, modified according to the actual situation */
 212:../Switch/common/boardprofile/bprofile_YT921X_multi_sw_default_demo.c ****     unit = 2;
 222              		.loc 1 212 5 is_stmt 1 view .LVU82
 223              	.LVL21:
 213:../Switch/common/boardprofile/bprofile_YT921X_multi_sw_default_demo.c ****     yt921xSwDesc[unit].chip_id = YT_SW_ID_9215;
 224              		.loc 1 213 5 view .LVU83
 225              		.loc 1 213 32 is_stmt 0 view .LVU84
 226 00ce 49F20203 		movw	r3, #36866
 227 00d2 A2F86831 		strh	r3, [r2, #360]	@ movhi
 214:../Switch/common/boardprofile/bprofile_YT921X_multi_sw_default_demo.c ****     yt921xSwDesc[unit].chip_model = YT_SW_MODEL_9215;
 228              		.loc 1 214 5 is_stmt 1 view .LVU85
 229              		.loc 1 214 35 is_stmt 0 view .LVU86
 230 00d6 0023     		movs	r3, #0
 231 00d8 82F86A31 		strb	r3, [r2, #362]
 215:../Switch/common/boardprofile/bprofile_YT921X_multi_sw_default_demo.c **** 
 216:../Switch/common/boardprofile/bprofile_YT921X_multi_sw_default_demo.c ****     i = 0;
 232              		.loc 1 216 5 is_stmt 1 view .LVU87
 233              	.LVL22:
 217:../Switch/common/boardprofile/bprofile_YT921X_multi_sw_default_demo.c ****     while(yt9214xPortDescp[i].mac_id != INVALID_ID)
 234              		.loc 1 217 5 view .LVU88
 235              		.loc 1 217 10 is_stmt 0 view .LVU89
 236 00dc 09E0     		b	.L10
 237              	.LVL23:
 238              	.L11:
 218:../Switch/common/boardprofile/bprofile_YT921X_multi_sw_default_demo.c ****     {
 219:../Switch/common/boardprofile/bprofile_YT921X_multi_sw_default_demo.c ****         yt921xSwDesc[unit].pPortDescp[i] = &yt9214xPortDescp[i];
 239              		.loc 1 219 9 is_stmt 1 view .LVU90
 240              		.loc 1 219 44 is_stmt 0 view .LVU91
 241 00de 274A     		ldr	r2, .L16+40
 242 00e0 02EBC302 		add	r2, r2, r3, lsl #3
 243              		.loc 1 219 42 view .LVU92
 244 00e4 03F1600C 		add	ip, r3, #96
 245 00e8 1B49     		ldr	r1, .L16+4
 246 00ea 41F82C20 		str	r2, [r1, ip, lsl #2]
 220:../Switch/common/boardprofile/bprofile_YT921X_multi_sw_default_demo.c ****         i++;
 247              		.loc 1 220 9 is_stmt 1 view .LVU93
 248              		.loc 1 220 10 is_stmt 0 view .LVU94
 249 00ee 0133     		adds	r3, r3, #1
 250              	.LVL24:
 251              		.loc 1 220 10 view .LVU95
 252 00f0 DBB2     		uxtb	r3, r3
 253              	.LVL25:
 254              	.L10:
 217:../Switch/common/boardprofile/bprofile_YT921X_multi_sw_default_demo.c ****     while(yt9214xPortDescp[i].mac_id != INVALID_ID)
 255              		.loc 1 217 38 is_stmt 1 view .LVU96
 217:../Switch/common/boardprofile/bprofile_YT921X_multi_sw_default_demo.c ****     while(yt9214xPortDescp[i].mac_id != INVALID_ID)
 256              		.loc 1 217 30 is_stmt 0 view .LVU97
 257 00f2 224A     		ldr	r2, .L16+40
 258 00f4 12F83320 		ldrb	r2, [r2, r3, lsl #3]	@ zero_extendqisi2
 217:../Switch/common/boardprofile/bprofile_YT921X_multi_sw_default_demo.c ****     while(yt9214xPortDescp[i].mac_id != INVALID_ID)
 259              		.loc 1 217 38 view .LVU98
 260 00f8 FF2A     		cmp	r2, #255
 261 00fa F0D1     		bne	.L11
 221:../Switch/common/boardprofile/bprofile_YT921X_multi_sw_default_demo.c ****     }
 222:../Switch/common/boardprofile/bprofile_YT921X_multi_sw_default_demo.c ****     yt921xSwDesc[unit].port_num = i;
 262              		.loc 1 222 5 is_stmt 1 view .LVU99
 263              		.loc 1 222 33 is_stmt 0 view .LVU100
 264 00fc 164A     		ldr	r2, .L16+4
 265 00fe 82F87C31 		strb	r3, [r2, #380]
 223:../Switch/common/boardprofile/bprofile_YT921X_multi_sw_default_demo.c **** 
 224:../Switch/common/boardprofile/bprofile_YT921X_multi_sw_default_demo.c ****     i = 0;
 266              		.loc 1 224 5 is_stmt 1 view .LVU101
 267              	.LVL26:
 225:../Switch/common/boardprofile/bprofile_YT921X_multi_sw_default_demo.c ****     while(yt9214xPhyDescp[i].phy_index != INVALID_ID)
 268              		.loc 1 225 5 view .LVU102
 224:../Switch/common/boardprofile/bprofile_YT921X_multi_sw_default_demo.c ****     while(yt9214xPhyDescp[i].phy_index != INVALID_ID)
 269              		.loc 1 224 7 is_stmt 0 view .LVU103
 270 0102 0023     		movs	r3, #0
 271              		.loc 1 225 10 view .LVU104
 272 0104 09E0     		b	.L12
 273              	.LVL27:
 274              	.L13:
 226:../Switch/common/boardprofile/bprofile_YT921X_multi_sw_default_demo.c ****     {
 227:../Switch/common/boardprofile/bprofile_YT921X_multi_sw_default_demo.c ****         yt921xSwDesc[unit].pPhyDescp[i] = &yt9214xPhyDescp[i];
 275              		.loc 1 227 9 is_stmt 1 view .LVU105
 276              		.loc 1 227 43 is_stmt 0 view .LVU106
 277 0106 1E4A     		ldr	r2, .L16+44
 278 0108 02EB8302 		add	r2, r2, r3, lsl #2
 279              		.loc 1 227 41 view .LVU107
 280 010c 03F1800C 		add	ip, r3, #128
 281 0110 1149     		ldr	r1, .L16+4
 282 0112 41F82C20 		str	r2, [r1, ip, lsl #2]
 228:../Switch/common/boardprofile/bprofile_YT921X_multi_sw_default_demo.c ****         i++;
 283              		.loc 1 228 9 is_stmt 1 view .LVU108
 284              		.loc 1 228 10 is_stmt 0 view .LVU109
 285 0116 0133     		adds	r3, r3, #1
 286              	.LVL28:
 287              		.loc 1 228 10 view .LVU110
 288 0118 DBB2     		uxtb	r3, r3
 289              	.LVL29:
 290              	.L12:
 225:../Switch/common/boardprofile/bprofile_YT921X_multi_sw_default_demo.c ****     {
 291              		.loc 1 225 40 is_stmt 1 view .LVU111
 225:../Switch/common/boardprofile/bprofile_YT921X_multi_sw_default_demo.c ****     {
 292              		.loc 1 225 29 is_stmt 0 view .LVU112
 293 011a 194A     		ldr	r2, .L16+44
 294 011c 12F82320 		ldrb	r2, [r2, r3, lsl #2]	@ zero_extendqisi2
 225:../Switch/common/boardprofile/bprofile_YT921X_multi_sw_default_demo.c ****     {
 295              		.loc 1 225 40 view .LVU113
 296 0120 FF2A     		cmp	r2, #255
 297 0122 F0D1     		bne	.L13
 229:../Switch/common/boardprofile/bprofile_YT921X_multi_sw_default_demo.c ****     }
 230:../Switch/common/boardprofile/bprofile_YT921X_multi_sw_default_demo.c **** 
 231:../Switch/common/boardprofile/bprofile_YT921X_multi_sw_default_demo.c ****     yt9214xLEDParam.remapInfoNum = sizeof(yt9214xRemapInfo)/sizeof(yt_sled_remapInfo_t);
 298              		.loc 1 231 5 is_stmt 1 view .LVU114
 299              		.loc 1 231 34 is_stmt 0 view .LVU115
 300 0124 174B     		ldr	r3, .L16+48
 301              	.LVL30:
 302              		.loc 1 231 34 view .LVU116
 303 0126 1522     		movs	r2, #21
 304 0128 9A70     		strb	r2, [r3, #2]
 232:../Switch/common/boardprofile/bprofile_YT921X_multi_sw_default_demo.c ****     yt921xSwDesc[unit].pLEDDescp = &yt9214xLEDDescp;
 305              		.loc 1 232 5 is_stmt 1 view .LVU117
 306              		.loc 1 232 34 is_stmt 0 view .LVU118
 307 012a 0B4B     		ldr	r3, .L16+4
 308 012c 164A     		ldr	r2, .L16+52
 309 012e C3F81022 		str	r2, [r3, #528]
 233:../Switch/common/boardprofile/bprofile_YT921X_multi_sw_default_demo.c **** 
 234:../Switch/common/boardprofile/bprofile_YT921X_multi_sw_default_demo.c **** 
 235:../Switch/common/boardprofile/bprofile_YT921X_multi_sw_default_demo.c ****     for (unit = 0; unit < YT_MAX_UNIT; unit++)
 310              		.loc 1 235 5 is_stmt 1 view .LVU119
 311              	.LVL31:
 312              		.loc 1 235 15 is_stmt 0 view .LVU120
 313 0132 0023     		movs	r3, #0
 314              		.loc 1 235 5 view .LVU121
 315 0134 09E0     		b	.L14
 316              	.LVL32:
 317              	.L15:
 236:../Switch/common/boardprofile/bprofile_YT921X_multi_sw_default_demo.c ****     {
 237:../Switch/common/boardprofile/bprofile_YT921X_multi_sw_default_demo.c ****         hwprofile_info->pSwDescp[unit] = &yt921xSwDesc[unit];
 318              		.loc 1 237 9 is_stmt 1 discriminator 3 view .LVU122
 319              		.loc 1 237 42 is_stmt 0 discriminator 3 view .LVU123
 320 0136 B422     		movs	r2, #180
 321 0138 0749     		ldr	r1, .L16+4
 322 013a 02FB0311 		mla	r1, r2, r3, r1
 323              		.loc 1 237 40 discriminator 3 view .LVU124
 324 013e 9A1C     		adds	r2, r3, #2
 325 0140 00EB8202 		add	r2, r0, r2, lsl #2
 326 0144 5160     		str	r1, [r2, #4]
 235:../Switch/common/boardprofile/bprofile_YT921X_multi_sw_default_demo.c ****     {
 327              		.loc 1 235 44 is_stmt 1 discriminator 3 view .LVU125
 328 0146 0133     		adds	r3, r3, #1
 329              	.LVL33:
 235:../Switch/common/boardprofile/bprofile_YT921X_multi_sw_default_demo.c ****     {
 330              		.loc 1 235 44 is_stmt 0 discriminator 3 view .LVU126
 331 0148 DBB2     		uxtb	r3, r3
 332              	.LVL34:
 333              	.L14:
 235:../Switch/common/boardprofile/bprofile_YT921X_multi_sw_default_demo.c ****     {
 334              		.loc 1 235 25 is_stmt 1 discriminator 1 view .LVU127
 335 014a 022B     		cmp	r3, #2
 336 014c F3D9     		bls	.L15
 238:../Switch/common/boardprofile/bprofile_YT921X_multi_sw_default_demo.c ****     }
 239:../Switch/common/boardprofile/bprofile_YT921X_multi_sw_default_demo.c **** 
 240:../Switch/common/boardprofile/bprofile_YT921X_multi_sw_default_demo.c ****     return CMM_ERR_OK;
 337              		.loc 1 240 5 view .LVU128
 241:../Switch/common/boardprofile/bprofile_YT921X_multi_sw_default_demo.c **** }
 338              		.loc 1 241 1 is_stmt 0 view .LVU129
 339 014e 0020     		movs	r0, #0
 340              	.LVL35:
 341              		.loc 1 241 1 view .LVU130
 342 0150 7047     		bx	lr
 343              	.L17:
 344 0152 00BF     		.align	2
 345              	.L16:
 346 0154 00000000 		.word	yt921xProfileIdentifier
 347 0158 00000000 		.word	yt921xSwDesc
 348 015c 00000000 		.word	yt9215xPortDescp
 349 0160 00000000 		.word	yt9215xPhyDescp
 350 0164 00000000 		.word	yt9215xLEDParam
 351 0168 00000000 		.word	yt9215xLEDDescp
 352 016c 00000000 		.word	yt9218xPortDescp
 353 0170 00000000 		.word	yt9218xPhyDescp
 354 0174 00000000 		.word	yt9218xLEDParam
 355 0178 00000000 		.word	yt9218xLEDDescp
 356 017c 00000000 		.word	yt9214xPortDescp
 357 0180 00000000 		.word	yt9214xPhyDescp
 358 0184 00000000 		.word	yt9214xLEDParam
 359 0188 00000000 		.word	yt9214xLEDDescp
 360              		.cfi_endproc
 361              	.LFE3:
 363              		.global	yt921x_multi_sw_default_demo
 364              		.section	.rodata.yt921x_multi_sw_default_demo,"a"
 365              		.align	2
 368              	yt921x_multi_sw_default_demo:
 369 0000 00000000 		.word	yt921xProfileIdentifier
 370 0004 00000000 		.word	cal_profile_yt921x_multi_sw_init
 371              		.global	yt9214xLEDDescp
 372              		.section	.rodata.yt9214xLEDDescp,"a"
 373              		.align	2
 376              	yt9214xLEDDescp:
 377 0000 00       		.byte	0
 378 0001 000000   		.space	3
 379 0004 00000000 		.word	yt9214xLEDParam
 380              		.global	yt9214xLEDParam
 381              		.section	.data.yt9214xLEDParam,"aw"
 382              		.align	2
 385              	yt9214xLEDParam:
 386 0000 01       		.byte	1
 387 0001 05       		.byte	5
 388 0002 00       		.byte	0
 389 0003 00       		.space	1
 390 0004 00000000 		.word	yt9214xRemapInfo
 391              		.global	yt9214xRemapInfo
 392              		.section	.rodata.yt9214xRemapInfo,"a"
 393              		.align	2
 396              	yt9214xRemapInfo:
 397 0000 46       		.byte	70
 398 0001 04       		.byte	4
 399 0002 45       		.byte	69
 400 0003 03       		.byte	3
 401 0004 02       		.byte	2
 402 0005 01       		.byte	1
 403 0006 00       		.byte	0
 404 0007 06       		.byte	6
 405 0008 05       		.byte	5
 406 0009 44       		.byte	68
 407 000a 43       		.byte	67
 408 000b 42       		.byte	66
 409 000c 41       		.byte	65
 410 000d 40       		.byte	64
 411 000e 86       		.byte	134
 412 000f 85       		.byte	133
 413 0010 84       		.byte	132
 414 0011 83       		.byte	131
 415 0012 82       		.byte	130
 416 0013 81       		.byte	129
 417 0014 80       		.byte	128
 418              		.global	yt9218xLEDDescp
 419              		.section	.rodata.yt9218xLEDDescp,"a"
 420              		.align	2
 423              	yt9218xLEDDescp:
 424 0000 02       		.byte	2
 425 0001 000000   		.space	3
 426 0004 00000000 		.word	yt9218xLEDParam
 427              		.global	yt9218xLEDParam
 428              		.section	.data.yt9218xLEDParam,"aw"
 429              		.align	2
 432              	yt9218xLEDParam:
 433 0000 01       		.byte	1
 434 0001 08       		.byte	8
 435 0002 00       		.byte	0
 436 0003 00       		.space	1
 437 0004 00000000 		.word	yt9218xRemapInfo
 438              		.global	yt9218xRemapInfo
 439              		.section	.rodata.yt9218xRemapInfo,"a"
 440              		.align	2
 443              	yt9218xRemapInfo:
 444 0000 09       		.byte	9
 445 0001 08       		.byte	8
 446 0002 07       		.byte	7
 447 0003 06       		.byte	6
 448 0004 05       		.byte	5
 449 0005 04       		.byte	4
 450 0006 03       		.byte	3
 451 0007 02       		.byte	2
 452 0008 01       		.byte	1
 453 0009 00       		.byte	0
 454 000a 49       		.byte	73
 455 000b 48       		.byte	72
 456 000c 47       		.byte	71
 457 000d 46       		.byte	70
 458 000e 45       		.byte	69
 459 000f 44       		.byte	68
 460 0010 43       		.byte	67
 461 0011 42       		.byte	66
 462 0012 41       		.byte	65
 463 0013 40       		.byte	64
 464 0014 89       		.byte	137
 465 0015 88       		.byte	136
 466 0016 87       		.byte	135
 467 0017 86       		.byte	134
 468 0018 85       		.byte	133
 469 0019 84       		.byte	132
 470 001a 83       		.byte	131
 471 001b 82       		.byte	130
 472 001c 81       		.byte	129
 473 001d 80       		.byte	128
 474              		.global	yt9215xLEDDescp
 475              		.section	.rodata.yt9215xLEDDescp,"a"
 476              		.align	2
 479              	yt9215xLEDDescp:
 480 0000 02       		.byte	2
 481 0001 000000   		.space	3
 482 0004 00000000 		.word	yt9215xLEDParam
 483              		.global	yt9215xLEDParam
 484              		.section	.data.yt9215xLEDParam,"aw"
 485              		.align	2
 488              	yt9215xLEDParam:
 489 0000 01       		.byte	1
 490 0001 05       		.byte	5
 491 0002 00       		.byte	0
 492 0003 00       		.space	1
 493 0004 00000000 		.word	yt9215xRemapInfo
 494              		.global	yt9215xRemapInfo
 495              		.section	.rodata.yt9215xRemapInfo,"a"
 496              		.align	2
 499              	yt9215xRemapInfo:
 500 0000 46       		.byte	70
 501 0001 04       		.byte	4
 502 0002 45       		.byte	69
 503 0003 03       		.byte	3
 504 0004 02       		.byte	2
 505 0005 01       		.byte	1
 506 0006 00       		.byte	0
 507 0007 06       		.byte	6
 508 0008 05       		.byte	5
 509 0009 44       		.byte	68
 510 000a 43       		.byte	67
 511 000b 42       		.byte	66
 512 000c 41       		.byte	65
 513 000d 40       		.byte	64
 514 000e 86       		.byte	134
 515 000f 85       		.byte	133
 516 0010 84       		.byte	132
 517 0011 83       		.byte	131
 518 0012 82       		.byte	130
 519 0013 81       		.byte	129
 520 0014 80       		.byte	128
 521              		.global	yt9214xPhyDescp
 522              		.section	.rodata.yt9214xPhyDescp,"a"
 523              		.align	2
 526              	yt9214xPhyDescp:
 527 0000 00       		.byte	0
 528 0001 00       		.byte	0
 529 0002 00       		.byte	0
 530 0003 08       		.byte	8
 531 0004 FF       		.byte	-1
 532 0005 FF       		.byte	-1
 533 0006 FF       		.byte	-1
 534 0007 FF       		.byte	-1
 535              		.global	yt9218xPhyDescp
 536              		.section	.rodata.yt9218xPhyDescp,"a"
 537              		.align	2
 540              	yt9218xPhyDescp:
 541 0000 00       		.byte	0
 542 0001 00       		.byte	0
 543 0002 00       		.byte	0
 544 0003 08       		.byte	8
 545 0004 FF       		.byte	-1
 546 0005 FF       		.byte	-1
 547 0006 FF       		.byte	-1
 548 0007 FF       		.byte	-1
 549              		.global	yt9215xPhyDescp
 550              		.section	.rodata.yt9215xPhyDescp,"a"
 551              		.align	2
 554              	yt9215xPhyDescp:
 555 0000 00       		.byte	0
 556 0001 00       		.byte	0
 557 0002 00       		.byte	0
 558 0003 05       		.byte	5
 559 0004 FF       		.byte	-1
 560 0005 FF       		.byte	-1
 561 0006 FF       		.byte	-1
 562 0007 FF       		.byte	-1
 563              		.global	yt9214xPortDescp
 564              		.section	.rodata.yt9214xPortDescp,"a"
 565              		.align	2
 568              	yt9214xPortDescp:
 569 0000 01       		.byte	1
 570 0001 01       		.byte	1
 571 0002 00       		.byte	0
 572 0003 01       		.byte	1
 573 0004 FF       		.byte	-1
 574 0005 02       		.byte	2
 575 0006 00       		.byte	0
 576 0007 00       		.byte	0
 577 0008 03       		.byte	3
 578 0009 01       		.byte	1
 579 000a 00       		.byte	0
 580 000b 03       		.byte	3
 581 000c FF       		.byte	-1
 582 000d 02       		.byte	2
 583 000e 00       		.byte	0
 584 000f 00       		.byte	0
 585 0010 08       		.byte	8
 586 0011 00       		.byte	0
 587 0012 FF       		.byte	-1
 588 0013 00       		.byte	0
 589 0014 FF       		.byte	-1
 590 0015 02       		.byte	2
 591 0016 00       		.byte	0
 592 0017 01       		.byte	1
 593 0018 09       		.byte	9
 594 0019 00       		.byte	0
 595 001a FF       		.byte	-1
 596 001b 00       		.byte	0
 597 001c FF       		.byte	-1
 598 001d 02       		.byte	2
 599 001e 00       		.byte	0
 600 001f 01       		.byte	1
 601 0020 FF       		.byte	-1
 602 0021 FF       		.byte	-1
 603 0022 FF       		.byte	-1
 604 0023 FF       		.byte	-1
 605 0024 FF       		.byte	-1
 606 0025 FF       		.byte	-1
 607 0026 FF       		.byte	-1
 608 0027 FF       		.byte	-1
 609              		.global	yt9218xPortDescp
 610              		.section	.rodata.yt9218xPortDescp,"a"
 611              		.align	2
 614              	yt9218xPortDescp:
 615 0000 00       		.byte	0
 616 0001 01       		.byte	1
 617 0002 00       		.byte	0
 618 0003 00       		.byte	0
 619 0004 FF       		.byte	-1
 620 0005 02       		.byte	2
 621 0006 00       		.byte	0
 622 0007 00       		.byte	0
 623 0008 01       		.byte	1
 624 0009 01       		.byte	1
 625 000a 00       		.byte	0
 626 000b 01       		.byte	1
 627 000c FF       		.byte	-1
 628 000d 02       		.byte	2
 629 000e 00       		.byte	0
 630 000f 00       		.byte	0
 631 0010 02       		.byte	2
 632 0011 01       		.byte	1
 633 0012 00       		.byte	0
 634 0013 02       		.byte	2
 635 0014 FF       		.byte	-1
 636 0015 02       		.byte	2
 637 0016 00       		.byte	0
 638 0017 00       		.byte	0
 639 0018 03       		.byte	3
 640 0019 01       		.byte	1
 641 001a 00       		.byte	0
 642 001b 03       		.byte	3
 643 001c FF       		.byte	-1
 644 001d 02       		.byte	2
 645 001e 00       		.byte	0
 646 001f 00       		.byte	0
 647 0020 04       		.byte	4
 648 0021 01       		.byte	1
 649 0022 00       		.byte	0
 650 0023 04       		.byte	4
 651 0024 FF       		.byte	-1
 652 0025 02       		.byte	2
 653 0026 00       		.byte	0
 654 0027 00       		.byte	0
 655 0028 05       		.byte	5
 656 0029 01       		.byte	1
 657 002a 00       		.byte	0
 658 002b 05       		.byte	5
 659 002c FF       		.byte	-1
 660 002d 02       		.byte	2
 661 002e 00       		.byte	0
 662 002f 00       		.byte	0
 663 0030 06       		.byte	6
 664 0031 01       		.byte	1
 665 0032 00       		.byte	0
 666 0033 06       		.byte	6
 667 0034 FF       		.byte	-1
 668 0035 02       		.byte	2
 669 0036 00       		.byte	0
 670 0037 00       		.byte	0
 671 0038 07       		.byte	7
 672 0039 01       		.byte	1
 673 003a 00       		.byte	0
 674 003b 07       		.byte	7
 675 003c FF       		.byte	-1
 676 003d 02       		.byte	2
 677 003e 00       		.byte	0
 678 003f 00       		.byte	0
 679 0040 08       		.byte	8
 680 0041 00       		.byte	0
 681 0042 FF       		.byte	-1
 682 0043 08       		.byte	8
 683 0044 00       		.byte	0
 684 0045 02       		.byte	2
 685 0046 00       		.byte	0
 686 0047 01       		.byte	1
 687 0048 09       		.byte	9
 688 0049 00       		.byte	0
 689 004a FF       		.byte	-1
 690 004b 09       		.byte	9
 691 004c 00       		.byte	0
 692 004d 02       		.byte	2
 693 004e 00       		.byte	0
 694 004f 01       		.byte	1
 695 0050 FF       		.byte	-1
 696 0051 FF       		.byte	-1
 697 0052 FF       		.byte	-1
 698 0053 FF       		.byte	-1
 699 0054 FF       		.byte	-1
 700 0055 FF       		.byte	-1
 701 0056 FF       		.byte	-1
 702 0057 FF       		.byte	-1
 703              		.global	yt9215xPortDescp
 704              		.section	.rodata.yt9215xPortDescp,"a"
 705              		.align	2
 708              	yt9215xPortDescp:
 709 0000 00       		.byte	0
 710 0001 01       		.byte	1
 711 0002 00       		.byte	0
 712 0003 00       		.byte	0
 713 0004 FF       		.byte	-1
 714 0005 02       		.byte	2
 715 0006 00       		.byte	0
 716 0007 00       		.byte	0
 717 0008 01       		.byte	1
 718 0009 01       		.byte	1
 719 000a 00       		.byte	0
 720 000b 01       		.byte	1
 721 000c FF       		.byte	-1
 722 000d 02       		.byte	2
 723 000e 00       		.byte	0
 724 000f 00       		.byte	0
 725 0010 02       		.byte	2
 726 0011 01       		.byte	1
 727 0012 00       		.byte	0
 728 0013 02       		.byte	2
 729 0014 FF       		.byte	-1
 730 0015 02       		.byte	2
 731 0016 00       		.byte	0
 732 0017 00       		.byte	0
 733 0018 03       		.byte	3
 734 0019 01       		.byte	1
 735 001a 00       		.byte	0
 736 001b 03       		.byte	3
 737 001c FF       		.byte	-1
 738 001d 02       		.byte	2
 739 001e 00       		.byte	0
 740 001f 00       		.byte	0
 741 0020 04       		.byte	4
 742 0021 01       		.byte	1
 743 0022 00       		.byte	0
 744 0023 04       		.byte	4
 745 0024 FF       		.byte	-1
 746 0025 02       		.byte	2
 747 0026 00       		.byte	0
 748 0027 00       		.byte	0
 749 0028 08       		.byte	8
 750 0029 00       		.byte	0
 751 002a FF       		.byte	-1
 752 002b 08       		.byte	8
 753 002c 00       		.byte	0
 754 002d 02       		.byte	2
 755 002e 00       		.byte	0
 756 002f 01       		.byte	1
 757 0030 09       		.byte	9
 758 0031 00       		.byte	0
 759 0032 FF       		.byte	-1
 760 0033 09       		.byte	9
 761 0034 00       		.byte	0
 762 0035 02       		.byte	2
 763 0036 00       		.byte	0
 764 0037 01       		.byte	1
 765 0038 FF       		.byte	-1
 766 0039 FF       		.byte	-1
 767 003a FF       		.byte	-1
 768 003b FF       		.byte	-1
 769 003c FF       		.byte	-1
 770 003d FF       		.byte	-1
 771 003e FF       		.byte	-1
 772 003f FF       		.byte	-1
 773              		.global	yt921xProfileIdentifier
 774              		.section	.rodata.yt921xProfileIdentifier,"a"
 775              		.align	2
 778              	yt921xProfileIdentifier:
 779 0000 C4670100 		.word	92100
 780 0004 59543932 		.ascii	"YT921X Multiple Switch Demo\000"
 780      3158204D 
 780      756C7469 
 780      706C6520 
 780      53776974 
 781 0020 00000000 		.space	4
 782              		.global	yt921xSwDesc
 783              		.section	.bss.yt921xSwDesc,"aw",%nobits
 784              		.align	2
 787              	yt921xSwDesc:
 788 0000 00000000 		.space	540
 788      00000000 
 788      00000000 
 788      00000000 
 788      00000000 
 789              		.text
 790              	.Letext0:
 791              		.file 2 "C:\\Users\\Dmitriy\\Desktop\\GD32F10x\\Switch\\common\\include/yt_types.h"
 792              		.file 3 "C:\\Users\\Dmitriy\\Desktop\\GD32F10x\\Switch\\core\\fal\\chipdef/chipdef.h"
 793              		.file 4 "C:\\Users\\Dmitriy\\Desktop\\GD32F10x\\Switch\\core\\drv\\phy/phy_chipdef.h"
 794              		.file 5 "C:\\Users\\Dmitriy\\Desktop\\GD32F10x\\Switch\\core\\cal/cal_bprofile.h"
 795              		.file 6 "C:\\Users\\Dmitriy\\Desktop\\GD32F10x\\Switch\\common\\include/yt_error.h"
DEFINED SYMBOLS
                            *ABS*:00000000 bprofile_YT921X_multi_sw_default_demo.c
C:\Users\Dmitriy\AppData\Local\Temp\ccT92Hby.s:19     .text.cal_profile_yt921x_multi_sw_init:00000000 $t
C:\Users\Dmitriy\AppData\Local\Temp\ccT92Hby.s:25     .text.cal_profile_yt921x_multi_sw_init:00000000 cal_profile_yt921x_multi_sw_init
C:\Users\Dmitriy\AppData\Local\Temp\ccT92Hby.s:346    .text.cal_profile_yt921x_multi_sw_init:00000154 $d
C:\Users\Dmitriy\AppData\Local\Temp\ccT92Hby.s:778    .rodata.yt921xProfileIdentifier:00000000 yt921xProfileIdentifier
C:\Users\Dmitriy\AppData\Local\Temp\ccT92Hby.s:787    .bss.yt921xSwDesc:00000000 yt921xSwDesc
C:\Users\Dmitriy\AppData\Local\Temp\ccT92Hby.s:708    .rodata.yt9215xPortDescp:00000000 yt9215xPortDescp
C:\Users\Dmitriy\AppData\Local\Temp\ccT92Hby.s:554    .rodata.yt9215xPhyDescp:00000000 yt9215xPhyDescp
C:\Users\Dmitriy\AppData\Local\Temp\ccT92Hby.s:488    .data.yt9215xLEDParam:00000000 yt9215xLEDParam
C:\Users\Dmitriy\AppData\Local\Temp\ccT92Hby.s:479    .rodata.yt9215xLEDDescp:00000000 yt9215xLEDDescp
C:\Users\Dmitriy\AppData\Local\Temp\ccT92Hby.s:614    .rodata.yt9218xPortDescp:00000000 yt9218xPortDescp
C:\Users\Dmitriy\AppData\Local\Temp\ccT92Hby.s:540    .rodata.yt9218xPhyDescp:00000000 yt9218xPhyDescp
C:\Users\Dmitriy\AppData\Local\Temp\ccT92Hby.s:432    .data.yt9218xLEDParam:00000000 yt9218xLEDParam
C:\Users\Dmitriy\AppData\Local\Temp\ccT92Hby.s:423    .rodata.yt9218xLEDDescp:00000000 yt9218xLEDDescp
C:\Users\Dmitriy\AppData\Local\Temp\ccT92Hby.s:568    .rodata.yt9214xPortDescp:00000000 yt9214xPortDescp
C:\Users\Dmitriy\AppData\Local\Temp\ccT92Hby.s:526    .rodata.yt9214xPhyDescp:00000000 yt9214xPhyDescp
C:\Users\Dmitriy\AppData\Local\Temp\ccT92Hby.s:385    .data.yt9214xLEDParam:00000000 yt9214xLEDParam
C:\Users\Dmitriy\AppData\Local\Temp\ccT92Hby.s:376    .rodata.yt9214xLEDDescp:00000000 yt9214xLEDDescp
C:\Users\Dmitriy\AppData\Local\Temp\ccT92Hby.s:368    .rodata.yt921x_multi_sw_default_demo:00000000 yt921x_multi_sw_default_demo
C:\Users\Dmitriy\AppData\Local\Temp\ccT92Hby.s:365    .rodata.yt921x_multi_sw_default_demo:00000000 $d
C:\Users\Dmitriy\AppData\Local\Temp\ccT92Hby.s:373    .rodata.yt9214xLEDDescp:00000000 $d
C:\Users\Dmitriy\AppData\Local\Temp\ccT92Hby.s:382    .data.yt9214xLEDParam:00000000 $d
C:\Users\Dmitriy\AppData\Local\Temp\ccT92Hby.s:396    .rodata.yt9214xRemapInfo:00000000 yt9214xRemapInfo
C:\Users\Dmitriy\AppData\Local\Temp\ccT92Hby.s:393    .rodata.yt9214xRemapInfo:00000000 $d
C:\Users\Dmitriy\AppData\Local\Temp\ccT92Hby.s:420    .rodata.yt9218xLEDDescp:00000000 $d
C:\Users\Dmitriy\AppData\Local\Temp\ccT92Hby.s:429    .data.yt9218xLEDParam:00000000 $d
C:\Users\Dmitriy\AppData\Local\Temp\ccT92Hby.s:443    .rodata.yt9218xRemapInfo:00000000 yt9218xRemapInfo
C:\Users\Dmitriy\AppData\Local\Temp\ccT92Hby.s:440    .rodata.yt9218xRemapInfo:00000000 $d
C:\Users\Dmitriy\AppData\Local\Temp\ccT92Hby.s:476    .rodata.yt9215xLEDDescp:00000000 $d
C:\Users\Dmitriy\AppData\Local\Temp\ccT92Hby.s:485    .data.yt9215xLEDParam:00000000 $d
C:\Users\Dmitriy\AppData\Local\Temp\ccT92Hby.s:499    .rodata.yt9215xRemapInfo:00000000 yt9215xRemapInfo
C:\Users\Dmitriy\AppData\Local\Temp\ccT92Hby.s:496    .rodata.yt9215xRemapInfo:00000000 $d
C:\Users\Dmitriy\AppData\Local\Temp\ccT92Hby.s:523    .rodata.yt9214xPhyDescp:00000000 $d
C:\Users\Dmitriy\AppData\Local\Temp\ccT92Hby.s:537    .rodata.yt9218xPhyDescp:00000000 $d
C:\Users\Dmitriy\AppData\Local\Temp\ccT92Hby.s:551    .rodata.yt9215xPhyDescp:00000000 $d
C:\Users\Dmitriy\AppData\Local\Temp\ccT92Hby.s:565    .rodata.yt9214xPortDescp:00000000 $d
C:\Users\Dmitriy\AppData\Local\Temp\ccT92Hby.s:611    .rodata.yt9218xPortDescp:00000000 $d
C:\Users\Dmitriy\AppData\Local\Temp\ccT92Hby.s:705    .rodata.yt9215xPortDescp:00000000 $d
C:\Users\Dmitriy\AppData\Local\Temp\ccT92Hby.s:775    .rodata.yt921xProfileIdentifier:00000000 $d
C:\Users\Dmitriy\AppData\Local\Temp\ccT92Hby.s:784    .bss.yt921xSwDesc:00000000 $d
                           .group:00000000 wm4.0.645242867a2c3890cfa09ec032a865e6
                           .group:00000000 wm4._newlib_version.h.4.6d111ab2e95434b664b53815e5c8ccba
                           .group:00000000 wm4.newlib.h.27.d4bf77c18f14f545101dac22f0b54118
                           .group:00000000 wm4.ieeefp.h.77.0ee3146e9d892bb10bc0066c30189af1
                           .group:00000000 wm4.features.h.22.7877b139107948f7dadcf3660cc79cfd
                           .group:00000000 wm4.config.h.224.10ee1ad185d877c6e334e6581faab44d
                           .group:00000000 wm4._ansi.h.31.de524f58584151836e90d8620a16f8e8
                           .group:00000000 wm4.stdio.h.31.7c0e28c411445f3f9c5b11accf882760
                           .group:00000000 wm4._default_types.h.6.959254cf5f09734ea7516c89e8bb21bd
                           .group:00000000 wm4.stddef.h.185.cbb642e1ccd385e8aa504b15cb7fb086
                           .group:00000000 wm4.cdefs.h.49.f93868eb904b9ca05b5c0257d31128ca
                           .group:00000000 wm4.stddef.h.39.0e5f0dabba1c666ccadf0408e0d47322
                           .group:00000000 wm4.stdarg.h.34.3a23a216c0c293b3d2ea2e89281481e6
                           .group:00000000 wm4._types.h.20.dd0d04dca3800a0d2a6129b87f3adbb2
                           .group:00000000 wm4.stddef.h.158.5f30652bb2ea05b142c1bbee9108c999
                           .group:00000000 wm4._types.h.127.3bdfe3ff8ea2d0985b03d9cbe93480e3
                           .group:00000000 wm4.reent.h.17.e292bf8b0bec6c96e131a54347145a30
                           .group:00000000 wm4.lock.h.2.1461d1fff82dffe8bfddc23307f6484f
                           .group:00000000 wm4.reent.h.77.89f7dde66c62b1f1dee32bdb6ab2d544
                           .group:00000000 wm4.stdio.h.67.0cf8a9c281ab0b348aef5c02e7e48825
                           .group:00000000 wm4.stdio.h.2.4aa87247282eca6c8f36f9de33d8df1a
                           .group:00000000 wm4.stdio.h.87.a1e20d2651f9bfb66e51bfbe849db00a
                           .group:00000000 wm4.string.h.8.c4b8571ce60dff2817f43fec8b86aecd
                           .group:00000000 wm4.stddef.h.158.bfed30416c9480cd13bc4a25427d538f
                           .group:00000000 wm4.stdbool.h.29.4a1c88fe569adb8d03217dd16982ca34
                           .group:00000000 wm4.malloc.h.4.62bd13b8107d5245f60bd92bb5994838
                           .group:00000000 wm4.malloc.h.152.f5d1d9a9aabeac59da0ef41ede16d2b0
                           .group:00000000 wm4.yt_types.h.31.64aa050cf4c68d28514ce99f5dc2ddb9
                           .group:00000000 wm4.chipdef_tiger.h.10.ae557adb3508daebcdc97f8fb0dc9e1a
                           .group:00000000 wm4.phy_chipdef.h.9.9a1a2dbb46f5503e32a84083ab1dbc9f
                           .group:00000000 wm4.cal_bprofile.h.23.d6ecfc2230abc149b4da600a40b20e5b
                           .group:00000000 wm4.yt_lock.h.9.5d39f1aba4451d3b9b95aa39771489dc
                           .group:00000000 wm4.yt_error.h.38.039589275c83974021fd481937e9f4a7

NO UNDEFINED SYMBOLS
