   1              		.cpu cortex-m3
   2              		.arch armv7-m
   3              		.fpu softvfp
   4              		.eabi_attribute 20, 1
   5              		.eabi_attribute 21, 1
   6              		.eabi_attribute 23, 3
   7              		.eabi_attribute 24, 1
   8              		.eabi_attribute 25, 1
   9              		.eabi_attribute 26, 1
  10              		.eabi_attribute 30, 1
  11              		.eabi_attribute 34, 1
  12              		.eabi_attribute 18, 4
  13              		.file	"bprofile_YT9215SC_default_demo.c"
  14              		.text
  15              	.Ltext0:
  16              		.cfi_sections	.debug_frame
  17              		.file 1 "../Switch/common/boardprofile/bprofile_YT9215SC_default_demo.c"
  18              		.section	.text.profile_yt9215sc_default_init,"ax",%progbits
  19              		.align	1
  20              		.global	profile_yt9215sc_default_init
  21              		.syntax unified
  22              		.thumb
  23              		.thumb_func
  25              	profile_yt9215sc_default_init:
  26              	.LVL0:
  27              	.LFB3:
   1:../Switch/common/boardprofile/bprofile_YT9215SC_default_demo.c **** /******************************************************************************
   2:../Switch/common/boardprofile/bprofile_YT9215SC_default_demo.c **** *                                                                             *
   3:../Switch/common/boardprofile/bprofile_YT9215SC_default_demo.c **** *  Copyright (c), 2022, Motorcomm Electronic Technology Co.,Ltd.              *
   4:../Switch/common/boardprofile/bprofile_YT9215SC_default_demo.c **** *  Motorcomm Confidential and Proprietary.                                    *
   5:../Switch/common/boardprofile/bprofile_YT9215SC_default_demo.c **** *                                                                             *
   6:../Switch/common/boardprofile/bprofile_YT9215SC_default_demo.c **** *******************************************************************************
   7:../Switch/common/boardprofile/bprofile_YT9215SC_default_demo.c **** *  File Name     : bprofile_YT9215SC_default_demo.c
   8:../Switch/common/boardprofile/bprofile_YT9215SC_default_demo.c **** *  Version       : Initial Draft
   9:../Switch/common/boardprofile/bprofile_YT9215SC_default_demo.c **** *  Created       : 
  10:../Switch/common/boardprofile/bprofile_YT9215SC_default_demo.c **** *  Last Modified :
  11:../Switch/common/boardprofile/bprofile_YT9215SC_default_demo.c **** *  Description   : board profile for yt9215sc board,port(5+2sgfib)
  12:../Switch/common/boardprofile/bprofile_YT9215SC_default_demo.c **** *
  13:../Switch/common/boardprofile/bprofile_YT9215SC_default_demo.c **** ******************************************************************************/
  14:../Switch/common/boardprofile/bprofile_YT9215SC_default_demo.c **** 
  15:../Switch/common/boardprofile/bprofile_YT9215SC_default_demo.c **** /**************************************************
  16:../Switch/common/boardprofile/bprofile_YT9215SC_default_demo.c ****  *      Include header files                       *
  17:../Switch/common/boardprofile/bprofile_YT9215SC_default_demo.c ****  **************************************************/
  18:../Switch/common/boardprofile/bprofile_YT9215SC_default_demo.c **** #include "cal_bprofile.h"
  19:../Switch/common/boardprofile/bprofile_YT9215SC_default_demo.c **** #include "yt_error.h"
  20:../Switch/common/boardprofile/bprofile_YT9215SC_default_demo.c **** /**************************************************
  21:../Switch/common/boardprofile/bprofile_YT9215SC_default_demo.c ****  *      Constants or macros Declaration            *
  22:../Switch/common/boardprofile/bprofile_YT9215SC_default_demo.c ****  **************************************************/
  23:../Switch/common/boardprofile/bprofile_YT9215SC_default_demo.c **** 
  24:../Switch/common/boardprofile/bprofile_YT9215SC_default_demo.c **** /**************************************************
  25:../Switch/common/boardprofile/bprofile_YT9215SC_default_demo.c ****  *      Global variables                           *
  26:../Switch/common/boardprofile/bprofile_YT9215SC_default_demo.c ****  **************************************************/
  27:../Switch/common/boardprofile/bprofile_YT9215SC_default_demo.c **** 
  28:../Switch/common/boardprofile/bprofile_YT9215SC_default_demo.c **** /**************************************************
  29:../Switch/common/boardprofile/bprofile_YT9215SC_default_demo.c ****  *      Functions Declaration                      *
  30:../Switch/common/boardprofile/bprofile_YT9215SC_default_demo.c ****  **************************************************/
  31:../Switch/common/boardprofile/bprofile_YT9215SC_default_demo.c **** yt_ret_t profile_yt9215sc_default_init(yt_hwProfile_info_t *hwprofile_info);
  32:../Switch/common/boardprofile/bprofile_YT9215SC_default_demo.c **** 
  33:../Switch/common/boardprofile/bprofile_YT9215SC_default_demo.c **** yt_swDescp_t yt9215sc_default_swDescp;
  34:../Switch/common/boardprofile/bprofile_YT9215SC_default_demo.c **** 
  35:../Switch/common/boardprofile/bprofile_YT9215SC_default_demo.c **** const board_profile_identify_t YT9215sc2SGFibProfileIdentifier = {BOARD_ID_YT9215SC, "YT9215SC SGFI
  36:../Switch/common/boardprofile/bprofile_YT9215SC_default_demo.c **** 
  37:../Switch/common/boardprofile/bprofile_YT9215SC_default_demo.c **** /* port descp */
  38:../Switch/common/boardprofile/bprofile_YT9215SC_default_demo.c **** const yt_portDescp_t YT9215sc2SGFibPortDescp[] =
  39:../Switch/common/boardprofile/bprofile_YT9215SC_default_demo.c **** {
  40:../Switch/common/boardprofile/bprofile_YT9215SC_default_demo.c ****     /*macid	attribute		phy_index	phy_addr	serdes_index	ethtype			medium				smi */
  41:../Switch/common/boardprofile/bprofile_YT9215SC_default_demo.c ****     {0,		PORT_ATTR_ETH,	0,			0,			INVALID_ID,		ETH_TYPE_GE,	PORT_MEDI_COPPER,	YT_SMI_INT},
  42:../Switch/common/boardprofile/bprofile_YT9215SC_default_demo.c ****     {1,		PORT_ATTR_ETH,	0,			1,			INVALID_ID,		ETH_TYPE_GE,	PORT_MEDI_COPPER,	YT_SMI_INT},
  43:../Switch/common/boardprofile/bprofile_YT9215SC_default_demo.c ****     {2,		PORT_ATTR_ETH,	0,			2,			INVALID_ID,		ETH_TYPE_GE,	PORT_MEDI_COPPER,	YT_SMI_INT},
  44:../Switch/common/boardprofile/bprofile_YT9215SC_default_demo.c ****     {3,		PORT_ATTR_ETH,	0,			3,			INVALID_ID,		ETH_TYPE_GE,	PORT_MEDI_COPPER,	YT_SMI_INT},
  45:../Switch/common/boardprofile/bprofile_YT9215SC_default_demo.c ****     {4,		PORT_ATTR_ETH,	0,			4,			INVALID_ID,		ETH_TYPE_GE,	PORT_MEDI_COPPER,	YT_SMI_INT},
  46:../Switch/common/boardprofile/bprofile_YT9215SC_default_demo.c ****     {8,		PORT_ATTR_ETH,	INVALID_ID,	8,	        0,              ETH_TYPE_GE25,	PORT_MEDI_FIBER,	YT_S
  47:../Switch/common/boardprofile/bprofile_YT9215SC_default_demo.c ****     {9,		PORT_ATTR_ETH,	INVALID_ID,	9,	        0,              ETH_TYPE_GE25,	PORT_MEDI_FIBER,	YT_S
  48:../Switch/common/boardprofile/bprofile_YT9215SC_default_demo.c **** #ifdef INTER_MCU
  49:../Switch/common/boardprofile/bprofile_YT9215SC_default_demo.c ****     /* internel cpu port */
  50:../Switch/common/boardprofile/bprofile_YT9215SC_default_demo.c ****     {10,    PORT_ATTR_INT_CPU,			    INVALID_ID,	INVALID_ID,	PORT_ATTR_ETH,	ETH_TYPE_GE,	PORT_MEDI_
  51:../Switch/common/boardprofile/bprofile_YT9215SC_default_demo.c **** #endif
  52:../Switch/common/boardprofile/bprofile_YT9215SC_default_demo.c ****     {INVALID_ID,INVALID_ID,INVALID_ID,INVALID_ID,INVALID_ID,INVALID_ID,INVALID_ID,YT_SMI_NONE},
  53:../Switch/common/boardprofile/bprofile_YT9215SC_default_demo.c **** };
  54:../Switch/common/boardprofile/bprofile_YT9215SC_default_demo.c **** 
  55:../Switch/common/boardprofile/bprofile_YT9215SC_default_demo.c **** /* serdes.descp */
  56:../Switch/common/boardprofile/bprofile_YT9215SC_default_demo.c **** const yt_serdesDescp_t YT9215scSdsDescp[] =
  57:../Switch/common/boardprofile/bprofile_YT9215SC_default_demo.c **** {
  58:../Switch/common/boardprofile/bprofile_YT9215SC_default_demo.c **** 	/*serdes_id mode*/
  59:../Switch/common/boardprofile/bprofile_YT9215SC_default_demo.c **** 	{0,              SERDES_MODE_2500BX},
  60:../Switch/common/boardprofile/bprofile_YT9215SC_default_demo.c **** 	{INVALID_ID,INVALID_ID},
  61:../Switch/common/boardprofile/bprofile_YT9215SC_default_demo.c **** };
  62:../Switch/common/boardprofile/bprofile_YT9215SC_default_demo.c **** 
  63:../Switch/common/boardprofile/bprofile_YT9215SC_default_demo.c **** /* phy.descp */
  64:../Switch/common/boardprofile/bprofile_YT9215SC_default_demo.c **** const yt_phyDescp_t YT9215scPhyDescp[] =
  65:../Switch/common/boardprofile/bprofile_YT9215SC_default_demo.c **** {
  66:../Switch/common/boardprofile/bprofile_YT9215SC_default_demo.c **** 	/*chip_id chip_model				start_mac_id	phy_max*/
  67:../Switch/common/boardprofile/bprofile_YT9215SC_default_demo.c **** 	{0,		  YT_PHY_MODEL_INT861X,	0,				5},
  68:../Switch/common/boardprofile/bprofile_YT9215SC_default_demo.c **** 	{INVALID_ID,INVALID_ID,INVALID_ID,INVALID_ID},
  69:../Switch/common/boardprofile/bprofile_YT9215SC_default_demo.c **** };
  70:../Switch/common/boardprofile/bprofile_YT9215SC_default_demo.c **** 
  71:../Switch/common/boardprofile/bprofile_YT9215SC_default_demo.c **** /* LED description */
  72:../Switch/common/boardprofile/bprofile_YT9215SC_default_demo.c **** const yt_sled_remapInfo_t YT9215scRemapInfo[] = 
  73:../Switch/common/boardprofile/bprofile_YT9215SC_default_demo.c **** {
  74:../Switch/common/boardprofile/bprofile_YT9215SC_default_demo.c ****     {3, 0}, {2, 0}, {1, 0}, {0, 0},{6, 1}, {5, 1}, {4, 1}, 
  75:../Switch/common/boardprofile/bprofile_YT9215SC_default_demo.c ****     {3, 1}, {2, 1}, {1, 1}, {0, 1},{6, 2}, {5, 2}, {4, 2}, 
  76:../Switch/common/boardprofile/bprofile_YT9215SC_default_demo.c ****     {3, 2}, {2, 2}, {1, 2}, {0, 2}, {6, 0}, {5, 0}, {4, 0}
  77:../Switch/common/boardprofile/bprofile_YT9215SC_default_demo.c **** };
  78:../Switch/common/boardprofile/bprofile_YT9215SC_default_demo.c **** 
  79:../Switch/common/boardprofile/bprofile_YT9215SC_default_demo.c **** yt_sled_param_t YT9215scSLEDParam = {
  80:../Switch/common/boardprofile/bprofile_YT9215SC_default_demo.c ****     LED_SERIAL_ACTIVE_MODE_LOW,
  81:../Switch/common/boardprofile/bprofile_YT9215SC_default_demo.c ****     SLED_DATANUM_YT9215_21, 
  82:../Switch/common/boardprofile/bprofile_YT9215SC_default_demo.c ****     0,
  83:../Switch/common/boardprofile/bprofile_YT9215SC_default_demo.c ****     YT9215scRemapInfo
  84:../Switch/common/boardprofile/bprofile_YT9215SC_default_demo.c **** };
  85:../Switch/common/boardprofile/bprofile_YT9215SC_default_demo.c **** 
  86:../Switch/common/boardprofile/bprofile_YT9215SC_default_demo.c **** const yt_ledDescp_t YT9215scLEDDescp = {LED_MODE_SERIAL, &YT9215scSLEDParam};
  87:../Switch/common/boardprofile/bprofile_YT9215SC_default_demo.c **** 
  88:../Switch/common/boardprofile/bprofile_YT9215SC_default_demo.c **** 
  89:../Switch/common/boardprofile/bprofile_YT9215SC_default_demo.c **** /* hardware profile */
  90:../Switch/common/boardprofile/bprofile_YT9215SC_default_demo.c **** const yt_hwProfile_t yt9215sc_default_demo =
  91:../Switch/common/boardprofile/bprofile_YT9215SC_default_demo.c **** {
  92:../Switch/common/boardprofile/bprofile_YT9215SC_default_demo.c ****     .pIdentifier = &YT9215sc2SGFibProfileIdentifier,
  93:../Switch/common/boardprofile/bprofile_YT9215SC_default_demo.c ****     .profile_init = profile_yt9215sc_default_init,
  94:../Switch/common/boardprofile/bprofile_YT9215SC_default_demo.c **** };
  95:../Switch/common/boardprofile/bprofile_YT9215SC_default_demo.c **** 
  96:../Switch/common/boardprofile/bprofile_YT9215SC_default_demo.c **** yt_ret_t profile_yt9215sc_default_init(yt_hwProfile_info_t *hwprofile_info)
  97:../Switch/common/boardprofile/bprofile_YT9215SC_default_demo.c **** {
  28              		.loc 1 97 1 view -0
  29              		.cfi_startproc
  30              		@ args = 0, pretend = 0, frame = 0
  31              		@ frame_needed = 0, uses_anonymous_args = 0
  32              		@ link register save eliminated.
  98:../Switch/common/boardprofile/bprofile_YT9215SC_default_demo.c ****     uint8_t	i;
  33              		.loc 1 98 5 view .LVU1
  99:../Switch/common/boardprofile/bprofile_YT9215SC_default_demo.c **** 
 100:../Switch/common/boardprofile/bprofile_YT9215SC_default_demo.c ****     hwprofile_info->pIdentifier = &YT9215sc2SGFibProfileIdentifier;
  34              		.loc 1 100 5 view .LVU2
  35              		.loc 1 100 33 is_stmt 0 view .LVU3
  36 0000 234B     		ldr	r3, .L8
  37 0002 0360     		str	r3, [r0]
 101:../Switch/common/boardprofile/bprofile_YT9215SC_default_demo.c **** 
 102:../Switch/common/boardprofile/bprofile_YT9215SC_default_demo.c ****     /* switch info */
 103:../Switch/common/boardprofile/bprofile_YT9215SC_default_demo.c ****     hwprofile_info->switch_count = 1;
  38              		.loc 1 103 5 is_stmt 1 view .LVU4
  39              		.loc 1 103 34 is_stmt 0 view .LVU5
  40 0004 0123     		movs	r3, #1
  41 0006 0372     		strb	r3, [r0, #8]
 104:../Switch/common/boardprofile/bprofile_YT9215SC_default_demo.c **** 
 105:../Switch/common/boardprofile/bprofile_YT9215SC_default_demo.c ****     yt9215sc_default_swDescp.chip_id = YT_SW_ID_9215;
  42              		.loc 1 105 5 is_stmt 1 view .LVU6
  43              		.loc 1 105 38 is_stmt 0 view .LVU7
  44 0008 224A     		ldr	r2, .L8+4
  45 000a 49F20203 		movw	r3, #36866
  46 000e 1380     		strh	r3, [r2]	@ movhi
 106:../Switch/common/boardprofile/bprofile_YT9215SC_default_demo.c ****     yt9215sc_default_swDescp.chip_model = YT_SW_MODEL_9215;
  47              		.loc 1 106 5 is_stmt 1 view .LVU8
  48              		.loc 1 106 41 is_stmt 0 view .LVU9
  49 0010 0023     		movs	r3, #0
  50 0012 9370     		strb	r3, [r2, #2]
 107:../Switch/common/boardprofile/bprofile_YT9215SC_default_demo.c **** 
 108:../Switch/common/boardprofile/bprofile_YT9215SC_default_demo.c ****     i = 0;
  51              		.loc 1 108 5 is_stmt 1 view .LVU10
  52              	.LVL1:
 109:../Switch/common/boardprofile/bprofile_YT9215SC_default_demo.c ****     while(YT9215sc2SGFibPortDescp[i].mac_id != INVALID_ID)
  53              		.loc 1 109 5 view .LVU11
  54              		.loc 1 109 10 is_stmt 0 view .LVU12
  55 0014 09E0     		b	.L2
  56              	.LVL2:
  57              	.L3:
 110:../Switch/common/boardprofile/bprofile_YT9215SC_default_demo.c ****     {
 111:../Switch/common/boardprofile/bprofile_YT9215SC_default_demo.c ****         yt9215sc_default_swDescp.pPortDescp[i] = &YT9215sc2SGFibPortDescp[i];
  58              		.loc 1 111 9 is_stmt 1 view .LVU13
  59              		.loc 1 111 50 is_stmt 0 view .LVU14
  60 0016 204A     		ldr	r2, .L8+8
  61 0018 02EBC302 		add	r2, r2, r3, lsl #3
  62              		.loc 1 111 48 view .LVU15
  63 001c 03F1060C 		add	ip, r3, #6
  64 0020 1C49     		ldr	r1, .L8+4
  65 0022 41F82C20 		str	r2, [r1, ip, lsl #2]
 112:../Switch/common/boardprofile/bprofile_YT9215SC_default_demo.c ****         i++;
  66              		.loc 1 112 9 is_stmt 1 view .LVU16
  67              		.loc 1 112 10 is_stmt 0 view .LVU17
  68 0026 0133     		adds	r3, r3, #1
  69              	.LVL3:
  70              		.loc 1 112 10 view .LVU18
  71 0028 DBB2     		uxtb	r3, r3
  72              	.LVL4:
  73              	.L2:
 109:../Switch/common/boardprofile/bprofile_YT9215SC_default_demo.c ****     while(YT9215sc2SGFibPortDescp[i].mac_id != INVALID_ID)
  74              		.loc 1 109 45 is_stmt 1 view .LVU19
 109:../Switch/common/boardprofile/bprofile_YT9215SC_default_demo.c ****     while(YT9215sc2SGFibPortDescp[i].mac_id != INVALID_ID)
  75              		.loc 1 109 37 is_stmt 0 view .LVU20
  76 002a 1B4A     		ldr	r2, .L8+8
  77 002c 12F83320 		ldrb	r2, [r2, r3, lsl #3]	@ zero_extendqisi2
 109:../Switch/common/boardprofile/bprofile_YT9215SC_default_demo.c ****     while(YT9215sc2SGFibPortDescp[i].mac_id != INVALID_ID)
  78              		.loc 1 109 45 view .LVU21
  79 0030 FF2A     		cmp	r2, #255
  80 0032 F0D1     		bne	.L3
 113:../Switch/common/boardprofile/bprofile_YT9215SC_default_demo.c ****     }
 114:../Switch/common/boardprofile/bprofile_YT9215SC_default_demo.c ****     yt9215sc_default_swDescp.port_num = i;
  81              		.loc 1 114 5 is_stmt 1 view .LVU22
  82              		.loc 1 114 39 is_stmt 0 view .LVU23
  83 0034 174A     		ldr	r2, .L8+4
  84 0036 1375     		strb	r3, [r2, #20]
 115:../Switch/common/boardprofile/bprofile_YT9215SC_default_demo.c **** 
 116:../Switch/common/boardprofile/bprofile_YT9215SC_default_demo.c ****     i = 0;
  85              		.loc 1 116 5 is_stmt 1 view .LVU24
  86              	.LVL5:
 117:../Switch/common/boardprofile/bprofile_YT9215SC_default_demo.c ****     while(YT9215scSdsDescp[i].serdes_id!= INVALID_ID)
  87              		.loc 1 117 5 view .LVU25
 116:../Switch/common/boardprofile/bprofile_YT9215SC_default_demo.c ****     while(YT9215scSdsDescp[i].serdes_id!= INVALID_ID)
  88              		.loc 1 116 7 is_stmt 0 view .LVU26
  89 0038 0023     		movs	r3, #0
  90              		.loc 1 117 10 view .LVU27
  91 003a 09E0     		b	.L4
  92              	.LVL6:
  93              	.L5:
 118:../Switch/common/boardprofile/bprofile_YT9215SC_default_demo.c ****     {
 119:../Switch/common/boardprofile/bprofile_YT9215SC_default_demo.c ****         yt9215sc_default_swDescp.pSerdesDescp[i] = &YT9215scSdsDescp[i];
  94              		.loc 1 119 9 is_stmt 1 view .LVU28
  95              		.loc 1 119 52 is_stmt 0 view .LVU29
  96 003c 174A     		ldr	r2, .L8+12
  97 003e 02EB4302 		add	r2, r2, r3, lsl #1
  98              		.loc 1 119 50 view .LVU30
  99 0042 03F1220C 		add	ip, r3, #34
 100 0046 1349     		ldr	r1, .L8+4
 101 0048 41F82C20 		str	r2, [r1, ip, lsl #2]
 120:../Switch/common/boardprofile/bprofile_YT9215SC_default_demo.c ****         i++;
 102              		.loc 1 120 9 is_stmt 1 view .LVU31
 103              		.loc 1 120 10 is_stmt 0 view .LVU32
 104 004c 0133     		adds	r3, r3, #1
 105              	.LVL7:
 106              		.loc 1 120 10 view .LVU33
 107 004e DBB2     		uxtb	r3, r3
 108              	.LVL8:
 109              	.L4:
 117:../Switch/common/boardprofile/bprofile_YT9215SC_default_demo.c ****     {
 110              		.loc 1 117 40 is_stmt 1 view .LVU34
 117:../Switch/common/boardprofile/bprofile_YT9215SC_default_demo.c ****     {
 111              		.loc 1 117 30 is_stmt 0 view .LVU35
 112 0050 124A     		ldr	r2, .L8+12
 113 0052 12F81320 		ldrb	r2, [r2, r3, lsl #1]	@ zero_extendqisi2
 117:../Switch/common/boardprofile/bprofile_YT9215SC_default_demo.c ****     {
 114              		.loc 1 117 40 view .LVU36
 115 0056 FF2A     		cmp	r2, #255
 116 0058 F0D1     		bne	.L5
 121:../Switch/common/boardprofile/bprofile_YT9215SC_default_demo.c ****     }
 122:../Switch/common/boardprofile/bprofile_YT9215SC_default_demo.c **** 
 123:../Switch/common/boardprofile/bprofile_YT9215SC_default_demo.c ****     i = 0;
 117              		.loc 1 123 7 view .LVU37
 118 005a 0023     		movs	r3, #0
 119              	.LVL9:
 120              		.loc 1 123 7 view .LVU38
 121 005c 09E0     		b	.L6
 122              	.LVL10:
 123              	.L7:
 124:../Switch/common/boardprofile/bprofile_YT9215SC_default_demo.c ****     while(YT9215scPhyDescp[i].phy_index!= INVALID_ID)
 125:../Switch/common/boardprofile/bprofile_YT9215SC_default_demo.c ****     {
 126:../Switch/common/boardprofile/bprofile_YT9215SC_default_demo.c ****         yt9215sc_default_swDescp.pPhyDescp[i] = &YT9215scPhyDescp[i];
 124              		.loc 1 126 9 is_stmt 1 view .LVU39
 125              		.loc 1 126 49 is_stmt 0 view .LVU40
 126 005e 104A     		ldr	r2, .L8+16
 127 0060 02EB8302 		add	r2, r2, r3, lsl #2
 128              		.loc 1 126 47 view .LVU41
 129 0064 03F1260C 		add	ip, r3, #38
 130 0068 0A49     		ldr	r1, .L8+4
 131 006a 41F82C20 		str	r2, [r1, ip, lsl #2]
 127:../Switch/common/boardprofile/bprofile_YT9215SC_default_demo.c ****         i++;
 132              		.loc 1 127 9 is_stmt 1 view .LVU42
 133              		.loc 1 127 10 is_stmt 0 view .LVU43
 134 006e 0133     		adds	r3, r3, #1
 135              	.LVL11:
 136              		.loc 1 127 10 view .LVU44
 137 0070 DBB2     		uxtb	r3, r3
 138              	.LVL12:
 139              	.L6:
 124:../Switch/common/boardprofile/bprofile_YT9215SC_default_demo.c ****     while(YT9215scPhyDescp[i].phy_index!= INVALID_ID)
 140              		.loc 1 124 40 is_stmt 1 view .LVU45
 124:../Switch/common/boardprofile/bprofile_YT9215SC_default_demo.c ****     while(YT9215scPhyDescp[i].phy_index!= INVALID_ID)
 141              		.loc 1 124 30 is_stmt 0 view .LVU46
 142 0072 0B4A     		ldr	r2, .L8+16
 143 0074 12F82320 		ldrb	r2, [r2, r3, lsl #2]	@ zero_extendqisi2
 124:../Switch/common/boardprofile/bprofile_YT9215SC_default_demo.c ****     while(YT9215scPhyDescp[i].phy_index!= INVALID_ID)
 144              		.loc 1 124 40 view .LVU47
 145 0078 FF2A     		cmp	r2, #255
 146 007a F0D1     		bne	.L7
 128:../Switch/common/boardprofile/bprofile_YT9215SC_default_demo.c ****     }
 129:../Switch/common/boardprofile/bprofile_YT9215SC_default_demo.c **** 
 130:../Switch/common/boardprofile/bprofile_YT9215SC_default_demo.c ****     YT9215scSLEDParam.remapInfoNum = sizeof(YT9215scRemapInfo)/sizeof(yt_sled_remapInfo_t);
 147              		.loc 1 130 5 is_stmt 1 view .LVU48
 148              		.loc 1 130 36 is_stmt 0 view .LVU49
 149 007c 094B     		ldr	r3, .L8+20
 150              	.LVL13:
 151              		.loc 1 130 36 view .LVU50
 152 007e 1522     		movs	r2, #21
 153 0080 9A70     		strb	r2, [r3, #2]
 131:../Switch/common/boardprofile/bprofile_YT9215SC_default_demo.c ****     yt9215sc_default_swDescp.pLEDDescp = &YT9215scLEDDescp;
 154              		.loc 1 131 5 is_stmt 1 view .LVU51
 155              		.loc 1 131 40 is_stmt 0 view .LVU52
 156 0082 044B     		ldr	r3, .L8+4
 157 0084 084A     		ldr	r2, .L8+24
 158 0086 C3F8A820 		str	r2, [r3, #168]
 132:../Switch/common/boardprofile/bprofile_YT9215SC_default_demo.c **** 
 133:../Switch/common/boardprofile/bprofile_YT9215SC_default_demo.c ****     hwprofile_info->pSwDescp[0] = &yt9215sc_default_swDescp;
 159              		.loc 1 133 5 is_stmt 1 view .LVU53
 160              		.loc 1 133 33 is_stmt 0 view .LVU54
 161 008a C360     		str	r3, [r0, #12]
 134:../Switch/common/boardprofile/bprofile_YT9215SC_default_demo.c **** 
 135:../Switch/common/boardprofile/bprofile_YT9215SC_default_demo.c ****     return CMM_ERR_OK;
 162              		.loc 1 135 5 is_stmt 1 view .LVU55
 136:../Switch/common/boardprofile/bprofile_YT9215SC_default_demo.c **** }
 163              		.loc 1 136 1 is_stmt 0 view .LVU56
 164 008c 0020     		movs	r0, #0
 165              	.LVL14:
 166              		.loc 1 136 1 view .LVU57
 167 008e 7047     		bx	lr
 168              	.L9:
 169              		.align	2
 170              	.L8:
 171 0090 00000000 		.word	YT9215sc2SGFibProfileIdentifier
 172 0094 00000000 		.word	yt9215sc_default_swDescp
 173 0098 00000000 		.word	YT9215sc2SGFibPortDescp
 174 009c 00000000 		.word	YT9215scSdsDescp
 175 00a0 00000000 		.word	YT9215scPhyDescp
 176 00a4 00000000 		.word	YT9215scSLEDParam
 177 00a8 00000000 		.word	YT9215scLEDDescp
 178              		.cfi_endproc
 179              	.LFE3:
 181              		.global	yt9215sc_default_demo
 182              		.section	.rodata.yt9215sc_default_demo,"a"
 183              		.align	2
 186              	yt9215sc_default_demo:
 187 0000 00000000 		.word	YT9215sc2SGFibProfileIdentifier
 188 0004 00000000 		.word	profile_yt9215sc_default_init
 189              		.global	YT9215scLEDDescp
 190              		.section	.rodata.YT9215scLEDDescp,"a"
 191              		.align	2
 194              	YT9215scLEDDescp:
 195 0000 02       		.byte	2
 196 0001 000000   		.space	3
 197 0004 00000000 		.word	YT9215scSLEDParam
 198              		.global	YT9215scSLEDParam
 199              		.section	.data.YT9215scSLEDParam,"aw"
 200              		.align	2
 203              	YT9215scSLEDParam:
 204 0000 01       		.byte	1
 205 0001 05       		.byte	5
 206 0002 00       		.byte	0
 207 0003 00       		.space	1
 208 0004 00000000 		.word	YT9215scRemapInfo
 209              		.global	YT9215scRemapInfo
 210              		.section	.rodata.YT9215scRemapInfo,"a"
 211              		.align	2
 214              	YT9215scRemapInfo:
 215 0000 03       		.byte	3
 216 0001 02       		.byte	2
 217 0002 01       		.byte	1
 218 0003 00       		.byte	0
 219 0004 46       		.byte	70
 220 0005 45       		.byte	69
 221 0006 44       		.byte	68
 222 0007 43       		.byte	67
 223 0008 42       		.byte	66
 224 0009 41       		.byte	65
 225 000a 40       		.byte	64
 226 000b 86       		.byte	134
 227 000c 85       		.byte	133
 228 000d 84       		.byte	132
 229 000e 83       		.byte	131
 230 000f 82       		.byte	130
 231 0010 81       		.byte	129
 232 0011 80       		.byte	128
 233 0012 06       		.byte	6
 234 0013 05       		.byte	5
 235 0014 04       		.byte	4
 236              		.global	YT9215scPhyDescp
 237              		.section	.rodata.YT9215scPhyDescp,"a"
 238              		.align	2
 241              	YT9215scPhyDescp:
 242 0000 00       		.byte	0
 243 0001 00       		.byte	0
 244 0002 00       		.byte	0
 245 0003 05       		.byte	5
 246 0004 FF       		.byte	-1
 247 0005 FF       		.byte	-1
 248 0006 FF       		.byte	-1
 249 0007 FF       		.byte	-1
 250              		.global	YT9215scSdsDescp
 251              		.section	.rodata.YT9215scSdsDescp,"a"
 252              		.align	2
 255              	YT9215scSdsDescp:
 256 0000 00       		.byte	0
 257 0001 05       		.byte	5
 258 0002 FF       		.byte	-1
 259 0003 FF       		.byte	-1
 260              		.global	YT9215sc2SGFibPortDescp
 261              		.section	.rodata.YT9215sc2SGFibPortDescp,"a"
 262              		.align	2
 265              	YT9215sc2SGFibPortDescp:
 266 0000 00       		.byte	0
 267 0001 01       		.byte	1
 268 0002 00       		.byte	0
 269 0003 00       		.byte	0
 270 0004 FF       		.byte	-1
 271 0005 02       		.byte	2
 272 0006 00       		.byte	0
 273 0007 00       		.byte	0
 274 0008 01       		.byte	1
 275 0009 01       		.byte	1
 276 000a 00       		.byte	0
 277 000b 01       		.byte	1
 278 000c FF       		.byte	-1
 279 000d 02       		.byte	2
 280 000e 00       		.byte	0
 281 000f 00       		.byte	0
 282 0010 02       		.byte	2
 283 0011 01       		.byte	1
 284 0012 00       		.byte	0
 285 0013 02       		.byte	2
 286 0014 FF       		.byte	-1
 287 0015 02       		.byte	2
 288 0016 00       		.byte	0
 289 0017 00       		.byte	0
 290 0018 03       		.byte	3
 291 0019 01       		.byte	1
 292 001a 00       		.byte	0
 293 001b 03       		.byte	3
 294 001c FF       		.byte	-1
 295 001d 02       		.byte	2
 296 001e 00       		.byte	0
 297 001f 00       		.byte	0
 298 0020 04       		.byte	4
 299 0021 01       		.byte	1
 300 0022 00       		.byte	0
 301 0023 04       		.byte	4
 302 0024 FF       		.byte	-1
 303 0025 02       		.byte	2
 304 0026 00       		.byte	0
 305 0027 00       		.byte	0
 306 0028 08       		.byte	8
 307 0029 01       		.byte	1
 308 002a FF       		.byte	-1
 309 002b 08       		.byte	8
 310 002c 00       		.byte	0
 311 002d 04       		.byte	4
 312 002e 01       		.byte	1
 313 002f 01       		.byte	1
 314 0030 09       		.byte	9
 315 0031 01       		.byte	1
 316 0032 FF       		.byte	-1
 317 0033 09       		.byte	9
 318 0034 00       		.byte	0
 319 0035 04       		.byte	4
 320 0036 01       		.byte	1
 321 0037 01       		.byte	1
 322 0038 FF       		.byte	-1
 323 0039 FF       		.byte	-1
 324 003a FF       		.byte	-1
 325 003b FF       		.byte	-1
 326 003c FF       		.byte	-1
 327 003d FF       		.byte	-1
 328 003e FF       		.byte	-1
 329 003f FF       		.byte	-1
 330              		.global	YT9215sc2SGFibProfileIdentifier
 331              		.section	.rodata.YT9215sc2SGFibProfileIdentifier,"a"
 332              		.align	2
 335              	YT9215sc2SGFibProfileIdentifier:
 336 0000 F7670100 		.word	92151
 337 0004 59543932 		.ascii	"YT9215SC SGFIB Demo\000"
 337      31355343 
 337      20534746 
 337      49422044 
 337      656D6F00 
 338 0018 00000000 		.space	12
 338      00000000 
 338      00000000 
 339              		.global	yt9215sc_default_swDescp
 340              		.section	.bss.yt9215sc_default_swDescp,"aw",%nobits
 341              		.align	2
 344              	yt9215sc_default_swDescp:
 345 0000 00000000 		.space	180
 345      00000000 
 345      00000000 
 345      00000000 
 345      00000000 
 346              		.text
 347              	.Letext0:
 348              		.file 2 "C:\\Users\\Dmitriy\\Desktop\\GD32F10x\\Switch\\common\\include/yt_types.h"
 349              		.file 3 "C:\\Users\\Dmitriy\\Desktop\\GD32F10x\\Switch\\core\\fal\\chipdef/chipdef.h"
 350              		.file 4 "C:\\Users\\Dmitriy\\Desktop\\GD32F10x\\Switch\\core\\drv\\phy/phy_chipdef.h"
 351              		.file 5 "C:\\Users\\Dmitriy\\Desktop\\GD32F10x\\Switch\\core\\cal/cal_bprofile.h"
 352              		.file 6 "C:\\Users\\Dmitriy\\Desktop\\GD32F10x\\Switch\\common\\include/yt_error.h"
DEFINED SYMBOLS
                            *ABS*:00000000 bprofile_YT9215SC_default_demo.c
C:\Users\Dmitriy\AppData\Local\Temp\cczdtuk2.s:19     .text.profile_yt9215sc_default_init:00000000 $t
C:\Users\Dmitriy\AppData\Local\Temp\cczdtuk2.s:25     .text.profile_yt9215sc_default_init:00000000 profile_yt9215sc_default_init
C:\Users\Dmitriy\AppData\Local\Temp\cczdtuk2.s:171    .text.profile_yt9215sc_default_init:00000090 $d
C:\Users\Dmitriy\AppData\Local\Temp\cczdtuk2.s:335    .rodata.YT9215sc2SGFibProfileIdentifier:00000000 YT9215sc2SGFibProfileIdentifier
C:\Users\Dmitriy\AppData\Local\Temp\cczdtuk2.s:344    .bss.yt9215sc_default_swDescp:00000000 yt9215sc_default_swDescp
C:\Users\Dmitriy\AppData\Local\Temp\cczdtuk2.s:265    .rodata.YT9215sc2SGFibPortDescp:00000000 YT9215sc2SGFibPortDescp
C:\Users\Dmitriy\AppData\Local\Temp\cczdtuk2.s:255    .rodata.YT9215scSdsDescp:00000000 YT9215scSdsDescp
C:\Users\Dmitriy\AppData\Local\Temp\cczdtuk2.s:241    .rodata.YT9215scPhyDescp:00000000 YT9215scPhyDescp
C:\Users\Dmitriy\AppData\Local\Temp\cczdtuk2.s:203    .data.YT9215scSLEDParam:00000000 YT9215scSLEDParam
C:\Users\Dmitriy\AppData\Local\Temp\cczdtuk2.s:194    .rodata.YT9215scLEDDescp:00000000 YT9215scLEDDescp
C:\Users\Dmitriy\AppData\Local\Temp\cczdtuk2.s:186    .rodata.yt9215sc_default_demo:00000000 yt9215sc_default_demo
C:\Users\Dmitriy\AppData\Local\Temp\cczdtuk2.s:183    .rodata.yt9215sc_default_demo:00000000 $d
C:\Users\Dmitriy\AppData\Local\Temp\cczdtuk2.s:191    .rodata.YT9215scLEDDescp:00000000 $d
C:\Users\Dmitriy\AppData\Local\Temp\cczdtuk2.s:200    .data.YT9215scSLEDParam:00000000 $d
C:\Users\Dmitriy\AppData\Local\Temp\cczdtuk2.s:214    .rodata.YT9215scRemapInfo:00000000 YT9215scRemapInfo
C:\Users\Dmitriy\AppData\Local\Temp\cczdtuk2.s:211    .rodata.YT9215scRemapInfo:00000000 $d
C:\Users\Dmitriy\AppData\Local\Temp\cczdtuk2.s:238    .rodata.YT9215scPhyDescp:00000000 $d
C:\Users\Dmitriy\AppData\Local\Temp\cczdtuk2.s:252    .rodata.YT9215scSdsDescp:00000000 $d
C:\Users\Dmitriy\AppData\Local\Temp\cczdtuk2.s:262    .rodata.YT9215sc2SGFibPortDescp:00000000 $d
C:\Users\Dmitriy\AppData\Local\Temp\cczdtuk2.s:332    .rodata.YT9215sc2SGFibProfileIdentifier:00000000 $d
C:\Users\Dmitriy\AppData\Local\Temp\cczdtuk2.s:341    .bss.yt9215sc_default_swDescp:00000000 $d
                           .group:00000000 wm4.0.353617a96a8f588ad8d04dd11dfc8225
                           .group:00000000 wm4._newlib_version.h.4.6d111ab2e95434b664b53815e5c8ccba
                           .group:00000000 wm4.newlib.h.27.d4bf77c18f14f545101dac22f0b54118
                           .group:00000000 wm4.ieeefp.h.77.0ee3146e9d892bb10bc0066c30189af1
                           .group:00000000 wm4.features.h.22.7877b139107948f7dadcf3660cc79cfd
                           .group:00000000 wm4.config.h.224.10ee1ad185d877c6e334e6581faab44d
                           .group:00000000 wm4._ansi.h.31.de524f58584151836e90d8620a16f8e8
                           .group:00000000 wm4.stdio.h.31.7c0e28c411445f3f9c5b11accf882760
                           .group:00000000 wm4._default_types.h.6.959254cf5f09734ea7516c89e8bb21bd
                           .group:00000000 wm4.stddef.h.185.cbb642e1ccd385e8aa504b15cb7fb086
                           .group:00000000 wm4.cdefs.h.49.f93868eb904b9ca05b5c0257d31128ca
                           .group:00000000 wm4.stddef.h.39.0e5f0dabba1c666ccadf0408e0d47322
                           .group:00000000 wm4.stdarg.h.34.3a23a216c0c293b3d2ea2e89281481e6
                           .group:00000000 wm4._types.h.20.dd0d04dca3800a0d2a6129b87f3adbb2
                           .group:00000000 wm4.stddef.h.158.5f30652bb2ea05b142c1bbee9108c999
                           .group:00000000 wm4._types.h.127.3bdfe3ff8ea2d0985b03d9cbe93480e3
                           .group:00000000 wm4.reent.h.17.e292bf8b0bec6c96e131a54347145a30
                           .group:00000000 wm4.lock.h.2.1461d1fff82dffe8bfddc23307f6484f
                           .group:00000000 wm4.reent.h.77.89f7dde66c62b1f1dee32bdb6ab2d544
                           .group:00000000 wm4.stdio.h.67.0cf8a9c281ab0b348aef5c02e7e48825
                           .group:00000000 wm4.stdio.h.2.4aa87247282eca6c8f36f9de33d8df1a
                           .group:00000000 wm4.stdio.h.87.a1e20d2651f9bfb66e51bfbe849db00a
                           .group:00000000 wm4.string.h.8.c4b8571ce60dff2817f43fec8b86aecd
                           .group:00000000 wm4.stddef.h.158.bfed30416c9480cd13bc4a25427d538f
                           .group:00000000 wm4.stdbool.h.29.4a1c88fe569adb8d03217dd16982ca34
                           .group:00000000 wm4.malloc.h.4.62bd13b8107d5245f60bd92bb5994838
                           .group:00000000 wm4.malloc.h.152.f5d1d9a9aabeac59da0ef41ede16d2b0
                           .group:00000000 wm4.yt_types.h.31.64aa050cf4c68d28514ce99f5dc2ddb9
                           .group:00000000 wm4.chipdef_tiger.h.10.ae557adb3508daebcdc97f8fb0dc9e1a
                           .group:00000000 wm4.phy_chipdef.h.9.9a1a2dbb46f5503e32a84083ab1dbc9f
                           .group:00000000 wm4.cal_bprofile.h.23.d6ecfc2230abc149b4da600a40b20e5b
                           .group:00000000 wm4.yt_lock.h.9.5d39f1aba4451d3b9b95aa39771489dc
                           .group:00000000 wm4.yt_error.h.38.039589275c83974021fd481937e9f4a7

NO UNDEFINED SYMBOLS
